Time(s)	CPU(%) GPU(%) LGPU(%)
0	0.2	0	0
372	68.5	59	55
2	0.0	0	0
373	71.9	59	53
3	0.2	0	0
375	68.8	57	55
5	0.0	0	0
376	68.9	58	58
378	69.0	58	55
7	0.1	0	0
379	68.8	59	53
8	0.0	0	0
381	70.4	58	55
10	0.0	0	0
382	69.5	58	54
11	0.0	0	0
384	68.9	59	55
13	0.0	0	0
385	65.6	58	58
14	0.1	0	0
386	70.2	59	55
16	0.0	0	0
388	69.3	58	57
18	0.1	0	0
389	68.3	58	57
19	0.0	0	0
391	69.4	60	56
21	0.0	0	0
392	71.8	58	55
22	0.0	0	0
394	69.4	58	55
24	0.0	0	0
395	69.2	60	54
25	0.1	0	0
397	68.7	58	55
27	0.0	0	0
398	68.8	59	53
29	0.0	0	0
400	63.4	57	55
401	69.6	59	54
30	0.1	0	0
403	66.0	58	57
32	0.0	0	0
404	71.7	58	56
33	0.1	0	0
406	70.1	57	56
35	0.0	0	0
407	68.7	57	56
36	0.0	0	0
408	73.1	58	56
38	0.0	0	0
410	71.4	57	56
39	0.2	0	0
411	74.0	57	56
41	0.0	0	0
413	70.2	57	56
43	0.0	0	0
414	73.3	59	56
44	0.0	0	0
416	71.7	58	56
46	0.0	0	0
417	71.9	58	56
47	0.0	0	0
419	72.1	58	57
49	0.3	0	0
420	68.5	58	54
50	0.0	0	0
422	70.4	59	55
52	0.0	0	0
423	70.0	58	56
53	0.0	0	0
425	72.1	58	54
426	65.6	58	56
55	0.1	0	0
428	67.6	58	56
57	0.1	0	0
429	67.7	57	56
58	0.1	0	0
431	70.8	58	57
60	5.5	0	0
432	72.9	57	56
61	4.7	0	0
433	70.3	58	57
63	3.5	0	0
435	71.8	59	56
64	4.1	0	0
436	71.7	60	55
66	3.9	0	0
438	68.2	58	58
67	7.3	0	0
439	66.8	58	57
68	5.6	0	0
441	70.3	58	56
70	0.1	0	0
71	0.0	0	0
442	69.0	58	53
73	0.1	0	0
444	68.0	58	56
74	0.1	0	0
445	70.9	58	57
76	0.1	0	0
447	70.1	61	51
77	0.0	0	0
448	70.6	58	52
78	0.1	0	0
450	68.7	58	55
80	0.0	0	0
451	69.8	58	53
81	0.0	0	0
453	67.9	58	57
83	0.1	0	0
454	66.7	60	56
84	0.0	0	0
455	71.1	58	56
86	0.0	0	0
457	71.8	57	56
87	0.1	0	0
458	66.3	59	56
89	0.0	0	0
460	67.0	58	55
90	0.0	0	0
461	68.0	58	57
91	0.1	0	0
463	68.7	58	53
93	0.0	0	0
464	71.0	59	56
94	0.0	0	0
466	66.9	59	55
96	0.0	0	0
467	74.8	58	56
97	0.0	0	0
469	69.1	59	56
99	0.0	0	0
470	72.2	59	56
100	0.0	0	0
472	73.8	59	55
101	0.1	0	0
473	67.5	59	56
103	0.0	0	0
475	67.0	59	55
104	0.0	0	0
106	2.4	0	0
107	0.0	0	0
109	1.2	12	0
111	1.2	16	10
112	2.3	6	0
113	3.1	0	0
115	3.1	0	0
116	3.2	0	0
118	2.9	0	0
119	3.2	0	0
120	3.1	0	0
122	3.2	0	0
123	3.2	0	0
125	2.9	0	0
126	3.1	0	0
127	3.1	0	0
129	3.2	0	0
130	3.1	0	0
132	3.2	0	0
133	3.1	0	0
134	3.2	0	0
136	3.1	0	0
137	3.1	0	0
139	3.1	0	0
140	3.2	0	0
141	3.1	0	0
143	3.2	0	0
144	3.1	0	0
146	4.5	0	0
147	3.1	0	0
149	3.2	0	0
150	3.2	0	0
151	3.1	0	0
153	3.2	0	0
154	3.1	0	0
156	3.2	0	0
157	3.2	0	0
158	2.9	0	0
160	3.1	0	0
161	3.2	0	0
163	3.2	0	0
164	3.2	0	0
165	3.2	0	0
167	3.1	0	0
168	3.1	0	0
170	3.1	0	0
171	3.1	0	0
172	3.2	0	0
174	3.1	0	0
175	3.1	0	0
177	3.1	0	0
178	3.3	0	0
179	3.1	0	0
181	3.2	0	0
182	3.0	0	0
184	14.2	14	0
185	19.0	72	4
186	20.8	86	27
188	21.0	84	38
189	21.1	94	6
191	21.0	92	10
192	20.9	90	15
193	20.9	96	5
195	20.0	93	10
196	21.1	94	10
198	21.2	88	26
199	21.0	52	7
201	21.1	93	10
202	20.2	82	10
203	21.0	85	6
205	20.8	79	39
206	20.9	97	5
208	21.5	90	13
209	21.2	90	15
210	20.2	86	11
212	20.2	65	9
213	20.9	86	11
215	21.0	84	35
216	20.2	75	7
217	21.1	92	8
219	20.2	85	14
220	20.9	79	10
222	20.2	78	11
223	21.0	80	5
224	20.9	92	10
226	20.6	92	14
227	21.1	65	13
229	20.1	65	10
230	20.1	64	12
231	20.1	65	9
233	21.0	82	6
234	20.1	68	10
236	21.3	87	15
237	20.8	86	15
238	20.2	64	7
240	21.0	75	7
241	20.0	69	18
243	20.9	85	7
244	20.3	74	9
245	20.8	65	10
247	20.3	84	17
248	21.0	78	11
250	20.1	79	11
251	20.2	66	5
252	20.0	65	11
254	20.8	67	11
255	20.1	87	12
257	20.9	73	8
258	20.0	81	13
259	20.9	81	7
261	20.4	94	7
262	12.5	67	4
264	21.6	67	11
265	20.6	81	27
266	20.9	82	38
268	21.1	92	9
269	21.1	93	11
271	20.8	93	11
272	20.9	95	5
273	21.5	89	10
275	21.3	90	17
276	20.8	92	13
278	20.6	94	7
279	8.7	98	3
280	21.6	92	17
282	21.6	88	17
283	20.7	91	11
285	21.7	74	11
286	9.9	82	8
287	21.6	94	7
289	20.6	91	13
290	20.9	93	8
292	21.1	92	10
293	21.0	96	5
294	20.9	91	16
296	22.5	91	15
297	19.6	93	8
299	21.0	94	7
300	21.0	91	10
302	20.8	95	8
303	21.2	95	7
304	21.5	93	10
306	21.5	89	17
307	20.9	91	10
309	20.8	92	13
310	21.0	95	6
311	21.1	93	8
313	21.0	92	11
314	21.3	92	15
316	20.2	93	8
317	21.1	92	11
318	21.1	92	13
320	20.9	95	6
321	20.9	93	1
323	21.5	92	15
324	21.2	89	14
325	21.1	94	7
327	20.8	94	7
328	20.8	91	11
330	21.0	94	7
331	21.4	93	13
332	21.3	91	12
334	20.9	89	15
335	20.9	92	9
337	21.0	92	10
338	21.0	95	5
340	20.9	91	16
341	21.6	92	11
342	21.3	91	15
344	21.2	93	7
345	21.0	91	13
346	20.9	94	8
348	20.0	95	7
349	21.2	92	10
351	21.6	89	16
352	8.6	96	0
354	19.5	94	6
355	21.0	88	19
356	21.3	88	17
358	20.8	88	17
359	21.0	90	14
361	20.7	94	7
362	20.9	96	6
363	21.1	91	12
365	21.4	91	12
366	21.1	91	12
368	20.6	94	7
369	21.0	93	7
370	21.1	91	13
372	21.0	95	6
373	21.1	94	10
375	21.3	88	18
376	20.2	90	13
377	21.0	92	11
379	20.9	95	5
380	20.8	94	8
382	21.1	92	11
383	21.7	92	15
385	21.0	94	8
386	20.8	92	12
387	20.8	90	13
389	21.1	94	7
390	21.2	94	2
392	21.2	92	15
393	21.1	90	14
394	21.0	94	9
396	21.1	93	10
397	21.0	91	8
399	20.8	92	12
400	20.8	95	8
401	21.7	92	10
403	21.1	89	16
404	20.8	90	17
406	20.8	94	7
407	21.0	95	6
408	19.5	91	15
410	20.8	94	8
411	21.2	93	10
413	21.0	93	9
414	21.1	90	14
415	21.0	93	9
417	20.1	80	11
418	20.6	93	11
420	19.5	48	11
421	21.6	57	12
422	20.5	86	14
424	19.9	64	7
425	20.9	82	14
427	20.3	76	9
428	21.0	82	6
429	21.0	90	14
431	21.0	90	11
433	21.0	93	8
434	20.9	94	6
435	21.0	91	18
437	21.0	91	12
438	21.1	89	13
440	20.8	94	6
441	20.9	95	6
443	20.9	91	12
444	21.4	92	14
445	21.5	93	9
447	20.9	91	8
448	20.8	90	14
450	20.8	94	7
451	21.1	94	10
452	21.1	94	9
454	21.4	89	15
455	21.0	92	11
457	20.6	91	12
458	21.1	94	9
459	20.8	93	9
461	22.5	92	11
462	21.4	93	10
464	21.3	92	13
465	20.9	90	13
466	20.9	91	12
468	21.0	93	8
469	21.1	94	9
471	20.9	93	13
472	21.4	91	14
473	20.9	92	12
475	21.1	91	8
476	21.0	91	11
478	20.9	94	6
479	20.2	94	10
480	21.4	92	16
482	21.3	88	17
483	21.0	90	12
485	21.0	95	6
486	21.4	91	15
488	21.2	90	15
490	20.9	93	7
491	21.0	94	8
492	21.0	92	12
494	21.2	91	15
495	21.1	91	12
497	21.0	94	9
498	20.9	91	11
500	21.0	93	9
501	21.4	93	13
502	21.2	92	9
504	20.9	89	17
505	21.1	90	15
507	21.0	94	8
508	21.0	93	10
509	20.5	93	10
511	21.2	90	14
512	21.5	90	14
514	20.7	92	11
515	20.9	92	12
516	20.8	92	12
518	21.0	94	8
519	20.3	95	0
521	21.3	90	17
522	21.1	91	13
523	21.0	93	11
525	21.0	93	7
526	21.1	90	11
528	20.8	94	7
529	21.1	92	13
530	21.3	92	12
532	20.9	89	18
533	20.9	92	11
535	20.9	92	12
536	21.0	95	6
537	20.9	91	13
539	21.6	92	12
540	21.0	90	17
542	21.0	94	8
543	21.0	92	10
544	21.0	92	11
546	20.7	95	6
547	20.9	92	5
549	21.2	90	14
550	20.8	91	14
551	20.9	94	7
553	20.8	94	7
554	21.0	91	11
556	21.2	93	14
557	21.3	90	13
558	20.9	92	11
560	20.8	92	10
561	20.9	93	9
563	21.0	92	10
564	20.9	95	9
566	21.4	91	14
567	21.1	90	16
568	21.0	90	17
570	20.5	94	8
571	21.0	94	8
573	20.9	93	11
574	21.3	93	8
575	21.2	94	9
577	20.9	90	15
578	20.9	92	11
580	20.6	94	7
581	21.0	93	8
582	21.0	92	10
584	21.5	88	18
585	21.0	91	11
587	21.0	92	11
588	20.5	95	6
589	20.8	93	9
591	20.9	93	10
592	21.5	92	14
594	21.1	91	9
595	20.9	91	13
596	20.9	92	12
598	21.0	95	5
599	21.0	92	11
601	21.4	90	16
602	20.9	90	14
603	20.9	94	8
605	21.0	93	7
606	20.9	91	12
608	20.5	94	8
609	20.9	93	12
610	21.5	91	16
612	20.9	88	19
613	20.9	92	12
615	21.0	92	13
616	21.0	95	6
617	20.9	92	12
619	21.3	93	10
620	20.9	93	11
622	20.8	89	15
623	20.9	91	13
624	21.0	94	9
626	22.4	93	10
627	21.0	92	10
629	21.4	88	18
630	20.4	91	11
631	20.0	83	13
633	20.1	65	10
634	20.9	83	11
636	20.2	75	9
637	21.0	95	9
639	21.2	88	13
640	20.2	66	14
641	20.2	65	12
643	20.1	65	7
644	19.9	65	10
646	20.2	66	10
647	21.4	67	14
648	19.6	65	7
650	20.1	64	13
651	20.1	65	9
653	20.9	82	8
654	20.2	79	8
655	21.1	92	18
657	21.5	69	17
658	20.9	74	9
660	20.9	93	9
661	21.0	93	9
662	20.8	92	10
664	20.1	76	9
665	21.3	96	14
667	21.3	65	14
668	20.2	87	14
670	20.9	93	10
671	21.2	95	6
672	21.0	91	13
674	21.1	94	7
675	21.5	91	12
677	20.7	94	7
678	20.9	90	13
679	21.0	94	8
681	20.3	94	7
682	21.0	94	7
684	21.5	89	16
685	21.1	89	15
686	21.0	93	9
688	20.9	92	10
689	20.9	95	5
691	20.6	92	10
692	21.3	92	14
693	21.3	93	10
695	20.8	91	8
696	21.0	91	11
698	20.9	93	8
699	20.7	96	5
700	21.0	90	18
702	21.3	90	13
703	21.0	91	13
705	21.0	94	7
706	20.9	93	8
707	20.9	93	8
709	21.0	95	7
710	21.5	93	9
712	20.9	92	9
713	20.9	90	14
714	21.0	92	10
716	22.3	95	6
717	20.9	96	1
719	21.4	89	16
720	21.0	90	12
721	20.9	94	7
723	21.0	95	5
724	20.8	91	12
726	20.8	93	9
727	21.3	91	13
729	20.8	91	10
730	21.0	90	13
731	20.7	91	12
733	20.9	95	6
734	20.9	94	8
736	21.4	90	15
737	21.1	90	13
738	20.7	93	9
740	20.9	92	10
741	19.7	93	10
743	20.9	93	10
744	21.0	93	12
745	21.2	93	13
747	20.9	90	13
748	21.0	89	17
750	20.8	94	8
751	20.5	95	5
752	21.1	91	13
754	21.4	93	11
755	21.1	92	10
757	20.8	93	9
758	20.8	92	11
759	20.8	93	10
761	22.4	94	9
762	20.9	98	3
764	21.3	89	15
765	20.9	90	13
766	20.8	92	10
768	20.7	94	8
769	20.2	69	13
771	21.0	86	6
772	21.3	75	12
774	20.3	65	10
775	19.8	65	15
776	21.0	80	9
778	20.5	81	46
779	20.5	81	47
781	20.6	66	17
782	21.2	67	14
783	19.8	83	11
785	20.1	65	8
786	20.9	90	11
788	20.9	87	28
789	19.9	75	11
790	21.5	65	12
792	20.5	71	12
793	20.2	78	14
795	20.2	65	6
796	20.2	65	7
797	20.2	65	11
799	21.3	87	10
800	20.9	66	10
802	19.4	65	10
803	20.1	64	13
804	20.2	65	11
806	22.3	65	8
807	20.2	65	2
809	21.3	65	18
810	21.0	68	14
811	20.3	80	13
813	20.2	65	7
814	20.2	65	14
816	20.2	65	10
817	21.2	84	11
818	21.3	68	13
820	21.0	83	32
821	19.9	78	11
823	20.1	65	9
824	21.0	78	5
825	21.0	90	22
827	20.8	72	15
828	21.0	65	12
830	20.0	64	9
831	20.2	65	15
832	20.9	82	9
834	21.0	81	45
835	20.2	65	1
837	21.2	66	16
838	20.8	83	15
839	20.2	74	9
841	20.2	83	9
842	19.8	64	11
844	20.9	85	7
845	20.9	76	12
846	20.7	65	11
848	20.1	65	14
849	21.1	81	9
851	21.2	81	49
852	19.8	79	5
854	20.7	67	16
855	21.2	67	14
856	20.9	82	40
858	20.2	82	8
859	20.2	64	8
861	20.2	65	9
862	20.6	84	6
863	21.3	65	10
865	20.9	72	9
866	20.9	75	31
868	20.1	79	9
869	20.1	65	7
870	20.1	65	11
872	21.4	85	15
873	20.2	85	14
875	20.2	65	8
876	20.1	64	9
877	20.9	86	9
879	21.0	85	36
880	20.6	67	7
882	20.7	64	12
883	21.0	71	13
884	20.9	80	50
886	20.8	80	48
887	20.4	65	5
889	21.0	89	13
890	21.5	83	35
891	20.9	86	34
893	20.4	93	9
894	20.9	90	14
896	20.9	94	7
897	21.0	94	10
898	21.5	89	16
900	20.5	71	15
901	21.0	94	8
903	21.0	80	42
904	20.8	82	47
905	20.9	94	9
907	21.2	92	12
908	20.8	91	13
910	20.9	69	9
911	20.9	91	10
912	19.9	90	16
914	20.8	95	5
915	20.5	66	0
917	21.2	86	15
918	20.8	90	13
920	21.0	94	8
921	21.1	95	5
922	20.6	90	14
924	21.1	94	9
925	21.3	91	13
927	20.8	94	7
928	21.0	90	13
929	20.9	93	8
931	19.8	77	8
932	21.0	96	1
934	19.9	88	18
935	19.6	83	35
936	18.5	81	11
938	19.2	77	8
939	19.3	93	8
941	18.6	69	11
942	19.6	83	12
943	19.1	86	16
945	19.5	86	35
946	18.6	74	14
948	19.2	79	10
949	19.2	95	6
950	21.0	91	17
952	21.4	91	14
953	20.6	90	16
955	20.8	94	7
956	21.1	92	11
957	21.0	93	9
959	20.6	95	7
960	20.9	97	5
962	21.3	89	17
963	20.1	90	16
964	20.2	94	9
966	19.9	94	9
967	20.1	93	9
969	20.1	93	10
970	20.7	92	10
971	20.3	91	12
973	19.8	92	13
974	19.5	94	8
976	19.4	93	9
977	19.3	95	6
979	19.7	89	17
980	19.9	90	15
981	21.6	84	28
983	21.3	85	24
984	21.3	91	14
986	20.7	92	10
987	21.1	92	8
988	21.0	92	13
990	21.0	94	10
991	20.7	95	5
993	21.7	89	16
994	20.8	91	13
995	20.8	90	14
997	20.8	95	6
998	21.0	93	11
1000	20.5	92	12
1001	20.9	93	11
1002	21.0	92	11
1004	21.0	92	10
1005	21.0	89	16
1007	20.9	94	7
1008	20.8	94	7
1009	21.3	92	10
1011	21.2	89	17
1012	20.8	93	11
1014	20.6	93	9
1015	20.8	94	9
1017	21.0	93	10
1018	21.2	93	11
1019	21.1	92	11
1021	20.3	92	11
1022	21.0	91	12
1024	20.6	92	10
1025	20.9	94	8
1026	20.7	91	11
1028	21.2	91	13
1029	21.0	90	16
1031	21.0	94	7
1032	20.8	95	5
1033	20.9	90	13
1035	21.0	94	10
1036	21.5	91	14
1038	20.8	91	14
1039	20.8	91	11
1040	20.9	91	15
1042	20.8	95	6
1043	20.9	95	6
1045	21.3	88	14
1046	21.0	90	15
1047	21.0	94	8
1049	20.9	95	6
1050	21.0	90	18
1052	20.8	95	8
1053	20.9	92	9
1054	20.6	92	9
1056	20.0	89	16
1057	20.0	93	10
1059	20.3	92	11
1060	19.6	95	6
1061	19.0	94	9
1063	19.8	91	15
1064	19.5	91	14
1066	19.3	92	11
1067	19.5	91	12
1069	19.4	93	10
1070	19.4	94	7
1071	19.7	94	10
1073	19.7	89	15
1074	19.0	91	14
1076	19.2	93	9
1077	19.1	94	7
1078	19.4	92	11
1080	19.7	93	12
1081	19.4	94	7
1084	19.8	91	11
1085	19.4	91	14
1086	19.4	93	10
1088	19.4	95	5
1090	19.5	89	15
1091	19.4	91	11
1093	19.4	94	8
1094	19.5	95	6
1095	19.7	90	17
1097	19.6	90	13
1098	19.4	92	9
1100	19.4	95	6
1101	19.5	93	8
1102	19.4	93	11
1104	19.7	92	14
1105	19.6	93	10
1107	19.4	92	10
1108	19.4	90	14
1110	19.3	94	9
1111	19.2	93	9
1112	18.7	93	9
1114	19.9	90	15
1115	19.5	92	10
1117	19.3	92	10
1118	19.4	95	6
1119	19.5	94	9
1121	19.1	92	10
1122	19.5	93	10
1124	19.3	92	12
1125	19.4	92	12
1126	19.2	92	11
1128	19.2	94	8
1129	19.5	94	4
1131	19.2	89	15
1132	18.5	91	14
1133	19.1	93	11
1135	19.2	95	7
1136	19.4	89	15
1138	19.6	94	6
1139	19.8	92	12
1141	18.9	92	9
1142	18.2	90	15
1143	18.5	93	9
1145	17.7	94	6
1146	17.6	95	7
1148	18.3	91	14
1149	18.1	89	14
1150	17.9	93	8
1152	19.2	93	10
1153	19.4	92	11
1155	19.5	93	9
1156	19.7	93	11
1157	19.7	91	13
1159	19.4	92	9
1160	19.4	93	9
1162	19.4	92	10
1163	19.2	95	5
1164	19.7	91	15
1166	21.9	91	13
1167	19.4	90	14
1169	19.4	95	6
1170	19.3	93	10
1171	19.3	92	11
1173	19.5	94	6
1174	20.0	94	5
1176	19.2	91	14
1177	19.3	90	16
1178	19.3	92	12
1180	19.4	94	8
1181	18.9	93	6
1183	19.3	91	13
1184	20.6	89	15
1186	21.7	62	58
1187	21.1	80	32
1188	20.9	89	17
1190	21.0	90	13
1191	20.6	92	10
1193	20.2	92	11
1194	20.6	95	6
1195	20.6	93	11
1197	21.2	91	16
1198	21.5	90	14
1200	20.9	93	8
1201	20.1	92	11
1203	21.0	92	13
1204	21.0	95	7
1205	21.0	94	3
1207	21.0	88	17
1208	20.9	89	17
1210	20.6	94	8
1211	20.7	95	6
1212	21.0	90	14
1214	21.0	93	7
1215	21.2	90	14
1217	20.9	94	7
1218	20.8	92	10
1219	20.7	91	13
1221	20.6	94	6
1222	21.4	93	8
1224	21.0	90	13
1225	20.8	92	11
1226	20.7	90	14
1228	20.6	95	7
1229	20.9	94	3
1231	20.9	89	15
1232	20.9	90	12
1234	20.9	92	11
1235	20.6	94	9
1236	20.7	92	12
1238	20.7	93	8
1239	20.7	94	10
1241	21.0	90	14
1242	21.0	90	14
1243	20.8	91	12
1245	20.2	94	6
1246	20.9	93	6
1248	20.7	92	12
1249	21.1	91	13
1250	20.7	91	11
1252	20.3	93	7
1253	20.6	89	16
1255	20.5	94	6
1256	20.9	95	9
1257	21.2	93	14
1259	21.0	90	15
1260	20.8	91	14
1262	20.5	94	8
1263	20.9	93	10
1264	20.8	94	9
1266	20.9	92	9
1267	21.1	93	12
1269	20.8	92	11
1270	20.8	90	15
1271	20.6	93	11
1273	20.8	94	9
1274	20.6	94	3
1276	21.2	88	17
1277	20.9	90	15
1279	20.7	93	9
1280	20.5	92	12
1281	20.8	93	9
1283	21.0	93	9
1284	20.7	94	1
1286	21.2	89	18
1287	21.0	90	17
1288	20.9	93	9
1290	20.6	95	7
1291	20.8	89	18
1293	20.9	94	7
1294	21.2	91	11
1295	20.8	94	10
1297	20.9	91	13
1298	20.6	91	15
1300	20.7	94	8
1301	20.8	94	9
1302	21.2	92	12
1304	21.4	89	16
1305	20.4	93	9
1307	20.7	93	9
1308	21.0	93	11
1310	20.8	94	8
1311	20.9	93	9
1312	21.4	91	12
1314	20.9	89	16
1315	20.6	91	11
1317	20.7	93	10
1318	20.7	94	9
1319	20.7	93	9
1321	20.9	90	16
1322	20.7	91	14
1324	20.3	93	11
1325	20.7	92	9
1326	20.7	91	14
1328	20.8	95	7
1329	21.1	96	11
1331	21.3	88	17
1332	20.8	89	13
1333	20.9	94	8
1335	20.9	95	6
1336	20.7	90	13
1338	20.6	94	10
1339	21.2	92	14
1340	20.9	93	8
1342	20.9	90	14
1343	20.9	93	10
1345	20.8	94	7
1346	20.9	94	9
1347	20.6	91	11
1349	21.1	90	15
1350	20.6	91	13
1352	20.8	93	10
1353	20.9	93	11
1355	20.8	92	10
1356	20.9	93	9
1357	21.4	92	11
1359	20.8	91	13
1360	20.9	92	10
1362	20.3	93	11
1363	21.0	94	7
1364	20.9	92	10
1366	21.2	89	16
1367	20.9	92	10
1369	21.2	93	10
1370	20.8	93	8
1371	20.9	94	9
1373	21.0	92	12
1374	21.3	93	10
1376	20.8	91	14
1377	20.7	89	15
1378	21.0	91	11
1380	20.6	94	8
1381	21.0	94	9
1383	20.7	90	15
1384	20.7	90	15
1385	20.7	92	10
1387	20.9	92	11
1388	20.9	91	16
1390	20.9	94	8
1391	21.0	94	8
1392	21.2	90	11
1394	21.5	89	18
1395	20.9	91	14
1397	20.9	93	10
1398	21.1	93	9
1399	20.9	92	11
1401	20.9	94	7
1402	21.0	94	10
1404	21.1	90	15
1405	21.0	90	13
1406	20.8	92	9
1408	20.8	95	6
1409	21.0	90	14
1411	21.2	93	13
1412	21.4	91	14
1413	20.9	94	9
1415	20.9	89	13
1416	21.0	93	11
1418	20.8	93	10
1419	20.9	94	8
1420	21.3	89	10
1422	21.3	90	16
1423	20.9	90	17
1425	20.9	94	8
1426	20.7	93	12
1427	21.0	92	9
1429	21.1	94	8
1430	21.3	92	11
1432	21.0	91	13
1433	20.6	89	14
1435	20.4	95	8
1436	20.8	93	7
1437	20.8	91	11
1439	21.4	91	16
1440	21.3	90	17
1442	21.0	94	7
1443	20.8	92	8
1444	21.0	92	11
1446	20.6	95	7
1447	21.3	97	9
1449	21.4	89	12
1450	20.8	90	14
1451	20.9	94	8
1453	20.9	93	8
1454	21.0	93	9
1456	21.1	92	15
1457	21.3	91	13
1458	21.0	91	12
1460	21.0	91	11
1461	20.9	91	14
1463	20.8	94	9
1464	20.8	95	10
1466	21.6	88	15
1467	21.1	89	16
1468	21.1	91	14
1470	20.8	95	8
1471	20.8	94	8
1473	21.1	92	12
1474	20.6	91	10
1475	20.3	92	10
1477	20.1	93	14
1478	20.2	90	16
1480	20.3	93	9
1481	20.2	94	7
1482	20.2	93	10
1484	19.9	89	17
1485	19.4	91	12
1487	19.1	93	10
1488	19.4	92	8
1489	19.3	90	16
1491	19.4	94	8
1492	19.7	95	8
1494	19.5	89	12
1495	18.9	89	16
1496	19.4	93	10
1498	19.5	94	8
1499	19.4	92	11
1501	19.6	93	13
1502	19.9	90	15
1503	19.6	90	13
1505	19.3	91	14
1506	19.2	91	11
1508	19.3	93	8
1509	19.3	95	6
1510	19.6	89	16
1512	19.5	91	11
1513	19.4	91	17
1515	19.4	94	8
1516	19.4	93	7
1517	19.3	92	11
1519	19.7	93	8
1520	19.8	93	11
1522	19.2	91	15
1523	19.3	90	13
1525	19.5	93	7
1526	20.0	93	8
1527	19.4	94	11
1529	20.0	89	16
1530	19.4	91	11
1532	19.4	92	10
1533	19.3	93	7
1534	19.4	91	12
1536	19.4	93	9
1537	19.8	94	12
1539	19.6	90	10
1540	19.3	90	13
1541	19.5	90	14
1543	19.4	95	7
1544	18.6	95	7
1546	19.1	91	18
1547	19.7	90	13
1548	19.5	93	9
1550	19.4	94	9
1551	19.4	91	13
1553	19.4	93	9
1554	19.5	94	7
1555	19.9	93	10
1557	19.3	90	17
1558	19.3	93	11
1560	19.4	92	11
1561	19.5	95	5
1562	19.4	92	11
1564	19.7	92	14
1565	19.7	90	17
1567	19.3	93	8
1568	19.2	91	10
1569	19.4	93	12
1571	21.7	94	8
1572	19.3	95	11
1574	19.7	89	15
1575	19.3	90	14
1576	19.3	92	9
1578	19.4	94	7
1579	19.5	92	9
1581	19.4	93	10
1582	19.9	92	13
1583	19.6	91	10
1585	19.4	90	13
1586	19.4	92	11
1588	19.4	94	10
1589	19.2	95	8
1590	19.4	91	12
1592	20.1	90	13
1593	19.4	91	14
1595	19.3	93	10
1596	19.3	90	15
1598	19.2	92	10
1599	19.4	94	8
1600	19.6	94	10
1602	19.8	89	17
1603	19.4	90	14
1605	19.2	92	10
1606	18.8	95	6
1607	19.3	92	12
1609	19.5	93	8
1610	20.0	92	11
1612	19.4	91	10
1613	19.6	91	15
1614	19.4	92	12
1616	21.1	94	8
1617	19.4	92	4
1619	19.9	90	15
1620	19.5	90	16
1621	19.4	92	8
1623	19.4	95	7
1624	19.4	90	11
1626	19.4	93	8
1627	17.7	93	11
1628	18.2	93	10
1630	17.9	91	13
1631	17.9	91	14
1633	17.8	93	10
1634	17.6	94	7
1635	17.9	93	10
1637	18.2	90	14
1638	18.0	92	13
1640	17.8	94	10
1641	17.9	92	9
1642	17.8	93	11
1644	17.7	94	8
1645	18.1	94	8
1647	18.1	90	17
1648	17.9	91	15
1650	17.8	94	8
1651	17.7	92	9
1652	19.5	67	53
1654	19.5	91	9
1655	19.2	91	10
1657	19.4	94	7
1658	19.2	93	10
1659	19.8	92	13
1661	21.6	89	16
1662	19.4	92	10
1664	19.3	92	10
1665	19.5	95	6
1666	19.5	93	8
1668	19.4	92	11
1669	19.9	90	13
1671	19.3	94	7
1672	19.2	91	12
1673	19.4	92	11
1675	19.3	95	6
1676	19.5	95	3
1678	20.0	89	14
1679	19.5	90	13
1681	19.5	95	6
1682	19.4	93	9
1684	19.4	93	15
1685	19.9	90	15
1686	19.4	93	9
1688	19.3	92	12
1689	19.3	91	11
1691	19.4	94	7
1692	19.4	95	6
1694	19.4	93	10
1695	18.9	93	7
1697	19.4	93	10
1698	19.6	96	9
1700	19.8	88	16
1701	19.4	90	14
1703	19.3	90	12
1704	19.3	95	6
1705	19.4	92	10
1707	19.4	92	12
1708	20.0	91	12
1710	19.4	93	11
1711	19.4	92	12
1712	19.5	91	13
1714	19.4	95	6
1715	19.5	96	2
1717	20.0	90	18
1718	19.4	90	14
1719	19.4	94	9
1721	20.9	96	6
1722	18.8	92	14
1724	19.4	93	9
1725	20.0	91	14
1726	19.3	94	8
1728	19.4	93	10
1729	19.3	94	10
1731	19.4	95	7
1732	19.3	93	9
1733	20.0	89	17
1735	19.2	90	14
1736	19.4	93	8
1738	19.4	92	11
1739	19.4	96	5
1740	19.5	93	11
1742	19.9	91	15
1743	19.4	90	13
1745	19.4	94	6
1746	19.4	93	9
1748	19.4	92	12
1749	19.1	95	7
1750	19.7	94	7
1752	19.5	91	11
1753	19.3	90	13
1755	19.4	94	8
1756	19.2	93	10
1757	19.4	93	11
1759	19.4	94	7
1760	19.8	91	13
1762	19.5	94	7
1763	19.2	91	13
1764	19.4	94	8
1766	20.9	93	9
1767	17.9	95	5
1769	18.4	91	16
1770	17.9	90	13
1771	17.9	94	7
1773	17.8	93	9
1774	17.8	96	5
1776	17.9	92	13
1777	18.1	93	11
1778	17.7	91	14
1780	17.9	93	6
1781	17.9	91	14
1783	17.5	94	8
1784	17.9	95	5
1785	18.1	93	11
1787	18.4	89	16
1788	18.1	91	10
1790	17.7	94	7
1791	17.9	94	8
1792	17.9	93	8
1794	18.0	92	15
1795	18.0	93	10
1797	17.9	92	11
1798	17.9	91	13
1799	17.8	94	8
1801	17.8	93	11
1802	17.8	97	3
1804	18.4	89	16
1805	17.8	92	11
1806	17.9	92	14
1808	17.8	95	5
1809	17.7	91	14
1811	17.9	94	8
1812	18.3	91	13
1813	17.8	94	7
1815	17.8	91	14
1816	17.9	93	8
1818	17.7	94	7
1819	17.9	94	7
1820	18.2	91	19
1822	18.0	89	14
1823	17.7	93	8
1825	17.8	92	10
1826	17.8	95	5
1827	17.9	94	9
1829	17.7	92	10
1830	18.4	92	13
1832	17.7	91	8
1833	17.6	91	13
1834	17.9	93	10
1836	17.8	95	6
1837	17.8	92	13
1839	18.2	92	12
1840	18.3	91	14
1841	17.9	94	7
1843	17.8	91	11
1844	17.9	93	8
1846	17.9	93	10
1847	17.9	95	7
1849	18.3	91	16
1850	17.9	90	15
1851	17.8	90	12
1853	17.8	95	6
1854	17.9	94	6
1856	17.8	92	9
1857	18.1	95	13
1858	18.4	93	10
1860	17.9	91	15
1861	17.9	91	13
1863	17.6	95	8
1864	17.8	94	9
1865	17.8	94	9
1867	18.4	91	13
1868	17.9	92	10
1870	17.5	92	11
1871	17.9	93	9
1872	17.9	92	10
1874	17.9	94	7
1875	18.2	94	11
1877	18.0	91	10
1878	17.8	91	13
1879	17.9	92	10
1881	17.8	94	6
1882	17.9	94	13
1884	18.1	92	12
1885	18.4	91	12
1886	17.5	93	9
1888	17.8	93	8
1889	17.5	91	13
1891	17.7	94	8
1892	18.1	93	8
1893	17.8	92	11
1895	17.7	89	15
1896	17.7	93	10
1898	17.6	93	9
1899	17.8	95	7
1900	17.8	92	10
1902	18.4	90	15
1903	17.8	91	13
1905	17.9	93	10
1906	17.7	94	5
1907	19.6	93	10
1909	19.3	94	8
1910	19.9	92	12
1912	19.5	90	15
1913	19.4	92	12
1915	19.2	92	9
1916	19.5	95	6
1917	19.2	92	10
1919	19.6	90	14
1920	19.5	91	12
1922	19.2	94	6
1923	19.4	94	8
1924	19.4	91	9
1926	19.4	95	8
1927	19.7	92	13
1929	19.5	93	8
1930	19.2	90	14
1931	19.2	93	9
1933	19.4	93	8
1934	19.2	94	14
1936	19.4	93	9
1937	19.7	92	11
1938	19.3	93	12
1940	18.9	91	11
1941	19.5	90	14
1943	19.3	93	10
1944	19.0	94	9
1945	19.3	92	12
1947	19.8	91	14
1948	19.6	91	14
1950	19.2	93	9
1951	19.4	92	9
1952	19.5	92	11
1954	19.4	95	7
1955	19.2	96	6
1957	19.9	91	17
1958	19.6	90	14
1959	19.4	94	7
1961	21.1	94	8
1962	19.2	92	13
1964	19.3	93	9
1965	19.5	93	8
1966	19.6	92	12
1968	18.8	89	15
1969	19.5	90	14
1971	19.3	94	8
1972	18.9	94	7
1973	19.3	92	11
1975	20.0	91	14
1976	19.5	90	13
1978	19.0	93	9
1979	19.3	94	5
1980	19.1	92	10
1982	19.4	94	7
1983	19.6	94	11
1985	20.0	88	18
1986	19.4	92	11
1987	19.5	93	10
1989	19.4	94	7
1990	19.2	93	12
1992	19.3	94	10
1993	19.9	91	13
1995	19.6	93	7
1996	19.3	91	13
1997	19.4	92	10
1999	19.4	93	8
2000	19.3	95	7
2002	19.4	92	11
2003	19.7	91	12
2004	19.0	91	14
2006	20.5	94	10
2007	19.5	91	13
2009	19.3	94	7
2010	19.3	94	7
2011	19.7	95	10
2013	19.8	89	17
2014	19.4	91	14
2016	19.3	94	7
2017	19.4	94	7
2018	19.4	92	10
2020	19.5	94	9
2021	19.9	92	16
2023	19.4	93	7
2024	19.4	91	12
2025	19.4	92	11
2027	19.2	95	6
2028	19.0	97	0
2030	19.8	90	15
2031	19.6	90	14
2032	19.4	92	9
2034	19.2	93	8
2035	19.4	93	7
2037	19.4	94	8
2038	19.7	92	12
2039	19.8	90	11
2041	19.0	90	13
2042	19.5	91	10
2044	19.4	93	10
2045	19.4	95	6
2046	19.3	92	10
2048	19.8	91	13
2049	19.6	91	13
2051	19.4	93	9
2052	19.3	92	10
2053	19.3	93	10
2055	19.2	92	10
2056	19.7	96	11
2058	19.9	88	17
2059	19.3	90	13
2060	19.3	93	8
2062	19.5	95	5
2063	19.4	92	12
2065	19.4	94	10
2066	19.6	92	14
2067	19.8	92	7
2069	19.5	91	12
2070	19.2	91	13
2072	19.3	93	10
2073	19.4	95	7
2074	19.4	93	12
2076	21.5	92	13
2077	21.3	64	60
2079	20.9	69	44
2080	21.1	93	12
2082	21.0	92	11
2083	20.8	94	11
2084	21.4	92	11
2086	20.5	89	13
2087	21.0	89	15
2089	20.7	94	6
2090	20.7	94	8
2091	21.0	92	10
2093	21.3	94	14
2094	21.4	92	9
2096	20.8	92	12
2097	21.0	90	14
2098	20.7	93	10
2100	21.0	93	10
2101	20.7	98	0
2103	21.3	87	18
2104	20.9	91	13
2105	21.0	91	14
2107	21.0	94	6
2108	20.9	92	13
2110	20.9	93	9
2111	21.2	91	13
2112	20.9	92	9
2114	20.9	90	15
2115	20.6	91	11
2117	20.9	94	6
2118	21.0	95	7
2120	21.5	88	18
2121	21.0	89	14
2122	20.8	93	9
2124	20.9	94	8
2125	20.9	92	13
2127	20.9	93	8
2128	21.1	90	13
2129	21.3	91	14
2131	21.1	91	10
2132	20.8	91	12
2134	20.6	91	13
2135	20.9	95	6
2136	21.1	92	15
2138	21.3	91	13
2139	20.9	89	15
2141	20.9	94	7
2142	20.9	92	10
2143	21.0	90	13
2145	20.7	93	8
2146	20.9	94	9
2148	21.0	88	17
2149	20.9	89	15
2151	21.0	94	8
2152	20.8	92	9
2153	20.7	92	10
2155	21.4	89	16
2156	20.8	92	11
2158	20.9	92	11
2159	20.9	90	8
2160	20.9	93	9
2162	20.9	93	9
2163	21.2	98	11
2165	21.3	88	17
2166	20.9	91	12
2167	21.1	90	11
2169	20.5	94	7
2170	20.9	91	13
2172	20.4	93	13
2173	21.6	91	13
2174	21.0	93	8
2176	20.6	92	12
2177	20.9	90	14
2179	20.8	94	10
2180	20.9	93	9
2181	21.3	91	11
2183	21.2	89	18
2184	20.9	93	11
2186	22.7	93	10
2187	21.0	92	10
2188	20.8	94	7
2190	20.9	92	11
2191	21.3	92	12
2193	19.4	91	15
2194	19.4	91	12
2196	19.3	92	11
2197	19.2	95	5
2198	19.4	93	10
2200	19.9	90	14
2201	19.2	91	14
2203	19.2	93	11
2204	19.3	94	6
2205	19.2	92	12
2207	17.6	93	10
2208	18.4	92	13
2210	18.0	89	9
2211	17.9	91	12
2212	17.8	92	11
2214	17.9	94	8
2215	17.7	93	9
2217	18.0	88	15
2218	18.1	91	13
2219	17.4	94	7
2221	17.7	94	7
2222	17.8	91	12
2224	17.9	93	8
2225	18.2	94	12
2227	18.1	91	9
2228	17.8	90	12
2229	19.0	91	11
2231	21.8	93	8
2232	19.4	94	7
2234	19.4	92	10
2235	19.6	91	13
2236	19.5	92	10
2238	19.2	95	6
2239	19.4	89	15
2241	19.3	94	7
2242	19.8	92	9
2243	19.7	93	10
2245	19.2	89	17
2246	19.1	91	12
2248	19.3	93	10
2249	19.1	94	8
2250	19.3	92	10
2252	19.6	89	16
2253	19.7	90	15
2255	19.3	93	10
2256	19.3	93	8
2257	19.0	93	13
2259	19.5	94	9
2260	19.5	92	11
2262	19.7	90	18
2263	19.4	92	12
2264	19.4	93	9
2266	19.2	95	5
2267	19.2	89	15
2269	19.6	94	13
2270	20.1	91	15
2271	19.3	94	8
2273	19.4	92	13
2274	19.3	92	9
2276	19.9	94	7
2277	19.2	94	11
2279	19.7	92	17
2280	19.2	90	18
2281	19.2	93	10
2283	19.4	93	13
2284	20.0	90	18
2286	19.4	90	14
2287	19.4	94	7
2289	19.3	93	9
2290	19.4	93	11
2292	20.0	91	15
2293	19.2	95	6
2295	19.4	93	11
2297	19.7	91	10
2298	19.8	90	15
2299	19.1	93	8
2301	19.2	94	9
2302	19.4	92	14
2304	19.4	94	7
2305	19.3	92	12
2306	19.8	93	10
2308	19.1	90	15
2309	19.4	93	9
2311	19.2	92	11
2312	19.1	95	5
2313	19.5	93	13
2315	19.7	91	15
2316	19.1	93	9
2318	19.2	92	11
2319	19.5	92	10
2320	19.4	90	14
2322	19.3	95	7
2323	19.7	96	5
2325	19.6	90	16
2326	19.5	91	13
2327	19.1	92	12
2329	19.3	95	7
2330	18.9	91	13
2332	19.8	93	10
2333	19.9	90	16
2335	19.2	94	7
2336	19.4	91	12
2337	19.4	92	11
2339	19.1	94	8
2340	20.7	72	31
2342	20.8	93	10
2343	20.7	94	8
2344	20.9	92	10
2346	21.2	90	16
2347	21.0	89	18
2349	20.8	94	7
2350	20.8	94	7
2351	20.9	92	9
2353	20.5	94	7
2354	21.3	94	10
2356	20.9	91	14
2357	21.0	90	12
2358	20.8	94	7
2360	20.6	94	8
2361	20.9	92	11
2363	20.9	94	11
2364	21.1	91	13
2365	21.1	92	12
2367	20.6	90	12
2368	20.6	93	8
2370	20.7	92	12
2371	20.5	95	6
2373	21.1	90	10
2374	21.4	91	13
2375	20.6	91	10
2377	20.6	93	8
2378	21.1	92	13
2380	20.6	92	9
2381	20.5	94	7
2382	21.4	95	10
2384	21.2	88	16
2385	20.9	91	10
2387	20.8	93	9
2388	20.8	94	7
2389	21.0	92	11
2391	20.9	93	12
2392	21.3	91	14
2394	20.7	93	10
2395	20.9	90	12
2396	20.9	92	11
2398	20.7	95	6
2399	20.4	96	10
2401	20.9	90	14
2402	20.9	90	14
2403	20.8	94	7
2405	21.0	95	5
2406	20.9	90	16
2408	20.5	95	6
2409	21.2	93	8
2410	20.6	91	8
2412	20.8	90	17
2413	21.0	93	10
2415	20.6	95	7
2416	20.9	94	8
2417	20.9	92	8
2419	21.2	88	17
2420	20.4	92	15
2422	20.7	94	7
2423	20.3	91	12
2425	20.4	92	11
2426	20.8	95	6
2427	20.7	94	11
2429	21.0	91	12
2430	20.8	90	16
2432	20.9	94	7
2433	20.9	92	9
2434	20.9	92	11
2436	20.8	95	7
2437	20.9	97	6
2439	21.3	88	17
2440	20.5	88	18
2441	20.7	92	11
2443	20.8	95	6
2444	20.7	89	16
2446	20.7	93	9
2447	20.9	94	10
2448	21.5	93	18
2450	20.8	89	16
2451	21.1	89	14
2453	20.9	92	10
2454	20.2	94	9
2455	21.0	92	11
2457	20.9	93	9
2458	20.8	94	9
2460	20.6	89	15
2461	20.4	90	13
2463	20.5	94	7
2464	20.8	93	10
2465	21.0	93	9
2467	20.7	92	14
2468	21.3	92	10
2470	20.7	92	10
2471	21.0	92	8
2472	20.9	91	14
2474	20.8	94	8
2475	21.0	94	9
2477	20.8	89	10
2478	21.3	88	15
2479	21.1	93	10
2481	19.9	92	15
2482	20.9	92	10
2484	20.9	93	9
2485	21.0	93	9
2486	20.7	91	12
2488	20.8	93	11
2489	21.2	95	10
2491	21.4	89	15
2492	21.1	88	18
2493	20.9	91	13
2495	20.5	93	9
2496	20.9	91	12
2498	20.9	92	10
2499	20.5	94	8
2500	20.6	93	13
2502	21.4	90	17
2503	21.2	89	14
2505	20.7	94	9
2506	20.8	91	12
2507	20.9	92	9
2509	20.4	95	6
2510	20.7	92	11
2512	20.7	91	12
2513	20.8	90	14
2515	20.8	93	9
2516	20.2	93	7
2517	21.1	92	11
2519	20.8	95	7
2520	20.7	95	9
2522	21.2	88	18
2523	21.1	88	16
2524	20.9	91	11
2526	20.9	93	10
2527	20.7	89	12
2529	20.8	94	6
2530	20.8	93	9
2531	19.9	92	14
2533	21.0	89	13
2534	21.1	92	14
2536	20.7	94	9
2537	20.5	91	12
2538	20.6	93	11
2540	20.7	94	9
2541	21.0	95	2
2543	21.1	89	17
2544	20.6	89	15
2545	20.8	89	13
2547	20.9	94	8
2548	20.8	91	10
2550	20.8	91	10
2551	21.1	95	9
2553	21.1	92	16
2554	20.6	90	14
2555	20.6	90	14
2557	20.8	94	6
2558	20.4	95	6
2560	20.5	91	14
2561	20.7	92	13
2562	21.0	91	11
2564	20.9	90	8
2565	20.9	90	13
2567	20.7	94	8
2568	20.5	94	7
2569	21.3	92	10
2571	21.2	89	13
2572	20.5	90	10
2574	21.0	94	6
2575	20.8	94	8
2576	21.0	93	9
2578	21.1	93	12
2579	21.2	92	7
2581	20.9	91	17
2582	20.9	90	16
2583	21.0	92	14
2585	20.9	95	6
2586	20.9	91	10
2588	21.0	93	10
2589	21.6	92	14
2590	21.0	94	9
2592	20.5	91	8
2593	20.9	91	12
2595	21.0	94	7
2596	21.0	93	8
2597	21.6	91	17
2599	20.9	90	14
2600	20.8	93	8
2602	20.8	93	8
2603	21.0	94	7
2605	21.1	91	10
2606	21.3	91	12
2607	20.8	92	11
2609	20.9	92	9
2610	21.0	92	9
2612	21.0	92	12
2613	20.9	95	6
2614	21.3	93	9
2616	20.9	91	13
2617	20.9	90	15
2619	20.8	95	7
2620	20.6	94	8
2621	20.4	93	9
2623	21.5	92	16
2624	21.1	92	8
2626	20.7	92	9
2627	20.9	93	12
2628	21.0	94	7
2630	20.8	93	8
2631	21.1	95	11
2633	21.3	88	18
2634	21.0	90	13
2636	20.9	92	12
2637	20.9	94	6
2638	20.8	90	19
2640	21.0	94	9
2641	21.0	94	10
2643	21.3	90	12
2644	21.0	90	13
2645	20.9	91	11
2647	21.0	95	7
2648	21.0	94	14
2650	20.9	93	9
2651	21.5	90	11
2652	20.7	93	9
2654	21.0	91	15
2655	20.9	92	10
2657	20.8	95	6
2658	20.9	94	9
2659	21.2	90	11
2661	21.3	90	17
2662	20.9	93	11
2664	20.8	92	12
2665	21.0	93	5
2666	21.0	92	10
2668	21.0	94	9
2669	21.4	93	14
2671	20.8	91	13
2672	20.9	90	11
2673	21.0	92	8
2675	20.9	95	5
2676	21.0	95	10
2678	21.4	90	12
2679	21.3	90	15
2680	20.7	94	9
2682	20.9	93	9
2683	20.9	93	11
2685	21.0	93	10
2686	21.0	94	7
2687	21.4	90	10
2689	21.0	90	16
2690	21.2	90	14
2692	20.8	93	10
2693	20.6	95	6
2694	20.2	91	12
2696	22.7	93	12
2697	20.6	91	11
2699	20.2	95	7
2700	20.1	91	12
2701	20.2	93	7
2703	19.2	95	6
2704	19.6	96	11
2706	19.7	89	18
2707	19.2	90	14
2709	19.4	94	7
2710	19.2	93	9
2711	19.5	93	9
2713	19.4	93	13
2714	19.6	93	12
2716	19.3	92	12
2717	19.5	90	10
2718	19.4	91	12
2720	19.3	95	5
2721	19.3	96	10
2723	19.9	90	15
2724	19.7	90	13
2725	19.4	94	7
2727	19.3	95	6
2728	19.4	90	17
2730	19.4	95	8
2731	19.6	93	9
2732	19.5	93	9
2734	19.3	89	17
2735	19.5	93	11
2737	19.5	93	11
2738	19.4	95	5
2739	19.4	92	9
2741	21.0	91	16
2742	19.7	91	14
2744	19.4	95	7
2745	19.4	93	9
2746	19.4	91	11
2748	19.5	95	7
2749	20.1	97	9
2751	19.4	91	13
2752	19.1	90	14
2753	19.2	93	7
2755	19.3	95	6
2756	19.3	93	10
2758	19.7	91	16
2759	19.5	90	13
2761	19.4	92	10
2762	19.4	91	8
2763	19.4	93	9
2765	19.4	94	9
2766	19.6	93	8
2768	20.0	90	18
2769	19.3	90	15
2770	19.4	92	11
2772	19.4	94	9
2773	19.3	96	5
2775	19.3	92	12
2776	19.8	92	13
2777	19.6	92	9
2779	19.5	93	8
2780	19.4	91	12
2782	20.8	94	7
2783	20.6	94	7
2784	21.3	95	10
2786	23.0	89	18
2787	21.0	91	13
2789	20.9	94	7
2790	21.0	93	8
2791	20.3	93	9
2793	21.1	92	13
2794	21.3	92	9
2796	20.9	92	11
2797	21.0	92	13
2798	21.0	91	13
2800	20.9	95	6
2801	20.5	93	7
2803	21.3	92	13
2804	21.2	91	14
2805	20.9	92	11
2807	21.1	94	9
2808	20.9	92	15
2810	21.1	94	8
2811	21.0	93	9
2812	21.4	91	11
2814	21.1	89	17
2815	21.0	92	11
2817	21.0	92	11
2818	21.0	95	7
2819	20.8	90	11
2821	20.9	94	11
2822	21.5	93	11
2824	21.0	92	13
2825	20.9	90	16
2826	21.0	94	9
2828	21.0	94	9
2829	21.0	94	8
2831	21.1	91	11
2832	21.3	91	14
2833	20.5	91	13
2835	20.9	92	7
2836	20.9	93	11
2838	20.9	93	11
2839	21.0	95	6
2840	21.4	90	18
2842	20.6	91	11
2843	20.6	90	13
2845	20.9	94	6
2846	21.0	94	6
2847	20.9	92	9
2849	21.5	93	14
2850	21.0	93	9
2852	20.5	92	8
2853	21.0	91	12
2854	20.9	93	7
2856	20.8	93	9
2857	21.3	94	10
2859	21.3	88	16
2860	21.0	92	10
2862	20.9	92	11
2863	20.9	95	5
2864	20.8	91	12
2866	21.0	93	12
2867	21.6	91	11
2869	21.0	92	12
2870	21.0	91	14
2871	21.0	90	13
2873	21.0	95	6
2874	20.8	97	5
2876	21.2	90	13
2877	21.3	91	14
2878	20.9	91	13
2880	20.9	95	5
2881	21.0	92	13
2883	21.1	93	7
2884	21.3	91	13
2886	21.0	92	7
2887	20.9	93	11
2888	21.0	93	11
2890	21.2	95	11
2892	20.6	90	14
2893	21.0	94	6
2895	21.3	91	7
2897	21.0	92	13
2898	21.0	92	10
2900	21.0	92	13
2901	20.8	95	6
2902	20.5	92	12
2904	21.5	90	13
2905	21.2	89	17
2907	20.9	92	10
2908	21.0	91	11
2909	21.1	94	9
2911	21.0	93	10
2912	20.2	94	5
2914	21.5	89	17
2915	20.9	91	12
2916	20.9	91	12
2918	20.8	94	7
2919	21.0	92	8
2921	21.0	92	10
2922	20.9	93	13
2923	21.4	92	10
2925	20.4	90	13
2926	20.9	91	11
2928	21.0	93	9
2929	20.9	95	6
2930	21.0	92	10
2932	21.4	89	15
2933	20.9	91	14
2935	20.9	94	7
2936	20.8	91	9
2938	20.8	94	9
2939	21.0	93	10
2940	21.2	93	10
2942	21.4	88	17
2943	20.9	91	10
2945	20.9	93	9
2946	20.9	94	8
2947	20.9	92	11
2949	20.9	94	8
2950	21.2	93	9
2952	21.2	91	13
2953	21.1	90	15
2954	20.6	91	15
2956	20.9	93	10
2957	20.7	90	12
2959	21.1	93	9
2960	21.5	90	13
2961	20.9	94	9
2963	20.8	91	9
2964	20.6	92	10
2966	21.0	94	8
2967	20.9	95	5
2969	21.4	90	18
2970	20.9	91	12
2971	21.0	91	12
2973	20.7	94	9
2974	20.8	94	6
2976	19.4	92	10
2977	19.8	93	13
2978	19.7	91	10
2980	19.4	93	8
2981	19.3	90	15
2982	19.5	93	11
2984	19.5	95	6
2985	19.1	93	1
2987	20.0	90	16
2988	19.4	91	13
2989	19.5	93	9
2991	19.4	94	7
2992	19.2	92	10
2994	19.4	95	6
2995	20.0	91	12
2997	19.3	92	8
2998	19.3	92	12
2999	19.3	92	10
3001	19.4	93	8
3002	19.3	95	7
3003	19.8	91	16
3005	19.6	90	13
3006	19.4	91	11
3008	19.4	95	6
3009	19.4	91	13
3011	19.4	94	8
3012	19.7	93	15
3013	19.6	93	8
3015	19.4	89	14
3016	19.3	92	9
3018	19.4	93	9
3019	19.5	94	6
3020	19.7	92	10
3022	19.8	88	16
3023	18.8	91	13
3025	18.6	93	9
3026	18.6	94	6
3027	18.6	92	10
3029	18.5	93	7
3030	19.1	92	12
3032	18.6	92	7
3033	17.9	91	12
3034	17.7	92	11
3036	17.6	94	8
3037	17.8	94	0
3039	18.2	90	16
3040	18.0	89	12
3041	17.9	92	9
3043	17.9	94	6
3044	17.9	91	11
3046	17.8	92	11
3047	18.0	93	6
3048	18.5	91	11
3050	17.8	90	15
3051	17.9	91	12
3053	17.6	93	9
3054	17.7	95	5
3055	17.9	92	10
3057	18.5	89	16
3058	17.9	93	11
3060	17.8	93	9
3061	17.8	92	7
3062	17.9	93	10
3064	18.0	93	7
3065	18.3	92	11
3067	17.7	91	14
3068	17.8	92	11
3069	17.9	92	8
3071	20.9	94	7
3072	17.8	93	11
3074	18.0	92	14
3075	17.6	90	13
3076	17.8	93	9
3078	17.7	93	7
3079	17.8	93	8
3081	17.9	93	8
3082	18.1	94	12
3084	18.2	90	11
3085	17.7	91	13
3086	17.9	92	13
3088	17.9	94	8
3089	17.8	95	7
3091	17.8	92	9
3092	18.3	91	12
3093	18.1	91	12
3095	17.8	93	11
3096	17.8	90	14
3098	17.7	94	8
3099	17.9	93	9
3100	18.0	93	10
3102	18.3	89	17
3103	17.7	92	11
3105	17.7	92	12
3106	17.8	94	5
3107	18.1	92	11
3109	17.7	94	10
3110	18.4	93	14
3112	17.8	92	9
3113	17.9	92	12
3114	17.9	91	12
3116	20.4	95	6
3117	18.0	96	6
3119	18.3	90	14
3120	18.1	90	16
3121	17.8	94	8
3123	17.8	94	8
3124	17.6	91	14
3126	17.9	95	7
3127	17.7	93	9
3128	18.4	92	10
3130	18.0	89	17
3131	18.7	93	11
3133	19.5	92	16
3134	19.2	93	5
3135	19.4	91	14
3137	19.2	94	7
3138	19.9	93	11
3140	19.3	91	15
3141	19.2	90	15
3142	19.3	94	9
3144	19.1	93	9
3145	19.2	93	9
3147	19.3	94	10
3148	19.8	93	15
3149	19.5	91	11
3151	19.3	90	13
3152	19.4	91	11
3154	19.4	93	9
3155	19.1	96	5
3156	18.7	91	12
3158	19.6	91	14
3159	19.3	92	13
3161	20.1	94	8
3162	19.4	91	11
3163	19.4	93	9
3165	19.4	94	7
3166	21.6	63	59
3168	21.6	63	59
3169	21.4	81	12
3171	20.9	91	11
3172	20.8	89	16
3173	20.9	95	5
3175	20.9	94	9
3176	21.0	95	2
3178	21.5	90	14
3179	21.2	89	16
3180	21.0	92	10
3182	21.0	92	12
3183	21.0	94	7
3185	20.8	94	10
3186	21.0	94	6
3187	21.5	89	17
3189	20.8	89	14
3190	20.8	91	11
3192	20.9	93	8
3193	20.9	94	7
3195	20.9	93	10
3196	20.8	93	11
3197	21.2	93	7
3199	20.9	92	10
3200	21.0	90	14
3202	20.9	94	7
3203	20.9	93	10
3204	20.9	93	9
3206	22.8	92	15
3207	21.1	91	11
3209	21.0	92	11
3210	21.0	91	13
3211	20.8	92	11
3213	20.9	94	7
3214	20.9	95	2
3216	20.7	89	16
3217	20.9	90	12
3218	21.0	92	10
3220	21.0	94	7
3221	20.9	91	12
3223	21.1	94	7
3224	21.4	91	13
3225	20.9	93	9
3227	20.8	91	10
3228	21.0	92	10
3230	20.9	93	10
3231	21.0	94	7
3232	20.7	92	10
3234	21.5	90	15
3235	20.9	90	13
3237	20.9	94	6
3238	20.8	92	12
3239	20.8	92	9
3241	21.0	94	7
3242	21.3	93	10
3244	21.1	90	14
3245	21.1	91	12
3247	20.9	94	7
3248	20.8	93	8
3249	21.0	93	8
3251	22.4	92	15
3252	21.2	91	12
3254	21.0	91	11
3255	21.0	93	9
3256	20.8	90	13
3258	20.8	95	6
3259	21.0	94	3
3261	21.5	91	16
3262	20.7	90	16
3263	20.9	94	9
3265	20.4	94	8
3266	20.8	92	13
3268	20.9	94	7
3269	21.1	92	9
3270	21.3	92	11
3272	21.0	89	16
3273	21.1	92	9
3275	21.0	93	9
3276	20.6	94	7
3277	20.5	93	10
3279	21.3	89	16
3280	21.0	91	14
3282	20.8	93	9
3283	20.9	93	7
3284	21.0	91	14
3286	21.0	95	6
3287	20.3	94	9
3289	20.0	90	15
3290	19.3	90	13
3291	19.5	93	9
3293	19.1	95	7
3294	19.4	92	9
3296	19.3	92	11
3297	19.9	94	10
3298	19.6	91	11
3300	19.3	91	12
3301	19.4	91	10
3303	19.2	93	9
3304	19.4	94	6
3305	19.3	91	13
3307	19.9	90	13
3308	19.3	93	10
3310	19.4	94	8
3311	19.4	91	12
3313	19.4	93	7
3314	19.4	94	7
3315	19.7	94	10
3317	19.6	88	16
3318	19.3	91	13
3320	19.4	92	12
3321	19.4	94	7
3322	19.0	91	11
3324	19.4	94	8
3325	19.4	93	13
3327	19.7	92	10
3328	19.3	89	14
3329	19.4	89	14
3331	19.3	94	7
3332	19.4	95	6
3334	19.4	91	11
3335	19.9	92	11
3336	19.4	91	14
3338	19.4	93	11
3339	19.4	90	15
3341	19.4	94	7
3342	19.3	94	10
3343	19.3	93	10
3345	20.2	90	16
3346	20.9	91	9
3348	21.0	92	11
3349	20.9	94	5
3350	21.0	93	8
3352	20.9	93	12
3353	21.4	91	15
3355	21.0	93	8
3356	20.6	91	11
3357	20.9	91	12
3359	20.9	94	5
3360	21.0	94	11
3362	21.4	89	17
3363	21.2	91	12
3364	20.8	94	7
3366	20.6	95	6
3367	20.3	90	13
3369	21.0	95	9
3370	21.5	93	12
3371	20.8	93	7
3373	20.8	90	13
3374	20.9	93	11
3376	20.7	94	8
3377	20.9	94	8
3378	21.4	92	10
3380	20.9	90	16
3381	20.9	93	8
3383	20.6	92	9
3384	20.9	95	7
3386	21.0	94	7
3387	21.3	91	12
3388	21.2	91	11
3390	20.9	92	10
3391	20.9	90	15
3393	20.9	93	9
3394	20.9	95	7
3395	20.9	91	10
3397	21.0	92	14
3398	21.5	90	18
3400	21.0	93	10
3401	20.9	90	13
3402	21.0	90	12
3404	20.5	94	6
3405	20.5	94	6
3407	20.6	93	8
3408	21.6	91	15
3409	21.1	94	8
3411	21.0	90	14
3412	20.7	92	10
3414	21.1	95	8
3415	20.8	94	9
3416	21.0	91	9
3418	21.2	89	14
3419	21.0	92	9
3421	20.9	92	11
3422	21.0	95	5
3423	21.0	94	8
3425	21.0	93	12
3426	21.4	92	15
3428	20.8	92	9
3429	20.8	90	13
3430	20.9	92	10
3432	20.8	95	5
3433	20.6	93	12
3435	21.5	91	13
3436	20.9	90	12
3437	21.0	92	9
3439	20.9	94	7
3440	21.0	92	11
3442	21.0	94	8
3443	21.1	93	10
3444	21.2	91	11
3446	23.4	89	17
3447	19.2	92	10
3449	19.3	94	8
3450	19.4	94	9
3451	19.3	94	9
3453	19.7	93	12
3454	19.6	92	10
3456	19.1	92	15
3457	19.4	90	14
3458	19.5	93	7
3460	19.2	93	9
3461	19.0	95	11
3463	19.6	89	16
3464	18.7	92	10
3465	19.4	92	10
3467	19.3	93	7
3468	19.5	92	11
3470	20.9	95	6
3471	21.1	92	11
3473	21.5	89	14
3474	20.9	90	16
3475	20.9	93	8
3477	20.7	92	13
3478	20.8	95	6
3480	20.7	91	10
3481	21.1	94	6
3482	21.4	93	8
3484	20.7	93	7
3486	20.9	93	9
3487	21.1	93	8
3489	20.7	91	9
3490	21.0	94	8
3492	21.0	92	14
3493	20.9	94	8
3495	20.8	92	9
3496	20.8	94	9
3498	20.8	94	12
3499	21.5	94	8
3501	21.0	91	9
3502	20.9	89	15
3504	20.8	94	8
3505	20.8	93	9
3506	21.0	94	9
3508	21.4	90	14
3509	21.1	88	14
3511	20.9	92	11
3512	20.9	92	11
3513	20.9	91	15
3515	21.0	95	7
3516	20.6	96	5
3518	21.2	88	16
3519	20.8	90	15
3520	21.0	93	9
3522	20.9	95	6
3523	21.0	89	14
3525	20.3	94	8
3526	21.2	91	14
3527	21.0	93	9
3529	20.9	91	9
3530	20.8	92	8
3532	21.0	92	10
3533	21.0	95	5
3534	20.8	93	13
3536	21.5	90	15
3537	21.0	90	14
3539	20.9	93	6
3540	20.9	92	11
3542	20.9	93	8
3543	20.8	95	7
3544	21.5	92	13
3546	20.9	89	13
3547	20.6	90	15
3549	20.5	94	7
3550	20.8	96	5
3551	20.9	90	10
3553	21.2	90	15
3554	20.9	90	10
3556	20.9	94	7
3557	20.8	92	14
3558	21.0	93	8
3560	20.8	93	9
3561	20.9	96	1
3563	21.5	90	16
3564	21.0	90	14
3565	20.8	94	8
3567	21.0	93	9
3568	20.9	92	11
3570	20.8	92	11
3571	21.2	93	12
3572	20.8	91	13
3574	21.0	91	10
3575	20.5	91	13
3577	20.5	95	7
3578	20.7	94	8
3579	20.8	92	13
3581	21.1	89	15
3582	21.0	93	8
3584	20.7	94	7
3585	21.0	92	10
3586	21.0	94	6
3588	20.9	93	10
3589	21.0	92	9
3591	21.1	90	14
3592	20.8	90	13
3593	20.9	94	9
3595	20.8	93	10
3596	20.7	93	11
3598	21.0	93	9
3599	21.3	91	15
3601	20.5	92	11
3602	20.6	92	10
3603	20.9	93	9
3605	20.9	94	8
3606	20.4	94	6
3608	20.9	91	15
3609	20.9	90	15
3610	20.5	92	12
3612	20.7	94	9
3613	20.8	92	11
3615	20.5	92	12
3616	20.8	94	9
3617	20.8	93	10
3619	21.6	89	18
3620	20.8	92	11
3622	20.9	93	9
3623	20.7	94	7
3624	20.9	94	8
3626	20.9	94	12
3627	21.5	92	12
3629	20.8	93	14
3630	20.8	91	12
3631	20.9	92	10
3633	20.8	94	7
3634	20.9	93	9
3636	21.3	90	16
3637	20.5	91	13
3639	20.8	94	7
3640	20.8	93	8
3641	21.0	93	9
3643	21.0	95	8
3644	21.2	92	10
3646	20.7	92	10
3647	20.9	90	13
3648	21.0	93	8
3650	20.6	94	8
3651	20.9	97	1
3653	21.1	90	15
3654	20.7	90	12
3655	20.6	92	9
3657	21.0	94	5
3658	20.8	91	10
3660	20.6	94	8
3661	21.3	92	10
3662	21.0	92	12
3664	20.7	90	11
3665	20.6	91	15
3667	20.9	94	7
3668	20.5	96	5
3669	20.9	90	11
3671	23.8	91	15
3672	20.8	91	13
3674	21.0	94	8
3675	20.4	93	7
3676	20.5	92	9
3678	20.7	94	7
3679	21.5	94	9
3681	20.8	89	17
3682	20.7	90	13
3684	20.7	94	7
3685	20.7	95	6
3686	20.7	91	14
3688	20.6	94	9
3689	21.5	92	10
3691	20.8	92	8
3692	20.9	90	11
3693	20.9	94	7
3695	20.7	94	8
3696	21.0	95	4
3698	21.4	89	16
3699	20.8	90	13
3700	20.6	93	9
3702	20.8	93	10
3703	20.8	94	10
3705	20.9	94	6
3706	20.7	92	11
3707	21.5	93	14
3709	21.0	91	14
3710	20.8	93	10
3712	20.9	92	12
3713	20.8	95	5
3714	20.8	92	10
3716	22.8	90	16
3717	20.8	93	9
3719	21.0	92	11
3720	20.6	94	6
3721	20.6	94	8
3723	20.8	93	10
3724	21.3	94	10
3726	20.8	91	15
3727	20.8	92	10
3728	20.5	91	11
3730	20.7	95	5
3731	20.1	95	10
3733	21.0	91	16
3734	21.1	92	10
3735	20.7	93	10
3737	20.8	92	6
3738	20.6	92	11
3740	21.0	94	9
3741	20.8	94	11
3743	21.2	90	11
3744	21.0	91	13
3745	20.8	92	12
3747	21.0	94	9
3748	20.3	95	7
3750	21.1	92	7
3751	21.4	91	13
3752	20.6	91	11
3754	20.8	94	10
3755	20.5	90	15
3757	20.5	94	7
3758	20.3	93	10
3759	20.4	93	10
3761	22.2	90	15
3762	20.7	91	14
3764	20.9	93	9
3765	20.9	94	5
3766	20.8	92	12
3768	20.9	94	8
3769	21.3	93	14
3771	21.0	91	10
3772	20.9	89	16
3773	21.0	93	7
3775	20.8	95	6
3776	20.9	93	16
3778	21.0	94	6
3779	21.1	90	13
3780	21.2	92	11
3782	20.6	92	13
3783	20.9	93	10
3785	21.0	93	10
3786	21.0	96	5
3787	20.9	91	10
3789	21.4	92	14
3790	21.2	89	15
3792	21.0	95	8
3793	20.8	91	10
3794	20.9	92	11
3796	20.8	94	9
3797	21.0	97	4
3799	21.5	89	16
3800	21.1	90	12
3801	20.9	92	8
3803	21.0	95	5
3804	21.0	91	10
3806	20.9	93	8
3807	21.2	92	13
3808	21.4	91	10
3810	20.7	92	11
3811	20.6	91	13
3813	20.8	95	6
3814	21.0	94	8
3815	20.9	94	11
3817	21.3	90	16
3818	20.6	93	10
3820	20.9	93	10
3821	20.8	90	14
3823	21.0	93	11
3824	20.9	94	7
3825	21.0	94	9
3827	21.0	89	15
3828	21.2	91	14
3830	20.9	93	9
3831	20.9	94	10
3832	20.7	90	13
3834	20.9	93	8
3835	20.9	95	0
3837	21.5	91	16
3838	21.0	90	15
3839	20.6	93	8
3841	21.0	94	7
3842	20.9	91	11
3844	21.0	93	10
3845	21.3	92	12
3846	21.2	92	10
3848	20.9	92	13
3849	21.0	90	10
3851	20.9	94	6
3852	20.8	94	7
3853	21.4	92	17
3855	21.1	89	14
3856	20.7	92	9
3858	20.7	92	10
3859	21.0	94	6
3860	21.0	94	8
3862	21.2	92	14
3863	21.2	92	11
3865	20.9	92	8
3866	20.8	91	15
3867	21.0	94	9
3869	20.8	93	10
3870	21.0	93	2
3872	21.1	90	16
3873	20.9	92	13
3875	21.0	92	12
3876	21.0	95	9
3877	20.9	91	12
3879	21.0	94	8
3880	21.0	94	2
3882	21.2	91	14
3883	20.9	90	13
3884	21.0	92	10
3886	21.0	94	8
3887	20.8	93	6
3889	21.0	94	8
3890	21.4	92	14
3891	21.3	92	11
3893	21.0	91	9
3894	20.8	92	11
3896	20.9	93	9
3897	20.2	95	7
3898	19.5	93	15
3900	19.7	90	13
3901	19.5	89	14
3903	19.3	94	6
3904	19.4	94	10
3905	19.3	92	11
3907	19.4	95	6
3908	19.5	93	0
3910	19.9	89	16
3911	19.4	90	14
3912	18.5	92	11
3914	18.6	94	8
3915	18.7	92	11
3917	18.5	92	11
3918	19.0	94	10
3919	18.9	93	12
3921	17.9	90	11
3922	17.5	89	14
3924	17.8	94	6
3925	17.8	94	9
3926	17.8	94	8
3928	18.2	92	13
3929	17.9	93	8
3931	17.9	92	10
3932	17.8	91	13
3933	17.8	93	10
3935	17.7	94	7
3936	17.9	93	10
3938	18.3	89	17
3939	18.1	91	14
3941	17.9	94	8
3942	17.9	93	7
3943	17.4	92	13
3945	17.7	95	8
3946	19.5	93	9
3948	20.0	90	14
3949	19.4	90	13
3950	19.4	94	7
3952	19.4	93	10
3953	19.4	96	9
3955	19.6	91	17
3956	19.7	91	13
3957	19.4	91	12
3959	19.3	94	7
3960	19.0	92	12
3962	19.4	94	9
3963	19.6	93	6
3964	19.9	90	9
3966	19.4	91	13
3967	19.3	92	13
3969	19.4	95	7
3970	19.4	94	9
3972	19.4	93	7
3973	19.3	91	12
3974	19.5	93	8
3976	19.4	92	12
3977	19.4	91	13
3979	19.4	92	10
3980	19.5	94	8
3981	19.6	94	10
3983	19.8	91	14
3984	19.4	90	14
3986	19.1	93	9
3987	19.6	93	7
3988	19.4	94	9
3990	19.1	94	10
3991	20.0	94	13
3993	19.5	91	9
3994	19.5	91	12
3995	19.3	93	9
3997	19.3	94	7
3998	19.4	95	10
4000	19.7	91	14
4001	19.7	90	13
4002	19.3	94	7
4004	19.0	94	7
4005	19.4	91	11
4007	19.4	94	6
4008	19.6	93	11
4009	19.7	90	10
4011	19.3	90	15
4012	19.4	93	8
4014	19.4	93	10
4015	19.4	96	2
4017	19.5	92	15
4018	20.0	91	13
4019	19.5	92	14
4021	19.2	94	11
4022	19.4	93	9
4024	19.4	93	12
4025	19.3	95	6
4026	19.4	93	10
4028	19.6	91	12
4029	19.4	90	17
4031	19.5	95	7
4032	19.4	93	8
4033	19.2	94	8
4035	19.5	92	8
4036	19.9	94	10
4038	19.4	90	11
4039	19.4	90	13
4040	19.4	92	10
4042	19.4	94	8
4043	19.4	94	2
4045	19.6	92	15
4046	19.2	92	12
4047	19.4	93	9
4049	19.3	94	10
4050	19.3	89	14
4052	19.4	95	6
4053	19.4	94	8
4054	19.6	92	15
4056	19.7	89	14
4057	19.3	93	9
4059	19.4	92	10
4060	19.4	93	6
4061	19.4	93	11
4063	19.6	93	7
4064	19.5	91	11
4066	19.4	91	10
4067	19.4	92	13
4069	19.4	93	10
4070	19.2	95	6
4071	19.7	92	14
4073	19.6	91	9
4074	19.7	91	10
4076	19.4	94	6
4077	19.1	93	12
4078	19.3	93	8
4080	19.4	93	7
4081	19.6	93	7
4083	19.3	91	13
4085	19.3	92	8
4086	19.4	92	13
4088	19.4	91	7
4089	19.3	92	12
4091	20.3	94	9
4092	19.5	93	7
4094	19.8	91	15
4095	19.3	89	14
4096	19.4	95	6
4098	19.5	97	10
4100	19.9	90	15
4101	19.3	91	12
4102	19.3	93	9
4104	19.4	95	7
4105	19.4	92	13
4107	19.2	94	7
4108	19.7	92	13
4109	19.4	94	8
4111	18.9	91	10
4112	19.4	92	11
4114	19.5	93	9
4115	19.3	95	7
4116	19.8	92	10
4118	19.8	89	17
4119	19.4	92	9
4121	19.3	92	10
4122	18.6	95	8
4123	18.5	91	12
4125	18.4	95	8
4126	19.2	92	14
4128	18.6	91	12
4129	18.6	90	14
4131	18.6	94	7
4132	18.1	95	6
4133	17.8	93	9
4135	18.2	92	16
4136	17.9	91	11
4138	17.7	94	7
4139	18.0	92	9
4140	17.9	94	8
4142	17.8	93	8
4143	18.2	94	8
4145	17.5	90	15
4146	16.2	90	13
4147	16.3	91	12
4149	16.3	95	5
4150	16.3	91	13
4152	16.3	94	8
4153	16.8	90	12
4154	16.2	93	9
4156	16.3	93	8
4157	16.3	90	17
4159	15.9	95	7
4160	16.4	94	9
4161	16.8	89	16
4163	16.5	90	18
4164	16.3	93	10
4166	18.1	93	12
4167	16.3	94	6
4169	16.3	92	12
4170	16.4	93	6
4171	16.8	91	12
4173	16.3	91	16
4174	16.2	91	14
4176	16.4	93	10
4177	16.0	95	6
4178	16.2	92	14
4180	16.9	90	12
4181	16.3	92	12
4183	16.3	94	7
4184	16.2	91	10
4185	16.3	94	7
4187	16.3	94	8
4188	16.7	95	7
4190	16.7	89	13
4191	16.3	90	15
4192	16.3	93	10
4194	16.3	94	8
4195	17.7	93	9
4197	18.0	93	13
4198	18.4	92	12
4199	17.9	93	10
4201	17.9	93	10
4202	17.9	90	15
4204	17.9	95	6
4205	17.7	95	7
4206	18.1	92	17
4208	17.7	90	14
4209	17.8	94	7
4211	18.6	94	8
4212	17.8	93	6
4214	17.9	94	8
4215	18.1	92	9
4216	18.2	93	11
4218	17.9	91	14
4219	17.9	92	11
4221	17.8	92	11
4222	17.8	95	6
4223	17.8	92	10
4225	17.9	90	14
4226	18.0	91	16
4228	17.8	94	7
4229	17.9	94	7
4230	17.8	92	11
4232	17.8	95	6
4233	18.3	97	10
4235	18.0	90	11
4236	17.9	90	15
4237	17.5	92	13
4239	17.8	95	6
4240	17.7	90	13
4242	17.9	94	10
4243	18.2	92	14
4244	18.0	94	7
4246	17.9	91	15
4247	17.7	92	10
4249	17.8	93	10
4250	17.7	94	7
4251	18.2	92	10
4253	18.4	89	16
4254	17.8	91	13
4256	17.8	93	9
4257	17.8	93	7
4258	17.5	91	12
4260	17.9	95	6
4261	17.9	96	12
4263	17.9	90	9
4264	17.9	89	15
4265	17.8	94	9
4267	17.8	94	7
4268	17.8	91	11
4270	18.1	94	11
4271	18.3	91	13
4272	17.8	94	8
4274	17.9	93	12
4275	17.8	93	9
4277	20.0	75	42
4278	20.0	62	59
4279	19.4	83	21
4281	19.4	94	11
4282	19.9	92	16
4284	19.3	89	10
4285	19.0	92	12
4287	19.4	95	9
4288	19.3	94	9
4289	19.3	94	9
4291	19.5	91	10
4292	19.9	92	13
4294	19.3	93	8
4295	19.4	92	12
4296	18.8	91	13
4298	19.5	94	8
4299	19.4	95	2
4301	19.9	88	16
4302	19.3	91	13
4303	19.4	91	10
4305	19.4	94	7
4306	19.3	92	12
4308	19.3	94	7
4309	19.4	93	12
4310	19.7	92	11
4312	19.5	89	10
4313	19.3	91	12
4315	19.2	94	7
4316	19.4	95	7
4317	19.4	92	14
4319	19.7	91	15
4320	19.1	93	8
4322	19.3	93	8
4323	19.4	93	11
4324	19.4	92	9
4326	19.1	95	6
4327	19.5	95	10
4329	19.7	89	16
4330	19.5	90	13
4331	19.4	94	7
4333	19.3	94	7
4334	19.4	92	9
4336	19.5	92	10
4337	20.0	91	12
4338	19.4	92	9
4340	19.3	91	14
4341	19.4	92	10
4343	19.2	93	8
4344	19.1	96	5
4345	19.4	93	15
4347	19.9	90	17
4348	20.8	91	13
4350	20.7	93	7
4351	20.8	92	11
4353	20.9	91	11
4354	20.7	95	6
4355	21.1	94	10
4357	20.9	89	14
4358	20.9	92	12
4360	21.1	93	8
4361	20.9	94	7
4362	20.9	92	9
4364	21.1	93	11
4365	21.5	94	10
4367	20.8	90	14
4368	20.9	90	14
4369	21.1	91	10
4371	20.9	95	5
4372	20.9	94	10
4374	21.3	91	14
4375	21.3	90	12
4376	21.1	94	8
4378	21.1	94	6
4379	20.4	90	13
4381	20.8	95	7
4382	21.1	94	13
4384	21.3	89	8
4385	20.9	90	15
4386	20.8	93	9
4388	20.9	93	10
4389	21.1	95	10
4391	21.2	92	8
4392	21.4	90	14
4393	21.1	91	13
4395	20.9	94	10
4396	21.1	89	17
4398	20.8	94	8
4399	20.7	93	10
4400	21.0	92	11
4402	21.6	89	17
4403	20.7	92	11
4405	20.9	93	10
4406	20.7	92	8
4407	21.0	94	9
4409	20.7	93	10
4410	21.2	94	5
4412	21.4	88	19
4413	20.9	90	14
4414	21.0	94	7
4416	20.6	93	10
4417	20.6	93	9
4419	20.8	92	10
4420	21.4	93	11
4421	21.3	93	11
4423	20.9	88	15
4424	20.9	91	11
4426	21.0	94	7
4427	20.9	93	9
4428	21.2	93	11
4430	21.1	92	16
4431	21.2	92	11
4433	21.0	89	12
4434	21.0	91	10
4436	20.8	92	12
4437	21.0	95	5
4438	21.0	91	11
4440	21.0	93	13
4441	21.2	91	11
4443	21.0	94	6
4444	20.9	91	15
4445	20.9	94	8
4447	20.9	95	6
4448	20.8	97	9
4450	21.4	89	16
4451	20.9	90	14
4452	21.0	94	9
4454	20.9	93	10
4455	20.9	93	11
4457	21.0	93	12
4458	21.3	93	10
4460	21.2	91	14
4461	20.9	91	15
4462	20.9	92	15
4464	20.7	95	6
4465	20.8	94	12
4467	20.7	92	9
4468	21.5	90	14
4469	20.6	93	9
4471	21.0	93	10
4472	21.0	93	10
4474	20.9	95	8
4475	20.9	93	9
4476	21.5	91	10
4478	20.9	90	15
4479	20.9	93	11
4481	21.5	92	11
4482	20.9	95	6
4484	20.8	92	16
4485	21.4	92	11
4486	20.8	91	10
4488	21.0	94	7
4489	20.9	90	13
4491	19.4	95	6
4492	19.6	94	11
4493	20.0	92	15
4495	19.6	88	17
4496	19.0	92	9
4498	19.2	95	7
4499	19.4	93	8
4500	19.3	94	8
4502	21.0	93	14
4503	21.1	92	10
4505	20.8	91	10
4506	20.8	90	15
4508	21.0	94	10
4509	21.0	96	6
4510	20.8	92	12
4512	21.0	90	13
4513	21.0	91	12
4515	21.0	93	10
4516	20.7	94	8
4517	20.9	90	14
4519	20.9	95	6
4520	21.2	92	6
4522	21.2	90	13
4523	20.6	90	16
4524	20.6	94	8
4526	22.4	92	11
4527	20.9	95	5
4529	20.5	94	11
4530	21.2	92	15
4531	21.0	91	11
4533	20.9	90	8
4534	20.8	92	8
4536	21.0	92	11
4537	20.8	96	5
4538	21.1	92	17
4540	21.3	90	13
4541	20.9	91	12
4543	20.8	91	13
4544	21.0	94	8
4545	20.8	92	12
4547	20.8	94	8
4548	21.1	95	5
4550	21.3	90	15
4551	20.6	91	12
4552	20.9	93	10
4554	21.0	94	8
4555	20.9	93	5
4557	21.0	92	14
4558	21.6	91	17
4559	20.9	94	6
4561	20.9	94	9
4562	20.7	90	15
4564	20.8	95	6
4565	21.0	94	10
4566	21.5	92	13
4568	20.9	89	14
4569	20.5	93	8
4571	20.8	94	7
4572	21.0	94	9
4573	20.8	93	12
4575	21.5	92	16
4576	21.1	93	10
4578	20.9	93	9
4579	21.0	91	12
4581	20.8	93	9
4582	20.4	93	11
4583	21.1	93	10
4585	21.5	89	16
4586	21.0	90	13
4588	20.7	93	9
4589	20.8	94	8
4590	20.9	91	13
4592	20.9	95	6
4593	20.9	97	2
4595	21.2	90	12
4596	20.9	90	15
4597	21.0	93	8
4599	20.9	93	10
4600	20.6	93	10
4602	21.0	93	9
4603	21.3	90	15
4604	20.7	93	12
4606	20.9	89	14
4607	20.8	93	8
4609	20.9	93	10
4610	20.9	95	4
4611	20.9	92	11
4613	21.3	90	14
4614	20.9	92	11
4616	22.1	94	8
4617	20.6	93	11
4619	20.4	92	11
4620	20.9	95	5
4621	21.3	92	10
4623	20.8	90	14
4624	20.8	92	12
4626	21.0	94	9
4627	20.9	96	5
4628	20.8	91	14
4630	21.2	93	11
4631	21.4	93	9
4633	20.9	93	11
4634	21.0	91	13
4635	21.0	94	7
4637	20.9	93	9
4638	20.9	94	11
4640	20.9	90	16
4641	21.1	91	11
4642	21.0	90	11
4644	20.8	94	6
4645	20.9	93	9
4647	20.9	92	9
4648	21.2	95	11
4650	21.0	91	9
4651	20.9	90	12
4652	20.9	90	15
4654	21.1	95	7
4655	20.9	96	5
4657	20.8	92	11
4658	21.2	90	13
4659	20.7	94	8
4661	22.7	94	7
4662	20.9	90	16
4664	21.0	94	7
4665	20.9	93	8
4666	21.3	93	8
4668	21.0	89	16
4669	20.7	92	10
4671	21.0	94	7
4672	21.0	93	8
4673	21.1	92	9
4675	21.2	89	16
4676	21.0	93	11
4678	20.3	92	11
4679	19.4	94	6
4680	20.0	89	15
4682	19.3	93	9
4684	19.3	93	8
4685	19.3	94	8
4687	19.5	92	10
4688	19.9	92	10
4690	19.4	93	8
4691	19.3	92	10
4693	18.7	93	9
4694	19.6	93	9
4696	19.3	91	10
4697	19.4	90	12
4699	19.4	94	7
4700	19.3	93	8
4701	19.6	94	9
4703	19.4	89	16
4704	19.5	89	13
4706	19.4	93	9
4707	19.4	95	7
4708	19.3	91	13
4710	19.2	95	6
4711	19.7	91	11
4713	19.4	92	11
4714	19.2	90	15
4715	19.3	94	8
4717	19.2	94	8
4718	19.4	95	8
4720	19.1	92	12
4721	19.8	91	13
4722	19.4	92	11
4724	19.3	94	7
4725	19.4	89	16
4727	19.2	94	8
4728	19.5	94	9
4729	19.8	92	7
4731	19.4	89	14
4732	19.4	93	9
4734	19.1	95	6
4735	19.4	93	7
4736	19.3	94	7
4738	19.6	92	12
4739	19.6	93	8
4741	19.4	91	12
4742	19.2	90	14
4744	19.3	93	10
4745	19.3	94	8
4746	19.5	93	10
4748	20.0	89	18
4749	19.4	92	11
4751	19.4	92	12
4752	19.1	94	6
4753	19.4	92	12
4755	19.2	94	7
4756	19.8	95	11
4758	19.9	87	20
4759	19.3	90	13
4760	19.1	91	11
4762	19.3	95	6
4763	19.3	93	8
4765	19.2	92	12
4766	19.5	92	10
4767	19.7	91	11
4769	19.4	90	12
4770	18.7	90	12
4772	19.3	94	7
4773	19.4	96	5
4774	19.4	91	11
4776	19.8	91	13
4777	19.3	93	10
4779	19.3	92	11
4780	18.5	89	16
4782	19.1	93	9
4783	19.3	92	10
4784	20.8	90	13
4786	20.8	92	10
4787	21.1	92	11
4789	21.1	93	9
4790	20.7	91	12
4791	20.2	93	9
4793	20.8	94	6
4794	20.7	95	5
4796	20.7	90	14
4797	20.4	89	17
4798	20.9	93	8
4800	20.6	95	6
4801	20.5	92	7
4803	20.7	92	13
4804	21.0	90	13
4805	20.5	93	7
4807	20.6	93	10
4808	20.7	92	11
4810	20.7	93	7
4811	20.8	96	8
4812	20.9	89	15
4814	20.6	89	15
4815	20.8	92	8
4817	20.6	93	9
4818	20.9	95	5
4819	21.0	91	14
4821	20.9	92	11
4822	21.3	90	17
4824	20.3	92	7
4825	20.7	91	12
4826	20.7	92	11
4828	20.9	95	5
4829	21.0	94	10
4831	21.2	90	13
4832	20.9	90	13
4834	20.8	94	7
4835	20.0	94	6
4836	20.7	92	10
4838	21.0	93	8
4839	21.1	91	17
4841	20.2	94	8
4842	20.5	92	10
4843	20.9	91	14
4845	20.8	95	6
4846	20.7	96	2
4848	21.0	88	18
4849	20.8	90	15
4850	20.2	94	8
4852	20.6	93	9
4853	20.5	93	8
4855	20.7	93	8
4856	21.2	93	11
4857	21.2	91	11
4859	20.6	90	14
4860	20.9	92	11
4862	20.5	94	8
4863	20.6	95	5
4864	20.8	90	17
4866	21.5	90	14
4867	20.8	92	12
4869	20.2	93	8
4870	20.8	92	9
4872	20.9	91	13
4873	20.7	95	7
4874	20.6	96	2
4876	21.0	89	15
4877	20.8	91	14
4879	20.9	93	9
4880	20.9	95	5
4881	20.4	90	13
4883	21.0	94	8
4884	20.4	91	13
4886	20.9	93	9
4887	21.1	92	11
4888	20.7	90	15
4890	20.9	94	7
4891	20.7	96	0
4893	21.5	89	17
4894	20.9	90	15
4895	20.8	93	9
4897	20.8	95	6
4898	20.9	89	13
4900	20.7	94	7
4901	20.9	91	14
4902	21.0	93	7
4904	20.8	91	14
4905	20.8	93	7
4907	20.7	93	7
4908	21.0	95	8
4909	21.8	89	15
4911	20.8	89	15
4912	20.7	93	8
4914	20.9	92	10
4915	20.8	95	5
4916	20.3	92	11
4918	21.1	91	13
4919	21.2	91	13
4921	21.0	93	7
4922	20.8	92	11
4924	20.8	92	11
4925	20.6	96	7
4926	21.4	92	13
4928	20.7	89	14
4929	20.7	92	8
4931	20.8	92	11
4932	20.5	95	5
4933	20.5	92	10
4935	20.5	93	10
4936	20.9	91	13
4938	20.7	92	9
4939	20.8	91	11
4940	20.3	92	11
4942	20.7	94	8
4943	20.7	96	1
4945	20.6	90	13
4946	20.3	90	14
4947	20.8	94	8
4949	20.1	95	6
4950	20.7	91	11
4952	21.0	92	8
4953	21.4	91	11
4955	20.9	92	9
4956	20.9	91	13
4957	21.0	91	10
4959	20.8	94	6
4960	21.0	95	0
4962	20.9	89	16
4963	21.2	89	14
4964	20.9	93	9
4966	20.9	94	7
4967	20.8	91	13
4969	20.9	93	9
4970	21.1	93	10
4971	21.2	93	9
4973	21.0	90	13
4974	21.0	91	11
4976	20.9	93	9
4977	21.0	94	7
4978	21.0	93	10
4980	21.4	90	14
4981	21.1	91	11
4983	20.9	94	6
4984	21.0	90	12
4985	21.0	94	8
4987	20.9	94	7
4988	21.0	94	9
4990	21.5	88	16
4991	21.0	91	12
4992	20.9	92	10
4994	21.0	94	7
4995	20.8	91	13
4997	21.0	93	10
4998	21.5	94	10
5000	21.2	92	8
5001	20.9	90	14
5002	19.3	92	10
5004	19.4	94	7
5005	18.4	94	8
5007	19.4	93	7
5008	20.1	90	13
5009	19.4	94	8
5011	19.3	92	10
5012	19.3	91	13
5014	19.3	94	7
5015	19.4	93	9
5016	19.8	92	10
5018	19.7	88	17
5019	19.4	92	14
5021	19.3	93	9
5022	19.2	95	6
5023	19.4	91	14
5025	19.5	94	10
5026	20.0	92	15
5028	19.6	93	13
5029	19.5	90	14
5030	19.4	93	8
5032	19.4	93	9
5033	19.2	93	10
5035	19.3	92	13
5036	19.8	94	8
5037	19.7	91	14
5039	19.4	91	13
5040	19.5	90	16
5042	19.5	95	7
5043	19.4	96	6
5044	19.6	91	10
5046	19.8	90	15
5047	19.4	93	10
5049	19.4	94	7
5050	19.5	93	8
5051	19.4	94	8
5053	19.3	93	8
5054	19.8	93	8
5056	19.0	90	15
5057	19.5	90	13
5058	19.4	92	10
5060	19.5	95	5
5061	19.4	93	10
5063	19.1	91	16
5064	19.8	91	13
5066	18.7	94	7
5067	19.4	93	6
5068	19.4	91	13
5070	19.3	95	6
5071	19.5	94	7
5073	19.9	91	10
5074	19.4	90	15
5075	19.3	94	7
5077	19.4	93	9
5078	19.4	95	10
5080	19.4	94	8
5081	19.8	92	12
5082	19.1	91	14
5084	19.3	91	12
5085	19.4	93	10
5087	19.4	92	12
5088	19.4	95	5
5089	19.6	92	10
5091	19.6	92	13
5092	19.5	91	17
5094	19.4	94	7
5095	19.4	93	9
5096	19.4	94	8
5098	19.7	94	10
5099	19.7	93	8
5101	19.0	91	14
5102	19.4	90	13
5104	19.3	94	7
5105	19.5	94	10
5106	19.3	93	11
5108	19.9	91	14
5109	19.4	92	11
5111	19.4	94	7
5112	19.4	92	8
5113	19.3	93	9
5115	19.4	93	10
5116	19.6	95	9
5118	19.8	89	12
5119	19.4	90	15
5120	19.4	91	13
5122	19.4	95	6
5123	19.5	94	10
5125	19.4	92	13
5126	19.4	90	12
5127	19.4	94	7
5129	19.4	94	10
5130	19.3	90	17
5132	19.3	94	7
5133	19.2	94	9
5134	19.6	93	11
5136	20.0	90	19
5137	19.2	92	10
5139	19.4	92	11
5140	19.3	93	6
5141	19.5	92	12
5143	19.3	94	8
5144	20.0	93	13
5146	19.5	91	9
5147	19.4	90	13
5148	19.5	92	10
5150	19.3	95	5
5151	19.3	95	11
5153	19.7	91	15
5154	19.9	90	13
5155	19.4	94	7
5157	19.5	93	8
5158	19.2	91	14
5160	19.5	94	7
5161	19.3	94	9
5162	20.0	92	10
5164	19.5	89	16
5165	19.4	93	10
5167	19.2	92	11
5168	19.4	95	6
5169	19.3	92	12
5171	21.0	91	14
5172	19.4	91	12
5174	19.4	93	9
5175	19.3	92	13
5176	19.3	92	9
5178	19.3	95	5
5179	19.9	94	10
5181	19.4	90	15
5182	19.3	91	13
5184	19.1	94	7
5185	19.5	95	8
5186	18.6	92	11
5188	19.5	93	13
5189	19.7	91	12
5191	19.4	93	10
5192	19.4	92	8
5193	19.0	91	15
5195	17.8	95	7
5196	17.8	94	9
5198	18.2	93	10
5199	18.3	90	16
5200	17.8	93	8
5202	17.9	93	9
5203	17.9	93	11
5205	17.8	94	7
5206	17.8	94	8
5207	18.4	92	11
5209	18.0	89	16
5210	17.9	92	10
5212	17.8	92	11
5213	17.7	95	6
5214	17.8	91	13
5216	20.0	93	13
5217	18.0	91	13
5219	18.0	94	7
5220	17.8	90	11
5221	17.9	93	9
5223	17.8	93	11
5224	17.8	95	8
5226	18.2	90	11
5227	18.2	90	16
5228	17.8	90	13
5230	17.9	93	8
5231	17.9	93	10
5233	17.9	92	11
5234	17.9	95	6
5235	18.3	92	11
5237	17.3	91	12
5238	17.7	90	16
5240	17.9	94	7
5241	17.7	93	9
5242	17.9	94	7
5244	18.3	91	16
5245	18.0	92	11
5247	17.9	91	11
5248	17.9	91	14
5249	17.8	93	8
5251	17.9	93	10
5252	18.0	97	11
5254	18.3	89	18
5255	17.9	92	11
5256	17.9	92	13
5258	17.7	95	5
5259	17.8	90	14
5261	17.9	95	8
5262	18.4	92	13
5264	17.9	93	7
5265	17.9	90	13
5266	17.9	94	9
5268	17.8	93	11
5269	17.7	96	5
5271	18.1	90	10
5272	18.2	90	13
5273	17.8	94	7
5275	17.7	93	10
5276	17.9	93	11
5278	17.1	93	11
5279	18.0	94	5
5281	17.8	93	8
5282	17.9	92	10
5283	17.9	91	13
5285	17.8	93	9
5286	18.2	91	11
5288	17.9	94	8
5290	17.9	94	9
5291	18.4	94	8
5293	17.8	91	11
5295	17.8	92	12
5296	17.8	91	15
5298	17.6	95	7
5299	17.9	94	11
5301	17.8	91	12
5302	18.1	94	8
5303	18.2	94	9
5305	17.9	91	13
5306	17.8	90	17
5308	17.9	95	7
5309	17.8	94	9
5310	17.8	93	8
5312	18.3	91	15
5313	17.8	94	9
5315	17.8	95	7
5316	17.9	94	9
5317	17.5	94	8
5319	17.8	93	11
5320	18.4	93	11
5322	17.9	92	15
5323	17.8	91	14
5324	17.8	91	11
5326	17.9	95	6
5327	17.6	95	10
5329	18.1	89	16
5330	18.2	90	13
5331	17.9	94	7
5333	17.9	94	5
5334	17.8	91	14
5336	17.7	95	7
5337	17.9	93	12
5338	18.2	91	9
5340	17.8	90	14
5341	17.9	94	10
5343	17.8	93	12
5344	17.9	95	5
5346	17.8	92	15
5347	18.5	90	13
5348	16.0	91	12
5350	16.2	94	12
5351	16.4	92	11
5353	16.3	92	12
5354	16.1	95	7
5355	16.3	92	10
5357	16.8	89	15
5358	16.1	93	9
5360	16.2	94	7
5361	16.3	93	8
5362	16.1	94	9
5364	16.3	93	10
5365	16.7	95	10
5367	16.4	90	11
5368	16.3	90	13
5369	16.2	94	9
5371	16.2	93	9
5372	16.3	94	9
5374	16.5	90	16
5375	16.7	91	14
5376	16.0	94	7
5378	16.2	94	9
5379	16.3	90	14
5381	16.3	94	6
5382	16.3	94	10
5384	16.9	91	14
5385	16.5	89	17
5386	16.2	94	9
5388	16.4	93	11
5389	16.3	93	10
5391	16.2	92	11
5392	16.3	95	12
5393	16.7	92	13
5395	16.2	91	9
5396	16.4	93	8
5398	16.3	92	9
5399	16.2	95	5
5400	16.2	92	15
5402	16.9	90	15
5403	16.4	93	11
5405	16.3	95	8
5406	16.2	92	13
5407	16.3	94	9
5409	15.9	93	9
5410	16.5	96	2
5412	16.7	89	18
5413	16.3	90	16
5414	16.2	91	13
5416	16.4	95	6
5417	16.3	89	17
5419	16.3	95	7
5420	16.7	93	13
5421	16.5	94	10
5423	16.3	89	15
5424	16.3	92	8
5426	16.1	95	6
5427	16.3	93	7
5428	16.2	93	15
5430	16.5	90	15
5431	16.1	93	8
5433	16.2	93	7
5434	16.2	94	7
5435	16.0	94	7
5437	16.2	93	14
5438	16.4	93	8
5440	16.4	90	10
5441	16.3	91	15
5442	16.3	92	13
5444	16.3	95	6
5445	16.3	93	11
5447	16.8	91	13
5448	16.8	90	13
5450	16.3	94	7
5451	16.3	94	10
5452	16.3	92	12
5454	16.3	95	6
5455	16.6	94	8
5457	16.4	90	15
5458	16.3	90	14
5459	16.4	94	7
5461	16.3	93	9
5462	16.2	94	10
5464	16.6	91	17
5465	16.4	92	13
5467	16.3	93	10
5468	16.2	93	6
5469	16.3	92	9
5471	18.4	94	8
5472	16.7	93	14
5474	16.5	91	16
5475	16.3	91	11
5476	16.2	91	15
5478	16.3	95	7
5479	16.2	93	12
5481	15.8	91	9
5482	15.8	90	14
5483	15.5	93	8
5485	15.6	94	7
5486	15.6	92	13
5488	15.4	95	7
5489	14.5	93	10
5490	15.2	91	10
5492	14.8	90	11
5493	14.6	92	14
5495	14.4	94	9
5496	14.7	94	7
5498	14.9	92	11
5499	15.1	90	15
5500	14.8	93	8
5502	14.7	92	10
5503	14.6	92	10
5505	14.5	92	9
5506	14.7	94	7
5507	15.3	93	12
5509	14.9	90	15
5510	14.5	90	13
5512	14.7	93	9
5513	14.8	95	6
5514	14.6	91	12
5516	16.5	92	13
5517	14.8	91	12
5519	14.6	94	8
5520	14.6	91	12
5521	14.6	92	9
5523	14.6	94	7
5524	14.9	97	11
5526	15.0	89	19
5527	14.7	90	14
5528	14.5	92	11
5530	14.5	93	7
5531	14.6	91	12
5533	14.5	94	8
5534	15.3	93	13
5535	16.6	91	9
5537	16.0	90	16
5538	16.0	93	11
5540	16.3	95	7
5541	16.0	94	9
5542	16.2	93	10
5544	16.3	90	12
5545	16.2	92	11
5547	16.3	93	12
5548	16.3	92	12
5550	16.3	92	12
5551	16.3	95	5
5552	16.5	91	9
5554	16.6	90	14
5555	16.2	89	15
5557	16.3	94	7
5558	16.4	94	7
5559	16.3	92	11
5561	18.7	94	8
5562	16.9	94	11
5564	16.4	89	11
5565	16.4	91	14
5566	16.3	94	8
5568	16.3	93	8
5569	16.4	93	9
5571	16.8	89	14
5572	16.2	92	10
5574	16.3	92	11
5575	16.0	94	8
5576	16.3	90	13
5578	16.3	94	6
5579	16.8	92	10
5581	16.6	91	11
5582	16.3	89	15
5583	16.3	94	8
5585	16.2	95	7
5586	16.3	92	5
5588	16.5	93	13
5589	16.6	91	15
5590	16.3	94	10
5592	16.4	92	11
5593	16.2	92	8
5595	16.1	94	8
5596	16.3	95	8
5597	16.9	93	17
5599	16.4	88	15
5600	16.3	91	9
5602	16.3	93	8
5603	16.3	95	5
5604	16.3	91	12
5606	18.7	92	12
5607	16.5	91	10
5609	16.3	94	6
5610	16.3	91	12
5612	16.4	94	7
5613	16.3	93	10
5614	16.5	92	1
5616	16.7	89	16
5617	16.3	91	11
5619	16.3	94	7
5620	16.3	94	8
5621	16.3	94	8
5623	16.5	91	10
5624	16.5	93	8
5626	16.3	92	11
5627	16.2	92	12
5628	16.2	93	10
5630	16.3	94	8
5631	16.6	95	4
5633	16.4	89	14
5634	16.3	91	12
5635	16.2	93	10
5637	16.3	95	6
5638	16.4	91	11
5640	16.5	93	8
5641	16.8	91	13
5643	16.1	94	7
5644	16.3	93	11
5645	16.0	93	10
5647	16.4	94	8
5648	16.4	96	1
5650	16.8	89	17
5651	16.3	91	14
5652	16.3	94	8
5654	16.2	93	10
5655	16.2	93	11
5657	16.3	92	10
5658	16.6	92	11
5659	16.2	91	14
5661	16.2	92	8
5662	16.2	92	13
5664	16.3	94	9
5665	16.4	94	5
5667	16.8	89	17
5668	16.3	91	13
5669	16.3	92	10
5671	16.3	94	6
5672	16.2	94	7
5674	16.3	93	10
5675	16.6	92	12
5676	16.2	93	8
5678	16.2	92	10
5679	16.2	91	13
5681	16.2	95	7
5682	16.2	93	9
5683	16.6	92	10
5685	16.6	89	16
5686	16.3	93	11
5688	16.2	93	12
5689	16.6	93	6
5690	17.2	91	10
5692	18.2	73	42
5693	18.4	63	62
5695	18.0	85	22
5696	18.0	92	10
5698	17.8	92	10
5699	17.9	92	12
5700	17.6	94	9
5702	17.8	95	7
5703	17.9	95	1
5705	18.1	89	17
5706	18.0	92	11
5707	17.7	89	16
5709	17.8	96	5
5710	17.7	90	17
5712	17.8	93	10
5713	18.3	93	11
5714	18.3	91	15
5716	17.7	89	17
5717	17.8	93	9
5719	17.7	95	6
5720	17.9	94	10
5721	18.1	93	10
5723	18.4	89	18
5724	17.7	93	8
5726	19.8	94	6
5727	17.8	92	18
5729	17.8	94	7
5730	17.7	93	8
5731	18.4	93	8
5733	17.9	90	15
5734	17.8	93	10
5736	17.8	93	9
5737	17.7	94	8
5738	17.8	94	9
5740	18.1	92	15
5741	18.0	91	11
5743	17.8	93	8
5744	17.9	92	12
5745	17.5	92	10
5747	16.3	94	7
5748	16.9	97	12
5750	16.8	89	17
5751	15.9	91	13
5752	16.3	93	11
5754	16.2	95	7
5755	16.4	89	15
5757	16.2	94	7
5758	16.4	91	12
5759	16.1	94	9
5761	17.8	91	10
5762	17.7	92	13
5764	17.7	94	8
5765	17.7	95	7
5767	18.2	91	12
5768	18.0	90	15
5769	17.5	92	11
5771	19.6	94	8
5772	17.9	93	9
5774	17.8	92	11
5775	17.7	94	7
5776	18.5	92	10
5778	17.6	90	14
5779	17.8	91	12
5781	17.7	93	8
5782	17.7	95	6
5783	17.9	93	10
5785	18.2	91	14
5786	17.8	90	15
5788	17.8	94	7
5789	17.8	91	13
5790	17.9	94	7
5792	17.6	93	9
5793	18.1	98	10
5795	18.4	89	16
5796	17.7	90	13
5797	17.9	91	12
5799	17.8	95	6
5800	17.7	93	8
5802	17.9	92	15
5803	18.4	91	12
5804	17.9	92	11
5806	17.9	90	14
5807	17.9	92	15
5809	18.0	92	11
5810	17.6	95	5
5811	19.1	92	11
5813	19.7	90	13
5814	19.6	91	15
5816	20.4	92	12
5817	19.5	92	12
5818	19.4	93	11
5820	19.5	95	6
5821	19.1	94	11
5823	19.8	91	13
5824	19.5	91	14
5826	20.2	94	7
5827	20.9	93	8
5828	20.8	93	9
5830	20.9	94	8
5831	21.3	94	10
5833	21.1	89	11
5834	20.8	90	14
5835	20.7	92	10
5837	20.9	94	8
5838	20.9	92	10
5840	20.7	92	12
5841	21.4	92	11
5842	20.7	92	10
5844	20.9	93	10
5845	20.9	89	15
5847	20.8	95	6
5848	20.9	93	8
5849	21.3	92	13
5851	21.2	89	14
5852	20.8	92	8
5854	20.9	93	8
5855	21.0	94	7
5857	20.8	94	10
5858	21.2	92	15
5859	21.2	91	13
5861	21.6	91	7
5862	21.0	92	10
5864	21.0	92	11
5865	20.8	95	6
5866	21.2	93	10
5868	21.2	89	15
5869	21.0	91	11
5871	20.6	93	8
5872	20.5	95	8
5873	20.8	94	9
5875	21.3	92	15
5876	21.2	92	11
5878	20.8	92	12
5879	20.8	91	12
5880	21.1	92	10
5882	20.7	94	7
5883	21.1	94	4
5885	21.2	88	16
5886	20.9	92	11
5888	20.8	92	11
5889	21.0	95	9
5891	21.2	88	15
5892	20.5	94	7
5894	20.7	93	10
5895	21.0	93	10
5897	21.0	91	15
5898	21.0	91	15
5900	21.0	95	7
5901	20.3	92	11
5903	20.9	93	9
5904	20.8	95	8
5905	21.3	92	8
5907	21.2	89	15
5908	20.9	91	11
5910	20.9	93	10
5911	20.9	94	7
5912	20.8	94	10
5914	21.2	91	15
5915	21.1	91	10
5917	21.0	94	6
5918	21.0	91	13
5919	21.0	94	8
5921	20.8	94	7
5922	20.9	97	0
5924	21.4	89	18
5925	20.9	90	14
5926	20.8	94	8
5928	21.0	93	10
5929	20.9	93	10
5931	21.2	92	11
5932	21.2	93	11
5933	20.6	92	13
5935	20.7	91	10
5936	20.4	91	10
5938	20.9	95	6
5939	20.8	94	3
5941	21.3	90	15
5942	20.7	91	13
5943	20.9	92	11
5945	20.7	94	8
5946	20.8	92	10
5948	20.9	92	13
5949	21.3	93	9
5950	21.3	93	9
5952	20.8	91	11
5953	20.8	90	19
5955	20.8	95	7
5956	21.0	94	8
5957	21.0	93	9
5959	21.6	90	16
5960	20.9	93	10
5962	20.6	93	8
5963	20.9	92	12
5964	20.9	94	7
5966	20.5	93	9
5967	21.3	94	9
5969	21.3	89	16
5970	20.8	90	13
5971	20.4	93	10
5973	21.0	94	7
5974	21.0	94	10
5976	20.8	91	15
5977	20.8	92	10
5979	21.2	87	18
5980	20.9	91	11
5981	20.4	93	11
5983	20.9	92	12
5984	20.9	96	5
5986	21.3	91	18
5987	21.2	89	14
5988	20.4	91	14
5990	21.0	94	6
5991	21.1	93	10
5993	20.3	92	12
5994	21.2	94	6
5995	20.9	91	12
5997	20.6	90	14
5998	21.0	92	11
6000	20.7	92	11
6001	20.6	96	5
6002	20.9	92	10
6004	21.2	90	14
6005	21.0	90	15
6007	20.2	94	7
6008	21.1	92	8
6009	20.8	91	14
6011	20.7	95	5
6012	21.0	94	10
6014	20.7	89	16
6015	20.7	92	10
6017	20.5	93	9
6018	20.9	93	8
6019	20.9	93	8
6021	21.3	90	14
6022	20.8	92	11
6024	20.6	93	9
6025	20.9	92	10
6026	21.0	92	11
6028	20.5	93	10
6029	21.1	95	3
6031	21.2	88	17
6032	20.4	91	14
6033	20.5	94	8
6035	20.8	95	6
6036	21.0	90	14
6038	20.9	94	7
6039	21.2	91	13
6041	20.9	94	7
6042	20.4	90	14
6043	20.7	92	11
6045	20.6	95	6
6046	20.6	96	3
6048	21.2	90	14
6049	20.9	91	13
6050	20.5	94	9
6052	21.2	94	7
6053	20.9	91	12
6055	20.7	94	7
6056	20.8	91	13
6057	21.3	93	12
6059	20.7	91	10
6060	20.7	90	14
6062	20.9	94	6
6063	20.3	95	5
6064	20.8	91	12
6066	21.3	92	12
6067	20.7	90	13
6069	20.9	94	6
6070	21.0	93	10
6071	20.5	91	13
6073	20.4	95	6
6074	21.4	94	12
6076	20.8	90	14
6077	20.5	91	11
6079	20.9	92	9
6080	20.5	95	6
6081	20.5	91	11
6083	20.7	93	9
6084	21.5	91	13
6086	20.4	94	9
6087	20.4	90	15
6088	20.7	91	14
6090	20.2	93	11
6091	20.6	94	13
6093	20.6	93	10
6094	20.8	92	11
6095	21.2	92	12
6097	20.4	92	11
6098	20.8	92	12
6100	20.9	94	10
6101	20.6	94	8
6102	20.3	92	11
6104	21.4	89	18
6105	20.5	92	13
6107	20.7	94	9
6108	20.9	94	5
6109	20.8	92	9
6111	20.8	93	10
6112	20.8	92	10
6114	20.6	91	14
6115	20.6	92	11
6117	20.7	93	9
6118	20.8	95	8
6119	21.0	93	10
6121	21.2	89	16
6122	20.9	90	13
6124	20.5	93	10
6125	20.7	94	6
6126	20.8	92	12
6128	20.7	93	7
6129	21.0	94	9
6131	20.9	91	8
6132	20.6	91	11
6133	20.3	91	11
6135	20.8	95	6
6136	20.6	93	13
6138	20.5	90	14
6139	20.9	92	12
6141	20.9	92	11
6142	20.8	91	13
6143	20.7	94	9
6145	21.0	94	8
6146	21.0	94	8
6148	21.6	90	16
6149	21.0	89	15
6150	21.0	94	8
6152	21.0	95	6
6153	20.9	93	8
6155	20.5	94	10
6156	21.1	92	15
6157	21.1	93	8
6159	21.0	91	13
6160	20.9	92	9
6162	20.9	94	7
6163	20.8	94	9
6164	21.3	93	11
6166	21.3	89	16
6167	20.7	92	10
6169	20.9	92	12
6170	21.0	95	5
6171	21.1	91	12
6173	20.7	94	8
6174	21.5	90	15
6176	21.0	92	7
6177	21.1	90	14
6178	21.0	94	9
6180	20.9	94	8
6181	21.0	93	2
6183	21.4	91	14
6184	20.8	90	13
6185	20.8	94	7
6187	21.0	93	8
6188	20.9	93	9
6190	21.1	93	9
6191	21.1	94	11
6192	21.5	91	12
6194	21.0	89	17
6195	20.8	91	11
6197	21.0	89	17
6198	20.8	94	8
6199	21.0	92	12
6201	20.9	93	10
6202	21.4	94	8
6204	21.1	88	14
6205	20.6	90	15
6206	20.9	90	17
6208	21.1	92	11
6209	20.8	83	25
6211	20.8	93	8
6212	21.0	95	6
6213	20.4	92	11
6215	20.9	93	14
6216	21.5	91	13
6218	21.1	91	12
6219	21.0	90	13
6220	20.9	91	11
6222	20.8	94	7
6223	20.6	90	13
6225	21.0	93	9
6226	21.4	92	12
6227	21.1	91	11
6229	20.9	90	12
6230	21.0	92	16
6232	21.0	92	10
6233	20.8	95	6
6235	21.0	93	8
6236	22.1	90	15
6237	21.7	91	12
6239	21.4	85	22
6240	21.2	87	18
6242	20.9	94	7
6243	20.9	93	9
6244	20.3	89	14
6246	20.9	94	7
6247	20.9	96	2
6249	21.1	88	18
6250	21.1	90	14
6251	21.0	91	13
6253	20.9	92	10
6254	21.0	93	10
6256	20.9	93	9
6257	21.0	93	9
6258	20.9	91	17
6260	21.1	89	14
6261	21.0	91	11
6263	20.9	93	8
6264	20.9	95	6
6265	20.5	93	8
6267	21.4	92	14
6268	21.1	92	8
6270	21.0	93	7
6271	20.9	90	15
6273	21.0	91	10
6274	20.5	95	5
6275	21.0	93	12
6277	21.5	90	18
6278	21.3	90	16
6280	20.9	94	7
6281	21.1	92	9
6282	21.1	93	8
6284	20.7	95	6
6285	21.1	95	0
6287	21.5	90	16
6288	21.1	89	15
6289	20.9	94	8
6291	20.9	93	9
6292	20.9	91	13
6294	21.2	93	9
6295	21.4	92	11
6296	21.4	92	14
6298	20.9	90	14
6299	21.0	93	10
6301	21.0	95	8
6302	21.0	94	9
6303	21.1	92	10
6305	21.1	90	17
6306	20.7	93	10
6308	21.0	92	10
6309	20.2	92	13
6310	20.9	93	9
6312	20.9	94	6
6313	21.4	93	10
6315	20.8	91	13
6316	20.9	90	15
6318	21.0	94	7
6319	21.0	94	8
6320	21.0	93	10
6322	21.5	90	17
6323	20.9	93	10
6325	20.9	93	11
6326	20.7	93	6
6327	21.0	92	10
6329	20.9	92	12
6330	21.3	96	11
6332	21.4	88	18
6333	21.1	91	12
6334	20.8	93	10
6336	21.0	95	6
6337	21.0	89	13
6339	20.9	95	11
6340	21.4	92	14
6341	21.0	92	9
6343	20.9	90	12
6344	20.6	93	10
6346	21.1	92	11
6347	21.0	96	5
6348	21.1	93	10
6350	21.3	90	16
6351	20.9	94	10
6353	20.9	94	10
6354	21.2	93	7
6356	20.9	93	9
6357	21.1	94	7
6358	21.4	93	11
6360	20.9	91	15
6361	21.0	90	14
6363	20.8	94	7
6364	21.0	93	8
6365	20.4	93	9
6367	21.3	90	15
6368	21.1	92	11
6370	20.4	93	9
6371	21.0	93	8
6372	21.0	92	10
6374	20.8	94	8
6375	21.1	95	10
6377	21.7	89	14
6378	20.9	91	13
6379	20.7	93	11
6381	20.8	94	7
6382	21.0	91	11
6384	21.1	94	9
6385	21.0	92	13
6386	20.6	92	10
6388	20.9	91	14
6389	21.0	93	9
6391	21.0	93	9
6392	20.9	95	7
6393	21.0	93	10
6395	21.4	90	14
6396	20.9	91	13
6398	20.9	94	8
6399	20.9	93	7
6400	20.9	94	8
6402	21.0	93	9
6403	21.5	92	10
6405	20.8	90	15
6406	20.9	92	11
6407	21.0	92	10
6409	20.9	94	7
6410	20.8	94	10
6412	21.3	91	14
6413	21.3	92	11
6415	21.0	94	6
6416	21.8	93	9
6417	20.8	93	7
6419	20.9	93	9
6420	21.3	93	11
6421	21.3	91	10
6423	20.8	91	13
6424	20.9	92	12
6426	20.5	94	9
6427	21.0	96	6
6429	21.2	90	12
6430	20.7	90	14
6431	20.8	92	10
6433	21.1	95	6
6434	20.9	93	10
6436	21.0	93	9
6437	20.5	94	9
6438	21.4	94	9
6440	21.0	91	14
6441	20.7	91	13
6443	20.9	93	9
6444	20.9	95	7
6445	20.6	93	10
6447	21.1	90	16
6448	20.9	92	11
6450	21.0	92	11
6451	20.9	92	7
6452	20.9	92	11
6454	21.0	94	7
6455	21.0	96	10
6457	21.5	88	17
6458	21.0	91	12
6459	20.9	92	10
6461	22.5	95	6
6462	20.9	91	16
6464	21.0	94	8
6465	21.3	92	11
6466	21.1	92	11
6468	20.6	90	14
6469	21.1	91	13
6471	20.9	94	7
6472	21.0	95	7
6473	21.0	92	10
6475	21.3	90	15
6476	20.6	91	14
6478	20.9	93	9
6479	20.7	92	11
6482	19.4	95	6
6483	20.0	93	10
6485	19.4	92	13
6486	19.2	91	13
6488	19.4	95	6
6489	19.3	97	1
6491	19.9	90	15
6492	19.2	90	17
6494	19.4	94	8
6495	19.5	94	6
6496	19.3	92	17
6498	19.9	91	14
6499	19.4	92	13
6501	19.4	93	10
6502	19.4	91	10
6504	19.3	93	10
6505	19.3	96	6
6506	19.6	95	11
6508	19.4	89	18
6509	19.4	90	13
6511	19.4	94	7
6512	19.4	94	7
6513	19.4	92	11
6515	19.5	94	9
6516	19.9	92	11
6518	19.3	93	10
6519	19.3	91	14
6520	19.4	92	11
6522	19.5	94	8
6523	19.3	95	0
6525	19.7	89	17
6526	19.4	92	13
6527	19.4	92	13
6529	19.4	94	7
6530	19.4	91	11
6532	19.4	94	8
6533	19.7	95	11
6534	20.1	93	11
6536	20.2	89	13
6537	19.1	91	13
6539	19.4	94	8
6540	19.5	94	9
6541	19.3	93	9
6543	20.0	90	13
6544	19.4	93	10
6546	19.1	93	11
6547	19.4	92	8
6548	19.4	93	11
6550	19.4	94	8
6551	19.5	94	5
6553	19.7	89	13
6554	19.3	91	12
6555	19.3	94	7
6557	19.3	94	7
6558	19.4	92	11
6560	19.3	92	13
6561	19.8	92	13
6562	19.5	94	7
6564	19.4	92	11
6565	19.4	92	11
6567	19.3	94	8
6568	18.9	94	7
6569	19.9	92	10
6571	19.8	89	17
6572	19.3	91	13
6574	19.5	93	10
6575	19.4	92	6
6577	19.4	93	11
6578	19.4	94	7
6579	19.9	92	10
6581	21.0	88	20
6582	19.5	91	12
6584	19.3	94	8
6585	19.5	93	9
6586	19.1	93	9
6588	19.7	91	12
6589	19.7	92	10
6591	19.4	93	9
6592	19.4	91	12
6593	19.5	92	11
6595	19.3	93	9
6596	19.1	97	0
6598	19.7	90	17
6599	19.4	90	15
6600	19.1	93	11
6602	19.4	95	6
6603	19.3	90	12
6605	19.4	94	7
6606	19.7	93	13
6607	19.2	93	8
6609	19.3	90	15
6610	19.3	93	8
6612	19.4	94	6
6613	19.4	93	9
6614	19.6	92	17
6616	19.6	90	14
6617	19.5	90	15
6619	19.3	95	7
6620	19.4	94	8
6621	19.3	91	14
6623	19.4	94	7
6624	19.9	93	13
6626	19.4	91	6
6627	19.4	91	13
6628	19.2	94	6
6630	19.4	94	7
6631	19.5	93	10
6633	19.8	89	16
6634	19.5	90	15
6636	19.4	93	9
6637	19.2	94	6
6638	19.3	93	8
6640	19.3	93	10
6641	19.8	92	13
6643	19.5	93	9
6644	19.5	92	10
6645	19.3	92	14
6647	19.3	94	9
6648	19.4	95	6
6650	19.9	90	13
6651	19.3	91	13
6652	19.2	91	13
6654	19.4	94	8
6655	19.3	94	10
6657	18.7	94	9
6658	19.2	93	9
6659	19.7	94	8
6661	19.3	91	13
6662	19.3	91	12
6664	19.3	93	9
6665	19.4	95	7
6666	19.4	93	10
6668	19.9	90	15
6669	19.3	90	12
6671	19.4	94	8
6672	19.4	91	8
6673	19.4	94	9
6675	19.4	94	8
6676	19.4	94	10
6678	19.9	88	17
6679	19.0	90	14
6680	19.4	93	10
6682	19.3	94	7
6683	19.5	90	11
6685	19.4	93	11
6686	20.0	93	12
6687	19.4	91	11
6689	19.4	90	16
6690	19.4	91	14
6692	19.4	94	7
6693	19.2	93	9
6694	19.4	93	8
6696	20.0	89	14
6697	19.1	93	10
6699	19.3	92	11
6700	19.4	90	13
6701	19.5	92	10
6703	18.9	94	8
6704	19.4	94	10
6706	19.8	89	15
6707	19.1	91	10
6708	19.1	92	11
6710	19.3	94	7
6711	19.2	90	12
6713	19.4	94	7
6714	19.5	93	10
6715	20.0	92	12
6717	19.4	89	14
6718	19.3	93	11
6720	19.5	92	12
6721	19.3	95	5
6723	19.1	92	13
6724	19.5	94	10
6725	19.5	91	12
6727	19.2	91	13
6728	19.2	92	10
6730	19.2	92	11
6731	19.2	95	6
6732	19.4	92	9
6734	19.8	89	14
6735	19.3	89	15
6737	19.3	94	7
6738	19.4	95	6
6739	19.4	90	13
6741	19.4	95	6
6742	19.7	93	13
6744	19.6	92	9
6745	19.3	89	13
6746	19.3	93	8
6748	19.2	95	6
6749	19.4	92	13
6751	19.5	94	13
6752	19.9	91	13
6753	19.7	90	13
6755	19.3	92	11
6756	19.3	92	12
6758	19.4	92	13
6759	19.4	95	5
6760	19.4	93	9
6762	20.0	90	14
6763	19.5	89	16
6765	19.4	94	8
6766	19.4	93	9
6767	19.3	93	7
6769	18.3	94	7
6770	18.7	94	9
6772	19.3	88	13
6773	18.7	90	15
6774	18.6	91	12
6776	20.1	95	6
6777	18.3	92	10
6779	17.6	92	11
6780	18.3	92	12
6781	18.0	93	8
6783	17.9	90	13
6784	17.7	91	11
6786	17.8	95	6
6787	17.9	93	8
6789	18.1	91	14
6790	17.9	90	15
6791	17.8	92	10
6793	17.9	92	13
6794	17.9	90	13
6796	17.7	91	11
6797	17.8	95	5
6798	17.8	91	17
6800	18.4	92	12
6801	17.8	89	14
6803	17.8	94	7
6804	17.9	93	10
6805	17.8	92	10
6807	17.9	93	10
6808	17.8	96	8
6810	16.5	90	13
6811	16.3	90	14
6812	16.2	92	11
6814	16.3	94	8
6815	16.2	92	13
6817	16.3	92	11
6818	16.7	92	11
6819	16.4	92	12
6821	16.7	91	10
6822	16.3	93	10
6824	17.9	93	10
6825	17.8	96	5
6827	18.0	91	15
6828	18.2	91	13
6829	17.6	93	12
6831	17.8	95	6
6832	18.1	91	18
6834	17.8	93	9
6835	17.7	94	7
6836	18.4	93	11
6838	17.9	89	15
6839	17.7	90	13
6841	17.8	94	7
6842	17.7	94	7
6843	17.6	92	11
6845	18.2	90	14
6846	18.2	92	10
6848	17.8	93	8
6849	17.9	91	13
6850	17.7	94	8
6852	17.9	93	9
6853	17.8	93	9
6855	18.2	90	16
6856	17.7	92	9
6858	17.8	92	11
6859	17.8	94	6
6860	17.6	90	12
6862	17.7	94	5
6863	17.9	91	14
6865	17.8	93	8
6866	17.9	92	11
6867	17.8	90	13
6869	17.8	95	6
6870	17.9	91	2
6872	18.2	94	12
6873	18.1	91	12
6874	17.8	94	6
6876	17.9	93	9
6877	17.6	92	10
6879	17.8	94	6
6880	17.6	93	9
6881	18.4	92	10
6883	17.7	90	14
6884	17.8	91	12
6886	17.7	93	9
6887	17.9	94	7
6888	17.8	93	10
6890	17.7	90	15
6891	17.9	92	10
6893	17.7	95	7
6894	18.0	93	8
6895	17.8	94	8
6897	17.8	93	9
6898	18.3	93	8
6900	17.9	90	14
6901	17.0	91	13
6903	16.9	94	7
6904	16.8	94	8
6905	17.2	92	10
6907	17.6	89	18
6908	17.1	92	11
6910	17.0	93	9
6911	16.2	94	6
6912	16.2	94	8
6914	16.3	92	13
6915	16.8	90	14
6917	16.3	93	10
6918	16.2	90	16
6919	16.3	93	10
6921	16.2	95	6
6922	16.2	92	11
6924	16.3	91	13
6925	16.4	91	13
6926	16.3	93	10
6928	16.1	93	10
6929	16.3	91	13
6931	16.3	93	8
6932	16.3	95	9
6933	16.9	91	15
6935	16.4	90	15
6936	16.0	92	11
6938	16.2	94	6
6939	16.3	95	9
6941	16.1	93	10
6942	16.6	91	15
6943	16.3	94	8
6945	16.4	90	13
6946	16.2	90	12
6948	15.9	93	8
6949	16.4	95	7
6950	16.2	92	15
6952	16.7	92	13
6953	16.1	92	9
6955	17.8	92	10
6956	17.9	93	8
6957	17.8	92	11
6959	17.7	94	8
6960	18.4	94	9
6962	18.0	91	12
6963	17.9	91	13
6964	17.6	92	11
6966	17.6	95	7
6967	17.9	92	10
6969	18.0	94	8
6970	18.1	91	12
6972	17.8	94	7
6973	17.8	91	12
6974	17.6	92	12
6976	17.9	95	6
6977	17.9	95	0
6979	18.1	88	16
6980	17.8	90	14
6981	17.7	94	8
6983	17.8	94	8
6984	17.4	92	10
6986	17.0	93	10
6987	17.5	91	13
6988	16.9	92	12
6990	17.0	93	8
6991	17.0	90	13
6993	17.1	93	9
6994	16.8	96	5
6995	16.8	88	18
6997	16.3	90	14
6998	16.4	92	12
7000	17.1	95	7
7001	17.7	94	7
7003	17.8	93	9
7004	18.1	92	11
7005	18.1	92	10
7007	17.6	92	11
7008	17.4	91	15
7010	17.4	94	7
7011	17.8	94	9
7012	17.9	93	10
7014	18.2	89	17
7015	17.8	93	10
7017	17.8	93	9
7018	17.8	92	7
7019	17.7	94	7
7021	17.9	93	9
7022	18.3	93	9
7024	17.8	89	15
7025	17.7	91	13
7026	17.6	93	9
7028	17.9	94	7
7029	17.9	92	11
7031	19.2	89	17
7032	16.8	91	13
7034	17.0	93	10
7035	16.8	95	5
7036	17.1	92	10
7038	17.0	94	9
7039	17.3	91	13
7041	16.5	94	7
7042	16.3	91	13
7043	16.1	93	7
7045	16.3	93	8
7046	16.3	92	10
7048	16.7	91	16
7049	16.2	91	10
7050	16.1	92	11
7052	16.3	94	6
7053	16.3	91	13
7055	16.0	94	8
7056	16.6	93	11
7057	16.4	93	9
7059	16.2	91	12
7060	16.2	90	13
7062	16.1	94	7
7063	16.2	94	7
7065	16.4	90	17
7066	16.8	91	13
7067	16.2	93	10
7069	16.2	94	5
7070	16.7	92	12
7072	16.1	95	6
7073	16.5	92	12
7074	16.2	93	7
7076	18.8	89	15
7077	16.3	93	9
7079	16.1	94	7
7080	15.9	94	9
7081	16.6	89	15
7083	16.2	90	14
7085	15.9	95	7
7086	15.9	95	2
7088	16.7	90	16
7089	16.6	90	14
7090	16.1	93	8
7092	15.9	94	8
7093	16.0	94	7
7095	16.5	91	13
7097	16.1	94	10
7099	16.6	88	18
7100	16.2	90	13
7101	16.2	91	11
7103	16.3	95	6
7104	16.4	92	10
7106	16.2	91	15
7107	16.8	91	13
7108	16.1	94	7
7110	16.4	93	9
7111	16.2	90	14
7113	16.1	94	6
7114	16.3	95	11
7116	16.5	91	13
7117	16.4	90	16
7118	16.1	93	11
7120	16.3	92	10
7121	16.1	91	11
7123	16.3	94	7
7124	16.1	93	9
7125	16.7	92	11
7127	16.2	89	17
7128	16.3	93	11
7130	16.4	92	11
7131	17.7	95	6
7132	17.9	91	17
7134	18.2	91	14
7135	17.7	90	14
7137	17.7	94	6
7138	17.7	93	12
7140	19.9	70	51
7141	20.1	64	62
7142	19.4	86	20
7144	19.4	94	11
7145	19.6	94	11
7147	19.4	93	9
7148	19.4	93	10
7149	18.6	89	16
7151	22.6	95	6
7152	19.3	93	7
7154	19.8	92	12
7155	19.4	89	16
7156	19.5	92	11
7158	19.0	94	8
7159	19.3	93	10
7161	19.4	95	7
7162	19.5	93	11
7163	19.5	92	12
7165	19.2	91	14
7166	19.3	91	11
7168	19.2	93	8
7169	19.1	95	5
7170	19.3	93	11
7172	19.9	90	15
7173	19.2	93	9
7175	19.2	93	8
7176	19.1	91	11
7178	19.4	95	7
7179	19.3	94	9
7180	19.4	92	10
7182	19.1	90	13
7183	19.3	91	13
7185	19.2	93	9
7186	18.7	94	6
7187	19.4	92	13
7189	19.2	91	14
7190	19.4	91	12
7192	19.6	94	6
7193	21.0	92	11
7194	20.9	92	9
7196	22.4	94	8
7197	21.2	95	11
7199	21.2	89	15
7200	20.5	90	12
7201	20.8	94	7
7203	20.9	94	7
7204	20.6	92	10
7206	21.2	90	15
7207	21.1	91	12
7209	20.8	93	9
7210	20.3	93	8
7211	20.8	93	9
7213	20.9	93	9
7214	21.1	95	10
7216	21.2	91	10
7217	20.6	89	12
7218	20.7	94	8
7220	20.8	92	10
7221	20.8	93	11
7223	20.8	93	9
7224	21.3	92	11
7225	21.0	92	9
7227	20.9	93	9
7228	20.8	91	10
7230	20.6	93	9
7231	20.8	95	10
7232	21.0	92	11
7234	20.7	89	14
7235	20.8	91	12
7237	20.6	94	7
7238	20.8	93	8
7240	20.8	94	8
7241	21.0	90	14
7242	20.7	91	10
7244	20.6	94	6
7245	20.8	90	13
7247	19.4	94	7
7248	19.6	95	7
7249	19.4	93	8
7251	18.9	90	12
7252	19.3	88	18
7254	19.3	94	7
7255	19.0	95	6
7256	19.2	91	10
7258	19.3	90	12
7259	19.2	89	16
7261	18.5	93	9
7262	19.0	94	6
7263	19.2	94	8
7265	18.5	94	9
7266	19.3	91	10
7268	19.1	92	12
7269	18.7	91	12
7271	19.3	93	9
7272	19.2	95	5
7273	19.3	92	10
7275	19.4	90	16
7276	19.3	91	15
7278	19.3	93	10
7279	19.2	95	6
7280	19.3	91	13
7282	19.6	94	8
7283	19.5	91	13
7285	19.1	93	10
7286	19.2	91	12
7287	19.4	92	11
7289	19.3	94	8
7290	19.0	96	4
7292	19.7	89	16
7293	19.1	90	13
7294	19.3	93	9
7296	19.0	94	7
7297	18.8	91	13
7299	19.1	94	7
7300	19.4	92	11
7301	19.5	92	9
7303	19.2	91	12
7304	18.9	91	11
7306	18.6	93	9
7307	19.2	96	6
7308	19.8	91	18
7310	19.5	89	15
7311	18.5	92	9
7313	19.0	93	10
7314	19.8	94	12
7316	19.3	91	12
7317	19.3	94	11
7318	20.0	93	11
7320	19.2	89	16
7321	19.3	92	10
7323	18.7	92	10
7324	19.1	95	5
7325	19.3	92	12
7327	19.7	92	11
7328	19.8	91	14
7330	19.1	95	7
7331	19.3	91	12
7332	18.3	92	11
7334	13.1	86	37
