Time(s)	CPU(%) GPU(%) LGPU(%)
0	0.2	0	0
2	0.0	0	0
3	0.0	0	0
5	0.0	0	0
6	0.0	0	0
8	0.0	0	0
9	0.0	0	0
10	0.0	0	0
12	0.0	0	0
13	0.0	0	0
15	0.1	0	0
16	0.0	0	0
18	0.1	0	0
19	0.0	0	0
21	0.0	0	0
22	0.0	0	0
24	0.0	0	0
25	0.0	0	0
27	0.0	0	0
28	0.1	0	0
30	3.9	0	0
31	0.0	0	0
33	0.1	0	0
34	0.1	0	0
35	0.1	0	0
37	0.1	0	0
38	0.0	0	0
40	0.1	0	0
41	0.0	0	0
43	0.0	0	0
44	0.0	0	0
46	0.1	0	0
47	0.0	0	0
49	0.0	0	0
50	0.0	0	0
52	0.1	0	0
53	0.0	0	0
55	0.1	0	0
56	0.1	0	0
57	0.0	0	0
59	0.1	0	0
60	0.1	0	0
62	0.1	0	0
63	0.0	0	0
65	0.1	0	0
66	0.0	0	0
68	0.0	0	0
69	0.1	0	0
71	0.1	0	0
72	0.0	0	0
74	0.0	0	0
75	0.1	0	0
77	0.1	0	0
78	0.1	0	0
80	0.0	0	0
81	0.0	0	0
82	0.0	0	0
84	0.0	0	0
85	0.1	0	0
87	0.0	0	0
88	0.1	0	0
90	0.1	0	0
91	0.0	0	0
93	0.1	0	0
94	0.0	0	0
96	0.1	0	0
97	0.1	0	0
99	0.0	0	0
100	0.0	0	0
102	0.0	0	0
103	0.1	0	0
104	0.0	0	0
106	0.0	0	0
107	0.1	0	0
109	0.0	0	0
110	0.2	0	0
112	0.1	0	0
113	0.0	0	0
115	0.0	0	0
116	0.0	0	0
118	0.0	0	0
119	0.0	0	0
121	0.2	0	0
122	2.8	0	0
123	5.3	0	0
125	5.2	0	0
126	7.3	0	0
128	6.7	0	0
129	7.0	0	0
131	0.0	0	0
132	0.0	0	0
134	0.0	0	0
135	0.0	0	0
136	0.0	0	0
138	0.1	0	0
139	0.0	0	0
141	0.0	0	0
142	0.0	0	0
144	0.1	0	0
145	0.0	0	0
147	0.1	0	0
148	0.0	0	0
150	5.0	0	0
151	0.1	0	0
152	0.0	0	0
154	0.0	0	0
155	0.0	0	0
157	0.0	0	0
158	0.0	0	0
160	0.0	0	0
161	0.0	0	0
162	0.0	0	0
164	0.0	0	0
165	0.0	0	0
167	1.0	0	0
168	1.5	0	0
170	0.0	0	0
171	2.3	17	12
173	3.2	12	7
174	3.1	1	0
176	3.1	0	0
177	3.1	0	0
179	3.1	0	0
180	3.1	0	0
181	3.0	0	0
183	3.1	0	0
184	3.1	0	0
186	3.1	0	0
187	3.2	0	0
188	3.2	0	0
190	3.1	0	0
191	3.1	0	0
193	3.1	0	0
194	3.1	0	0
195	3.2	0	0
197	3.2	0	0
198	3.2	0	0
200	3.2	0	0
201	3.1	0	0
202	3.2	0	0
204	3.1	0	0
205	3.2	0	0
207	3.1	0	0
208	3.0	0	0
210	11.3	0	0
211	3.2	0	0
212	3.1	0	0
214	3.2	0	0
215	3.1	0	0
217	3.1	0	0
218	3.0	0	0
219	3.1	0	0
221	3.4	0	0
222	3.2	0	0
224	3.1	0	0
225	3.2	0	0
226	3.2	0	0
228	3.2	0	0
229	3.1	0	0
231	3.1	0	0
232	3.2	0	0
233	3.1	0	0
235	3.2	0	0
236	3.1	0	0
238	3.2	0	0
239	3.1	0	0
240	3.2	0	0
242	2.9	0	0
243	3.1	0	0
245	2.6	5	0
246	12.3	31	4
248	12.2	0	0
249	12.5	0	0
250	12.4	0	0
252	12.4	0	0
253	13.8	53	0
255	18.3	54	33
256	12.4	34	28
257	12.4	0	0
259	12.3	0	0
260	12.4	0	0
262	12.4	0	0
263	14.3	52	3
265	14.8	80	0
266	12.5	66	38
267	12.3	0	0
269	12.3	0	0
270	14.6	62	0
272	14.4	69	3
273	14.6	93	0
274	14.8	98	2
276	12.4	39	23
277	12.5	0	0
279	12.9	2	0
280	14.7	49	0
282	14.8	85	3
283	15.0	99	0
284	14.8	99	0
286	14.7	99	0
287	14.7	75	42
289	13.3	17	3
290	14.6	62	0
291	14.8	88	4
293	14.8	99	0
294	14.8	99	0
296	14.7	99	0
297	14.7	99	0
298	14.8	76	50
300	14.0	58	38
301	14.6	99	0
303	14.7	99	0
304	14.8	99	0
305	14.8	99	0
307	14.7	97	10
308	14.0	58	17
310	14.7	96	0
311	14.8	99	0
313	14.8	99	0
314	14.8	99	0
315	14.8	99	0
317	14.7	99	0
318	14.9	98	0
320	13.6	55	42
321	14.8	78	0
322	14.9	99	0
324	14.7	99	0
325	14.7	99	0
327	14.8	99	0
328	14.7	65	39
329	14.7	84	0
331	14.7	99	0
332	14.8	99	0
334	14.7	99	0
335	14.7	99	0
336	14.7	99	0
338	14.8	99	0
339	13.8	64	19
341	14.7	64	26
342	14.8	95	0
344	14.8	99	0
345	14.8	99	0
346	14.7	99	0
348	14.8	99	0
349	14.8	99	0
351	13.7	71	22
352	14.9	73	30
353	14.7	99	0
355	14.5	99	0
356	14.7	99	0
358	14.8	99	0
359	13.2	65	51
360	14.8	79	0
362	14.7	99	0
363	14.8	99	0
365	14.7	99	0
366	14.7	99	0
368	14.7	99	0
369	14.7	86	32
370	14.0	50	30
372	14.7	92	0
373	14.8	99	0
375	17.6	99	0
376	14.8	99	0
377	14.8	99	0
379	14.1	73	54
380	14.1	61	12
382	14.8	99	0
383	14.6	99	0
384	14.8	99	0
386	14.8	99	0
387	14.7	99	0
389	14.7	99	0
390	14.5	84	24
392	13.9	55	48
393	14.8	86	0
394	14.8	99	0
396	14.8	99	0
397	14.7	99	0
399	15.0	99	0
400	14.7	99	0
401	13.2	69	32
403	14.8	56	37
404	14.7	99	0
406	14.8	99	0
407	14.7	99	0
408	14.7	99	0
410	14.6	70	45
411	14.8	66	18
413	14.7	99	0
414	14.7	99	0
415	14.8	99	0
417	14.7	99	0
418	14.8	99	0
420	17.9	97	2
421	13.6	61	57
422	14.8	95	0
424	14.8	99	0
425	14.5	99	0
427	14.8	99	0
428	14.7	99	0
430	14.8	68	49
431	14.7	55	52
432	14.8	99	0
434	14.8	99	0
435	14.8	99	0
437	14.8	99	0
438	14.7	99	0
439	14.7	99	0
441	14.0	91	12
442	13.9	57	11
444	14.8	99	0
445	14.6	99	0
446	14.7	99	0
448	14.8	99	0
449	14.8	99	0
451	14.8	99	0
452	14.6	97	2
453	14.3	67	48
455	14.7	90	8
456	14.7	99	0
458	14.8	99	0
459	14.8	99	0
460	14.7	99	0
462	14.8	74	58
463	14.8	88	0
465	17.8	99	0
466	14.9	99	0
467	14.8	99	0
469	14.8	99	0
470	14.7	99	0
472	14.3	84	27
473	14.1	57	45
474	14.8	99	0
476	14.8	99	0
477	14.7	99	0
479	14.8	99	0
480	14.7	95	1
481	14.0	62	36
483	14.7	88	0
484	14.8	99	0
486	14.8	99	0
487	14.7	99	0
489	14.8	99	0
490	14.8	99	0
491	14.8	99	0
493	13.3	71	49
494	14.7	57	42
496	14.8	99	0
497	14.7	99	0
498	14.7	99	0
500	14.7	99	0
501	14.8	99	0
503	14.8	99	0
504	14.9	72	50
505	13.9	66	27
507	14.8	90	0
508	14.8	99	0
510	17.9	99	0
511	14.7	99	0
512	14.1	71	51
514	14.0	63	26
515	14.8	99	0
517	14.7	99	0
518	14.8	99	0
519	15.1	99	0
521	14.8	99	0
522	14.7	99	0
524	14.8	99	0
525	14.8	71	51
526	14.0	67	33
528	14.8	93	0
529	14.8	99	0
531	14.8	99	0
532	14.6	99	0
533	14.2	91	13
535	14.0	56	28
536	14.7	99	0
538	14.8	99	0
539	14.8	99	0
540	14.9	99	0
542	14.7	99	0
543	14.7	99	0
545	14.8	99	0
546	14.8	68	40
547	14.8	72	0
549	14.6	99	0
550	14.8	99	0
552	14.8	99	0
553	14.6	99	0
554	14.8	99	0
556	14.6	97	5
557	14.7	76	23
559	14.7	85	0
560	14.7	99	0
561	14.8	99	0
563	14.8	99	0
564	14.7	76	53
566	13.9	62	32
567	14.8	87	0
568	14.8	99	0
570	14.8	99	0
571	14.7	99	0
573	14.7	99	0
574	14.9	99	0
575	14.5	79	32
577	14.6	64	47
578	14.8	99	0
580	14.8	99	0
581	14.8	99	0
582	14.7	99	0
584	14.7	99	0
585	13.4	62	10
587	14.8	68	20
588	14.7	95	0
589	14.7	99	0
591	14.7	99	0
592	14.7	99	0
594	14.8	99	0
595	14.7	96	7
596	13.3	81	27
598	14.0	62	22
599	14.7	99	0
601	14.8	99	0
602	14.8	99	0
603	14.7	99	0
605	14.7	99	0
606	14.9	86	25
608	14.0	72	44
609	14.7	87	0
611	14.8	99	0
612	14.8	99	0
613	14.7	99	0
615	14.9	99	0
616	14.8	80	50
618	14.0	61	43
619	14.8	80	0
620	14.7	99	0
622	14.8	99	0
623	14.8	99	0
625	14.8	99	0
626	14.7	95	13
627	14.7	81	27
629	14.7	84	8
630	14.8	99	0
632	14.7	99	0
633	14.8	99	0
634	14.7	99	0
636	14.9	86	46
637	14.0	67	26
639	15.1	88	0
640	14.8	99	0
641	14.7	99	0
643	14.8	99	0
644	14.8	99	0
646	14.7	99	0
647	14.7	82	36
648	14.0	68	57
650	14.8	75	0
651	14.7	99	0
653	14.8	99	0
654	14.8	99	0
655	14.8	99	0
657	14.7	99	0
658	14.7	99	0
660	17.0	81	40
661	14.8	81	45
662	14.7	86	0
664	14.8	99	0
665	14.8	99	0
667	14.7	99	0
668	14.6	86	25
669	14.0	72	49
671	14.7	77	5
672	14.8	99	0
674	14.8	99	0
675	14.8	99	0
676	14.8	99	0
678	14.8	99	0
679	15.0	88	26
681	13.9	74	56
682	14.8	89	0
684	14.8	99	0
685	14.7	99	0
686	14.7	99	0
688	14.9	98	0
689	14.9	75	55
691	14.0	70	42
692	14.8	91	0
693	14.7	99	0
695	15.0	99	0
696	14.7	99	0
698	14.7	99	0
699	14.8	88	36
700	14.0	63	50
702	14.8	81	0
703	14.8	99	0
705	19.1	99	0
706	14.8	99	0
707	14.7	99	0
709	14.8	99	0
710	14.0	91	9
712	14.9	94	15
713	14.3	71	60
714	14.8	99	0
716	14.8	99	0
717	14.8	99	0
719	14.8	99	0
720	14.5	76	56
721	14.6	68	0
723	14.8	99	0
724	14.8	99	0
725	14.7	99	0
727	14.9	99	0
728	14.8	99	0
730	13.9	99	0
731	14.9	82	52
732	14.0	73	45
734	14.8	84	0
735	14.8	99	0
737	14.7	99	0
738	14.8	99	0
739	14.9	82	28
741	14.7	76	43
742	14.8	99	0
744	14.8	99	0
745	14.7	99	0
746	14.8	99	0
748	14.0	99	0
749	14.0	99	0
751	14.0	85	21
752	13.9	77	54
753	14.8	83	0
755	14.8	99	0
756	14.8	99	0
758	14.8	99	0
759	14.8	99	0
760	14.0	99	0
762	13.2	99	0
763	13.2	94	0
765	16.4	71	58
766	14.8	88	0
767	14.8	99	0
769	14.8	99	0
770	14.8	99	0
772	13.3	99	0
773	13.2	76	47
774	14.8	78	11
776	14.8	98	0
777	14.8	99	0
779	14.7	99	0
780	13.2	99	0
781	10.9	99	0
783	10.9	99	0
784	9.9	92	24
786	14.3	74	53
787	14.8	93	0
788	14.7	99	0
790	14.7	99	0
791	14.8	99	0
793	12.4	99	0
794	11.7	77	50
795	14.7	90	3
797	14.8	99	0
798	14.7	99	0
800	14.8	99	0
801	14.1	99	0
802	10.9	99	0
804	10.3	99	0
805	8.7	85	54
807	14.7	79	10
808	14.8	97	0
810	18.1	99	0
811	14.6	99	0
812	14.8	99	0
814	14.8	99	0
815	11.5	99	0
817	8.7	95	18
818	14.7	90	18
819	14.8	99	0
821	14.7	99	0
822	14.7	99	0
824	14.7	99	0
825	10.9	99	0
826	9.3	91	25
828	14.7	77	15
829	14.8	99	0
831	14.8	99	0
832	14.6	99	0
833	14.3	99	0
835	11.0	99	0
836	10.2	99	0
838	7.0	98	0
839	14.9	91	15
840	14.8	99	0
842	14.8	99	0
843	14.7	99	0
845	14.6	99	0
846	10.9	99	0
847	13.9	68	50
849	14.7	91	0
850	14.8	99	0
852	14.7	99	0
853	14.7	99	0
854	14.8	99	0
856	11.5	99	0
857	7.2	99	0
859	13.2	84	15
860	14.8	91	0
861	14.8	99	0
863	14.7	99	0
864	14.7	99	0
866	14.8	99	0
867	14.8	99	0
868	6.9	99	0
870	13.3	90	14
871	14.8	99	11
873	14.8	99	0
874	14.8	99	0
875	14.7	99	0
877	12.4	99	0
878	9.8	95	23
880	14.7	69	37
881	14.8	96	0
882	14.8	99	0
884	14.8	99	0
885	14.8	99	0
887	12.5	99	0
888	10.1	99	0
889	5.5	99	0
891	14.8	87	12
892	14.8	99	0
894	14.8	99	0
895	14.7	99	0
896	14.8	99	0
898	10.0	95	10
899	14.7	92	43
901	14.8	99	0
902	14.8	99	0
903	14.7	99	0
905	14.8	99	0
906	14.0	99	0
908	10.9	99	0
909	5.5	99	0
910	14.8	97	18
912	14.7	99	0
913	14.7	99	0
915	17.5	99	0
916	14.7	99	0
917	14.8	99	0
919	14.7	99	0
920	5.8	99	0
922	5.5	99	0
923	14.8	98	12
924	14.8	99	0
926	14.8	99	0
927	14.7	99	0
929	14.7	99	0
930	12.6	98	0
931	14.8	71	66
933	14.8	99	0
934	14.7	99	0
936	14.8	99	0
937	14.7	99	0
938	14.8	99	0
940	12.8	99	0
941	5.6	99	0
943	14.3	97	15
944	14.8	98	10
945	14.8	99	0
947	14.8	99	0
948	14.8	99	0
950	14.3	99	0
951	10.1	96	0
952	14.7	68	55
954	14.8	99	0
955	14.5	99	0
957	14.9	99	0
958	14.7	99	0
959	13.2	99	0
961	10.0	99	0
962	14.8	94	11
964	14.8	99	0
965	14.8	99	0
966	14.8	99	0
968	14.8	99	0
969	14.9	99	0
971	14.7	99	0
972	5.6	99	0
973	5.5	99	0
975	5.8	98	6
976	14.7	99	0
978	14.8	99	0
979	14.8	99	0
980	14.7	99	0
982	14.8	99	0
983	10.2	99	0
985	9.8	76	42
986	14.8	84	31
987	14.8	99	0
989	14.8	99	0
990	14.7	99	0
992	14.7	99	0
993	10.2	99	0
994	9.5	99	0
996	6.2	99	0
997	14.6	97	23
999	14.7	99	0
1000	14.8	99	0
1001	14.7	99	0
1003	14.7	99	0
1004	10.4	99	0
1006	10.1	99	0
1007	14.7	97	12
1008	14.8	99	0
1010	14.8	99	0
1011	14.7	99	0
1013	14.7	99	0
1014	10.9	99	0
1015	10.1	99	0
1017	5.5	99	0
1018	5.5	98	0
1020	14.8	97	15
1021	14.8	99	0
1023	14.8	99	0
1024	14.6	99	0
1025	14.8	99	0
1027	14.9	99	0
1028	14.4	99	0
1030	4.7	99	0
1031	4.7	99	0
1032	14.3	97	19
1034	14.8	99	0
1035	14.8	99	0
1036	14.8	99	0
1038	14.8	99	0
1039	14.5	99	0
1041	10.2	99	0
1042	5.9	99	0
1044	4.7	99	0
1045	14.8	97	13
1046	14.7	99	0
1048	14.7	99	0
1049	14.8	99	0
1051	14.8	99	0
1052	9.4	99	0
1053	9.3	99	0
1055	4.7	99	0
1056	6.1	98	5
1058	14.7	98	8
1059	14.8	99	0
1060	14.8	99	0
1062	14.7	99	0
1063	14.8	99	0
1065	12.7	99	0
1066	6.9	99	0
1067	8.6	97	15
1069	14.8	98	13
1070	14.8	99	0
1072	14.8	99	0
1073	14.5	99	0
1074	14.8	99	0
1076	9.4	99	0
1077	7.8	99	0
1079	4.5	99	0
1080	7.2	98	11
1081	14.7	99	0
1083	14.9	99	0
1084	14.7	99	0
1086	14.5	99	0
1087	14.8	99	0
1088	14.7	99	0
1090	10.0	99	0
1091	4.0	99	0
1093	3.9	99	0
1094	14.8	98	11
1095	14.8	99	0
1097	14.8	99	0
1098	14.7	99	0
1100	14.8	99	0
1101	10.2	99	0
1102	8.8	80	12
1104	14.7	75	52
1105	14.8	99	0
1107	14.8	99	0
1108	14.7	99	0
1109	14.7	99	0
1111	10.2	99	0
1112	9.3	99	0
1114	4.7	99	0
1115	3.9	99	0
1116	14.7	97	17
1118	14.8	99	0
1119	14.8	99	0
1121	14.6	99	0
1122	14.9	99	0
1123	10.2	99	0
1125	9.3	99	0
1126	14.8	93	17
1128	14.8	99	0
1129	14.9	99	0
1130	14.6	99	0
1132	14.8	99	0
1133	12.8	99	0
1135	9.2	99	0
1136	4.7	99	0
1137	3.9	99	0
1139	14.8	97	14
1140	14.8	99	0
1142	14.7	99	0
1143	14.6	99	0
1144	14.8	99	0
1146	14.8	99	0
1147	14.8	99	0
1149	4.7	99	0
1150	13.7	98	11
1151	14.8	99	0
1153	14.8	99	0
1154	14.8	99	0
1156	14.8	99	0
1157	14.6	99	0
1158	10.1	99	0
1160	5.4	99	4
1161	14.8	99	0
1163	14.8	99	0
1164	14.8	99	0
1165	14.7	99	0
1167	14.7	99	0
1168	9.3	99	0
1170	11.5	99	0
1171	3.9	99	0
1172	4.1	99	0
1174	14.7	98	12
1175	14.9	99	0
1177	14.7	99	0
1178	14.7	99	0
1179	14.8	99	0
1181	9.6	99	0
1182	8.2	83	15
1184	14.8	79	40
1185	14.8	99	0
1186	14.8	99	0
1188	14.8	99	0
1189	14.8	99	0
1191	11.0	99	0
1192	9.3	99	0
1193	4.0	99	0
1195	3.9	99	0
1196	14.8	97	18
1198	14.8	99	0
1199	14.6	99	0
1200	14.7	99	0
1202	14.8	99	0
1203	14.8	99	0
1205	14.8	99	0
1206	5.5	99	0
1207	4.0	99	0
1209	14.8	98	13
1210	14.8	99	0
1212	14.9	99	0
1213	14.8	99	0
1214	14.7	99	0
1216	12.5	99	0
1217	9.6	99	0
1219	4.0	99	0
1220	14.7	98	12
1221	14.8	99	0
1223	14.8	99	0
1224	14.6	99	0
1226	14.8	99	0
1227	10.8	99	0
1228	8.5	99	0
1230	3.1	99	0
1231	3.1	99	0
1233	9.6	97	11
1234	14.8	98	11
1235	14.8	99	0
1237	14.7	99	0
1238	14.8	99	0
1240	14.7	99	0
1241	10.1	99	0
1243	6.1	99	0
1244	14.8	97	13
1245	14.8	99	0
1247	14.8	99	0
1248	14.6	99	0
1249	14.8	99	0
1251	10.2	99	0
1252	8.7	99	0
1254	3.1	99	0
1255	8.3	98	11
1257	14.8	99	0
1258	14.8	99	0
1259	14.7	99	0
1261	14.8	99	0
1262	14.8	99	0
1263	14.7	99	0
1265	8.8	99	0
1266	4.0	99	0
1268	3.2	98	0
1269	14.6	98	12
1271	14.8	99	0
1272	14.8	99	0
1273	14.5	99	0
1275	14.6	99	0
1276	9.3	99	0
1278	9.5	72	47
1279	14.8	89	35
1280	14.8	99	0
1282	14.7	99	0
1283	14.8	99	0
1285	14.8	99	0
1286	9.4	99	0
1287	9.2	99	0
1289	3.2	99	0
1290	3.2	99	0
1292	14.8	97	15
1293	14.8	99	0
1294	14.7	99	0
1296	14.8	99	0
1297	14.8	99	0
1299	9.4	99	0
1300	9.3	99	0
1301	13.3	96	22
1303	14.8	97	11
1304	14.8	99	0
1306	14.7	99	0
1307	14.8	99	0
1308	13.6	99	0
1310	9.3	99	0
1311	4.1	99	0
1313	3.2	99	0
1314	14.7	98	11
1315	14.8	99	0
1317	14.8	99	0
1318	14.7	99	0
1320	15.5	99	0
1321	14.8	99	0
1322	14.7	99	0
1324	5.4	99	0
1325	3.1	99	0
1327	3.2	99	0
1328	14.7	98	11
1329	14.7	99	0
1331	14.8	99	0
1332	14.8	99	0
1334	14.8	99	0
1335	9.4	99	0
1336	9.3	99	0
1338	4.9	98	2
1339	14.8	99	0
1341	14.8	99	0
1342	14.8	99	0
1344	14.6	99	0
1345	14.8	99	0
1346	10.1	99	0
1348	8.6	99	0
1349	3.2	99	0
1351	3.2	99	0
1352	14.7	98	12
1353	14.6	99	0
1355	14.8	99	0
1356	14.8	99	0
1358	14.7	99	0
1359	10.1	99	0
1360	9.8	99	0
1362	4.1	99	0
1363	14.8	98	0
1365	16.5	99	0
1366	14.7	99	0
1367	14.8	99	0
1369	14.7	99	0
1370	9.4	99	0
1372	9.4	99	0
1373	3.2	99	0
1374	3.1	99	0
1376	3.2	99	0
1377	14.7	96	22
1379	14.8	99	0
1380	14.6	99	0
1381	14.8	99	0
1383	14.7	99	0
1384	14.9	99	0
1386	14.8	99	0
1387	3.9	99	0
1388	4.0	99	0
1390	3.1	99	0
1391	14.5	99	4
1393	14.7	99	0
1394	14.8	99	0
1395	14.6	99	0
1397	14.6	99	0
1398	9.4	99	0
1400	8.7	99	0
1401	14.8	98	12
1402	14.6	99	0
1404	14.9	99	0
1405	14.8	99	0
1407	14.6	99	0
1408	9.5	99	0
1409	10.8	99	0
1411	4.4	99	0
1412	3.2	99	0
1414	14.3	97	13
1415	14.8	98	10
1417	14.9	99	0
1418	14.7	99	0
1419	14.8	99	0
1421	13.8	99	0
1422	9.4	99	0
1424	14.5	70	49
1425	14.8	97	9
1426	14.8	99	0
1428	14.6	99	0
1429	14.8	99	0
1431	11.9	99	0
1432	9.3	99	0
1433	3.4	99	0
1435	3.1	99	0
1436	14.7	97	13
1438	14.8	99	0
1439	14.8	99	0
1440	14.7	99	0
1442	14.8	99	0
1443	14.8	99	0
1445	14.7	99	0
1446	3.9	99	0
1447	3.7	99	0
1449	14.4	97	12
1450	14.8	99	0
1452	14.8	99	0
1453	14.7	99	0
1454	14.7	99	0
1456	9.4	99	0
1457	9.4	99	0
1459	13.8	88	47
1460	14.8	96	6
1461	14.8	99	0
1463	14.7	99	0
1464	14.8	99	0
1466	12.2	99	0
1467	9.3	99	0
1468	3.9	99	0
1470	3.2	99	0
1471	3.1	99	0
1473	14.6	97	16
1474	14.9	99	0
1475	14.8	99	0
1477	14.7	99	0
1478	14.7	99	0
1480	10.2	99	0
1481	13.8	66	62
1482	14.8	99	0
1484	14.8	99	0
1485	14.6	99	0
1487	14.7	99	0
1488	14.7	99	0
1489	10.0	99	0
1491	5.5	99	0
1492	14.8	98	10
1494	14.9	99	0
1495	14.8	99	0
1496	14.8	99	0
1498	14.7	99	0
1499	14.9	99	0
1501	14.8	99	0
1502	4.7	98	1
1503	14.5	98	1
1505	14.7	99	0
1506	14.8	99	0
1508	14.8	99	0
1509	14.6	99	0
1510	10.2	99	0
1512	10.2	99	0
1513	14.6	96	10
1515	18.1	99	0
1516	14.9	99	0
1517	14.7	99	0
1519	14.7	99	0
1520	10.1	99	0
1522	9.4	99	0
1523	4.7	99	0
1524	14.5	97	20
1526	14.8	99	0
1527	14.8	99	0
1529	14.8	99	0
1530	14.9	99	0
1531	13.3	99	0
1533	9.4	99	0
1534	14.7	74	39
1536	14.8	99	0
1537	14.7	99	0
1538	14.7	99	0
1540	14.8	99	0
1541	11.9	99	0
1543	9.3	99	0
1544	3.9	99	0
1545	14.8	97	18
1547	14.8	99	0
1548	14.8	99	0
1550	14.8	99	0
1551	14.8	99	0
1552	14.8	99	0
1554	14.7	99	0
1555	4.4	98	0
1557	14.6	98	2
1558	14.8	99	0
1559	14.8	99	0
1561	14.6	99	0
1562	14.9	99	0
1564	9.4	99	0
1565	9.4	73	44
1566	14.8	99	0
1568	14.8	99	0
1569	14.8	99	0
1571	14.5	99	0
1572	14.6	99	0
1573	9.4	99	0
1575	7.2	99	0
1576	14.8	98	6
1578	14.9	99	0
1579	14.6	99	0
1580	14.7	99	0
1582	14.7	99	0
1583	10.2	99	0
1585	8.5	79	28
1586	14.9	74	39
1587	14.8	99	0
1589	14.7	99	0
1590	15.1	99	0
1592	14.8	99	0
1593	9.4	99	0
1594	9.4	99	0
1596	5.3	98	3
1597	14.7	99	0
1599	14.8	99	0
1600	14.7	99	0
1602	14.6	99	0
1603	14.8	99	0
1604	14.8	99	0
1606	9.8	99	0
1607	14.8	98	11
1609	14.8	99	0
1610	14.8	99	0
1611	14.7	99	0
1613	14.8	99	0
1614	12.7	99	0
1616	8.3	83	20
1617	14.7	69	56
1618	14.8	99	0
1620	15.3	99	0
1621	14.7	99	0
1623	14.7	99	0
1624	13.2	99	0
1625	9.3	99	0
1627	4.3	99	0
1628	14.6	98	13
1630	14.7	99	0
1631	14.8	99	0
1632	14.6	99	0
1634	14.7	99	0
1635	9.4	99	0
1636	9.3	99	0
1638	3.9	99	0
1639	14.8	97	17
1641	14.8	99	0
1642	14.8	99	0
1644	14.5	99	0
1645	14.8	99	0
1646	10.2	99	0
1648	9.3	99	0
1649	3.9	99	0
1651	14.8	97	18
1652	14.8	99	0
1653	14.8	99	0
1655	14.6	99	0
1656	14.8	99	0
1658	14.8	99	0
1659	14.7	99	0
1660	4.0	99	0
1662	14.6	98	14
1663	14.8	99	0
1665	16.6	99	0
1666	14.8	99	0
1667	14.8	99	0
1669	9.4	99	0
1670	13.6	65	50
1672	14.7	99	0
1673	14.8	99	0
1674	14.7	99	0
1676	14.7	99	0
1677	14.1	99	0
1679	10.2	99	0
1680	4.5	99	0
1681	14.8	97	19
1683	14.7	99	0
1684	14.7	99	0
1686	14.8	99	0
1687	14.7	99	0
1688	10.9	99	0
1690	8.6	77	32
1691	14.7	75	45
1693	14.7	99	0
1694	14.7	99	0
1695	14.8	99	0
1697	14.8	99	0
1698	12.5	99	0
1700	9.3	99	0
1701	6.0	98	4
1702	14.6	99	0
1704	14.8	99	0
1705	14.8	99	0
1707	14.7	99	0
1708	14.8	99	0
1709	14.8	99	0
1711	9.6	99	0
1712	4.7	98	0
1714	14.6	97	16
1715	14.8	99	0
1716	14.8	99	0
1718	14.7	99	0
1719	14.7	99	0
1721	9.4	99	0
1722	9.1	77	38
1724	14.7	99	0
1725	14.8	99	0
1726	14.8	99	0
1728	14.7	99	0
1729	14.8	99	0
1730	9.4	99	0
1732	9.1	99	0
1733	3.9	99	1
1735	14.7	97	14
1736	14.8	99	0
1738	14.8	99	0
1739	14.6	99	0
1740	14.7	99	0
1742	9.4	99	0
1743	10.4	71	51
1745	14.7	99	0
1746	14.8	99	0
1747	14.8	99	0
1749	14.7	99	0
1750	14.7	99	0
1752	9.4	99	0
1753	8.7	98	6
1754	14.7	99	0
1756	14.9	99	0
1757	14.7	99	0
1759	14.6	99	0
1760	14.7	99	0
1761	14.8	99	0
1763	8.9	99	0
1764	3.9	99	0
1766	14.6	97	15
1767	14.8	99	0
1768	14.8	99	0
1770	14.8	99	0
1771	14.8	99	0
1773	9.3	99	0
1774	8.6	72	49
1775	14.8	98	4
1777	14.8	99	0
1778	14.8	99	0
1780	14.7	99	0
1781	14.8	99	0
1782	10.1	99	0
1784	7.9	99	0
1785	14.7	97	21
1787	14.8	99	0
1788	14.7	99	0
1789	14.6	99	0
1791	14.8	99	0
1792	9.4	99	0
1794	11.6	75	46
1795	14.8	92	17
1796	14.9	99	0
1798	14.8	99	0
1799	14.7	99	0
1801	14.8	99	0
1802	9.8	99	0
1803	5.8	99	0
1805	14.8	97	13
1806	14.7	99	0
1808	14.6	99	0
1809	14.8	99	0
1810	14.8	99	0
1812	14.8	99	0
1813	14.7	99	0
1815	7.8	99	0
1816	3.9	99	0
1817	14.6	97	17
1819	14.7	99	0
1820	14.8	99	0
1822	14.7	99	0
1823	14.8	99	0
1824	9.4	99	0
1826	8.6	70	48
1827	14.8	99	0
1829	14.8	99	0
1830	14.8	99	0
1831	14.7	99	0
1833	14.8	99	0
1834	9.4	99	0
1836	8.9	99	0
1837	14.7	98	13
1838	14.6	99	0
1840	14.7	99	0
1841	14.7	99	0
1843	14.7	99	0
1844	9.4	99	0
1845	9.3	99	0
1847	14.8	76	47
1848	14.9	99	0
1850	14.8	99	0
1851	14.8	99	0
1852	14.7	99	0
1854	10.8	99	0
1855	9.4	99	0
1857	4.0	99	0
1858	3.9	99	0
1859	3.9	99	0
1861	14.8	97	14
1862	14.8	99	0
1864	14.7	99	0
1865	14.7	99	0
1866	14.8	99	0
1868	14.7	99	0
1869	14.7	99	0
1871	3.9	99	0
1872	14.8	98	10
1873	14.8	99	0
1875	14.8	99	0
1876	14.8	99	0
1878	14.8	99	0
1879	11.9	99	0
1880	9.4	99	0
1882	9.3	88	30
1883	14.8	99	0
1885	14.8	99	0
1886	14.7	99	0
1887	14.7	99	0
1889	12.5	99	0
1890	9.4	99	0
1892	7.1	99	0
1893	14.7	98	11
1894	14.7	99	0
1896	14.9	99	0
1897	14.9	99	0
1899	14.6	99	0
1900	9.5	99	0
1901	8.2	81	24
1903	14.8	77	47
1904	14.8	99	0
1906	14.8	99	0
1907	14.6	99	0
1908	14.7	99	0
1910	10.1	99	0
1911	9.3	99	0
1913	5.2	98	5
1914	14.7	98	12
1915	14.8	99	0
1917	14.7	99	0
1918	14.6	99	0
1920	16.0	99	0
1921	14.8	99	0
1922	11.9	99	0
1924	14.8	97	12
1925	14.9	99	0
1927	14.8	99	0
1928	14.8	99	0
1929	14.7	99	0
1931	13.7	99	0
1932	9.3	99	0
1934	14.6	81	38
1935	14.8	95	12
1936	14.8	99	0
1938	14.8	99	0
1939	14.8	99	0
1941	12.6	99	0
1942	9.4	99	0
1943	4.1	99	0
1945	14.7	97	14
1946	14.7	99	0
1948	14.8	99	0
1949	14.7	99	0
1950	14.7	99	0
1952	9.7	99	0
1953	9.4	99	0
1955	14.8	77	45
1956	14.8	99	0
1957	14.9	99	0
1959	14.7	99	0
1960	14.8	99	0
1962	10.1	99	0
1963	9.3	99	0
1964	3.9	99	0
1966	14.8	98	14
1967	14.8	99	0
1969	14.7	99	0
1970	14.7	99	0
1971	14.6	99	0
1973	14.8	99	0
1974	14.8	99	0
1976	4.3	99	0
1977	14.8	98	12
1978	14.8	99	0
1980	14.8	99	0
1981	14.8	99	0
1983	14.8	99	0
1984	11.0	99	0
1985	9.4	99	0
1987	14.8	67	63
1988	14.8	98	5
1990	14.8	99	0
1991	14.8	99	0
1992	14.7	99	0
1994	11.7	99	0
1995	9.4	99	0
1997	3.9	99	0
1998	14.7	97	12
1999	14.7	99	0
2001	14.8	99	0
2002	14.7	99	0
2004	14.7	99	0
2005	9.4	99	0
2006	9.3	96	5
2008	14.8	73	50
2009	14.8	99	0
2011	14.8	99	0
2012	14.6	99	0
2013	14.8	99	0
2015	10.1	99	0
2016	9.3	99	0
2018	14.7	97	14
2019	14.8	98	11
2020	14.7	99	0
2022	14.7	99	0
2023	14.8	99	0
2025	17.5	99	0
2026	14.7	99	0
2027	5.4	99	0
2029	3.9	99	0
2030	14.6	96	85
2032	14.8	99	0
2033	14.8	99	0
2034	14.8	99	0
2036	14.7	99	0
2037	9.3	99	0
2039	9.0	67	56
2040	14.8	89	21
2041	14.8	99	0
2043	14.8	99	0
2044	14.6	99	0
2046	14.7	99	0
2047	10.2	99	0
2048	7.9	99	0
2050	14.9	97	14
2051	14.9	99	0
2053	14.8	99	0
2054	14.8	99	0
2055	14.8	99	0
2057	10.1	99	0
2058	9.4	77	56
2060	14.8	95	12
2061	14.8	99	0
2062	14.8	99	0
2064	14.8	99	0
2065	14.8	99	0
2067	9.4	99	0
2068	9.4	99	0
2069	14.6	97	18
2071	14.8	99	0
2072	14.7	99	0
2074	14.7	99	0
2075	14.8	99	0
2076	14.8	99	0
2078	14.8	99	0
2079	4.7	99	0
2081	14.3	97	15
2082	14.8	97	12
2083	14.8	99	0
2085	14.8	99	0
2086	14.8	99	0
2088	14.6	99	0
2089	8.4	87	4
2090	14.6	80	56
2092	14.8	99	0
2093	14.8	99	0
2095	14.7	99	0
2096	14.7	99	0
2097	13.0	99	0
2099	10.1	99	0
2100	3.9	99	0
2102	14.8	97	16
2103	14.8	99	0
2104	14.7	99	0
2106	14.8	99	0
2107	14.8	99	0
2109	9.3	97	0
2110	14.8	68	61
2111	14.8	99	0
2113	14.9	99	0
2114	14.8	99	0
2116	14.8	99	0
2117	14.7	99	0
2118	9.2	99	0
2120	4.6	99	0
2121	14.8	98	11
2123	14.8	99	0
2124	14.8	99	0
2125	14.8	99	0
2127	14.7	99	0
2128	14.8	99	0
2130	16.8	99	0
2131	4.0	99	0
2132	14.7	97	20
2134	14.8	99	0
2135	14.8	99	0
2137	14.8	99	0
2138	14.8	99	0
2139	13.3	99	0
2141	9.4	99	0
2142	14.8	64	40
2144	14.7	99	0
2145	14.8	99	0
2146	14.8	99	0
2148	14.7	99	0
2149	11.5	99	0
2151	10.1	99	0
2152	3.9	99	0
2153	14.7	97	18
2155	14.7	99	0
2156	14.8	99	0
2158	14.7	99	0
2159	14.8	99	0
2160	10.2	99	0
2162	9.4	81	29
2163	14.8	99	38
2165	14.8	99	0
2166	14.8	99	0
2167	14.7	99	0
2169	14.7	99	0
2170	10.2	99	0
2172	9.4	99	0
2173	14.9	98	11
2174	14.8	99	0
2176	14.7	99	0
2177	14.8	99	0
2179	14.8	99	0
2180	14.9	99	0
2181	14.8	99	0
2183	4.9	99	0
2184	3.9	99	0
2186	14.6	97	15
2187	14.7	99	0
2188	14.8	99	0
2190	14.8	99	0
2191	14.7	99	0
2193	9.4	99	0
2194	11.8	68	53
2195	14.8	99	0
2197	14.7	99	0
2198	14.8	99	0
2200	14.7	99	0
2201	14.8	99	0
2202	9.4	99	0
2204	7.4	92	17
2205	14.7	99	0
2207	14.8	99	0
2208	14.8	99	0
2209	14.6	99	0
2211	14.8	99	0
2212	9.1	81	25
2214	14.6	69	64
2215	14.8	99	0
2216	14.8	99	0
2218	14.8	99	0
2219	14.8	99	0
2221	13.6	99	0
2222	10.1	99	0
2223	4.1	99	0
2225	3.9	99	0
2226	14.8	97	15
2228	14.8	99	0
2229	14.7	99	0
2231	14.8	99	0
2232	14.8	99	0
2233	14.7	99	0
2235	14.8	99	0
2236	5.5	99	0
2238	14.8	97	15
2239	14.7	99	0
2240	14.8	99	0
2242	14.7	99	0
2243	14.7	99	0
2245	9.4	99	0
2246	9.4	99	0
2247	4.8	98	8
2249	14.7	97	13
2250	14.8	99	0
2252	14.9	99	0
2253	14.8	99	0
2254	14.8	99	0
2256	9.3	99	0
2257	7.8	99	0
2259	14.8	97	15
2260	14.7	98	12
2261	14.9	99	0
2263	14.8	99	0
2264	14.8	99	0
2266	11.9	99	0
2267	9.6	99	1
2269	14.8	74	55
2270	14.8	99	0
2271	14.8	99	0
2273	14.8	99	0
2274	14.8	99	0
2276	11.4	99	0
2277	9.4	99	0
2278	3.9	99	7
2280	14.8	97	16
2281	14.9	99	0
2283	14.8	99	0
2284	14.7	99	0
2285	14.6	99	0
2287	14.8	99	0
2288	13.2	99	0
2290	3.9	99	0
2291	14.8	98	12
2292	14.6	99	0
2294	14.9	99	0
2295	14.8	99	0
2297	14.7	99	0
2298	10.1	99	0
2299	9.4	63	52
2301	14.8	94	15
2302	14.8	99	0
2304	14.8	99	0
2305	14.7	99	0
2306	14.8	99	0
2308	9.4	99	0
2309	8.0	99	0
2311	3.2	99	0
2312	14.6	98	12
2313	14.7	99	0
2315	14.8	99	0
2316	14.7	99	0
2318	14.6	99	0
2319	10.1	99	0
2320	8.8	72	35
2322	14.8	84	27
2323	14.8	99	0
2325	15.9	99	0
2326	14.7	99	0
2327	14.8	99	0
2329	11.0	99	0
2330	9.3	99	0
2332	14.8	97	13
2333	14.8	98	11
2334	14.6	99	0
2336	14.7	99	0
2337	14.7	99	0
2339	14.8	99	0
2340	14.7	99	0
2341	5.5	99	0
2343	14.7	97	13
2344	14.7	99	0
2346	14.8	99	0
2347	14.7	99	0
2348	14.6	99	0
2350	9.6	99	0
2351	9.4	99	0
2353	14.7	78	48
2354	14.8	99	2
2355	14.8	99	0
2357	14.8	99	0
2358	14.7	99	0
2360	9.4	99	0
2361	9.4	99	0
2362	4.7	99	0
2364	14.7	97	14
2365	14.8	99	0
2367	14.8	99	0
2368	14.6	99	0
2369	14.8	99	0
2371	9.3	99	0
2372	10.3	76	41
2374	15.0	98	3
2375	14.8	99	0
2377	14.7	99	0
2378	14.7	99	0
2379	14.8	99	0
2381	10.1	99	0
2382	5.8	99	0
2384	14.9	97	15
2385	14.9	99	0
2386	14.8	99	0
2388	14.7	99	0
2389	14.8	99	0
2391	14.7	99	0
2392	14.8	99	0
2393	3.9	99	0
2395	14.6	97	13
2396	14.7	99	0
2398	14.8	99	0
2399	14.8	99	0
2400	14.8	99	0
2402	10.2	99	0
2403	8.5	55	41
2405	14.7	98	11
2406	14.8	99	0
2407	14.8	99	0
2409	14.7	99	0
2410	14.7	99	0
2412	10.2	99	0
2413	7.9	99	0
2414	14.6	97	18
2416	14.8	99	0
2417	14.8	99	0
2419	14.6	99	0
2420	14.7	99	0
2421	9.4	99	0
2423	9.3	99	0
2424	14.7	84	25
2426	14.8	99	0
2427	14.8	99	0
2429	14.6	99	0
2430	14.8	99	0
2431	9.5	99	0
2433	9.2	99	0
2434	4.6	98	5
2436	14.5	98	7
2437	14.8	99	0
2438	14.8	99	0
2440	14.7	99	0
2441	14.8	99	0
2443	14.8	99	0
2444	10.3	99	0
2445	4.0	98	5
2447	14.6	97	14
2448	14.7	99	0
2450	14.8	99	0
2451	14.5	99	0
2452	14.7	99	0
2454	9.4	99	0
2455	9.1	65	49
2457	14.7	97	9
2458	14.8	99	0
2459	14.8	99	0
2461	14.7	99	0
2462	14.7	99	0
2464	9.4	99	0
2465	7.4	99	0
2466	14.6	97	18
2468	14.6	99	0
2469	14.8	99	0
2471	14.7	99	0
2472	14.7	99	0
2473	10.1	99	0
2475	9.2	99	0
2476	4.1	98	6
2478	14.7	97	14
2479	14.8	99	0
2480	14.8	99	0
2482	14.7	99	0
2483	14.7	99	0
2485	9.3	99	0
2486	9.2	99	0
2487	3.9	99	0
2489	14.8	97	14
2490	14.8	99	0
2492	14.7	99	0
2493	14.7	99	0
2494	14.8	99	0
2496	14.9	99	0
2497	14.7	99	0
2499	4.3	99	0
2500	14.8	98	11
2502	14.8	99	0
2503	14.8	99	0
2504	14.8	99	0
2506	14.8	99	0
2507	9.5	98	2
2509	14.8	64	57
2510	14.8	99	0
2511	14.7	99	0
2513	14.9	99	0
2514	14.7	99	0
2516	14.7	99	0
2517	10.2	99	0
2518	5.6	98	0
2520	14.8	95	21
2521	14.9	99	0
2523	14.9	99	0
2524	14.8	99	0
2525	14.7	99	0
2527	9.3	99	0
2528	8.9	99	0
2530	14.8	93	27
2531	14.8	99	0
2532	14.8	99	0
2534	14.7	99	0
2535	14.8	99	0
2536	10.2	99	0
2538	9.3	99	0
2539	4.0	99	0
2541	14.7	97	17
2542	14.8	99	0
2544	14.8	99	0
2545	14.7	99	0
2546	14.8	99	0
2548	14.8	99	0
2549	14.7	99	0
2551	4.7	99	0
2552	14.8	92	27
2553	14.8	99	0
2555	14.8	99	0
2556	14.7	99	0
2558	14.8	99	0
2559	9.4	99	0
2560	9.4	68	48
2562	14.7	85	33
2563	14.8	99	0
2565	17.0	99	0
2566	14.8	99	0
2567	14.8	99	0
2569	9.8	99	0
2570	9.4	99	0
2572	3.9	99	0
2573	3.9	99	0
2574	14.8	97	15
2576	14.8	99	0
2577	14.8	99	0
2579	14.8	99	0
2580	14.8	99	0
2581	9.3	99	0
2583	9.3	71	57
2584	14.7	99	0
2586	14.8	99	0
2587	14.9	99	0
2588	14.8	99	0
2590	14.8	99	0
2591	10.2	99	0
2593	8.2	99	0
2594	14.7	97	12
2595	14.9	99	0
2597	14.7	99	0
2598	14.8	99	0
2600	14.8	99	0
2601	14.7	99	0
2602	14.6	99	0
2604	4.7	99	0
2605	14.8	96	17
2607	14.8	99	0
2608	14.8	99	0
2609	14.8	99	0
2611	14.8	99	0
2612	10.1	99	0
2614	12.0	65	57
2615	14.8	93	19
2616	14.8	99	0
2618	14.8	99	0
2619	14.7	99	0
2621	14.7	99	0
2622	9.4	99	0
2623	5.8	99	0
2625	14.8	97	14
2626	14.8	99	0
2628	14.8	99	0
2629	14.8	99	0
2630	14.5	99	0
2632	12.7	99	0
2633	9.0	92	7
2635	14.8	65	57
2636	14.7	99	0
2637	14.8	99	0
2639	14.8	99	0
2640	14.7	99	0
2642	11.0	99	0
2643	9.3	99	0
2644	4.7	98	0
2646	14.7	97	13
2647	14.8	99	0
2649	14.8	99	0
2650	14.8	99	0
2651	14.7	99	0
2653	14.8	99	0
2654	14.4	99	0
2656	4.7	99	6
2657	14.6	98	12
2658	14.8	99	0
2660	14.7	99	0
2661	14.4	99	0
2663	14.8	99	0
2664	8.0	89	14
2665	14.6	77	26
2667	15.0	99	0
2668	14.6	99	0
2670	18.2	99	0
2671	14.8	99	0
2672	13.7	99	0
2674	9.3	99	0
2675	5.7	97	13
2677	14.7	97	14
2678	14.7	99	0
2680	14.8	99	0
2681	14.6	99	0
2682	14.8	99	0
2684	10.2	99	0
2685	11.5	81	33
2686	14.8	99	0
2688	14.8	99	0
2689	14.7	99	0
2691	14.7	99	0
2692	14.7	99	0
2693	9.4	99	0
2695	5.9	99	0
2696	14.8	96	18
2698	14.8	99	0
2699	14.7	99	0
2700	14.8	99	0
2702	14.8	99	0
2703	14.8	99	0
2705	14.7	99	0
2706	5.1	99	0
2707	3.9	99	0
2709	14.8	98	13
2710	14.8	99	0
2712	14.7	99	0
2713	14.7	99	0
2714	14.7	99	0
2716	9.4	99	0
2717	9.4	99	0
2719	14.5	97	17
2720	14.7	99	0
2721	14.8	99	0
2723	14.7	99	0
2724	14.8	99	0
2726	9.4	99	0
2727	9.4	99	0
2728	3.9	99	0
2730	14.7	98	13
2731	14.7	99	0
2733	14.8	99	0
2734	14.9	99	0
2736	14.7	99	0
2737	10.4	99	0
2738	9.5	99	0
2740	3.9	99	0
2741	14.8	97	13
2743	14.7	99	0
2744	14.8	99	0
2745	14.7	99	0
2747	14.8	99	0
2748	11.6	99	0
2749	9.3	99	0
2751	4.6	99	0
2752	14.7	97	19
2754	14.8	99	0
2755	14.8	99	0
2757	14.7	99	0
2758	14.8	99	0
2759	14.7	99	0
2761	14.8	99	0
2762	4.7	99	0
2764	14.6	96	18
2765	14.8	99	0
2766	14.8	99	0
2768	14.8	99	0
2769	14.8	99	0
2770	10.1	99	0
2772	8.4	91	12
2773	14.5	87	34
2775	16.6	99	0
2776	14.8	99	0
2777	14.7	99	0
2779	14.7	99	0
2780	10.3	99	0
2782	9.3	99	0
2783	4.7	99	0
2784	14.8	97	17
2786	14.7	99	0
2787	14.8	99	0
2789	14.8	99	0
2790	14.7	99	0
2791	10.0	99	0
2793	9.6	72	40
2794	14.7	98	4
2796	14.9	99	0
2797	14.8	99	0
2799	14.8	99	0
2800	14.7	99	0
2801	11.2	99	0
2803	9.3	99	0
2804	3.7	99	2
2806	14.8	97	13
2807	14.8	99	0
2808	14.8	99	0
2810	14.7	99	0
2811	14.8	99	0
2813	14.8	99	0
2814	14.5	99	0
2815	3.9	99	0
2817	14.6	97	13
2818	14.8	99	0
2820	16.9	99	0
2821	14.8	99	0
2822	14.6	99	0
2824	9.4	99	0
2825	13.0	56	43
2827	14.7	99	0
2828	14.8	99	0
2829	14.7	99	0
2831	14.7	99	0
2832	14.8	99	0
2834	9.4	99	0
2835	5.1	99	0
2836	14.8	98	2
2838	14.8	99	0
2839	14.8	99	0
2841	14.9	99	0
2842	14.8	99	0
2843	9.3	99	0
2845	9.1	99	0
2846	14.7	98	10
2848	14.8	99	0
2849	14.9	99	0
2850	14.6	99	0
2852	14.8	99	0
2853	9.9	99	0
2855	9.2	99	0
2856	4.2	98	0
2857	14.7	99	0
2859	14.8	99	0
2860	15.0	99	0
2862	14.6	99	0
2863	14.8	99	0
2864	14.8	99	0
2866	12.2	99	0
2867	8.9	97	9
2869	14.8	98	2
2870	14.8	99	0
2871	14.7	99	0
2873	14.8	99	0
2874	14.7	99	0
2876	9.4	99	0
2877	14.8	69	54
2878	14.8	99	0
2880	14.8	99	0
2881	14.7	99	0
2883	14.8	99	0
2884	14.0	99	0
2885	9.4	99	0
2887	4.5	99	0
2888	14.8	98	11
2890	14.8	99	0
2891	14.7	99	0
2892	14.8	99	0
2894	14.8	99	0
2895	9.4	99	0
2896	8.7	65	43
2898	14.8	85	40
2899	14.8	99	0
2901	14.7	99	0
2902	14.8	99	0
2903	14.8	99	0
2905	10.1	99	0
2906	9.3	99	0
2908	11.0	97	16
2909	14.8	97	12
2910	14.8	99	0
2912	14.7	99	0
2913	14.7	99	0
2915	14.8	99	0
2916	14.7	99	0
2917	7.3	99	0
2919	4.6	99	8
2920	14.6	99	0
2922	14.8	99	0
2923	14.9	99	0
2924	16.8	99	0
2926	14.7	99	0
2927	9.3	99	0
2929	7.9	99	0
2930	7.2	98	9
2931	14.8	99	0
2933	14.9	99	0
2934	14.9	99	0
2936	14.6	99	0
2937	14.7	99	0
2938	9.4	99	0
2940	7.2	99	0
2941	14.6	97	18
2943	14.8	99	0
2944	14.8	99	0
2945	14.8	99	0
2947	14.8	99	0
2948	14.3	99	0
2950	9.3	99	0
2951	6.1	98	4
2952	14.8	98	0
2954	14.9	99	0
2955	14.8	99	0
2957	14.7	99	0
2958	14.8	99	0
2959	9.4	99	0
2961	7.3	99	0
2962	3.9	99	0
2964	14.6	97	13
2965	14.9	99	0
2966	14.8	99	0
2968	14.7	99	0
2969	14.8	99	0
2971	14.9	99	0
2972	14.7	99	0
2973	3.9	99	0
2975	14.8	97	13
2976	14.6	99	0
2978	14.8	99	0
2979	14.8	99	0
2980	14.7	99	0
2982	9.4	99	0
2983	9.2	69	41
2985	15.7	86	37
2986	14.8	99	0
2987	14.7	99	0
2989	14.8	99	0
2990	14.7	99	0
2992	10.2	99	0
2993	9.4	99	0
2994	13.0	97	17
2996	14.8	97	12
2997	14.8	99	0
2999	14.7	99	0
3000	14.8	99	0
3001	14.8	99	0
3003	9.4	99	0
3004	13.6	71	51
3006	14.8	99	0
3007	14.8	99	0
3008	14.7	99	0
3010	14.6	99	0
3011	14.1	99	0
3013	9.3	99	0
3014	5.1	99	0
3015	14.8	97	19
3017	14.8	99	0
3018	14.7	99	0
3020	14.7	99	0
3021	14.7	99	0
3022	14.8	99	0
3024	14.8	99	0
3025	14.3	96	21
3027	14.8	99	0
