Time(s)	CPU(%) GPU(%) LGPU(%)
0	0.2	0	0
2	0.1	0	0
3	0.4	0	0
5	0.1	0	0
6	0.0	0	0
8	0.1	0	0
9	0.0	0	0
11	0.0	0	0
12	0.0	0	0
14	0.1	0	0
15	0.1	0	0
16	0.0	0	0
18	0.0	0	0
19	0.1	0	0
21	0.0	0	0
22	0.1	0	0
24	0.0	0	0
25	0.1	0	0
27	0.0	0	0
28	0.1	0	0
30	3.6	0	0
31	0.0	0	0
33	0.0	0	0
34	0.0	0	0
36	0.1	0	0
37	0.0	0	0
39	0.0	0	0
40	0.0	0	0
42	0.0	0	0
43	0.0	0	0
44	0.0	0	0
46	0.1	0	0
47	0.0	0	0
49	0.1	0	0
50	0.0	0	0
52	0.0	0	0
53	0.0	0	0
55	0.0	0	0
56	0.0	0	0
58	0.0	0	0
59	0.0	0	0
61	0.0	0	0
62	0.1	0	0
64	0.0	0	0
65	0.1	0	0
67	0.1	0	0
68	0.0	0	0
70	0.0	0	0
71	0.0	0	0
73	0.0	0	0
74	0.0	0	0
76	0.0	0	0
77	0.0	0	0
78	0.1	0	0
80	0.0	0	0
81	0.0	0	0
83	0.0	0	0
84	0.0	0	0
86	0.1	0	0
87	0.0	0	0
89	0.0	0	0
90	0.1	0	0
92	0.0	0	0
93	0.0	0	0
95	0.0	0	0
96	0.0	0	0
98	0.0	0	0
99	0.1	0	0
101	0.0	0	0
102	0.0	0	0
104	0.0	0	0
105	0.1	0	0
107	0.0	0	0
108	0.0	0	0
109	0.0	0	0
111	0.0	0	0
112	0.1	0	0
114	0.0	0	0
115	0.1	0	0
117	0.0	0	0
118	0.0	0	0
120	0.0	0	0
121	0.1	0	0
123	0.1	0	0
124	0.0	0	0
126	0.0	0	0
127	0.0	0	0
129	0.0	0	0
130	0.1	0	0
132	8.2	0	0
133	3.5	0	0
135	4.0	0	0
136	8.4	0	0
137	4.8	0	0
139	7.4	0	0
140	7.2	0	0
142	0.0	0	0
143	0.0	0	0
145	0.0	0	0
146	0.1	0	0
148	0.0	0	0
149	0.0	0	0
150	0.0	0	0
152	0.0	0	0
153	0.1	0	0
155	0.1	0	0
156	0.0	0	0
158	0.0	0	0
159	0.0	0	0
161	0.0	0	0
162	0.0	0	0
163	0.0	0	0
165	0.1	0	0
166	0.0	0	0
168	0.0	0	0
169	0.0	0	0
171	0.0	0	0
172	0.0	0	0
173	0.0	0	0
175	0.0	0	0
176	0.0	0	0
178	0.1	0	0
179	2.3	0	0
181	0.0	0	0
183	0.0	0	0
184	2.5	21	20
186	1.8	6	5
187	3.1	0	0
189	3.2	0	0
190	3.1	0	0
191	3.2	0	0
193	3.1	0	0
194	3.1	0	0
196	3.1	0	0
197	3.2	0	0
198	3.1	0	0
200	3.2	0	0
201	3.2	0	0
203	3.1	0	0
204	3.1	0	0
206	3.1	0	0
207	3.1	0	0
208	3.1	0	0
210	7.7	0	0
211	3.1	0	0
213	3.1	0	0
214	3.1	0	0
215	3.2	0	0
217	3.1	0	0
218	3.2	0	0
220	3.2	0	0
221	3.0	0	0
222	3.2	0	0
224	3.1	0	0
225	3.2	0	0
227	3.1	0	0
228	3.1	0	0
229	3.1	0	0
231	3.2	0	0
232	3.2	0	0
234	3.1	0	0
235	3.1	0	0
236	3.1	0	0
238	3.1	0	0
239	3.2	0	0
241	3.2	0	0
242	3.2	0	0
243	3.2	0	0
245	3.2	0	0
246	3.2	0	0
248	3.2	0	0
249	3.2	0	0
250	3.1	0	0
252	3.2	0	0
253	3.1	0	0
255	5.9	0	0
256	3.1	0	0
257	2.9	2	0
259	9.9	55	3
260	12.2	0	0
262	12.4	0	0
263	12.4	0	0
265	12.3	0	0
266	13.3	16	0
267	14.2	73	46
269	12.5	34	14
270	12.3	0	0
272	12.4	0	0
273	12.4	0	0
274	12.4	0	0
276	14.0	24	0
277	14.3	81	37
279	12.4	6	0
280	12.3	0	0
281	12.4	0	0
283	13.9	16	0
284	14.9	65	40
286	12.4	29	8
287	12.4	0	0
289	12.3	0	0
290	12.5	0	0
291	12.5	0	0
293	13.9	28	0
294	13.9	75	27
296	14.9	93	20
297	12.4	24	16
298	12.6	0	0
300	16.2	0	0
301	12.5	0	0
303	14.0	42	0
304	14.6	60	35
305	14.8	97	0
307	12.5	78	19
308	12.4	0	0
310	13.9	37	0
311	13.6	65	25
312	14.8	99	1
314	14.7	99	0
315	12.8	75	23
317	12.4	0	0
318	12.5	0	0
319	14.0	49	0
321	13.4	61	34
322	14.8	99	0
324	14.8	99	0
325	14.5	99	0
326	13.1	53	49
328	13.5	51	20
329	14.8	91	24
331	14.6	99	0
332	14.8	99	0
333	15.0	99	9
335	12.4	25	13
336	14.0	51	0
338	14.6	63	31
339	14.8	84	17
341	14.8	99	0
342	14.7	99	0
343	14.7	99	0
345	14.4	40	7
346	14.0	32	0
348	14.0	74	45
349	14.7	93	2
350	14.8	99	0
352	14.8	99	0
353	14.8	99	0
355	13.8	85	27
356	14.8	74	30
357	14.9	99	0
359	14.8	99	0
360	14.8	99	0
362	14.8	99	0
363	14.0	61	52
364	14.8	75	29
366	14.8	91	24
367	14.8	99	0
369	14.7	99	0
370	14.8	99	0
371	14.7	99	0
373	14.9	93	22
374	14.7	79	47
376	14.7	96	6
377	14.7	99	0
378	14.8	99	0
380	14.7	99	0
381	13.9	77	44
383	14.8	78	26
384	14.8	99	0
385	14.7	99	0
387	14.8	99	0
388	14.8	99	0
390	14.8	99	0
391	13.8	71	45
392	14.8	79	45
394	14.7	99	0
395	14.8	99	0
397	14.7	99	0
398	14.7	99	0
399	14.8	99	0
401	14.7	96	13
402	14.1	63	50
404	14.7	99	0
405	14.7	99	0
406	14.7	99	0
408	14.6	99	0
409	13.4	71	54
411	14.3	65	36
412	14.8	84	15
413	14.8	99	0
415	14.7	99	0
416	14.8	99	0
418	14.7	99	0
419	14.8	99	0
421	14.9	63	38
422	15.0	90	20
423	14.8	99	0
425	14.7	99	0
426	14.6	99	0
427	13.7	77	45
429	14.9	62	43
430	14.8	99	0
432	14.7	99	0
433	14.8	99	0
434	14.7	99	0
436	14.8	99	0
437	14.7	99	0
439	13.2	68	52
440	14.8	59	43
441	14.7	99	0
443	14.8	99	0
444	14.8	99	0
446	14.8	99	0
447	14.7	99	0
449	14.7	99	2
450	14.1	68	51
451	14.6	92	0
453	14.8	99	0
454	14.8	99	0
456	14.8	99	0
457	14.1	85	36
458	14.7	78	41
460	14.6	99	0
461	14.7	99	0
463	14.8	99	0
464	14.8	99	0
465	14.8	99	0
467	14.9	96	10
468	14.5	68	55
469	14.8	94	0
471	14.8	99	0
472	14.7	99	0
474	14.7	99	0
475	14.8	93	22
477	14.8	52	31
478	14.8	99	0
479	14.8	99	0
481	14.8	93	3
482	14.8	95	0
484	14.8	99	0
485	14.6	99	0
486	14.7	73	30
488	14.7	86	13
489	14.8	99	0
491	14.7	99	0
492	14.7	99	0
493	14.7	99	0
495	17.9	99	0
496	13.5	81	23
498	14.8	75	37
499	14.8	99	0
500	14.8	99	0
502	14.6	92	3
503	14.7	99	0
505	13.9	62	41
506	14.7	72	25
507	14.8	99	0
509	14.7	99	0
510	14.8	99	0
512	14.8	99	0
513	14.6	94	3
514	14.8	92	23
516	13.4	57	27
517	14.8	89	0
519	14.8	99	0
520	14.8	99	0
521	14.9	99	0
523	14.0	82	35
524	14.7	70	39
526	14.8	99	0
527	14.8	99	0
528	14.6	99	0
530	14.7	99	0
531	14.8	99	0
533	14.7	99	0
534	14.7	99	0
535	14.8	71	32
537	14.8	84	20
538	14.9	99	0
540	17.6	99	0
541	14.8	99	0
542	14.8	99	0
544	15.1	99	0
545	14.8	99	0
547	14.2	69	51
548	14.8	72	29
549	14.8	99	0
551	14.8	99	0
552	14.7	99	0
554	14.7	99	0
555	14.9	99	1
556	14.6	62	26
558	14.8	80	16
559	14.8	99	0
561	14.8	99	0
562	14.7	99	0
563	14.7	99	0
565	14.8	99	0
566	14.7	99	0
568	14.0	62	58
569	14.8	68	34
570	14.9	99	0
572	14.8	99	0
573	14.8	99	0
575	14.9	99	0
576	14.0	75	59
578	14.6	69	36
579	14.8	99	0
580	14.8	99	0
582	14.7	99	0
583	14.8	99	0
585	14.7	99	0
586	14.8	99	0
587	15.0	97	14
589	13.8	68	41
590	14.8	99	0
592	14.8	99	0
593	14.8	99	0
594	14.8	99	0
596	14.7	99	0
597	14.8	99	0
599	14.8	99	0
600	14.2	85	37
601	14.8	86	20
603	14.8	99	0
604	14.7	99	0
606	14.7	99	0
607	14.8	99	0
608	14.8	99	0
610	13.1	70	41
611	14.8	92	11
613	14.9	99	0
614	14.8	99	0
616	14.7	99	0
617	14.7	99	0
618	14.7	99	0
620	14.8	99	0
621	14.7	99	0
623	14.0	68	42
624	14.7	62	43
625	14.7	99	0
627	14.8	99	0
628	14.7	99	0
630	14.7	99	0
631	14.9	95	19
632	13.6	58	44
634	14.7	89	6
635	14.8	99	0
637	14.8	99	0
638	14.6	99	0
639	14.7	99	0
641	14.9	99	0
642	14.9	88	32
644	13.7	67	28
645	14.8	88	14
646	14.7	99	0
648	14.8	99	0
649	14.8	99	0
651	14.8	99	0
652	14.8	99	0
653	14.7	84	54
655	14.8	69	57
656	14.8	99	0
658	14.8	99	0
659	14.7	99	0
660	14.6	99	0
662	15.0	92	26
663	13.2	58	20
665	14.7	82	0
666	14.7	99	0
667	14.8	99	0
669	15.1	99	0
670	14.5	99	0
672	14.7	99	0
673	14.8	99	10
675	14.8	80	35
676	14.8	80	21
677	14.7	99	0
679	14.8	99	0
680	14.8	99	0
682	14.7	99	0
683	14.0	75	44
684	14.8	80	28
686	14.8	99	0
687	14.7	99	0
689	14.7	99	0
690	14.8	99	0
691	14.8	99	0
693	14.8	99	0
694	14.7	93	27
696	14.2	61	23
697	14.7	71	15
698	14.8	99	0
700	14.7	99	0
701	14.8	99	0
703	14.7	99	0
704	14.8	99	0
705	14.9	95	5
707	14.9	77	50
708	14.8	96	0
710	14.7	99	0
711	14.8	99	0
712	14.7	99	0
714	14.7	99	0
715	14.7	74	49
717	14.8	69	23
718	14.7	97	0
719	14.6	99	0
721	14.8	99	0
722	14.8	99	0
724	14.8	99	0
725	14.7	99	0
726	14.9	87	34
728	13.6	83	32
729	14.8	99	0
731	14.7	99	0
732	14.7	99	0
733	14.8	99	0
735	14.7	99	0
736	13.2	80	32
738	14.8	60	44
739	14.8	97	0
741	14.7	99	0
742	14.7	99	0
743	14.7	99	0
745	14.7	99	0
746	14.8	99	0
748	14.8	99	0
749	13.9	65	62
750	14.1	60	40
752	14.7	93	0
753	14.8	99	0
755	14.8	99	0
756	14.8	99	0
757	14.8	99	0
759	14.7	99	0
760	14.0	79	7
762	14.8	78	21
763	14.8	99	0
764	14.8	99	0
766	14.8	99	0
767	14.8	99	0
769	14.8	69	26
770	14.8	69	33
771	14.8	99	0
773	14.8	99	0
774	14.7	99	0
776	14.7	99	0
777	14.8	99	0
778	14.7	99	0
780	14.3	92	20
781	14.8	73	39
783	15.1	99	0
784	14.7	99	0
785	14.8	99	0
787	14.8	99	0
788	14.8	99	0
790	13.2	54	48
791	14.8	56	37
793	14.8	99	0
794	14.8	99	0
795	14.8	99	0
797	14.8	99	0
798	14.7	99	0
800	14.7	99	0
801	13.7	52	38
802	14.8	87	12
804	14.7	99	0
805	14.7	99	0
807	14.8	99	0
808	14.8	99	0
809	14.8	99	0
811	14.9	99	0
812	14.3	90	29
814	14.4	63	46
815	14.8	94	0
816	14.8	99	0
818	14.7	99	0
819	14.8	99	0
821	15.1	97	13
822	14.0	52	36
823	14.8	99	0
825	14.8	99	0
826	14.7	99	0
828	14.8	99	0
829	14.8	99	0
830	14.7	99	0
832	14.1	71	44
833	14.7	72	2
835	14.8	99	0
836	14.8	99	0
837	14.8	99	0
839	14.7	99	0
840	14.2	85	32
842	14.8	87	0
843	14.8	71	30
844	14.7	99	0
846	14.8	99	0
847	14.7	99	0
849	14.7	99	0
850	14.8	99	0
851	13.2	72	44
853	13.9	53	18
854	14.7	98	0
856	14.7	99	0
857	14.8	99	0
858	14.8	99	0
860	14.7	99	0
861	14.8	99	0
863	14.8	99	0
864	14.9	73	45
865	14.8	83	0
867	14.7	99	0
868	14.8	99	0
870	19.1	99	0
871	14.1	91	14
872	14.8	59	15
874	14.8	98	10
875	14.8	99	0
877	14.7	99	0
878	14.7	99	0
879	14.8	99	0
881	14.7	99	0
882	14.8	99	0
884	13.2	77	37
885	14.0	56	41
887	14.8	99	0
888	14.7	99	0
889	14.7	99	0
891	15.2	97	6
892	14.6	77	37
894	14.8	80	0
895	14.8	99	0
896	14.8	99	0
898	14.7	99	0
899	14.8	99	0
901	14.8	99	0
902	14.9	98	4
903	14.1	62	22
905	14.8	94	0
906	14.8	99	0
908	14.7	99	0
909	14.7	99	0
910	14.8	99	0
912	14.8	99	0
913	13.9	75	33
915	14.8	62	31
916	14.8	94	0
917	14.8	99	0
919	14.7	99	0
920	14.8	99	0
922	13.3	47	30
923	14.8	66	47
924	14.8	99	0
926	14.7	99	0
927	14.8	99	0
929	14.8	99	0
930	14.7	99	0
931	13.1	99	0
933	14.0	70	42
934	14.8	72	0
936	14.7	99	0
937	14.8	99	0
938	14.7	99	0
940	14.8	99	0
941	14.5	88	18
943	14.2	58	34
944	14.8	91	0
946	14.8	99	0
947	14.8	99	0
948	14.7	99	0
950	14.8	99	0
951	14.8	99	0
953	12.4	99	0
954	14.8	58	40
955	14.7	94	12
957	14.8	99	0
958	14.8	99	0
960	17.0	99	0
961	12.4	99	0
962	12.4	99	0
964	12.5	99	0
965	13.5	63	45
967	14.5	57	50
968	14.8	91	0
970	14.8	99	0
971	14.7	99	0
972	14.8	99	0
974	14.1	98	4
975	14.0	79	39
977	14.8	98	0
978	14.8	99	0
979	14.7	99	0
981	14.8	99	0
982	10.9	99	0
984	10.0	99	0
985	8.6	99	0
986	13.2	67	47
988	14.8	72	24
989	14.8	99	0
991	14.7	99	0
992	14.7	99	0
993	14.8	99	0
995	14.7	99	0
996	13.9	60	53
998	14.8	70	44
999	14.7	99	0
1001	14.8	99	0
1002	14.7	99	0
1003	14.0	99	0
1005	16.9	99	0
1006	8.6	99	0
1008	7.8	99	0
1009	11.7	73	35
1010	14.7	78	34
1012	14.8	99	0
1013	14.8	99	0
1015	14.7	99	0
1016	9.4	99	0
1017	9.3	99	0
1019	8.6	99	0
1020	6.2	99	0
1022	11.2	58	49
1023	14.8	64	40
1024	14.8	99	0
1026	14.8	99	0
1027	14.7	99	0
1029	13.9	99	0
1030	10.9	99	0
1031	5.4	99	0
1033	13.9	70	47
1034	14.8	84	13
1036	14.8	99	0
1037	14.8	99	0
1038	14.9	99	0
1040	9.3	99	0
1041	9.3	99	0
1043	5.5	99	0
1044	4.7	99	0
1045	13.2	64	35
1047	14.8	91	0
1048	14.8	99	0
1050	14.8	99	0
1051	14.7	99	0
1052	14.6	99	0
1054	14.9	99	0
1055	7.3	94	17
1057	14.7	67	41
1058	14.9	96	0
1059	14.8	99	0
1061	14.7	99	0
1062	14.8	99	0
1064	10.4	99	0
1065	6.8	99	0
1066	4.7	99	0
1068	7.3	98	15
1069	14.6	88	21
1071	14.8	99	0
1072	14.9	99	0
1073	14.8	99	0
1075	14.8	99	0
1076	9.4	99	0
1078	8.5	99	0
1079	4.7	99	0
1081	4.7	99	0
1082	14.8	79	41
1083	14.8	99	0
1085	14.8	99	0
1086	14.8	99	0
1088	14.8	99	0
1089	11.5	99	0
1090	10.6	94	15
1092	14.8	72	47
1093	14.8	99	0
1095	14.6	99	0
1096	14.7	99	0
1097	14.8	99	0
1099	9.4	99	0
1100	8.4	99	0
1102	4.7	99	0
1103	8.9	93	15
1104	14.8	77	27
1106	14.8	99	0
1107	14.5	99	0
1109	14.8	99	0
1110	14.8	99	0
1111	13.2	82	38
1113	14.6	58	28
1114	14.8	99	0
1116	14.8	99	0
1117	14.8	99	0
1118	14.8	99	0
1120	14.5	99	0
1121	10.2	99	0
1123	6.1	98	7
1124	12.4	92	22
1125	14.8	92	0
1127	14.8	99	0
1128	14.6	99	0
1130	14.7	99	0
1131	9.3	99	0
1133	8.0	99	0
1134	6.4	99	0
1135	14.7	83	18
1137	14.8	99	0
1138	14.6	99	0
1140	14.6	99	0
1141	14.8	99	0
1142	10.8	99	0
1144	11.6	91	27
1145	14.8	99	0
1147	14.8	99	0
1148	14.7	99	0
1149	14.7	99	0
1151	14.8	99	0
1152	9.3	99	0
1154	7.7	99	0
1155	4.7	99	0
1156	12.5	91	33
1158	14.7	92	23
1159	14.7	99	0
1161	14.7	99	0
1162	14.8	99	0
1163	14.2	91	21
1165	13.4	63	41
1166	14.7	99	0
1168	14.7	99	0
1169	14.8	99	0
1171	14.7	99	0
1172	14.7	99	0
1173	12.4	99	0
1175	8.7	99	0
1176	11.4	95	32
1178	14.7	81	48
1179	14.8	99	0
1180	14.7	99	0
1182	14.8	99	0
1183	13.9	99	0
1185	9.4	99	0
1186	7.2	99	0
1187	4.7	99	0
1189	8.8	97	12
1190	14.8	99	0
1192	14.8	99	0
1193	14.7	99	0
1194	14.7	99	0
1196	14.8	99	0
1197	9.8	71	47
1199	14.8	84	47
1200	14.8	99	0
1201	14.7	99	0
1203	14.7	99	0
1204	14.8	99	0
1206	13.0	99	0
1207	9.5	83	33
1208	14.7	89	20
1210	14.8	99	0
1211	14.8	99	0
1213	14.8	99	0
1214	14.8	99	0
1215	13.4	74	34
1217	14.6	64	41
1218	14.7	99	0
1220	14.8	99	0
1221	14.8	99	0
1223	14.6	99	0
1224	14.0	99	0
1225	10.9	74	46
1227	14.7	84	56
1228	14.8	99	0
1230	14.8	99	0
1231	14.8	99	0
1232	14.8	99	0
1234	10.7	99	0
1235	9.4	99	0
1237	14.8	80	56
1238	14.7	96	9
1239	14.7	99	0
1241	14.7	99	0
1242	14.8	99	0
1244	11.6	86	24
1245	14.8	74	59
1246	14.7	99	0
1248	14.7	99	0
1249	14.8	99	0
1251	14.8	99	0
1252	14.8	99	0
1254	9.3	99	1
1255	12.5	91	50
1257	14.8	96	10
1258	14.5	99	0
1259	14.8	99	0
1261	14.8	99	0
1262	14.8	83	41
1264	14.2	60	35
1265	14.7	91	0
1266	14.7	99	0
1268	14.8	99	0
1269	14.7	99	0
1271	14.7	99	0
1272	12.4	89	26
1273	14.7	84	49
1275	17.3	99	0
1276	14.7	99	0
1278	14.9	99	0
1279	14.8	99	0
1280	14.8	99	0
1282	9.5	94	12
1283	12.8	88	9
1285	14.7	96	12
1286	14.6	99	0
1287	14.7	99	0
1289	14.8	99	0
1290	12.6	80	42
1292	14.8	89	29
1293	14.8	99	1
1294	14.7	99	0
1296	14.8	99	0
1297	14.8	99	0
1299	14.5	99	0
1300	12.3	80	43
1301	14.7	84	45
1303	14.7	99	0
1304	14.7	99	0
1306	14.7	99	0
1307	14.7	96	12
1308	14.2	72	40
1310	13.1	73	15
1311	14.7	99	0
1313	14.8	99	0
1314	14.8	99	0
1316	14.7	99	0
1317	14.8	99	0
1318	13.2	70	45
1320	14.4	99	0
1321	12.4	99	0
1322	12.5	99	0
1324	14.8	88	32
1325	14.8	99	0
1327	10.7	99	0
1328	14.8	76	48
1330	14.8	99	0
1331	14.7	83	51
1332	14.8	99	0
1334	14.7	99	0
1335	13.1	87	50
1337	14.8	87	19
1338	14.8	99	0
1339	14.7	99	0
1341	14.8	80	43
1342	14.7	97	0
1344	14.6	99	0
1345	9.0	95	13
1346	14.8	91	26
1348	14.8	97	0
1349	14.7	99	0
1351	14.8	99	0
1352	14.8	99	0
1353	13.2	68	33
1355	14.9	88	3
1356	14.7	99	0
1358	14.8	99	0
1359	14.8	77	38
1360	14.8	99	0
1362	14.7	99	0
1363	12.3	93	9
1365	16.6	75	64
1366	14.7	99	5
1367	13.2	99	0
1369	14.3	96	12
1370	14.7	99	0
1372	13.4	99	0
1373	8.6	99	1
1374	14.7	81	37
1376	14.8	99	0
1377	14.6	96	12
1379	14.6	99	0
1380	14.6	99	0
1382	12.5	76	49
1383	14.7	85	34
1384	14.7	99	0
1386	13.5	99	0
1387	14.8	88	38
1389	14.8	99	0
1390	14.7	99	0
1391	8.6	99	6
1393	14.7	79	53
1394	14.8	88	23
1396	14.7	99	0
1397	14.7	99	0
1398	15.0	99	0
1400	14.9	77	52
1401	14.6	93	0
1403	14.8	99	0
1404	13.2	86	12
1405	14.7	99	0
1407	14.7	99	0
1408	14.7	99	0
1410	15.0	99	0
1411	14.0	79	52
1413	14.8	99	0
1414	13.3	99	0
1415	14.7	99	3
1417	14.7	99	0
1418	14.3	99	0
1420	8.6	99	0
1421	7.5	77	33
1422	14.7	87	41
1424	14.8	99	0
1425	14.8	99	0
1427	14.5	99	0
1428	14.7	99	0
1429	14.1	68	31
1431	14.7	99	0
1432	14.7	86	47
1434	14.7	99	0
1435	14.7	99	0
1436	14.7	99	0
1438	12.5	99	0
1439	14.3	85	74
1441	14.7	69	51
1442	14.8	98	0
1443	14.6	99	0
1445	14.8	99	0
1446	14.8	95	8
1448	14.7	65	43
1449	14.8	99	0
1450	14.8	91	0
1452	14.7	99	0
1453	14.8	99	0
1455	15.5	99	0
1456	12.9	99	0
1457	14.8	70	49
1459	13.2	99	0
1460	14.8	95	0
1462	14.8	99	0
1463	14.8	99	0
1464	14.7	99	0
1466	9.0	99	0
1467	14.8	84	45
1469	14.7	81	16
1470	14.7	99	0
1471	14.8	99	0
1473	14.7	99	0
1474	12.1	72	51
1476	14.9	92	16
1477	14.8	92	16
1478	14.8	99	0
1480	14.8	99	0
1481	14.7	99	0
1483	14.7	99	0
1484	12.6	88	24
1486	14.8	75	30
1487	14.7	99	0
1488	14.7	99	0
1490	14.7	99	0
1491	14.8	99	0
1493	13.2	64	30
1494	14.7	87	3
1495	14.0	86	21
1497	14.8	86	1
1498	14.8	99	0
1500	14.7	99	0
1501	13.9	99	0
1502	11.7	71	51
1504	13.2	91	10
1505	12.4	99	0
1507	14.8	88	32
1508	14.8	99	0
1509	14.8	99	0
1511	10.6	99	0
1512	13.0	89	44
1514	13.9	89	12
1515	14.8	85	16
1516	14.6	99	0
1518	14.7	99	0
1519	14.8	98	0
1521	14.9	75	58
1522	14.7	99	0
1523	12.3	99	0
1525	14.8	95	17
1526	14.8	99	0
1528	14.8	99	0
1529	11.2	99	0
1530	14.7	91	13
1532	14.8	75	40
1533	14.7	99	0
1535	14.7	99	0
1536	14.8	99	0
1537	14.1	74	51
1539	14.8	76	26
1540	14.7	99	0
1542	14.1	80	28
1543	14.9	90	5
1544	14.7	99	0
1546	14.8	99	0
1547	12.4	91	11
1549	14.7	71	47
1550	14.8	99	0
1551	14.8	91	29
1553	14.8	99	0
1554	14.7	99	0
1556	14.5	99	0
1557	8.6	99	0
1558	14.9	76	56
1560	14.6	88	12
1561	14.8	99	0
1563	14.6	99	0
1564	14.7	99	0
1565	11.7	73	50
1567	14.6	85	30
1568	13.4	99	0
1570	14.7	91	29
1571	14.7	99	0
1572	14.8	99	0
1574	14.8	99	0
1575	11.0	78	53
1577	14.1	84	25
1578	14.8	90	13
1579	14.8	99	0
1581	14.7	99	0
1582	14.8	99	0
1584	14.3	62	36
1585	14.6	86	7
1587	14.8	99	0
1588	14.8	69	49
1589	14.9	99	0
1591	14.8	99	0
1592	14.5	99	0
1594	11.8	75	43
1595	14.7	87	24
1596	12.4	99	0
1598	14.7	94	20
1599	14.8	99	0
1601	14.8	99	0
1602	10.8	99	0
1603	10.2	94	20
1605	16.6	91	32
1606	14.8	94	0
1608	14.7	99	0
1609	14.7	99	0
1610	14.7	99	0
1612	14.7	71	56
1613	14.6	99	0
1615	14.4	99	0
1616	14.8	83	46
1617	14.8	99	0
1619	14.8	99	0
1620	14.1	99	0
1622	14.8	74	57
1623	14.9	98	4
1624	14.7	88	0
1626	14.7	99	0
1627	14.8	99	0
1629	14.9	99	5
1630	14.8	66	42
1631	14.7	99	0
1633	14.8	99	0
1634	14.8	66	31
1636	14.9	99	0
1637	14.7	99	0
1638	12.8	99	0
1640	12.8	77	57
1641	14.6	99	0
1643	12.5	99	0
1644	14.7	85	42
1645	14.8	99	0
1647	14.8	99	0
1648	8.5	99	0
1650	14.2	88	31
1651	14.8	67	60
1653	14.7	99	0
1654	14.9	99	0
1655	14.6	99	0
1657	14.8	99	0
1658	14.4	74	59
1660	14.6	99	0
1661	12.5	99	1
1662	14.8	99	0
1664	14.8	99	0
1665	14.8	99	0
1667	12.9	99	0
1668	13.8	87	30
1669	14.8	71	41
1671	14.7	99	0
1672	14.6	99	0
1674	14.7	99	0
1675	14.8	99	0
1676	13.8	74	30
1678	14.7	84	8
1679	13.7	70	34
1681	14.8	99	0
1682	14.8	99	0
1683	14.8	99	0
1685	14.5	99	0
1686	13.9	79	53
1688	14.3	99	0
1689	12.4	98	0
1690	14.7	99	0
1692	14.8	99	0
1693	14.7	99	0
1695	12.5	99	0
1696	14.7	82	35
1697	14.8	72	40
1699	14.8	99	0
1700	14.7	99	0
1702	14.8	99	0
1703	14.9	99	4
1704	14.7	75	46
1706	14.7	99	0
1707	12.5	98	11
1709	14.8	97	11
1710	14.7	99	0
1711	14.8	99	0
1713	9.7	99	0
1714	14.3	93	35
1716	14.8	99	0
1717	14.7	86	29
1718	14.6	99	0
1720	14.8	99	0
1721	14.8	99	0
1723	13.0	66	40
1724	14.7	81	19
1725	14.8	99	0
1727	14.8	72	47
1728	14.8	99	0
1730	14.7	99	0
1731	14.5	99	0
1732	12.5	74	48
1734	13.6	87	39
1735	12.4	99	0
1737	14.7	88	40
1738	14.8	99	0
1740	14.7	99	0
1741	9.2	99	0
1742	14.9	83	41
1744	14.0	92	15
1745	14.8	99	0
1747	14.8	99	0
1748	14.7	99	0
1749	14.9	98	7
1751	14.8	75	56
1752	14.7	99	0
1754	12.5	99	0
1755	14.8	89	25
1756	14.8	99	0
1758	14.8	99	0
1759	10.3	99	0
1761	14.8	75	51
1762	14.8	75	50
1763	14.7	99	0
1765	14.7	99	0
1766	14.8	99	0
1768	14.8	99	0
1769	13.1	68	55
1770	14.8	99	0
1772	13.7	86	9
1773	14.6	90	0
1775	14.7	99	0
1776	14.7	99	0
1777	13.8	99	0
1779	12.2	86	30
1780	14.8	88	0
1782	14.2	93	13
1783	14.7	95	16
1784	14.8	99	0
1786	14.8	99	0
1787	10.2	99	0
1789	9.3	99	0
1790	14.3	77	59
1791	14.7	96	0
1793	14.7	99	0
1794	14.7	99	0
1796	14.8	99	0
1797	12.1	81	31
1798	13.9	97	10
1800	14.7	84	45
1801	14.8	99	0
1803	14.7	99	0
1804	14.8	99	0
1805	14.8	99	0
1807	13.0	93	26
1808	14.8	78	43
1810	14.7	99	0
1811	14.8	99	0
1812	14.7	99	0
1814	14.8	99	0
1815	14.8	79	42
1817	14.5	84	3
1818	14.8	81	31
1819	14.7	99	0
1821	14.8	99	0
1822	14.8	99	0
1824	14.7	99	0
1825	11.6	80	31
1826	13.2	99	4
1828	14.7	88	38
1829	14.8	99	0
1831	14.8	99	0
1832	14.7	99	0
1834	11.8	99	0
1835	10.3	94	16
1836	14.7	70	43
1838	14.8	99	0
1839	14.8	99	0
1841	14.8	99	0
1842	14.7	99	0
1843	12.1	78	47
1845	17.2	87	29
1846	14.7	85	32
1848	14.8	99	0
1849	14.7	99	0
1850	14.8	99	0
1852	13.2	99	0
1853	9.7	89	37
1855	14.3	74	39
1856	14.8	90	4
1857	14.8	99	0
1859	14.6	99	0
1860	14.8	99	0
1862	13.6	71	42
1863	14.5	87	16
1864	15.0	96	0
1866	14.8	99	0
1867	14.7	99	0
1869	14.8	99	0
1870	14.8	99	0
1871	12.2	74	42
1873	13.8	81	39
1874	14.7	99	0
1876	14.7	99	0
1877	14.8	99	0
1879	14.7	99	0
1880	10.1	99	0
1881	14.7	75	57
1883	14.7	83	26
1884	14.7	99	0
1886	14.8	99	0
1887	14.7	99	0
1889	13.7	89	22
1890	14.7	69	60
1891	14.6	99	0
1893	14.7	99	0
1894	14.7	99	0
1896	14.8	99	0
1897	14.7	99	0
1898	9.5	99	6
1900	13.3	75	55
1901	14.8	99	0
1903	14.7	99	0
1904	14.7	99	0
1905	14.8	99	0
1907	14.7	75	44
1908	14.2	63	50
1910	14.8	99	0
1911	14.7	99	0
1912	14.9	99	0
1914	14.8	99	0
1915	14.8	99	0
1917	12.6	81	38
1918	14.7	75	65
1919	14.8	99	0
1921	14.8	99	0
1922	14.7	99	0
1924	14.8	99	0
1925	14.7	99	0
1926	9.6	86	21
1928	14.8	80	49
1929	14.8	99	0
1931	14.7	99	0
1932	14.7	99	0
1933	14.8	99	0
1935	11.3	86	29
1936	12.8	86	26
1938	14.7	99	3
1939	14.8	99	0
1941	14.7	99	0
1942	14.7	99	0
1943	14.4	99	0
1945	10.2	87	32
1946	13.7	84	48
1948	14.8	93	24
1949	14.7	99	0
1950	14.7	99	0
1952	14.8	99	0
1953	14.8	68	37
1955	14.8	73	52
1956	14.8	98	0
1957	14.7	99	0
1959	14.8	99	0
1960	14.7	99	0
1962	14.8	99	0
1963	14.8	68	61
1964	14.6	80	44
1966	14.7	99	0
1967	14.7	99	0
1969	14.6	99	0
1970	14.7	99	0
1971	13.3	99	0
1973	14.8	76	56
1974	14.7	96	0
1976	14.8	99	0
1977	14.8	99	0
1978	14.7	99	0
1980	15.1	87	19
1981	13.3	96	5
1983	14.7	97	12
1984	14.7	99	0
1985	14.8	99	0
1987	14.7	99	0
1988	14.7	99	0
1990	9.5	93	11
1991	14.6	83	42
1992	14.7	96	0
1994	14.8	99	0
1995	14.9	99	0
1997	14.8	99	0
1998	14.4	82	29
1999	14.7	80	7
2001	14.6	78	31
2002	14.8	99	0
2004	14.9	99	0
2005	14.8	99	0
2006	14.7	99	0
2008	12.1	81	31
2009	12.5	98	9
2011	14.7	99	0
2012	14.8	99	0
2013	14.8	99	0
2015	14.5	99	0
2016	14.6	99	0
2018	9.4	85	26
2019	14.3	74	60
2020	14.8	99	0
2022	14.7	99	0
2023	14.7	99	0
2025	17.3	99	0
2026	14.8	70	61
2027	14.7	87	36
2029	14.8	99	0
2030	14.8	99	0
2032	14.7	99	0
2033	14.8	99	0
2034	13.9	99	0
2036	14.7	71	63
2037	14.7	99	0
2039	14.8	99	0
2040	14.8	99	0
2041	14.8	99	0
2043	14.0	87	21
2044	14.8	70	22
2046	14.7	77	24
2047	15.0	99	0
2048	14.8	99	0
2050	14.8	99	0
2051	14.7	99	0
2053	12.9	99	8
2054	12.9	74	64
2055	14.8	86	45
2057	14.6	99	0
2058	14.8	99	0
2060	14.8	99	0
2061	14.7	99	0
2062	9.4	99	0
2064	8.7	85	39
2065	14.6	87	32
2067	14.8	99	0
2068	14.8	99	0
2069	14.6	99	0
2071	14.9	99	0
2072	12.7	77	55
2074	14.7	92	24
2075	14.7	99	0
2077	14.8	99	0
2078	14.8	99	0
2079	14.8	99	0
2081	11.7	99	0
2082	14.1	68	58
2084	14.7	88	36
2085	14.7	99	0
2086	14.6	99	0
2088	14.8	99	0
2089	14.5	94	11
2091	14.6	68	44
2092	14.7	72	33
2094	14.8	99	0
2095	14.8	99	0
2096	14.8	99	0
2098	14.7	99	0
2099	14.2	99	0
2101	12.0	69	51
2102	14.8	78	53
2103	14.7	99	0
2105	14.7	99	0
2106	15.1	99	0
2108	14.8	99	0
2109	9.4	99	0
2110	9.5	74	50
2112	14.7	83	51
2113	14.8	99	0
2115	20.2	99	0
2116	14.7	99	0
2118	14.8	95	8
2119	12.8	73	62
2120	14.7	97	10
2122	14.7	99	0
2123	14.7	99	0
2125	14.8	99	0
2126	14.7	99	0
2127	11.6	99	0
2129	14.7	80	43
2130	14.8	99	0
2132	14.7	99	0
2133	14.8	99	0
2134	14.7	99	0
2136	14.6	84	30
2137	14.7	86	7
2139	14.6	84	13
2140	14.9	99	0
2141	14.7	99	0
2143	14.8	99	0
2144	14.7	99	0
2146	12.3	97	13
2147	12.4	70	57
2148	14.7	96	13
2150	14.8	99	0
2151	14.8	99	0
2153	14.8	99	0
2154	14.4	99	0
2156	9.3	99	5
2157	14.7	70	62
2158	14.7	99	0
2160	17.1	99	0
2161	14.7	99	0
2163	14.7	99	0
2164	12.0	83	30
2165	12.9	92	27
2167	15.0	95	13
2168	14.7	99	0
2170	14.8	99	0
2171	14.8	99	0
2172	14.7	99	0
2174	9.4	95	13
2175	13.1	95	22
2177	14.8	93	21
2178	14.8	99	0
2179	14.6	99	0
2181	14.8	99	0
2182	14.8	74	40
2184	14.7	66	50
2185	14.8	95	0
2186	14.8	99	0
2188	14.7	99	0
2189	14.8	99	0
2191	14.8	99	0
2192	11.6	88	19
2194	12.3	87	45
2195	14.7	90	31
2196	14.8	99	0
2198	14.7	99	0
2199	14.7	99	0
2201	14.5	99	0
2202	9.4	99	0
2203	14.8	76	50
2205	17.0	98	6
2206	14.8	99	0
2208	14.6	99	0
2209	14.7	99	0
2210	12.4	74	50
2212	14.6	82	62
2213	14.8	99	0
2215	14.9	99	0
2216	14.7	99	0
2217	14.8	99	0
2219	14.8	99	0
2220	9.3	99	0
2222	12.5	84	46
2223	14.8	88	36
2224	14.8	99	0
2226	14.9	99	0
2227	14.8	99	0
2229	14.0	91	23
2230	14.6	65	48
2231	14.7	86	0
2233	14.8	99	0
2234	14.7	99	0
2236	14.8	99	0
2237	14.8	99	0
2238	12.5	99	0
2240	9.7	69	53
2241	12.5	96	0
2243	14.7	97	7
2244	14.8	99	0
2245	14.8	99	0
2247	14.7	99	0
2248	9.4	99	0
2250	13.2	75	45
2251	14.7	83	36
2252	14.8	99	0
2254	14.8	99	0
2255	14.7	99	0
2257	14.8	99	0
2258	14.9	75	62
2259	14.6	83	50
2261	14.8	99	0
2262	14.8	99	0
2264	14.8	99	0
2265	14.8	99	0
2266	13.3	99	0
2268	8.5	85	34
2269	14.8	87	36
2271	14.8	99	0
2272	14.8	99	0
2273	14.7	99	0
2275	14.7	99	0
2276	13.8	67	19
2278	14.6	73	36
2279	14.8	99	0
2280	14.8	99	0
2282	14.7	99	0
2283	14.8	99	0
2285	14.7	99	0
2286	11.0	79	38
2288	14.7	84	49
2289	14.8	99	0
2290	14.9	99	0
2292	14.6	99	0
2293	14.7	99	0
2295	12.9	99	0
2296	9.4	96	13
2297	14.8	88	37
2299	14.8	99	0
2300	14.8	99	0
2302	14.8	99	0
2303	14.8	99	0
2304	11.9	76	54
2306	14.3	80	39
2307	14.7	99	0
2309	14.8	99	0
2310	14.7	99	0
2311	14.7	99	0
2313	14.7	99	0
2314	9.4	99	0
2316	12.5	80	45
2317	14.7	88	34
2318	14.8	99	0
2320	14.7	99	0
2321	14.7	99	0
2323	13.9	87	17
2324	13.2	63	50
2325	14.7	99	0
2327	14.7	99	0
2328	14.8	99	0
2330	14.8	99	0
2331	14.7	99	0
2332	12.5	99	0
2334	12.4	68	57
2335	14.8	97	8
2337	14.8	99	0
2338	14.6	99	0
2339	14.8	99	0
2341	14.8	99	0
2342	9.3	99	0
2344	11.7	82	42
2345	14.7	79	58
2346	14.8	99	0
2348	14.7	99	0
2349	14.7	99	0
2351	14.8	99	0
2352	12.3	75	61
2353	14.8	94	17
2355	14.8	99	0
2356	14.6	99	0
2358	14.7	99	0
2359	14.8	99	0
2360	11.7	99	0
2362	8.0	94	13
2363	14.7	91	27
2365	14.8	99	0
2366	14.8	99	0
2367	14.6	99	0
2369	14.8	99	0
2370	14.8	81	5
2372	14.4	82	30
2373	12.4	84	25
2375	14.7	99	0
2376	14.8	99	0
2377	14.7	99	0
2379	14.9	99	0
2380	12.2	96	5
2382	7.3	79	0
2383	7.0	99	0
2384	14.4	89	37
2386	14.8	98	2
2387	14.8	99	0
2389	13.2	99	0
2390	12.4	99	0
2391	11.7	75	4
2393	11.6	99	0
2394	7.0	99	0
2396	7.0	99	0
2397	13.9	91	27
2398	14.7	99	0
2400	14.8	81	2
2401	14.8	99	0
2403	14.6	99	0
2404	12.5	99	0
2405	10.1	99	0
2407	8.6	97	11
2408	12.6	85	42
2410	14.0	77	2
2411	14.8	88	0
2412	14.8	99	0
2414	14.8	99	0
2415	11.7	99	0
2417	11.0	99	0
2418	7.0	99	0
2420	4.7	99	0
2421	14.7	92	26
2422	14.8	99	0
2424	14.7	99	0
2425	14.8	99	0
2427	14.7	99	0
2428	14.7	99	0
2429	14.8	99	0
2431	13.9	90	30
2432	14.8	99	0
2434	14.8	99	0
2435	14.7	99	0
2436	14.7	99	0
2438	11.2	99	0
2439	7.8	99	0
2441	4.7	99	0
2442	4.7	99	0
2443	11.2	88	41
2445	16.0	81	8
2446	14.8	99	0
2448	14.7	99	0
2449	14.6	99	0
2450	11.7	99	0
2452	11.7	99	0
2453	7.8	99	0
2455	14.6	91	32
2456	14.8	96	10
2457	14.8	99	0
2459	14.8	99	0
2460	14.8	99	0
2462	11.1	99	0
2463	7.7	99	0
2464	12.2	59	45
2466	14.8	84	0
2467	14.7	99	0
2469	14.7	99	0
2470	14.7	99	0
2471	11.7	99	0
2473	11.6	99	0
2474	6.1	99	0
2476	4.7	99	0
2477	13.7	86	25
2478	14.6	99	0
2480	14.7	99	0
2481	14.8	99	0
2483	14.8	99	0
2484	14.8	99	0
2486	14.8	99	0
2487	12.2	84	42
2488	14.8	97	0
2490	16.8	99	0
2491	14.7	99	0
2493	14.8	99	0
2494	12.5	99	0
2495	7.8	99	0
2497	4.6	99	0
2498	4.7	99	0
2500	13.9	61	35
2501	14.8	95	0
2502	14.7	99	0
2504	14.7	99	0
2505	14.7	99	0
2507	11.7	99	0
2508	11.6	99	0
2509	5.3	99	1
2511	14.7	91	34
2512	14.8	99	0
2514	14.8	99	0
2515	14.6	99	0
2516	14.8	99	0
2518	7.8	99	0
2519	14.4	82	47
2521	14.8	99	0
2522	14.8	99	0
2523	14.6	99	0
2525	14.7	99	0
2526	14.8	99	0
2528	11.6	99	0
2529	10.5	92	18
2530	14.7	98	0
2532	14.7	99	0
2533	14.7	99	0
2535	17.7	99	0
2536	14.8	99	0
2537	13.6	77	39
2539	14.7	58	43
2540	14.7	99	0
2542	14.8	99	0
2543	14.8	99	0
2544	14.8	99	0
2546	14.6	99	0
2547	7.8	99	0
2549	11.7	79	49
2550	14.8	93	22
2551	14.9	99	0
2553	14.8	99	0
2554	14.8	99	0
2556	12.1	99	0
2557	11.7	99	0
2558	6.0	99	0
2560	14.7	92	33
2561	14.8	99	0
2563	14.8	99	0
2564	14.8	99	0
2566	14.8	99	0
2567	10.1	99	0
2568	10.1	76	50
2570	14.8	96	19
2571	14.8	99	0
2573	14.8	99	0
2574	14.6	99	0
2575	14.8	99	0
2577	11.6	99	0
2578	8.3	99	0
2580	15.0	83	56
2581	14.9	95	11
2582	14.8	99	0
2584	14.5	99	0
2585	14.8	99	0
2587	14.8	99	5
2588	14.7	73	42
2589	14.7	68	46
2591	14.7	99	0
2592	14.8	99	0
2594	14.8	99	0
2595	14.8	99	0
2596	10.6	99	0
2598	7.2	90	22
2599	14.7	93	17
2601	14.7	99	0
2602	14.7	99	0
2603	14.7	99	0
2605	14.8	99	0
2606	11.8	99	0
2608	11.1	99	0
2609	14.8	97	12
2610	14.7	99	0
2612	14.9	99	0
2613	14.8	99	0
2615	14.8	99	0
2616	11.9	99	0
2617	7.8	99	5
2619	15.0	82	44
2620	14.8	99	0
2622	14.8	99	0
2623	14.8	99	0
2624	14.8	99	0
2626	11.7	99	0
2627	11.6	99	0
2629	5.6	98	12
2630	14.7	90	8
2632	14.8	99	0
2633	14.7	99	0
2634	14.7	99	0
2636	14.8	99	0
2637	14.7	99	0
2639	14.6	72	49
2640	14.7	82	56
2641	14.8	99	0
2643	14.8	99	0
2644	14.8	99	0
2646	14.2	99	0
2647	7.8	99	0
2648	4.9	99	0
2650	14.6	97	14
2651	14.7	99	0
2653	14.8	99	0
2654	14.7	99	0
2655	14.7	99	0
2657	11.7	99	0
2658	11.6	99	0
2660	4.7	99	0
2661	14.8	87	39
2662	14.9	99	0
2664	14.8	99	0
2665	14.9	99	0
2667	14.8	99	0
2668	9.9	99	0
2669	14.5	81	43
2671	14.7	97	5
2672	14.8	99	0
2674	14.7	99	0
2675	14.8	99	0
2676	14.8	99	0
2678	11.6	99	0
2679	4.6	99	0
2681	14.0	92	35
2682	14.8	93	16
2684	14.8	99	0
2685	14.7	99	0
2686	14.8	99	0
2688	14.8	99	0
2689	14.0	90	12
2691	14.0	70	43
2692	14.7	95	9
2693	14.8	99	0
2695	14.7	99	0
2696	14.8	99	0
2698	11.8	99	0
2699	7.8	99	0
2700	12.7	89	39
2702	14.7	97	4
2703	14.8	99	0
2705	14.8	99	0
2706	14.5	99	0
2707	11.7	99	0
2709	11.7	99	0
2710	6.3	99	0
2712	8.9	94	21
2713	15.0	92	24
2714	14.8	99	0
2716	14.7	99	0
2717	14.9	99	0
2719	14.8	99	0
2720	7.8	99	0
2721	14.8	77	68
2723	14.8	99	0
2724	14.4	99	0
2726	14.7	99	0
2727	14.8	99	0
2729	12.4	99	0
2730	11.7	99	0
2731	4.7	99	0
2733	14.5	91	30
2734	14.8	99	0
2736	14.9	99	0
2737	14.7	99	0
2738	14.8	99	0
2740	14.8	99	0
2741	14.7	70	39
2743	14.6	84	47
2744	14.8	99	0
2745	14.8	99	0
2747	14.7	99	0
2748	14.8	99	0
2750	7.8	99	0
2751	6.8	99	0
2752	14.8	97	18
2754	14.7	98	0
2755	14.8	99	0
2757	14.7	99	0
2758	14.8	99	0
2759	12.3	99	0
2761	11.6	99	0
2762	4.0	99	0
2764	14.8	97	14
2765	14.8	99	0
2766	14.7	99	0
2768	14.7	99	0
2769	14.8	99	0
2771	7.0	99	0
2772	9.3	85	75
2774	14.7	98	0
2775	14.8	99	0
2776	14.8	99	0
2778	14.7	99	0
2779	14.8	99	0
2781	11.6	99	0
2782	6.9	99	0
2783	14.6	96	19
2785	14.8	99	0
2786	14.8	99	0
2788	14.6	99	0
2789	14.7	99	0
2790	14.8	99	0
2792	14.3	70	48
2793	14.7	88	15
2795	14.8	99	0
2796	14.8	99	0
2797	14.8	99	0
2799	14.8	99	0
2800	7.0	99	0
2802	7.0	99	1
2803	14.8	87	30
2805	14.8	99	0
2806	14.7	99	0
2807	14.7	99	0
2809	14.7	99	0
2810	11.7	99	0
2812	11.6	99	0
2813	4.8	98	6
2814	14.7	99	0
2816	14.9	99	0
2817	14.8	99	0
2819	14.7	99	0
2820	14.8	99	0
2821	6.5	83	37
2823	14.8	90	16
2824	14.8	99	0
2826	14.9	99	0
2827	14.7	99	0
2828	14.8	99	0
2830	14.7	99	0
2831	9.6	99	0
2833	14.8	96	13
2834	14.8	98	8
2835	14.8	99	0
2837	14.7	99	0
2838	14.8	99	0
2840	14.8	99	0
2841	14.8	98	1
2842	14.8	69	46
2844	14.8	99	0
2845	14.8	99	0
2847	14.8	99	0
2848	14.6	99	0
2849	8.7	99	0
2851	7.0	99	0
2852	14.8	90	33
2854	14.8	99	0
2855	14.8	99	0
2857	14.8	99	0
2858	14.8	99	0
2859	12.3	99	0
2861	11.7	99	0
2862	3.9	99	0
2864	14.7	97	15
2865	14.8	99	0
2866	14.8	99	0
2868	14.7	99	0
2869	14.8	99	0
2871	7.0	99	0
2872	14.9	79	31
2873	14.8	99	0
2875	14.8	99	0
2876	14.8	99	0
2878	14.8	99	0
2879	14.8	99	0
2880	11.6	99	0
2882	4.0	99	0
2883	14.8	98	0
2885	14.9	99	0
2886	14.8	99	0
2887	14.7	99	0
2889	14.7	99	0
2890	14.8	99	0
2892	14.1	52	34
2893	14.7	85	0
2894	14.7	99	0
2896	14.8	99	0
2897	14.8	99	0
2899	14.7	99	0
2900	7.1	99	0
2901	6.4	85	28
2903	14.8	88	28
2904	14.8	99	0
2906	14.8	99	0
2907	14.6	99	0
2909	13.3	99	0
2910	11.7	99	0
2911	9.5	99	0
2913	14.8	97	14
2914	14.7	98	0
2916	14.8	99	0
2917	14.8	99	0
2918	14.8	99	0
2920	10.7	99	0
2921	6.4	91	22
2923	14.8	84	26
2924	14.8	99	0
2925	14.7	99	0
2927	14.8	99	0
2928	14.8	99	0
2930	12.4	99	0
2931	11.7	99	0
2932	4.1	98	1
2934	14.6	97	14
2935	14.8	99	0
2937	14.8	99	0
2938	14.6	99	0
2939	14.8	99	0
2941	14.7	99	0
2942	14.2	68	37
2944	14.6	93	10
2945	14.8	99	0
2946	14.9	99	0
2948	14.6	99	0
2949	14.6	99	0
2951	7.0	99	0
2952	4.7	99	0
2954	14.7	96	16
2955	14.8	99	0
2956	14.7	99	0
2958	14.8	99	0
2959	14.7	99	0
2961	11.7	99	0
2962	11.7	99	0
2963	3.9	99	0
2965	14.7	97	14
2966	14.8	99	0
2968	14.7	99	0
2969	14.7	99	0
2970	14.8	99	0
2972	7.1	99	0
2973	14.8	87	21
2975	14.8	99	0
2976	14.8	99	0
2977	14.7	99	0
2979	14.7	99	0
2980	14.8	99	0
2982	11.7	99	0
2983	4.0	99	0
2984	14.6	98	2
2986	14.8	99	0
2987	14.8	99	0
2989	14.7	99	0
2990	14.7	99	0
2991	14.8	99	0
2993	14.4	63	52
2994	14.7	98	3
2996	14.7	99	0
2997	14.7	99	0
2998	14.7	99	0
3000	14.6	99	0
3001	7.0	99	0
3003	5.2	99	0
3004	12.5	98	9
3005	12.3	99	0
3007	14.9	99	3
3008	14.7	99	0
3010	14.8	99	0
3011	11.6	99	0
3012	11.7	99	0
3014	6.2	99	0
3015	14.7	84	27
3017	14.7	99	2
3018	14.7	99	0
3019	14.7	99	0
3021	14.6	99	0
3022	9.6	92	10
3024	12.4	73	41
3025	12.5	99	0
3027	12.5	99	0
3028	12.6	99	3
3029	14.8	99	0
3031	14.7	99	0
3032	11.6	99	0
3034	10.4	84	28
3035	14.8	90	16
3036	14.8	99	0
3038	13.4	99	2
3039	14.6	99	0
3041	14.9	99	0
3042	14.7	64	42
3043	14.5	88	0
3045	14.8	99	0
3046	14.8	99	0
3048	14.0	99	0
3049	12.4	99	0
3050	13.9	98	3
3052	9.4	98	10
3053	14.8	88	7
3055	14.8	99	0
3056	14.6	99	0
3057	14.7	99	0
3059	12.4	99	0
3060	10.9	99	0
3062	9.3	99	0
3063	9.0	98	20
3065	14.8	99	1
3066	14.9	99	0
3067	14.7	99	0
3069	14.7	99	0
3070	14.4	99	0
3072	9.4	99	0
3073	9.4	91	23
3074	14.8	99	0
3076	14.8	99	0
3077	14.8	99	0
3079	14.6	99	0
3080	12.1	99	0
3081	9.3	99	0
3083	5.2	99	0
3084	3.9	99	0
3086	14.8	97	13
3087	14.8	99	0
3089	14.7	99	0
3090	14.7	99	0
3091	14.8	99	0
3093	14.8	99	0
3094	12.6	56	24
3096	14.7	90	0
3097	14.8	99	0
3098	14.8	99	0
3100	14.8	99	0
3101	14.7	99	0
3103	9.4	99	0
3104	7.8	78	37
3105	14.7	89	32
3107	14.8	99	0
3108	14.8	99	0
3110	14.8	99	0
3111	14.7	99	0
3112	9.4	99	0
3114	9.3	99	0
3115	14.8	62	48
3117	14.7	99	0
3118	14.7	99	0
3119	14.8	99	0
3121	14.7	99	0
3122	12.0	99	0
3124	14.8	77	36
3125	14.8	98	2
3126	14.6	99	0
3128	14.8	99	0
3129	14.8	99	0
3131	14.8	99	0
3132	9.4	99	0
3133	3.9	99	0
3135	14.8	91	28
3136	14.9	99	0
3138	14.8	99	0
3139	14.8	99	0
3140	14.6	99	0
3142	14.8	99	0
3143	13.3	69	51
3145	14.6	75	11
3146	14.7	99	0
3147	14.8	99	0
3149	14.6	99	0
3150	14.6	99	0
3152	10.2	99	0
3153	9.4	99	0
3154	3.9	99	0
3156	14.7	97	12
3157	14.8	99	0
3159	14.8	99	0
3160	14.7	99	0
3161	14.8	99	0
3163	9.4	99	0
3164	9.3	99	0
3166	3.9	99	0
3167	14.8	98	11
3168	14.8	99	0
3170	14.7	99	0
3171	14.7	99	0
3173	14.8	99	0
3174	9.4	99	0
3175	14.8	61	50
3177	14.7	99	0
3178	14.6	99	0
3180	19.0	99	0
3181	14.8	99	0
3182	14.7	99	0
3184	9.5	99	0
3185	14.8	96	20
3187	14.8	99	0
3188	14.8	99	0
3190	14.9	99	0
3191	14.8	99	0
3192	14.8	99	0
3194	13.7	80	39
3195	14.8	59	47
3197	14.7	99	0
3198	14.9	99	0
3199	14.7	99	0
3201	14.7	99	0
3202	9.5	99	0
3204	9.3	99	0
3205	14.8	95	17
3206	14.7	99	0
3208	14.8	99	0
3209	14.7	99	0
3211	14.8	99	0
3212	10.4	99	0
3213	9.4	99	0
3215	4.0	99	0
3216	14.8	97	11
3218	14.8	99	0
3219	14.8	99	0
3220	14.8	99	0
3222	14.7	99	0
3223	9.9	99	0
3225	8.0	83	31
3226	14.6	78	36
3227	14.8	99	0
3229	14.7	99	0
3230	14.8	99	0
3232	14.8	99	0
3233	10.7	99	0
3234	9.3	99	0
3236	11.9	97	13
3237	14.8	99	0
3239	14.8	99	0
3240	14.6	99	0
3241	14.8	99	0
3243	14.9	99	0
3244	14.6	90	21
3246	14.6	58	33
3247	14.8	94	0
3248	14.8	99	0
3250	14.7	99	0
3251	14.8	99	0
3253	13.2	99	0
3254	9.4	99	0
3255	10.8	84	42
3257	14.8	96	16
3258	14.9	99	0
3260	14.6	99	0
3261	14.7	99	0
3262	12.6	99	0
3264	9.4	99	0
3265	4.9	99	0
3267	14.6	97	16
3268	14.7	99	0
3269	14.8	99	0
3271	14.7	99	0
3272	14.7	99	0
3274	10.0	99	0
3275	9.1	77	39
3276	14.7	96	18
3278	14.8	99	0
3279	14.9	99	0
3281	14.6	99	0
3282	14.7	99	0
3283	10.2	99	0
3285	9.1	99	0
3286	14.8	96	18
3288	14.8	99	0
3289	14.8	99	0
3290	14.6	99	0
3292	14.8	99	0
3293	14.8	99	0
3295	14.8	96	13
3296	14.7	79	50
3297	14.8	99	0
3299	14.8	99	0
3300	14.8	99	0
3302	14.7	99	0
3303	9.4	99	0
3304	9.4	99	0
3306	12.4	97	12
3307	14.8	99	0
3309	14.8	99	0
3310	14.7	99	0
3311	14.7	99	0
3313	13.8	99	0
3314	9.4	99	0
3316	6.3	99	0
3317	13.9	98	13
3319	14.8	99	0
3320	14.8	99	0
3321	14.7	99	0
3323	14.8	99	0
3324	14.2	99	0
3326	7.9	64	44
3327	14.8	81	30
3328	14.7	99	0
3330	18.6	99	0
3331	14.9	99	0
3333	14.7	99	0
3334	11.0	99	0
3335	7.3	99	0
3337	14.8	97	13
3338	14.8	99	0
3340	14.8	99	0
3341	14.8	99	0
3342	14.6	99	0
3344	14.8	99	0
3345	14.7	99	0
3347	14.5	68	46
3348	14.7	99	0
3350	14.8	99	0
3351	14.6	99	0
3352	14.7	99	0
3354	9.4	99	0
3355	9.4	99	0
3357	14.8	97	15
3358	14.7	98	3
3359	14.8	99	0
3361	14.8	99	0
3362	14.8	99	0
3364	10.5	99	0
3365	9.7	99	0
3366	3.9	99	0
3368	14.7	97	11
3369	14.8	99	0
3371	14.8	99	0
3372	14.8	99	0
3373	14.7	99	0
3375	15.5	99	0
3376	9.4	99	0
3378	14.8	76	50
3379	14.7	99	0
3380	14.8	99	0
3382	14.8	99	0
3383	14.8	99	0
3385	11.0	99	0
3386	9.4	99	0
3387	4.0	99	0
3389	14.8	97	14
3390	14.8	99	0
3392	14.9	99	0
3393	14.8	99	0
3394	14.7	99	0
3396	14.8	99	0
3397	14.0	67	33
3399	14.7	89	12
3400	14.8	99	0
3401	14.8	99	0
3403	14.7	99	0
3404	14.7	99	0
3406	9.3	99	0
3407	8.1	90	15
3408	14.8	93	13
3410	14.7	99	0
3411	14.7	99	0
3413	14.8	99	0
3414	14.0	99	0
3416	9.4	99	0
3417	9.3	99	0
3418	14.7	97	18
3420	18.3	99	0
3421	14.8	99	0
3423	14.8	99	0
3424	14.6	99	0
3425	10.0	99	0
3427	7.8	65	41
3428	14.7	99	0
3430	14.7	99	0
3431	14.7	99	0
3432	14.7	99	0
3434	14.8	99	0
3435	11.0	99	0
3437	9.1	99	0
3438	14.8	97	11
3439	14.8	99	0
3441	14.9	99	0
3442	14.7	99	0
3444	14.6	99	0
3445	14.9	99	0
3446	14.3	78	36
3448	14.6	59	39
3449	14.8	99	0
3451	14.8	99	0
3452	14.7	99	0
3453	14.7	99	0
3455	9.4	99	0
3456	9.4	99	0
3458	14.8	97	14
3459	14.8	98	0
3461	14.8	99	0
3462	14.8	99	0
3463	14.7	99	0
3465	11.9	99	0
3466	9.3	99	0
3468	4.0	99	0
3469	14.7	97	12
3470	14.6	99	0
3472	14.8	99	0
3473	14.8	99	0
3475	14.6	99	0
3476	9.4	99	0
3477	8.8	71	39
3479	14.8	81	27
3480	14.8	99	0
3482	14.8	99	0
3483	14.7	99	0
3484	14.8	99	0
3486	9.7	99	0
3487	9.3	99	0
3489	14.7	94	20
3490	14.8	99	0
3491	14.7	99	0
3493	14.7	99	0
3494	14.8	99	0
3496	14.8	99	0
3497	14.1	70	42
3498	14.9	79	7
3500	14.7	99	0
3501	14.8	99	0
3503	14.8	99	0
3504	14.7	99	0
3505	9.4	99	0
3507	9.4	99	0
3508	3.9	99	0
3510	17.2	97	14
3511	14.7	99	0
3512	14.6	99	0
3514	14.8	99	0
3515	14.7	99	0
3517	9.3	99	0
3518	9.3	99	0
3520	3.9	99	0
3521	14.8	98	12
3522	14.8	99	0
3524	14.6	99	0
3525	14.7	99	0
3527	14.7	99	0
3528	9.4	99	0
3529	12.4	67	49
3531	14.8	97	0
3532	14.9	99	0
3534	14.7	99	0
3535	14.7	99	0
3536	14.8	99	0
3538	9.3	99	0
3539	4.5	99	0
3541	14.8	97	16
3542	14.8	99	0
3543	14.7	99	0
3545	14.8	99	0
3546	14.8	99	0
3548	14.8	99	0
3549	14.0	64	54
3550	14.7	99	0
3552	14.8	99	0
3553	15.0	99	0
3555	16.7	99	0
3556	14.7	99	0
3557	9.4	99	0
3559	8.5	99	0
3560	14.8	97	21
3562	14.7	99	0
3563	14.8	99	0
3564	14.7	99	0
3566	14.7	99	0
3567	9.4	99	0
3569	9.3	99	0
3570	4.0	99	0
3571	14.8	97	18
3573	14.8	99	0
3574	14.8	99	0
3576	14.7	99	0
3577	14.8	99	0
3578	9.4	96	1
3580	14.8	66	58
3581	14.7	99	0
3583	14.7	99	0
3584	14.8	99	0
3586	14.8	99	0
3587	14.3	99	0
3588	9.3	99	0
3590	14.6	90	22
3591	14.8	93	17
3593	14.7	99	0
3594	14.5	99	0
3595	14.8	99	0
3597	14.8	99	0
3598	14.7	96	34
3600	14.7	58	34
3601	14.8	93	0
3602	14.8	99	0
3604	14.8	99	0
3605	14.9	99	0
3607	11.8	99	0
3608	9.4	99	0
3609	11.6	93	22
3611	14.8	97	12
3612	14.9	99	0
3614	14.6	99	0
3615	14.7	99	0
3616	12.7	99	0
3618	9.3	99	0
3619	4.8	99	0
3621	14.8	97	15
3622	14.8	98	5
3623	14.7	99	0
3625	14.8	99	0
3626	14.8	99	0
3628	12.9	99	0
3629	7.9	88	20
3630	14.8	83	27
3632	14.8	99	0
3633	14.7	99	0
3635	14.7	99	0
3636	14.8	99	0
3637	11.0	99	0
3639	9.3	99	0
3640	14.9	96	22
3642	14.9	99	0
3643	14.8	99	0
3644	14.8	99	0
3646	14.7	99	0
3647	14.8	99	0
3649	14.4	72	56
3650	14.7	64	58
3651	14.7	99	0
3653	14.8	99	0
3654	14.7	99	0
3656	14.7	99	0
3657	9.5	99	0
3659	9.6	99	0
3660	14.7	85	32
3661	14.8	99	0
3663	14.9	99	0
3664	14.8	99	0
3666	14.6	99	0
3667	9.4	99	0
3668	9.4	99	0
3670	5.7	98	14
3671	14.7	98	0
3673	14.8	99	0
3674	14.7	99	0
3675	14.7	99	0
3677	14.8	99	0
3678	9.4	99	0
3680	14.7	58	52
3681	14.7	99	0
3682	14.8	99	0
3684	14.8	99	0
3685	14.7	99	0
3687	13.2	99	0
3688	9.4	99	0
3689	3.9	99	0
3691	14.8	97	14
3692	14.8	99	0
3694	15.1	99	0
3695	14.7	99	0
3696	14.7	99	0
3698	14.8	99	0
3699	14.2	68	47
3701	14.7	57	44
3702	14.8	99	0
3703	14.8	99	0
3705	14.6	99	0
3706	14.7	99	0
3708	9.3	99	0
3709	9.4	99	0
3711	14.7	97	15
3712	14.7	99	1
3713	14.8	99	0
3715	14.8	99	0
3716	14.8	99	0
3718	10.3	99	0
3719	9.4	99	0
3720	3.9	99	0
3722	14.8	98	12
3723	14.6	99	0
3725	14.8	99	0
3726	14.8	99	0
3727	14.7	99	0
3729	9.4	99	0
3730	9.4	99	0
3732	14.6	94	22
3733	14.8	99	1
3734	14.7	99	0
3736	14.7	99	0
3737	14.7	99	0
3739	9.4	99	0
3740	9.4	99	0
3741	3.9	99	0
3743	14.8	97	13
3744	14.8	99	0
3746	14.8	99	0
3747	14.8	99	0
3748	14.8	99	0
3750	14.8	99	0
3751	14.4	87	40
3753	14.8	72	23
3754	14.8	99	0
3755	14.8	99	0
3757	14.8	99	0
3758	14.7	99	0
3760	9.4	99	0
3761	8.5	99	0
3762	14.6	97	16
