Time(s)	CPU(%) GPU(%) LGPU(%)
0	0.1	0	0
2	6.1	0	0
3	0.0	0	0
5	0.1	0	0
6	0.1	0	0
8	0.1	0	0
9	0.0	0	0
11	0.1	0	0
12	0.0	0	0
14	0.1	0	0
15	0.1	0	0
17	0.0	0	0
18	0.1	0	0
19	0.1	0	0
21	0.0	0	0
22	0.0	0	0
24	0.0	0	0
25	0.0	0	0
27	0.0	0	0
28	0.0	0	0
30	0.0	0	0
31	0.1	0	0
33	0.1	0	0
34	0.0	0	0
36	0.0	0	0
37	0.0	0	0
39	0.0	0	0
40	0.0	0	0
42	0.0	0	0
43	0.1	0	0
45	0.0	0	0
46	0.0	0	0
48	0.1	0	0
49	0.0	0	0
51	0.1	0	0
52	0.3	0	0
54	0.0	0	0
55	0.0	0	0
57	0.0	0	0
58	0.1	0	0
59	0.0	0	0
61	0.0	0	0
62	0.0	0	0
64	0.0	0	0
65	0.0	0	0
67	0.0	0	0
68	0.0	0	0
70	0.0	0	0
71	0.0	0	0
73	0.0	0	0
74	0.0	0	0
76	0.0	0	0
77	0.0	0	0
79	0.1	0	0
80	0.0	0	0
82	0.0	0	0
83	0.0	0	0
85	0.0	0	0
86	0.1	0	0
88	0.0	0	0
89	0.0	0	0
91	0.1	0	0
92	0.1	0	0
93	0.0	0	0
95	0.0	0	0
96	0.0	0	0
98	0.1	0	0
99	0.1	0	0
101	0.1	0	0
102	0.0	0	0
104	0.0	0	0
105	0.0	0	0
107	0.0	0	0
108	0.0	0	0
110	0.0	0	0
111	0.0	0	0
113	0.0	0	0
114	0.0	0	0
116	0.0	0	0
117	0.1	0	0
119	0.1	0	0
120	0.0	0	0
122	2.1	0	0
123	0.1	0	0
125	0.1	0	0
126	0.1	0	0
128	0.1	0	0
129	0.2	0	0
130	11.8	0	0
132	6.3	0	0
133	3.4	0	0
135	1.4	0	0
136	5.0	0	0
138	4.4	0	0
139	8.1	0	0
141	0.1	0	0
142	0.0	0	0
143	0.0	0	0
145	0.0	0	0
146	0.0	0	0
148	0.0	0	0
149	0.0	0	0
151	0.0	0	0
152	0.0	0	0
154	0.0	0	0
155	0.0	0	0
156	0.0	0	0
158	0.0	0	0
159	0.0	0	0
161	0.0	0	0
162	0.0	0	0
164	0.0	0	0
165	0.0	0	0
167	0.0	0	0
168	0.1	0	0
169	0.1	0	0
171	0.0	0	0
172	0.0	0	0
174	0.0	0	0
175	0.0	0	0
177	0.0	0	0
178	2.4	0	0
179	1.9	0	0
181	0.0	3	0
183	2.5	19	18
184	2.1	1	0
186	3.1	0	0
187	3.1	0	0
189	3.1	0	0
190	3.0	0	0
191	3.1	0	0
193	3.1	0	0
194	3.1	0	0
196	3.1	0	0
197	3.1	0	0
198	3.2	0	0
200	3.2	0	0
201	3.2	0	0
203	3.1	0	0
204	3.1	0	0
205	3.2	0	0
207	3.1	0	0
208	3.1	0	0
210	3.1	0	0
211	3.2	0	0
212	3.1	0	0
214	3.1	0	0
215	3.2	0	0
217	3.1	0	0
218	3.1	0	0
219	3.1	0	0
221	3.1	0	0
222	3.1	0	0
224	3.2	0	0
225	3.1	0	0
227	3.1	0	0
228	3.1	0	0
229	3.0	0	0
231	3.1	0	0
232	3.1	0	0
234	3.1	0	0
235	3.1	0	0
236	3.1	0	0
238	3.2	0	0
239	3.1	0	0
241	3.2	0	0
242	3.1	0	0
243	3.1	0	0
245	3.1	0	0
246	3.1	0	0
248	3.2	0	0
249	3.2	0	0
250	3.2	0	0
252	3.1	0	0
253	3.1	0	0
255	2.7	2	0
256	7.0	51	3
257	12.3	0	0
259	12.4	0	0
260	12.4	0	0
262	12.3	0	0
263	14.0	19	0
264	14.0	60	22
266	12.5	45	39
267	12.5	0	0
269	12.3	0	0
270	12.4	0	0
272	12.5	0	0
273	13.1	15	0
274	14.8	58	38
276	14.7	92	20
277	12.3	70	2
279	12.3	0	0
280	13.2	12	0
281	14.7	76	0
283	13.3	85	21
284	14.8	85	38
286	14.7	99	0
287	12.5	58	3
288	12.4	0	0
290	13.5	21	0
291	14.7	84	0
293	14.8	99	0
294	13.2	83	15
295	14.7	79	0
297	14.8	83	52
298	12.5	57	4
300	13.7	31	0
301	14.7	71	0
302	14.8	99	0
304	14.8	99	0
305	14.8	97	2
307	14.8	72	10
308	14.8	96	13
310	14.3	82	27
311	14.8	93	0
312	14.8	99	0
314	13.9	78	35
315	14.8	89	0
317	14.8	99	0
318	14.7	86	43
319	14.8	99	0
321	14.9	99	0
322	14.7	99	0
324	14.7	99	0
325	14.0	88	11
326	14.8	86	0
328	14.8	99	0
329	15.1	97	9
331	14.8	77	49
332	14.7	96	0
333	14.7	99	0
335	14.6	70	44
336	14.8	99	0
338	14.8	99	0
339	14.7	83	47
340	14.8	91	9
342	14.8	99	0
343	14.7	99	0
345	14.7	99	0
346	14.1	89	23
347	14.9	99	0
349	14.7	99	0
350	15.0	99	0
352	14.7	92	15
353	14.7	99	0
354	14.7	99	0
356	14.7	99	0
357	14.1	87	28
359	14.7	84	0
360	14.7	99	0
361	14.8	88	42
363	14.8	82	37
364	14.7	99	0
366	14.7	99	0
367	14.3	86	24
369	14.7	99	0
370	14.8	93	13
371	14.7	99	0
373	14.8	91	28
374	14.8	99	0
375	14.7	99	0
377	14.8	99	0
378	14.7	99	4
380	14.8	89	10
381	14.8	99	0
382	14.5	82	50
384	14.7	81	31
385	14.9	99	0
387	14.6	99	0
388	14.0	91	10
389	14.7	98	0
391	14.8	90	31
392	14.8	99	0
394	14.8	78	35
395	14.8	99	0
396	14.8	99	0
398	14.8	99	0
399	13.8	78	39
401	14.8	87	0
402	14.8	99	0
404	14.7	98	10
405	14.8	88	33
406	14.8	99	0
408	14.7	99	0
409	14.8	99	0
411	11.1	96	16
412	10.1	92	11
413	11.9	94	10
415	14.7	97	2
416	14.3	84	14
418	14.7	96	0
419	14.8	99	0
420	14.0	66	31
422	19.0	96	0
423	14.8	99	0
425	14.7	99	0
426	14.6	89	13
427	14.8	99	0
429	14.8	99	0
430	14.0	99	0
432	14.0	70	46
433	9.5	92	0
434	14.8	93	26
436	14.1	98	2
437	13.9	97	6
439	14.1	99	0
440	12.8	95	5
442	12.4	98	0
443	14.1	96	14
444	14.8	99	0
446	14.7	99	0
447	13.2	99	0
449	14.7	97	7
450	13.3	99	0
451	12.5	99	0
453	9.3	86	40
454	11.2	94	12
456	13.1	98	3
457	12.5	99	0
458	12.4	99	0
460	12.4	93	18
461	12.3	99	0
463	6.9	99	0
464	9.3	87	43
465	14.8	90	31
467	14.7	98	0
468	14.7	99	0
470	12.4	99	0
471	14.9	82	50
472	14.9	97	0
474	14.7	92	15
475	14.8	99	0
477	14.8	99	0
478	15.0	98	5
480	14.7	92	0
481	14.7	99	0
482	14.8	99	0
484	14.8	89	35
485	14.6	93	12
487	14.8	99	0
488	12.5	99	0
489	12.5	99	0
491	12.5	88	38
492	14.1	98	47
494	9.4	99	0
495	14.4	96	15
496	14.8	99	0
498	14.8	99	0
499	14.7	99	0
501	14.7	85	24
502	12.4	99	0
503	14.8	83	50
505	9.3	99	0
506	9.3	99	0
508	12.4	95	18
509	12.4	99	0
510	10.2	99	0
512	10.1	99	0
513	12.4	83	52
515	8.3	95	12
516	9.3	92	21
517	9.3	98	2
519	14.8	91	28
520	14.8	99	0
522	14.8	99	0
523	12.3	99	0
524	14.7	77	60
526	14.8	99	0
527	14.7	84	55
529	14.7	99	0
530	14.7	99	0
531	14.8	99	0
533	14.7	99	0
534	12.6	92	3
536	14.8	95	13
537	14.1	98	8
539	14.7	99	0
540	14.7	99	0
541	12.4	99	0
543	10.0	99	0
544	9.9	99	0
546	9.4	86	39
547	14.7	83	54
548	14.8	99	0
550	14.7	99	0
551	14.7	99	0
553	14.8	99	0
554	14.8	99	0
555	13.9	82	53
557	10.1	98	3
558	9.4	99	3
560	14.7	95	7
561	14.8	99	0
562	12.5	99	0
564	10.1	99	0
565	10.1	99	0
567	10.1	86	41
568	10.1	99	0
570	9.4	99	0
571	14.8	86	44
572	14.8	99	0
574	14.9	99	0
575	14.7	99	0
577	10.1	99	0
578	10.1	99	1
579	14.6	85	36
581	14.7	89	35
582	14.8	99	0
584	14.7	99	0
585	14.8	99	0
586	14.8	99	0
588	14.4	91	9
589	14.8	85	52
591	10.1	99	0
592	15.0	96	13
593	14.8	99	0
595	14.7	99	0
596	10.2	99	0
598	10.1	99	0
599	8.3	99	0
600	9.4	90	32
602	14.8	83	53
603	14.8	99	0
605	14.8	99	0
606	14.7	99	0
608	14.8	99	0
609	14.8	99	0
610	13.1	83	35
612	10.2	96	10
613	14.8	99	0
615	14.8	99	0
616	14.8	99	0
618	12.3	99	0
619	10.0	99	0
620	5.5	99	0
622	5.5	99	0
623	5.6	97	7
625	9.7	95	15
626	14.8	88	37
627	14.7	99	0
629	14.8	99	0
630	14.8	99	0
632	15.8	99	0
633	13.0	99	0
634	10.1	99	0
636	10.2	82	55
637	14.8	99	0
639	14.8	99	0
640	14.8	99	0
641	14.7	99	0
643	14.8	99	0
644	14.8	99	0
646	13.0	85	52
647	14.8	91	23
648	14.9	99	0
650	14.9	99	0
651	14.5	99	0
653	10.9	99	0
654	4.7	99	0
656	4.7	99	0
657	7.0	93	19
658	14.9	93	18
660	14.8	99	0
661	14.7	99	0
663	14.8	99	0
664	14.8	99	0
665	14.7	99	0
667	12.7	97	12
668	14.7	87	35
670	14.8	99	0
671	14.9	99	0
672	14.7	99	0
674	14.4	99	0
675	4.8	99	0
677	4.7	99	0
678	4.7	99	0
679	9.0	89	25
681	14.8	92	32
682	14.7	99	0
684	14.5	99	0
685	14.8	99	0
686	14.9	99	0
688	14.7	99	0
689	10.5	99	0
691	3.9	99	0
692	14.5	98	11
694	14.8	99	0
695	14.7	99	0
696	14.7	99	0
698	14.8	99	0
699	14.8	99	0
701	14.1	84	28
702	14.8	78	66
703	14.7	99	0
705	14.8	99	0
706	14.8	99	0
708	14.2	99	0
709	4.9	99	0
710	3.9	99	0
712	4.2	98	2
713	14.8	95	6
715	14.8	99	0
716	14.6	99	0
718	14.8	99	0
719	14.8	99	0
720	14.8	99	0
722	13.1	99	0
723	14.9	91	32
725	14.7	99	0
726	14.8	99	0
727	14.8	99	0
729	14.7	99	0
730	4.1	99	0
732	4.0	99	0
733	3.9	99	0
734	9.4	89	41
736	14.9	93	15
737	14.5	99	0
739	14.8	99	0
740	14.7	99	0
741	14.8	99	0
743	14.7	99	0
744	6.1	99	0
746	3.9	99	0
747	13.2	93	25
749	14.8	99	0
750	14.8	99	0
751	14.7	99	0
753	14.7	99	0
754	14.8	99	0
756	14.8	99	0
757	12.3	82	48
759	14.7	99	0
760	14.8	99	0
761	14.8	99	0
763	14.7	99	0
764	9.2	99	0
766	3.9	99	0
767	4.0	99	0
768	3.9	99	0
770	14.8	90	36
771	14.9	99	0
773	14.5	99	0
774	14.8	99	0
775	14.7	99	0
777	14.8	99	0
778	14.8	99	0
780	14.7	85	48
781	14.8	96	13
783	14.8	99	0
784	14.7	99	0
785	14.8	99	0
787	7.8	99	0
788	4.0	99	0
790	3.9	99	0
791	3.9	99	0
792	14.8	97	19
794	14.8	99	0
795	14.7	99	0
797	14.8	99	0
798	14.7	99	0
799	14.8	99	0
801	14.8	99	0
802	3.9	99	0
804	3.9	99	0
805	9.6	93	24
806	14.8	99	0
808	14.8	99	0
809	14.7	99	0
811	14.8	99	0
812	14.8	99	0
813	14.8	99	0
815	5.6	99	0
816	14.8	97	18
818	14.7	99	0
819	14.8	99	0
821	14.8	99	0
822	14.6	99	0
823	4.3	99	0
825	3.9	99	0
826	3.9	99	0
828	3.9	99	0
829	10.3	97	10
830	14.8	99	0
832	14.9	99	0
833	14.6	99	0
835	14.8	99	0
836	14.8	99	0
837	15.0	99	0
839	11.3	97	13
840	14.8	99	0
842	18.5	99	0
843	14.8	99	0
845	14.8	99	0
846	11.6	99	0
847	3.9	99	0
849	4.0	99	0
850	3.9	99	0
852	14.8	95	19
853	14.8	99	0
854	14.7	99	0
856	14.7	99	0
857	14.8	99	0
859	14.8	99	0
860	14.6	99	0
861	3.2	99	0
863	3.1	99	0
864	14.7	97	11
866	14.8	99	0
867	14.7	99	0
868	14.9	99	0
870	14.7	99	0
871	14.9	99	0
873	14.8	99	0
874	14.6	97	11
876	14.7	99	0
877	14.8	99	0
878	14.8	99	0
880	14.7	99	0
881	3.1	99	0
883	3.2	99	0
884	3.2	99	0
885	3.2	99	0
887	14.7	97	13
888	14.8	99	0
890	14.5	99	0
891	14.8	99	0
892	15.2	99	0
894	14.9	99	0
895	14.6	99	0
897	14.6	97	13
898	14.7	99	5
900	14.8	99	0
901	14.7	99	0
902	14.7	99	0
904	3.9	99	0
905	3.2	99	0
907	3.2	99	0
908	3.2	99	0
909	14.9	96	16
911	14.8	99	0
912	14.6	99	0
914	14.8	99	0
915	14.8	99	0
916	14.8	99	0
918	14.8	99	0
919	3.2	99	0
921	3.8	98	8
922	14.7	98	11
924	14.8	99	0
925	14.8	99	0
926	14.6	99	0
928	14.8	99	0
929	14.8	99	0
931	11.2	77	46
932	14.8	83	40
933	14.7	99	0
935	14.8	99	0
936	14.8	99	0
938	13.8	99	0
939	3.9	99	0
940	3.2	99	0
942	3.2	99	0
943	14.8	96	18
945	14.8	99	0
946	14.7	99	0
948	14.7	99	0
949	14.7	99	0
951	14.8	99	0
952	14.6	99	0
953	14.7	93	28
955	14.8	99	0
956	14.8	99	0
958	14.5	99	0
959	14.7	99	0
961	3.6	99	0
962	3.1	99	0
963	3.1	99	0
965	14.8	96	14
966	14.8	99	0
968	14.7	99	0
969	14.7	99	0
970	14.8	99	0
972	14.8	99	0
973	14.6	99	0
975	3.1	99	0
976	14.7	97	12
978	14.8	99	0
979	14.8	99	0
980	14.6	99	0
982	14.8	99	0
983	14.8	99	0
985	14.8	99	0
986	10.6	81	43
987	14.7	99	0
989	14.8	99	0
990	14.8	99	0
992	16.9	99	0
993	9.4	99	0
994	3.2	99	0
996	3.1	99	0
997	3.8	98	3
999	14.8	97	14
1000	14.8	99	0
1002	14.8	99	0
1003	14.7	99	0
1004	14.8	99	0
1006	14.9	99	0
1007	7.4	99	0
1009	14.7	96	17
1010	14.9	99	0
1011	14.8	99	0
1013	14.7	99	0
1014	14.5	99	0
1016	3.9	99	0
1017	3.2	99	0
1018	3.2	99	0
1020	14.8	97	13
1021	14.8	99	0
1023	14.6	99	0
1024	14.8	99	0
1026	14.8	99	0
1027	14.8	99	0
1028	14.8	99	0
1030	3.2	99	0
1031	10.6	96	21
1033	14.9	99	0
1034	14.8	99	0
1035	14.6	99	0
1037	17.6	99	0
1038	14.8	99	0
1040	14.8	99	0
1041	9.0	96	13
1042	14.8	98	2
1044	14.8	99	0
1045	14.8	99	0
1047	14.8	99	0
1048	13.9	99	0
1049	3.9	99	0
1051	3.8	99	0
1052	14.7	96	19
1054	14.8	99	0
1055	14.7	99	0
1057	14.7	99	0
1058	14.8	99	0
1059	14.8	99	0
1061	14.7	99	0
1062	14.8	92	40
1064	14.7	99	0
1065	14.8	99	0
1066	14.8	99	0
1068	14.6	99	0
1069	3.2	99	0
1071	3.1	99	0
1072	3.2	99	0
1073	3.6	97	6
1075	14.8	96	12
1076	14.8	99	0
1078	14.8	99	0
1079	14.7	99	0
1081	14.8	99	0
1082	14.8	99	0
1083	10.3	99	0
1085	3.1	99	0
1086	14.8	96	20
1088	14.7	99	0
1089	14.9	99	0
1090	14.8	99	0
1092	14.5	99	0
1093	14.8	99	0
1095	14.8	99	0
1096	3.2	99	2
1097	14.4	97	12
1099	14.7	99	0
1100	14.9	99	0
1102	14.6	99	0
1103	14.7	99	0
1105	3.2	99	0
1106	3.1	99	0
1107	3.1	99	0
1109	14.8	97	13
1110	14.8	99	11
1112	14.8	99	0
1113	14.8	99	0
1114	14.7	99	0
1116	14.9	99	0
1117	14.8	99	0
1119	13.9	83	41
1120	14.7	92	18
1121	14.8	99	0
1123	14.8	99	0
1124	14.7	99	0
1126	8.7	99	0
1127	3.1	99	0
1129	3.1	99	0
1130	4.1	98	2
1131	14.8	99	0
1133	15.1	99	0
1134	14.7	99	0
1136	14.7	99	0
1137	14.8	99	0
1138	14.8	99	0
1140	7.4	99	0
1141	3.9	98	16
1143	14.7	97	13
1144	14.9	99	0
1145	14.7	99	0
1147	14.6	99	0
1148	14.8	99	0
1150	14.9	99	0
1151	10.3	72	32
1153	14.7	99	3
1154	14.8	99	0
1155	14.8	99	0
1157	17.5	99	0
1158	12.3	99	0
1160	3.1	99	0
1161	3.2	99	0
1162	3.2	99	0
1164	14.8	97	12
1165	14.8	99	0
1167	14.7	99	0
1168	14.8	99	0
1170	14.4	99	0
1171	14.8	99	0
1172	13.5	86	27
1174	14.7	69	49
1175	14.5	98	0
1177	14.8	99	0
1178	14.8	99	0
1179	14.7	99	0
1181	3.1	99	0
1182	3.2	99	0
1184	3.2	99	0
1185	8.3	97	10
1186	14.8	99	0
1188	14.7	99	0
1189	14.7	99	0
1191	14.8	99	0
1192	14.8	99	0
1194	14.6	99	0
1195	5.0	99	0
1196	3.9	99	0
1198	3.7	98	9
1199	14.6	99	0
1201	14.8	99	0
1202	14.7	99	0
1203	14.7	99	0
1205	14.8	99	0
1206	14.8	99	0
1208	9.8	99	0
1209	14.5	93	24
1210	14.8	99	0
1212	14.8	99	0
1213	14.8	99	0
1215	14.7	99	0
1216	7.3	99	0
1218	3.9	99	0
1219	3.2	99	0
1220	3.2	99	0
1222	14.8	97	13
1223	14.7	98	0
1225	14.7	99	0
1226	14.8	99	0
1227	14.7	99	0
1229	14.9	99	0
1230	14.8	99	0
1232	8.9	99	0
1233	14.9	98	10
1234	14.6	99	0
1236	14.9	99	0
1237	14.7	99	0
1239	14.7	99	0
1240	4.8	99	0
1242	3.9	99	0
1243	3.2	99	0
1244	3.1	99	0
1246	9.2	97	12
1247	14.8	99	0
1249	14.8	99	0
1250	14.5	99	0
1251	14.8	99	0
1253	14.9	99	0
1254	14.7	99	0
1256	4.9	99	0
1257	3.2	99	0
1259	3.1	99	0
1260	14.8	97	12
1261	14.9	99	0
1263	14.8	99	0
1264	14.8	99	0
1266	14.6	99	0
1267	14.8	99	0
1268	14.9	99	0
1270	3.2	99	0
1271	14.8	97	15
1273	14.7	99	0
1274	14.8	99	0
1275	14.8	99	0
1277	14.6	99	0
1278	3.2	99	0
1280	3.1	99	0
1281	3.2	99	0
1282	6.7	97	10
1284	14.9	97	12
1285	14.8	99	0
1287	14.6	99	0
1288	14.7	99	0
1290	14.8	98	0
1291	14.2	66	57
1292	14.6	89	0
1294	14.7	99	0
1295	14.8	99	0
1297	14.8	99	0
1298	14.8	99	0
1299	12.1	99	0
1301	14.8	97	13
1302	14.8	99	0
1304	14.7	99	0
1305	14.7	99	0
1306	14.8	99	0
1308	14.8	99	0
1309	14.5	99	0
1311	9.6	93	29
1312	14.8	94	20
1314	14.8	99	0
1315	14.7	99	0
1316	14.8	99	0
1318	14.8	99	0
1319	13.2	51	23
1321	14.7	83	46
1322	14.7	99	0
1323	14.8	99	0
1325	14.8	99	0
1326	14.7	99	0
1328	6.8	99	0
1329	14.6	97	11
1330	14.8	99	0
1332	14.8	99	0
1333	14.6	99	0
1335	14.8	99	0
1336	14.9	97	2
1338	14.9	56	21
1339	14.9	87	35
1340	14.7	99	0
1342	14.8	99	0
1343	14.8	99	0
1345	14.5	99	0
1346	4.8	99	0
1347	14.8	91	35
1349	14.8	99	0
1350	14.8	99	0
1352	17.9	99	0
1353	14.8	99	0
1354	14.8	99	0
1356	14.8	99	0
1357	14.6	89	41
1359	14.8	99	0
1360	14.8	99	0
1362	14.7	99	0
1363	14.8	99	0
1364	14.8	99	0
1366	14.9	76	32
1367	14.7	77	52
1369	14.7	99	0
1370	14.8	99	0
1371	14.8	99	0
1373	15.0	99	0
1374	4.7	99	0
1376	9.6	91	31
1377	14.8	93	23
1379	14.9	99	0
1380	14.7	99	0
1381	14.7	99	0
1383	14.8	99	0
1384	14.8	76	40
1386	14.7	78	29
1387	14.8	99	0
1388	14.8	99	0
1390	14.8	99	0
1391	14.8	99	0
1393	8.0	99	0
1394	14.8	94	23
1395	14.8	99	0
1397	14.7	99	0
1398	14.8	99	0
1400	14.8	99	0
1401	14.8	99	0
1403	14.7	99	0
1404	14.8	94	22
1405	14.8	99	0
1407	14.8	99	0
1408	14.7	99	0
1410	14.7	99	0
1411	14.8	99	0
1412	14.4	75	42
1414	14.7	64	52
1415	14.7	99	0
1417	14.8	99	0
1418	14.8	99	0
1419	14.7	99	0
1421	5.6	99	0
1422	3.9	99	0
1424	14.8	90	31
1425	14.7	99	0
1427	14.7	99	0
1428	14.7	99	0
1429	14.8	99	0
1431	13.8	87	11
1432	14.6	79	35
1434	14.7	99	0
1435	14.9	99	0
1436	15.0	99	0
1438	14.7	99	0
1439	14.6	99	0
1441	3.9	99	0
1442	14.8	93	27
1444	14.9	99	0
1445	14.7	99	0
1446	14.8	99	0
1448	14.8	99	0
1449	14.8	99	0
1451	14.8	99	0
1452	9.3	93	16
1453	14.7	98	0
1455	14.8	99	0
1456	14.7	99	0
1458	14.6	99	0
1459	14.8	99	0
1460	14.8	69	47
1462	14.7	70	62
1463	14.7	99	0
1465	14.8	99	0
1466	14.8	99	0
1468	14.7	99	0
1469	12.1	99	0
1470	14.8	85	51
1472	17.3	99	0
1473	14.8	99	0
1475	14.7	99	0
1476	14.8	99	0
1477	14.2	85	11
1479	14.4	67	34
1480	14.8	99	0
1482	14.7	99	0
1483	14.8	99	0
1484	14.7	99	0
1486	14.7	99	0
1487	3.9	99	0
1489	14.8	92	33
1490	14.9	99	0
1492	14.7	99	0
1493	14.7	99	0
1494	14.9	99	0
1496	14.8	99	0
1497	14.8	99	0
1499	14.7	96	17
1500	14.8	99	0
1501	14.8	99	0
1503	14.7	99	0
1504	14.7	99	0
1506	14.8	99	0
1507	14.4	65	52
1508	14.7	83	24
1510	14.8	99	0
1511	14.8	99	0
1513	14.8	99	0
1514	14.8	99	0
1516	4.6	99	0
1517	14.8	97	12
1518	14.8	99	0
1520	14.8	99	0
1521	14.7	99	0
1523	14.5	99	0
1524	14.8	99	0
1525	14.8	73	33
1527	14.7	77	49
1528	14.8	99	0
1530	14.8	99	0
1531	14.7	99	0
1532	14.8	99	0
1534	3.9	99	0
1535	9.5	89	40
1537	14.9	97	10
1538	14.6	99	0
1539	14.8	99	0
1541	14.7	99	0
1542	14.9	99	0
1544	14.7	99	0
1545	8.1	96	9
1547	14.8	93	21
1548	14.8	99	0
1549	14.7	99	0
1551	14.8	99	0
1552	14.8	99	0
1554	13.4	80	23
1555	14.7	68	37
1556	14.7	96	11
1558	14.8	99	0
1559	14.9	99	0
1561	14.7	99	0
1562	12.7	99	0
1564	4.0	99	0
1565	14.6	92	28
1566	14.8	99	0
1568	14.8	99	0
1569	14.6	99	0
1571	14.8	99	0
1572	14.4	89	13
1573	14.3	81	25
1575	14.8	82	12
1576	14.8	99	0
1578	14.9	99	0
1579	14.7	99	0
1580	14.6	99	0
1582	4.7	99	0
1583	14.8	90	29
1585	14.8	99	0
1586	14.8	99	0
1587	14.6	99	0
1589	14.8	99	0
1590	14.7	99	0
1592	16.6	99	0
1593	14.7	93	24
1594	14.8	99	0
1596	14.8	99	0
1597	14.7	99	0
1599	14.7	99	0
1600	14.8	99	1
1601	14.8	80	33
1603	14.7	69	64
1604	14.7	99	0
1606	14.8	99	0
1607	14.8	99	0
1609	14.6	99	0
1610	5.8	99	0
1611	15.0	89	42
1613	14.8	99	0
1614	14.8	99	0
1616	14.7	99	0
1617	14.8	99	0
1618	13.7	60	54
1620	14.7	63	53
1621	14.6	99	0
1623	14.8	99	0
1624	14.7	99	0
1625	14.7	99	0
1627	14.8	99	0
1628	4.7	99	0
1630	14.8	87	43
1631	14.8	99	2
1632	14.8	99	0
1634	14.9	99	0
1635	14.8	99	0
1637	17.2	99	0
1638	14.9	99	0
1640	12.4	80	50
1641	14.7	94	12
1642	14.8	99	0
1644	14.7	99	0
1645	14.8	99	0
1647	13.3	82	13
1648	14.6	68	45
1649	14.6	84	9
1651	14.7	99	0
1652	14.8	99	0
1654	14.8	99	0
1655	14.7	99	0
1656	8.4	99	0
1658	14.7	86	50
1659	14.8	99	0
1661	14.7	99	0
1662	14.7	99	0
1663	14.7	99	0
1665	14.8	78	34
1666	13.2	61	50
1668	14.6	94	0
1669	15.0	99	0
1671	14.8	99	0
1672	14.6	99	0
1673	14.7	99	0
1675	5.3	97	4
1676	14.8	98	2
1678	14.8	99	0
1679	14.7	99	0
1680	14.7	99	0
1682	16.2	99	0
1683	14.8	99	0
1685	12.7	99	0
1686	7.9	97	15
1687	14.8	97	1
1689	14.8	99	0
1690	14.7	99	0
1692	14.8	99	0
1693	14.8	99	0
1694	14.8	62	49
1696	14.6	66	59
1697	14.8	99	0
1699	14.8	99	0
1700	14.8	99	0
1701	14.8	99	0
1703	13.0	99	0
1704	6.1	98	19
1706	14.8	97	10
1707	14.8	99	0
1709	14.7	99	0
1710	14.6	99	0
1711	14.9	99	0
1713	13.4	88	19
1714	14.0	77	33
1716	14.8	99	3
1717	14.8	99	0
1718	14.8	99	0
1720	15.0	99	0
1721	13.2	99	0
1723	4.4	99	0
1724	14.8	98	12
1725	14.8	99	0
1727	14.6	99	0
1728	14.8	99	0
1730	14.8	99	0
1731	14.8	99	0
1732	14.8	99	0
1734	14.5	92	31
1735	14.8	99	0
1737	14.8	99	0
1738	14.7	99	0
1740	14.8	99	0
1741	14.9	96	3
1742	14.3	61	32
1744	14.8	89	12
1745	14.7	99	0
1747	14.8	99	0
1748	14.9	99	0
1749	14.8	99	0
1751	4.9	99	0
1752	14.8	96	22
1754	14.8	99	0
1755	14.8	99	0
1756	14.8	99	0
1758	14.6	99	0
1759	14.9	96	11
1761	14.8	68	34
1762	14.7	75	44
1763	14.6	99	0
1765	14.8	99	0
1766	14.7	99	0
1768	14.6	99	0
1769	4.5	99	0
1770	14.8	89	40
1772	14.8	99	0
1773	14.6	99	0
1775	14.7	99	0
1776	14.9	99	0
1778	14.8	99	0
1779	14.7	99	0
1780	10.4	87	44
1782	14.8	95	14
1783	14.8	99	0
1785	14.7	99	0
1786	14.7	99	0
1787	14.8	99	0
1789	13.2	51	40
1790	14.6	85	0
1792	14.8	99	0
1793	14.8	99	0
1794	14.8	99	0
1796	14.7	99	0
1797	9.3	99	0
1799	14.7	97	15
1800	14.7	99	0
1801	14.8	99	0
1803	14.8	99	0
1804	14.6	99	0
1806	14.3	86	5
1807	14.5	60	41
1808	14.7	96	0
1810	14.7	99	0
1811	14.8	99	0
1813	14.6	99	0
1814	14.7	99	0
1815	5.4	97	4
1817	14.8	97	13
1818	14.7	99	0
1820	14.7	99	0
1821	14.7	99	0
1823	14.8	99	0
1824	14.8	99	0
1825	9.2	98	0
1827	14.6	85	43
1828	14.7	99	0
1830	14.8	99	0
1831	14.6	99	0
1832	14.9	99	0
1834	14.2	78	30
1835	14.6	66	40
1837	14.8	99	0
1838	14.8	99	0
1839	14.9	99	0
1841	14.8	99	0
1842	13.9	99	0
1844	11.4	97	16
1845	14.8	97	12
1847	14.8	99	0
1848	14.5	99	0
1849	14.7	99	0
1851	14.9	99	0
1852	14.9	64	42
1854	14.7	60	50
1855	14.7	98	0
1856	14.8	99	0
1858	14.8	99	0
1859	14.8	99	0
1861	8.6	99	0
1862	3.9	99	0
1863	14.9	97	15
1865	14.8	99	0
1866	14.6	99	0
1868	14.8	99	0
1869	14.8	99	0
1871	14.7	99	0
1872	14.8	99	0
1873	14.5	96	18
1875	14.8	99	0
1876	14.8	99	0
1878	14.7	99	0
1879	14.8	99	0
1880	13.5	75	33
1882	14.8	55	32
1883	14.8	99	0
1885	14.8	99	0
1886	14.8	99	0
1887	14.8	99	0
1889	14.8	99	0
1890	14.7	96	18
1892	18.1	99	0
1893	14.8	99	0
1895	14.7	99	0
1896	14.6	99	0
1897	13.4	76	27
1899	14.0	62	40
1900	14.7	99	0
1902	14.8	99	0
1903	14.8	99	0
1904	14.7	99	0
1906	14.8	99	0
1907	4.9	99	2
1909	14.8	92	29
1910	14.8	99	0
1911	14.6	99	0
1913	14.6	99	0
1914	14.7	99	0
1916	14.8	99	0
1917	13.2	99	0
1919	14.7	96	16
1920	14.8	99	0
1921	14.8	99	0
1923	14.8	99	0
1924	14.6	99	0
1926	14.1	66	44
1927	14.9	56	46
1928	14.7	99	0
1930	14.7	99	0
1931	14.8	99	0
1933	14.7	99	0
1934	14.7	99	0
1935	9.5	94	30
1937	16.9	92	28
1938	14.8	99	0
1940	14.7	99	0
1941	14.7	99	0
1942	14.8	99	0
1944	14.9	58	38
1945	14.6	99	0
1947	14.7	99	0
1948	14.8	99	0
1949	14.8	99	0
1951	14.6	99	0
1952	10.6	99	0
1954	14.9	91	52
1955	14.8	98	1
1956	14.4	99	0
1958	14.8	99	0
1959	14.8	99	0
1961	14.8	99	0
1962	14.7	99	0
1964	14.7	79	68
1965	14.8	97	9
1966	14.8	99	0
1968	14.6	99	0
1969	14.7	99	0
1971	14.9	62	53
1972	14.9	67	50
1973	14.5	99	0
1975	14.7	99	0
1976	14.9	99	0
1978	14.8	99	0
1979	14.7	99	0
1980	12.0	73	46
1982	14.8	92	24
1983	14.8	99	0
1985	14.8	99	0
1986	14.7	99	0
1987	14.3	58	55
1989	14.7	65	35
1990	14.6	99	0
1992	14.7	99	0
1993	14.8	99	0
1994	14.7	99	0
1996	14.6	99	0
1997	14.6	70	49
1999	14.8	93	20
2000	14.7	99	0
2001	14.8	99	0
2003	14.8	99	0
2004	14.8	99	0
2006	14.8	99	0
2007	14.6	72	52
2008	14.8	98	2
2010	14.8	99	0
2011	14.7	99	0
2013	14.7	99	0
2014	13.5	68	41
2016	14.4	67	52
2017	14.7	96	0
2018	14.7	99	0
2020	14.8	99	0
2021	14.8	99	0
2023	14.7	99	0
2024	13.8	81	49
2025	14.8	99	2
2027	14.8	99	0
2028	14.7	99	0
2030	14.7	99	0
2031	13.2	71	35
2032	14.0	69	55
2034	14.8	94	0
2035	14.8	99	0
2037	14.9	99	0
2038	14.8	99	0
2040	14.6	99	0
2041	13.6	78	38
2042	14.8	98	0
2044	14.8	99	0
2045	14.7	99	0
2047	14.8	99	0
2048	14.8	99	0
2049	14.8	99	0
2051	14.7	73	58
2052	14.7	99	0
2054	14.8	99	0
2055	14.8	99	0
2056	14.8	99	0
2058	13.9	69	43
2059	14.3	70	42
2061	14.7	96	0
2062	14.7	99	0
2063	14.8	99	0
2065	14.8	99	0
2066	14.8	99	0
2068	13.9	75	52
2069	14.8	82	43
2070	14.8	99	0
2072	14.7	99	0
2073	14.8	99	0
2075	14.3	69	39
2076	14.8	63	43
2077	14.7	92	0
2079	15.0	99	0
2080	14.8	99	0
2082	14.7	99	0
2083	14.8	99	0
2085	13.3	69	46
2086	14.7	76	46
2087	14.9	99	0
2089	14.7	99	0
2090	14.8	99	0
2092	14.8	99	0
2093	14.8	99	0
2094	14.8	74	50
2096	14.8	90	30
2097	14.8	99	0
2099	14.8	99	0
2100	14.8	99	0
2101	14.0	59	47
2103	14.4	80	35
2104	14.7	99	0
2106	14.8	99	0
2107	14.8	99	0
2108	14.8	99	0
2110	14.7	99	0
2111	14.4	76	50
2113	14.9	88	26
2114	14.8	99	0
2115	14.7	99	0
2117	14.8	99	0
2118	13.3	72	24
2120	14.8	67	21
2121	14.6	79	31
2122	14.8	99	0
2124	14.8	99	0
2125	14.7	99	0
2127	14.7	99	0
2128	14.0	82	25
2129	14.8	86	41
2131	14.7	99	0
2132	14.8	99	0
2134	14.6	99	0
2135	15.1	99	0
2136	14.7	99	0
2138	14.2	77	32
2139	14.7	91	24
2141	14.8	99	0
2142	14.8	99	0
2144	14.7	99	0
2145	14.2	81	25
2146	14.8	69	24
2148	14.8	86	22
2149	14.7	99	0
2151	14.6	99	0
2152	14.8	99	0
2153	14.7	99	0
2155	13.9	77	33
2156	14.8	97	3
2158	14.7	99	0
2159	14.7	99	0
2160	14.7	99	0
2162	13.6	85	20
2163	14.8	71	30
2165	14.6	92	10
2166	14.8	99	0
2167	14.8	99	0
2169	14.8	99	0
2170	14.7	99	0
2172	13.2	82	21
2173	14.3	86	20
2174	14.8	99	0
2176	14.8	99	0
2177	14.6	99	0
2179	14.8	99	0
2180	14.8	99	0
2182	14.2	81	31
2183	14.8	80	54
2184	14.8	99	0
2186	14.8	99	0
2187	14.7	99	0
2189	13.9	87	19
2190	15.0	65	36
2191	14.8	87	39
2193	14.7	99	0
2194	14.8	99	0
2196	14.8	99	0
2197	14.7	99	0
2198	13.5	84	28
2200	14.7	78	46
2201	14.8	99	0
2203	14.7	99	0
2204	14.7	99	0
2205	14.6	96	13
2207	14.9	65	30
2208	14.8	94	24
2210	14.7	99	0
2211	14.8	99	0
2212	14.8	99	0
2214	14.7	99	0
2215	13.6	93	9
2217	13.8	84	13
2218	14.8	89	18
2220	14.8	99	0
2221	14.7	99	0
2222	14.8	99	0
2224	14.7	99	0
2225	14.2	93	10
2227	14.7	91	36
2228	14.8	99	0
2229	14.7	99	0
2231	14.8	99	0
2232	14.9	94	2
2234	14.8	72	30
2235	14.7	81	45
2236	14.7	96	0
2238	14.7	99	0
2239	14.8	99	0
2241	14.8	99	0
2242	14.3	96	10
2243	14.8	71	65
2245	14.8	99	0
2246	14.8	99	0
2248	14.7	99	0
2249	14.8	99	0
2250	14.8	60	28
2252	14.2	81	48
2253	14.8	99	0
2255	15.0	99	0
2256	14.8	99	0
2258	14.8	99	0
2259	14.3	98	3
2260	14.0	73	23
2262	14.8	93	0
2263	14.7	99	0
2265	14.7	99	0
2266	14.8	99	0
2267	14.8	99	0
2269	14.7	95	13
2270	14.8	79	45
2272	14.8	99	0
2273	14.8	99	0
2274	14.8	99	0
2276	14.8	98	2
2277	15.0	60	22
2279	14.6	85	23
2280	14.6	99	0
2282	14.7	99	0
2283	14.8	99	0
2284	14.8	99	0
2286	14.5	98	9
2287	14.6	85	48
2289	14.8	99	0
2290	14.8	99	0
2291	14.7	99	0
2293	14.8	99	0
2294	14.0	58	4
2296	14.6	80	61
2297	14.8	99	0
2298	14.8	99	0
2300	14.8	99	0
2301	14.8	99	0
2303	14.4	99	3
2304	14.3	71	54
2305	14.8	99	0
2307	14.8	99	0
2308	14.6	99	0
2310	14.8	99	0
2311	14.8	99	0
2313	14.6	95	3
2314	14.6	70	62
2315	14.9	99	0
2317	14.9	99	0
2318	14.6	99	0
2320	14.7	99	0
2321	15.0	63	52
2322	14.7	92	26
2324	14.8	99	0
2325	14.7	99	0
2327	18.7	99	0
2328	14.9	99	0
2329	14.8	98	0
2331	14.0	79	43
2332	14.7	99	0
2334	14.8	99	0
2335	14.4	99	0
2337	14.8	99	0
2338	14.6	63	45
2339	14.6	87	52
2341	14.7	99	0
2342	14.8	99	0
2344	14.9	99	0
2345	14.8	99	0
2346	14.8	99	0
2348	14.5	70	48
2349	14.9	99	0
2351	14.9	99	0
2352	14.7	99	0
2353	14.8	99	0
2355	14.8	99	0
2356	14.5	98	9
2358	14.6	66	41
2359	14.8	95	9
2360	14.8	99	0
2362	14.7	99	0
2363	14.8	98	2
2365	14.8	63	37
2366	14.7	83	32
2367	14.7	99	0
2369	14.6	99	0
2370	14.8	99	0
2372	18.0	99	0
2373	14.6	94	10
2375	14.6	80	42
2376	14.8	99	0
2377	14.8	99	0
2379	14.7	99	0
2380	14.8	99	0
2382	14.5	65	29
2383	14.5	71	59
2384	14.7	99	0
2386	14.7	99	0
2387	14.8	99	0
2389	14.8	99	0
2390	14.6	98	2
2391	14.2	68	50
2393	14.8	98	11
2394	14.8	99	0
2396	14.6	99	0
2397	14.8	99	0
2399	14.8	99	0
2400	14.6	93	16
2401	14.6	67	44
2403	14.8	99	0
2404	14.8	99	0
2406	14.7	99	0
2407	15.0	97	6
2408	14.8	72	22
2410	14.8	79	59
2411	14.8	99	0
2413	14.7	99	0
2414	14.8	99	0
2415	14.9	99	0
2417	14.2	96	13
2418	14.8	78	59
2420	14.7	99	0
2421	14.8	99	0
2423	14.7	99	0
2424	14.8	99	1
2425	14.8	61	27
2427	14.7	80	33
2428	14.7	99	0
2430	14.8	99	0
2431	14.8	99	0
2432	14.9	99	0
2434	14.6	89	20
2435	14.4	90	25
2437	14.8	99	2
2438	14.8	99	0
2440	14.7	99	0
2441	14.7	99	0
2442	14.8	99	0
2444	14.8	88	26
2445	14.8	73	41
2447	15.6	99	0
2448	14.9	99	0
2449	14.8	99	0
2451	14.5	92	13
2452	14.9	68	20
2454	14.8	88	37
2455	14.8	99	0
2456	14.7	99	0
2458	14.8	99	0
2459	14.8	99	0
2461	14.7	92	22
2462	14.6	74	44
2463	14.9	99	0
2465	14.6	99	0
2466	14.7	99	0
2468	14.9	96	1
2469	14.3	62	38
2471	14.9	85	54
2472	14.8	93	12
2473	14.8	99	0
2475	14.8	99	0
2476	14.8	99	0
2478	14.3	93	16
2479	14.5	67	40
2480	14.8	99	0
2482	14.7	99	0
2483	14.6	99	0
2485	14.8	99	0
2486	14.8	99	0
2487	14.7	95	19
2489	14.7	77	40
2490	14.8	99	0
2492	16.2	99	0
2493	14.6	99	0
2494	14.5	94	11
2496	14.6	71	32
2497	14.8	86	51
2499	14.8	99	0
2500	14.7	99	0
2502	14.8	99	0
2503	14.8	99	0
2504	14.4	88	29
2506	14.7	67	46
2507	14.8	99	4
2509	14.7	99	0
2510	14.8	99	0
2511	14.9	97	9
2513	14.5	55	24
2514	14.8	75	0
2516	14.7	99	0
2517	14.8	99	0
2518	14.8	99	0
2520	14.8	99	0
2521	14.7	90	20
2523	14.8	64	49
2524	14.9	99	0
2525	14.7	99	0
2527	14.7	99	0
2528	14.8	99	0
2530	15.1	99	0
2531	14.4	88	16
2532	14.7	61	53
2534	14.8	99	0
2535	14.8	99	0
2537	17.5	99	0
2538	14.9	97	2
2539	14.7	60	37
2541	14.7	99	0
2542	14.6	99	0
2544	14.8	99	0
2545	14.8	99	0
2546	14.8	99	0
2548	14.4	99	7
2549	14.7	70	45
2551	14.9	99	0
2552	14.8	99	0
2554	14.8	99	0
2555	14.7	99	0
2556	13.3	47	8
2558	14.7	72	48
2559	14.7	99	0
2561	14.8	99	0
2562	14.8	99	0
2563	14.8	99	0
2565	14.0	99	0
2566	12.0	67	7
2568	14.8	99	9
2569	14.8	99	0
2570	14.7	99	0
2572	14.7	99	0
2573	14.7	99	0
2575	14.6	99	6
2576	14.6	59	48
2578	14.9	99	0
2579	14.8	99	0
2580	14.7	99	0
2582	18.0	99	0
2583	14.8	63	57
2585	14.7	99	0
2586	14.7	99	0
2587	14.6	99	0
2589	14.8	99	0
2590	14.9	99	0
2592	14.8	98	0
2593	14.6	59	50
2594	14.8	99	0
2596	14.8	99	0
2597	14.7	99	0
2599	14.8	99	0
2600	13.3	57	43
2601	14.6	94	14
2603	14.8	99	0
2604	14.9	99	0
2606	14.7	99	0
2607	14.7	99	0
2608	14.8	99	0
2610	15.0	66	43
2611	14.8	99	0
2613	14.8	99	0
2614	14.7	99	0
2615	14.8	99	0
2617	14.7	99	0
2618	14.8	99	0
2620	14.4	60	36
2621	14.8	94	19
2622	14.8	99	0
2624	14.7	99	0
2625	14.7	99	0
2627	15.9	60	47
2628	14.8	68	45
2630	14.7	99	0
2631	14.7	99	0
2632	14.8	99	0
2634	14.8	99	0
2635	14.7	99	0
2637	14.7	75	41
2638	14.8	99	0
2639	14.8	99	0
2641	14.8	99	0
2642	14.7	99	0
2644	13.3	58	34
2645	14.8	62	50
2646	14.7	99	0
2648	14.8	99	0
2649	14.8	99	0
2651	14.8	99	0
2652	14.6	99	0
2653	12.4	62	37
2655	14.7	82	30
2656	14.8	99	0
2658	14.8	99	0
2659	14.8	99	0
2660	14.8	99	0
2662	14.8	99	0
2663	14.3	48	12
2665	14.7	99	5
2666	14.8	99	0
2667	14.8	99	0
2669	14.7	99	0
2670	13.3	54	25
2672	15.9	76	48
2673	14.8	99	0
2674	14.7	99	0
2676	14.7	99	0
2677	14.8	99	0
2679	14.8	99	0
2680	14.5	67	50
2681	14.8	96	14
2683	14.8	99	0
2684	14.8	99	0
2686	14.8	99	0
2687	13.2	76	33
2688	14.8	76	32
2690	14.8	99	0
2691	14.7	99	0
2693	14.8	99	0
2694	14.9	99	0
2695	14.7	99	0
2697	14.8	66	44
2698	14.7	98	0
2700	14.8	99	0
2701	14.7	99	0
2703	14.8	99	0
2704	14.8	99	0
2705	14.7	99	0
2707	14.7	61	49
2708	14.8	99	0
2710	14.8	99	0
2711	14.9	99	0
2712	14.8	99	0
2714	13.2	61	52
2715	14.8	99	0
2717	17.0	99	0
2718	14.7	99	0
2719	14.8	99	0
2721	14.9	99	0
2722	14.7	99	0
2724	14.8	60	54
2725	14.8	81	27
2726	14.8	99	0
2728	14.8	99	0
2729	14.8	99	0
2731	13.6	71	43
2732	14.8	60	41
2733	14.8	99	0
2735	14.8	99	0
2736	14.8	99	0
2738	14.8	99	0
2739	14.8	99	0
2741	12.8	61	43
2742	14.7	77	35
2743	14.8	99	0
2745	14.8	99	0
2746	14.7	99	0
2748	14.7	99	0
2749	14.7	99	0
2750	14.7	68	51
2752	14.7	88	35
2753	14.8	99	0
2755	14.9	99	0
2756	14.7	99	0
2757	14.5	80	40
2759	14.8	73	54
2760	14.9	99	0
2762	14.6	99	0
2763	14.9	99	0
2764	14.9	99	0
2766	14.8	99	0
2767	14.0	59	43
2769	14.8	98	19
2770	14.8	99	0
2771	14.7	99	0
2773	14.8	99	0
2774	14.4	79	40
2776	14.8	58	41
2777	14.7	98	5
2778	14.6	99	0
2780	14.8	99	0
2781	14.8	99	0
2783	14.8	99	0
2784	13.4	87	20
2785	14.8	69	51
2787	14.7	99	0
2788	14.8	99	0
2790	14.7	99	0
2791	14.9	99	0
2793	14.9	99	0
2794	13.2	74	33
2795	14.8	88	26
2797	14.8	99	0
2798	14.9	99	0
2800	14.7	99	0
2801	14.3	79	27
2802	14.8	75	38
2804	14.7	99	0
2805	14.7	99	0
2807	17.7	99	0
2808	14.8	99	0
2809	14.8	99	0
2811	13.1	73	43
2812	14.8	94	26
2814	14.8	99	0
2815	14.7	99	0
2816	14.7	99	0
2818	14.1	85	24
2819	15.4	63	13
2821	14.7	99	3
2822	14.6	99	0
2823	14.8	99	0
2825	14.7	99	0
2826	14.8	99	0
2828	13.4	79	35
2829	14.8	66	53
2830	14.7	99	0
2832	14.8	99	0
2833	14.7	99	0
2835	14.8	99	0
2836	14.8	99	0
2837	13.7	79	40
2839	14.7	64	48
2840	14.8	99	0
2842	14.8	99	0
2843	14.7	99	0
2844	14.2	90	11
2846	15.0	63	35
2847	14.8	99	0
2849	14.8	99	0
2850	14.7	99	0
2851	14.9	99	0
2853	14.8	99	0
2854	13.3	78	35
2856	14.7	54	48
2857	14.8	99	0
2859	14.8	99	0
2860	14.7	99	0
2861	14.6	94	5
2863	14.8	49	25
2864	14.8	85	1
2866	14.7	99	0
2867	14.8	99	0
2868	14.8	99	0
2870	14.7	99	0
2871	13.7	97	14
2873	14.7	67	29
2874	14.8	98	0
2875	14.7	99	0
2877	14.6	99	0
2878	15.1	99	0
2880	14.8	99	0
2881	14.3	96	12
2882	14.8	63	47
2884	14.7	99	0
2885	14.8	99	0
2887	14.7	99	0
2888	14.7	99	0
2889	14.8	61	30
2891	14.8	93	21
2892	14.7	99	0
2894	14.8	99	0
2895	14.8	99	0
2896	14.9	99	0
2898	14.0	98	0
2899	14.7	71	42
2901	14.7	99	0
2902	14.8	99	0
2904	14.7	99	0
2905	14.8	99	0
2906	14.0	59	15
2908	14.8	74	64
2909	14.7	99	2
2911	14.7	99	0
2912	14.8	99	0
2913	14.6	99	0
2915	14.8	99	0
2916	14.8	69	36
2918	14.8	99	0
2919	14.7	99	0
2920	14.6	99	0
2922	14.8	99	0
2923	14.8	99	0
2925	14.5	99	6
2926	12.5	72	58
2927	14.8	99	0
2929	14.7	99	0
2930	14.7	99	0
2932	14.7	99	0
2933	14.0	63	47
2935	14.8	83	51
2936	14.7	99	0
2937	14.8	99	0
2939	14.8	99	0
2940	14.8	99	0
2942	14.1	99	0
2943	13.2	72	41
2944	14.8	99	0
2946	14.8	99	0
2947	14.8	99	0
2949	14.7	99	0
2950	14.0	62	49
2951	14.8	82	44
2953	14.6	99	0
2954	14.8	99	0
2956	14.8	99	0
2957	14.8	99	0
2958	14.9	98	11
2960	13.5	67	38
2961	14.8	99	0
2963	14.8	99	0
2964	14.7	99	0
2966	14.8	99	0
2967	14.8	99	0
2968	13.9	98	0
2970	14.3	89	29
2971	14.7	99	0
2973	14.8	99	0
2974	14.6	99	0
2976	14.7	97	1
2977	14.7	62	46
2978	14.8	86	47
2980	14.5	99	0
2981	14.7	99	0
2983	14.8	99	0
2984	14.8	99	0
2985	14.9	93	14
2987	14.1	72	30
2988	14.9	99	0
2990	14.7	99	0
2991	14.8	99	0
2992	14.7	99	0
2994	13.9	60	32
2995	14.7	84	46
2997	14.6	99	0
2998	14.8	99	0
2999	14.8	99	0
3001	15.0	99	0
3002	14.6	99	3
3004	14.9	75	41
3005	14.8	85	34
3007	14.8	99	0
3008	14.6	99	0
3009	14.7	99	0
3011	14.9	99	0
3012	14.8	99	0
3014	13.8	66	19
3015	14.7	84	28
3016	14.8	99	0
3018	14.8	99	0
3019	14.7	98	7
3021	15.0	63	37
3022	14.7	80	54
3023	14.5	99	0
3025	14.8	99	0
3026	14.8	99	0
3028	14.8	99	0
3029	14.6	95	10
3031	14.8	87	17
3032	14.8	90	24
3033	14.7	99	0
3035	14.8	99	0
3036	14.8	95	9
3038	14.5	64	23
3039	14.6	72	65
3040	14.7	99	0
3042	14.7	99	0
3043	14.7	99	0
3045	14.8	99	0
3046	14.5	94	13
3048	14.8	67	34
3049	14.8	95	15
3050	14.7	99	0
3052	14.6	99	0
3053	14.8	99	0
3055	14.8	99	0
3056	14.7	90	27
3057	14.7	70	59
3059	14.8	98	0
3060	15.0	99	0
3062	14.7	99	0
3063	14.5	92	3
3064	14.9	71	16
3066	14.8	84	36
3067	14.7	99	0
3069	14.7	99	0
3070	14.8	99	0
3071	14.8	99	0
3073	14.5	94	9
3074	12.6	83	1
3076	14.8	95	10
3077	14.8	99	0
3079	14.8	99	0
3080	14.8	96	6
3081	14.0	64	4
3083	14.8	73	41
3084	14.6	99	0
3086	14.6	99	0
3087	14.9	99	0
3088	14.8	99	0
3090	13.0	98	6
3091	14.0	70	38
3093	14.7	95	0
3094	14.7	99	0
3096	14.8	99	0
3097	14.8	99	0
3098	14.8	99	0
3100	14.4	96	12
3101	11.9	83	11
3103	14.7	96	12
3104	14.7	99	0
3105	14.8	99	0
3107	14.7	99	0
3108	14.0	68	34
3110	14.8	78	40
3111	14.7	99	0
3113	14.7	99	0
3114	14.8	99	0
3115	14.8	99	0
3117	13.2	96	0
3118	14.7	75	32
3120	15.1	94	16
3121	14.8	99	0
3122	14.7	99	0
3124	14.8	99	0
3125	14.0	70	27
3127	14.5	71	54
3128	14.8	94	0
3130	14.6	99	0
3131	14.8	99	0
3132	14.8	99	0
3134	14.6	99	0
3135	13.5	76	33
3137	14.9	98	6
3138	14.8	99	0
3139	14.6	99	0
3141	14.8	99	0
3142	14.7	99	0
3144	14.4	94	7
3145	14.5	70	44
3146	14.8	99	0
3148	14.7	99	0
3149	14.7	99	0
3151	14.8	95	0
3152	14.8	71	47
3154	14.7	86	49
3155	14.8	99	0
3156	14.8	99	0
3158	14.8	99	0
3159	14.8	99	0
3161	14.4	91	13
3162	13.9	76	38
3163	14.7	99	0
3165	14.8	99	0
3166	14.8	99	0
3168	14.9	94	2
3169	14.3	68	44
3170	14.8	84	30
3172	14.8	99	0
3173	14.8	99	0
3175	14.8	99	0
3176	14.8	99	0
3177	14.4	90	8
3179	13.3	73	37
3180	14.9	99	0
3182	17.5	99	0
3183	14.7	99	0
3185	14.8	99	0
3186	14.7	99	0
3187	14.0	84	29
3189	14.6	67	37
3190	14.7	99	0
3192	14.7	99	0
3193	14.7	99	0
3194	14.6	93	13
3196	14.9	68	38
3197	14.8	93	0
3199	14.7	99	0
3200	14.7	99	0
3201	14.8	99	0
3203	14.8	99	0
3204	13.9	81	33
3206	14.8	70	48
3207	14.8	98	20
3209	14.8	99	0
3210	14.8	99	0
3211	14.3	88	20
3213	14.9	67	47
3214	14.8	94	0
3216	14.8	99	0
3217	14.9	99	0
3218	14.7	99	0
3220	14.8	99	0
3221	14.0	76	35
3223	14.6	77	40
3224	14.8	94	23
3226	14.7	99	0
3227	14.7	99	0
3228	14.8	99	0
3230	14.7	99	0
3231	14.8	80	54
3233	14.7	78	42
3234	14.8	97	9
3235	14.8	99	0
3237	14.7	99	0
3238	14.0	79	33
3240	14.8	81	15
3241	14.7	82	55
3242	14.7	99	0
3244	14.7	99	0
3245	14.8	99	0
3247	14.8	99	0
3248	14.6	90	19
3249	14.6	82	17
3251	14.8	96	11
3252	14.7	99	0
3254	14.7	99	0
3255	14.5	90	12
3257	14.8	77	33
3258	14.8	79	59
3259	14.7	99	0
3261	14.8	99	0
3262	14.8	99	0
3264	14.7	99	0
3265	14.7	92	23
3266	13.4	73	5
3268	14.9	96	16
3269	14.8	99	0
3271	14.7	99	0
3272	14.8	99	0
3273	14.8	99	0
3275	14.6	89	33
3276	14.5	75	37
3278	15.0	99	0
3279	14.8	99	0
3281	14.7	99	0
3282	14.0	91	18
3283	14.9	72	15
3285	14.7	86	19
3286	14.7	99	0
3288	14.8	99	0
3289	14.8	99	0
3290	14.7	99	0
3292	14.8	91	26
3293	14.3	77	37
3295	14.8	98	3
3296	14.8	99	0
3297	14.7	99	0
3299	14.0	89	20
3300	14.8	80	17
3302	18.8	76	47
3303	14.7	99	0
3305	14.8	99	0
3306	14.8	99	0
3307	14.6	99	0
3309	14.8	89	32
3310	14.2	67	38
3312	14.8	99	0
3313	14.8	99	0
3314	14.7	99	0
3316	14.8	99	0
3317	14.8	99	0
3319	14.0	80	41
3320	14.5	70	49
3321	14.8	99	0
3323	14.8	99	0
3324	14.6	99	0
3326	14.7	88	25
3327	14.9	71	17
3328	14.6	91	28
3330	14.8	99	0
3331	14.8	99	0
3333	14.8	99	0
3334	14.8	99	0
3336	14.0	80	31
3337	14.8	70	54
3338	14.7	99	0
3340	14.6	99	0
3341	14.8	99	0
3343	14.0	85	24
3344	14.8	71	38
3345	14.7	86	36
3347	17.5	99	0
3348	14.7	99	0
3350	14.6	99	0
3351	14.6	99	0
3352	14.8	91	30
3354	11.8	71	32
3355	14.8	91	0
3357	14.7	99	0
3358	14.8	99	0
3359	14.7	99	0
3361	14.7	99	0
3362	14.8	88	23
3364	14.7	78	31
3365	14.7	91	26
3366	14.8	99	0
3368	14.7	99	0
3369	14.6	90	13
