Time(s)	CPU(%) GPU(%) LGPU(%)
0	0.1	0	0
2	0.0	0	0
3	0.0	0	0
5	0.1	0	0
6	0.0	0	0
7	0.0	0	0
9	0.1	0	0
10	0.0	0	0
12	0.0	0	0
13	0.0	0	0
15	0.0	0	0
16	0.0	0	0
18	0.0	0	0
19	0.0	0	0
21	0.0	0	0
22	0.0	0	0
24	0.0	0	0
25	0.0	0	0
27	0.1	0	0
28	0.1	0	0
30	0.0	0	0
31	0.0	0	0
32	0.0	0	0
34	0.0	0	0
35	0.0	0	0
37	0.0	0	0
38	0.0	0	0
40	0.0	0	0
41	0.0	0	0
43	0.1	0	0
44	0.0	0	0
46	0.0	0	0
47	0.0	0	0
49	0.0	0	0
50	0.3	0	0
52	0.0	0	0
53	0.0	0	0
55	0.0	0	0
56	0.0	0	0
57	0.1	0	0
59	0.1	0	0
60	0.0	0	0
62	0.0	0	0
63	0.0	0	0
65	0.0	0	0
66	0.1	0	0
68	0.1	0	0
69	0.0	0	0
71	0.0	0	0
72	0.0	0	0
74	0.0	0	0
75	0.1	0	0
77	0.0	0	0
78	0.1	0	0
79	0.1	0	0
81	0.0	0	0
82	0.0	0	0
84	0.0	0	0
85	0.0	0	0
87	0.0	0	0
88	0.0	0	0
90	0.0	0	0
91	0.0	0	0
93	0.0	0	0
94	0.0	0	0
96	0.0	0	0
97	0.1	0	0
98	0.1	0	0
100	0.0	0	0
101	0.1	0	0
103	0.1	0	0
104	0.1	0	0
106	0.0	0	0
107	0.0	0	0
109	4.8	0	0
110	0.0	0	0
112	0.1	0	0
113	0.1	0	0
115	0.1	0	0
116	0.0	0	0
118	0.1	0	0
119	0.0	0	0
121	0.1	0	0
122	0.0	0	0
124	0.0	0	0
125	0.1	0	0
127	0.0	0	0
128	0.1	0	0
129	7.2	0	0
131	4.3	0	0
132	6.5	0	0
134	3.6	0	0
135	4.2	0	0
137	8.2	0	0
138	1.4	0	0
140	0.0	0	0
141	0.0	0	0
142	0.0	0	0
144	0.0	0	0
145	0.1	0	0
147	0.0	0	0
148	0.1	0	0
150	0.0	0	0
151	0.0	0	0
152	0.0	0	0
154	8.2	0	0
155	0.0	0	0
157	0.0	0	0
158	0.1	0	0
160	0.0	0	0
161	0.0	0	0
162	0.0	0	0
164	0.0	0	0
165	0.0	0	0
167	0.0	0	0
168	0.0	0	0
170	0.2	0	0
171	0.0	0	0
172	0.0	0	0
174	0.1	0	0
175	0.7	0	0
177	2.0	0	0
178	0.0	0	0
180	0.3	5	0
182	1.8	20	7
183	2.1	6	1
184	3.2	0	0
186	3.1	0	0
187	3.1	0	0
188	3.1	0	0
190	3.2	0	0
191	3.1	0	0
193	3.2	0	0
194	3.1	0	0
196	3.1	0	0
197	3.1	0	0
198	3.1	0	0
200	3.2	0	0
201	3.2	0	0
203	3.1	0	0
204	3.1	0	0
205	3.1	0	0
207	3.2	0	0
208	3.1	0	0
210	3.1	0	0
211	3.1	0	0
212	3.1	0	0
214	6.4	0	0
215	3.1	0	0
217	3.0	0	0
218	3.1	0	0
219	3.1	0	0
221	3.1	0	0
222	3.1	0	0
224	3.1	0	0
225	3.2	0	0
226	3.1	0	0
228	3.1	0	0
229	3.1	0	0
231	3.1	0	0
232	3.1	0	0
233	3.2	0	0
235	3.1	0	0
236	3.1	0	0
238	3.1	0	0
239	3.2	0	0
240	3.2	0	0
242	3.2	0	0
243	3.1	0	0
245	3.1	0	0
246	3.1	0	0
247	3.2	0	0
249	3.1	0	0
250	3.2	0	0
252	3.1	0	0
253	3.1	0	0
254	8.3	19	7
256	12.4	3	0
257	12.2	0	0
259	12.4	0	0
260	12.4	0	0
261	12.3	0	0
263	14.7	48	34
264	12.5	11	4
266	12.2	0	0
267	12.3	0	0
269	12.5	0	0
270	12.5	0	0
271	13.1	9	0
273	14.7	79	13
274	12.5	53	21
276	12.5	0	0
277	12.4	0	0
278	12.9	6	0
280	14.8	77	0
281	13.3	56	22
283	12.4	73	3
284	12.4	12	2
285	12.5	0	0
287	12.5	0	0
288	14.0	24	0
290	15.0	91	0
291	14.6	77	31
293	14.8	81	28
294	12.5	75	2
295	12.3	0	0
297	12.5	0	0
298	14.4	51	0
300	14.7	99	0
301	14.7	99	0
302	14.6	61	32
304	17.9	91	2
305	14.3	60	33
307	14.8	98	0
308	14.7	99	0
309	14.8	85	35
311	14.7	83	30
312	14.8	99	0
314	12.4	82	3
315	14.8	52	12
317	14.8	99	0
318	14.8	99	0
319	14.8	94	1
321	14.7	82	19
322	14.7	99	0
324	14.8	99	0
325	14.7	79	48
326	14.5	99	0
328	13.9	67	50
329	14.8	99	0
331	14.8	99	0
332	14.8	99	0
333	14.7	87	12
335	14.8	99	0
336	14.8	99	0
338	13.2	79	21
339	14.7	77	31
341	14.7	99	0
342	14.7	99	0
343	13.4	79	33
345	14.8	95	0
346	14.9	99	0
348	14.7	99	0
349	14.7	74	54
350	14.8	99	0
352	14.8	99	0
353	14.6	99	0
355	14.7	71	50
356	14.9	79	29
357	14.9	81	26
359	14.8	99	0
360	14.7	99	0
362	14.8	99	0
363	14.8	80	35
365	14.6	99	0
366	14.5	99	0
367	13.5	58	29
369	14.7	83	0
370	14.7	99	0
372	14.7	99	0
373	14.9	97	10
374	14.9	82	45
376	14.7	92	19
377	14.7	99	0
379	14.8	99	0
380	14.8	99	0
381	14.8	99	0
383	14.7	81	22
384	14.4	84	39
386	14.8	74	48
387	14.7	99	0
388	14.7	99	0
390	14.8	99	0
391	14.8	99	0
393	15.0	98	3
394	14.8	74	28
395	15.0	79	49
397	14.7	70	12
398	14.8	99	0
400	14.7	99	0
401	14.8	99	0
403	14.7	99	0
404	14.7	99	0
405	14.1	85	20
407	14.8	70	4
408	14.7	95	0
410	14.7	99	0
411	14.9	99	0
412	14.6	92	15
414	14.8	91	6
415	14.0	64	37
417	14.8	91	0
418	14.7	99	0
420	14.8	99	0
421	14.7	99	0
423	14.1	87	18
424	13.9	62	48
426	14.7	99	0
428	14.8	99	0
429	14.7	99	0
431	14.7	99	0
432	14.8	82	42
434	14.0	64	38
435	14.7	84	0
436	14.7	99	0
438	14.8	99	0
439	14.8	99	0
441	14.8	99	0
442	14.7	97	1
443	14.9	84	26
445	14.7	64	31
446	14.7	99	0
448	14.8	99	0
449	14.7	99	0
451	14.8	99	0
452	14.8	99	0
453	14.0	88	24
455	13.3	71	41
456	14.9	91	0
458	14.8	99	0
459	14.8	99	0
460	14.8	99	0
462	14.6	94	9
463	14.7	91	21
465	14.8	73	34
466	14.8	98	0
467	14.7	99	0
469	14.8	99	0
470	14.8	99	0
472	14.7	99	0
473	14.8	80	64
475	13.8	62	51
476	14.8	80	0
477	14.8	99	0
479	14.8	99	0
480	14.7	99	0
482	14.8	79	48
483	14.0	67	53
484	14.7	90	0
486	14.7	99	0
487	14.8	99	0
489	14.7	99	0
490	14.8	99	0
492	14.6	99	0
493	14.8	83	43
494	14.1	63	40
496	14.7	83	0
497	14.7	99	0
499	14.8	99	0
500	14.7	99	0
501	14.8	99	0
503	14.8	99	0
504	14.7	95	23
506	14.0	63	49
507	14.8	75	0
508	14.6	99	0
510	14.8	99	0
511	14.8	99	0
513	14.8	78	47
514	14.8	78	35
515	14.8	99	0
517	14.8	99	0
518	14.8	99	0
520	14.8	99	0
521	14.8	99	0
522	14.7	98	0
524	14.9	80	44
525	14.7	92	0
527	14.8	99	0
528	14.8	99	0
529	14.7	99	0
531	14.8	99	0
532	15.1	81	32
534	14.4	66	26
535	14.7	91	0
536	14.7	99	0
538	14.8	99	0
539	14.8	99	0
541	14.6	99	0
542	14.9	98	1
543	14.8	96	0
545	14.7	69	57
546	14.7	99	0
548	14.8	99	0
549	14.8	99	0
550	14.6	99	0
552	14.8	99	0
553	14.8	99	0
555	13.6	71	51
556	14.8	72	19
557	14.8	99	0
559	17.4	99	0
560	14.7	99	0
562	14.6	99	0
563	14.8	79	48
565	14.0	60	28
566	14.8	89	0
567	14.7	99	0
569	14.7	99	0
570	14.9	99	0
571	14.7	99	0
573	14.8	99	0
574	14.8	87	36
576	14.1	63	31
577	14.7	89	0
579	14.8	99	0
580	14.7	99	0
581	14.9	99	0
583	14.8	85	27
584	14.7	71	50
586	14.8	99	0
587	14.7	99	0
588	14.7	99	0
590	14.7	99	0
591	14.7	99	0
593	14.8	99	0
594	14.7	76	52
595	14.8	76	0
597	14.7	99	0
598	14.8	99	0
600	14.8	99	0
601	14.7	99	0
602	14.7	99	0
604	17.8	99	0
605	15.0	82	58
607	14.8	69	19
608	14.8	96	0
609	14.9	99	0
611	14.7	99	0
612	14.8	99	0
614	15.1	76	41
615	14.8	69	29
616	14.8	99	0
618	14.7	99	0
619	14.8	99	0
621	14.8	99	0
622	14.5	99	0
623	12.4	99	0
625	14.7	82	45
626	14.7	80	0
628	14.8	99	0
629	14.7	99	0
630	14.8	99	0
632	14.9	99	0
633	15.1	83	8
635	14.8	72	22
636	14.8	95	0
637	14.7	99	0
639	14.7	99	0
640	14.8	99	0
642	14.8	99	0
643	14.0	85	26
644	13.5	70	52
646	14.8	70	0
647	14.8	99	0
649	14.8	99	0
650	14.8	99	0
651	12.4	99	0
653	12.0	99	0
654	12.2	85	38
656	13.9	73	49
657	14.9	91	0
659	14.8	99	0
660	14.7	99	0
661	14.7	99	0
663	14.0	76	36
664	13.5	63	18
666	14.7	92	0
667	14.8	99	0
668	14.8	99	0
670	14.8	99	0
671	13.2	99	0
673	7.8	99	0
674	12.0	89	38
675	14.0	66	0
677	14.8	86	0
678	14.6	99	0
680	14.8	99	0
681	14.8	99	0
682	14.6	80	46
684	13.7	68	54
685	14.8	99	0
687	14.7	99	0
688	14.7	99	0
689	14.8	99	0
691	14.8	99	0
692	14.8	99	0
694	9.7	86	34
695	14.7	81	38
696	14.8	99	0
698	14.8	99	0
699	14.7	99	0
701	12.4	99	0
702	6.3	99	0
703	6.3	99	0
705	8.6	93	26
706	14.8	88	0
708	14.7	99	0
709	14.8	99	0
710	14.6	99	0
712	14.8	99	0
713	14.1	85	23
715	14.4	81	32
716	14.7	78	22
718	14.8	99	0
719	14.8	99	0
720	14.7	99	0
722	11.8	99	0
723	5.5	99	0
725	13.4	93	16
726	14.8	78	9
727	14.8	99	0
729	14.7	99	0
730	14.8	99	0
732	14.8	99	0
733	14.7	99	4
734	14.4	73	51
736	14.8	93	0
737	14.8	99	0
739	14.6	99	0
740	14.7	99	0
741	14.8	99	0
743	14.8	99	0
744	6.9	96	10
746	13.9	69	27
747	15.0	85	0
749	14.9	99	0
750	14.8	99	0
751	14.4	99	0
753	5.5	99	0
754	5.5	99	0
756	14.8	89	36
757	14.8	96	12
758	14.8	99	0
760	14.7	99	0
761	14.8	99	0
763	14.8	99	0
764	14.8	79	47
765	13.9	67	44
767	14.7	86	0
768	14.8	99	0
770	14.8	99	0
771	14.7	99	0
772	7.0	99	0
774	11.4	98	11
775	14.8	85	0
777	14.8	99	0
778	14.5	99	0
780	14.8	99	0
781	14.8	99	0
782	14.6	99	4
784	18.4	71	37
785	14.7	92	0
787	14.7	99	0
788	14.8	99	0
789	14.8	99	0
791	14.9	99	0
792	14.8	99	0
794	6.7	99	0
795	14.4	81	27
796	14.7	99	0
798	14.8	99	0
799	14.8	99	0
801	14.7	99	0
802	5.5	99	0
803	5.5	99	0
805	5.4	99	4
806	14.4	79	25
808	15.0	99	0
809	14.6	99	0
810	14.6	99	0
812	14.7	99	0
813	14.9	79	45
815	14.0	70	42
816	14.8	85	0
817	14.8	99	0
819	14.8	99	0
820	14.7	99	0
822	13.9	99	0
823	12.9	93	24
824	14.7	83	0
826	14.8	99	0
827	14.7	99	0
829	14.8	99	0
830	14.8	97	4
831	14.8	81	51
833	14.8	85	9
834	14.8	99	0
836	14.8	99	0
837	14.7	99	0
838	14.8	99	0
840	14.8	99	0
841	14.9	90	49
843	14.8	70	44
844	14.7	98	0
845	14.8	99	0
847	14.8	99	0
848	14.7	99	0
850	7.3	99	0
851	13.9	83	22
852	14.8	99	0
854	14.7	99	0
855	14.7	99	0
857	14.7	99	0
858	14.9	78	48
859	14.0	63	38
861	14.7	92	0
862	14.8	99	0
864	14.8	99	0
865	14.7	99	0
866	14.7	99	0
868	12.4	92	27
869	14.8	78	0
871	14.8	99	0
872	14.7	99	0
874	14.8	99	0
875	14.5	93	15
876	14.7	99	0
878	13.8	76	54
879	14.8	82	10
881	14.8	99	0
882	14.7	99	0
883	14.8	99	0
885	14.9	93	5
886	14.7	84	48
888	14.1	68	34
889	14.7	90	0
890	14.7	99	0
892	14.7	99	0
893	14.7	99	0
895	8.2	99	0
896	14.8	82	18
897	14.8	99	0
899	14.8	99	0
900	14.7	99	0
902	14.8	99	0
903	14.9	79	53
904	14.7	71	33
906	14.8	99	0
907	14.8	99	0
909	14.8	99	0
910	14.8	99	0
911	14.6	99	0
913	11.9	91	23
914	14.8	77	0
916	14.8	99	0
917	14.7	99	0
918	14.8	99	0
920	14.6	92	10
921	14.8	99	0
923	14.2	66	48
924	14.7	91	0
925	14.9	99	0
927	14.7	99	0
928	14.7	99	0
930	14.9	96	3
931	14.8	76	54
933	14.7	63	7
934	14.8	94	0
935	14.9	99	0
937	14.8	99	0
938	14.8	99	0
940	7.8	99	0
941	14.8	87	12
942	14.7	99	0
944	14.6	99	0
945	14.8	99	0
947	14.8	99	0
948	14.3	93	9
949	14.9	88	33
951	14.8	81	32
952	14.8	99	0
954	14.8	99	0
955	14.7	99	0
956	14.7	99	0
958	12.7	94	19
959	14.8	79	15
961	14.7	99	0
962	14.6	99	0
963	14.8	99	0
965	14.8	95	13
966	14.7	86	23
968	13.5	80	49
969	14.8	75	2
970	14.8	99	0
972	14.7	99	0
973	14.8	99	0
975	14.9	99	0
976	14.9	83	24
977	13.9	62	35
979	16.8	87	0
980	14.8	99	0
982	14.8	99	0
983	14.8	99	0
984	9.1	99	2
986	14.8	93	13
987	14.9	99	0
989	14.8	99	0
990	14.7	99	0
991	14.8	99	0
993	15.1	78	51
994	14.7	77	34
996	14.6	99	0
997	14.8	99	0
998	14.8	99	0
1000	14.7	99	0
1001	14.3	99	0
1003	7.3	96	14
1004	14.0	71	26
1005	14.7	88	0
1007	14.7	99	0
1008	14.8	99	0
1010	15.1	96	3
1011	14.7	88	25
1012	13.7	64	58
1014	14.7	83	0
1015	14.8	99	0
1017	14.7	99	0
1019	14.7	99	0
1020	14.8	83	25
1022	14.0	66	45
1023	14.7	85	0
1025	14.7	99	0
1026	14.8	99	0
1027	14.8	99	0
1029	14.7	99	0
1030	14.1	76	47
1032	14.8	98	0
1033	15.0	99	0
1034	14.7	99	0
1036	14.7	99	0
1037	15.0	74	50
1039	13.9	75	42
1040	14.7	78	2
1041	14.8	99	0
1043	14.9	99	0
1044	14.7	99	0
1046	14.7	99	0
1047	8.3	84	49
1048	14.0	68	7
1050	14.8	92	0
1051	14.7	99	0
1053	14.8	99	0
1054	14.7	85	26
1055	14.8	82	51
1057	14.8	70	37
1058	14.7	99	0
1060	14.8	99	0
1061	14.8	99	0
1062	14.7	99	0
1064	14.5	95	12
1065	14.8	91	16
1067	13.8	60	38
1068	14.7	86	0
1069	14.8	99	0
1071	14.8	99	0
1072	14.7	99	0
1074	14.5	94	14
1075	13.9	76	50
1076	14.8	99	0
1078	14.8	99	0
1079	14.8	99	0
1081	14.6	97	6
1082	14.9	78	52
1083	13.9	63	11
1085	14.7	93	0
1086	14.8	99	0
1088	14.8	99	0
1089	14.7	99	0
1090	13.6	99	0
1092	8.0	89	31
1093	14.1	68	0
1095	14.9	97	0
1096	14.8	99	0
1097	14.6	99	0
1099	15.2	80	43
1100	14.9	93	24
1102	14.6	87	14
1103	14.7	99	0
1105	14.8	99	0
1106	14.7	99	0
1107	14.7	99	0
1109	14.0	88	18
1110	14.8	77	26
1112	13.7	71	25
1113	14.7	90	0
1114	14.8	99	0
1116	14.8	99	0
1117	14.7	99	0
1119	10.2	99	0
1120	8.3	92	31
1121	14.7	79	0
1123	14.8	99	0
1124	14.7	99	0
1126	14.7	99	0
1127	14.9	97	8
1128	15.0	88	32
1130	13.8	68	50
1131	14.8	99	0
1133	14.8	99	0
1134	14.8	99	0
1135	14.7	99	0
1137	11.4	99	0
1138	13.9	80	59
1140	14.8	79	0
1141	14.7	99	0
1143	14.7	99	0
1144	14.8	99	0
1145	15.0	95	1
1147	14.7	88	14
1148	14.8	70	53
1150	14.9	99	0
1151	14.8	99	0
1152	14.8	99	0
1154	14.7	99	0
1155	14.9	99	0
1157	15.0	82	28
1158	14.0	62	50
1159	14.8	99	0
1161	14.8	99	0
1162	14.8	99	0
1164	14.8	99	0
1165	7.0	99	0
1166	13.9	74	38
1168	14.7	92	0
1169	14.7	99	0
1171	14.8	99	0
1172	14.6	99	0
1173	14.7	75	44
1175	14.0	70	47
1176	14.8	88	7
1178	14.8	99	0
1179	14.8	99	0
1180	14.8	99	0
1182	14.6	99	0
1183	12.6	96	14
1185	14.8	73	0
1186	14.8	99	0
1187	14.7	99	0
1189	16.4	99	0
1190	14.6	88	25
1192	14.8	79	48
1193	14.6	76	24
1194	14.8	99	0
1196	14.8	99	0
1197	14.8	99	0
1199	14.5	99	0
1200	14.2	87	17
1201	14.7	85	53
1203	13.9	67	32
1204	14.8	99	0
1206	14.8	99	0
1207	14.8	99	0
1208	14.8	99	0
1210	9.5	96	7
1211	14.8	82	22
1213	14.8	99	0
1214	14.7	99	0
1215	14.7	99	0
1217	14.7	99	0
1218	14.8	75	43
1220	13.9	73	60
1221	14.8	78	13
1223	14.8	99	0
1224	14.8	99	0
1225	14.8	99	0
1227	14.0	99	0
1228	7.9	95	17
1230	14.8	90	9
1231	14.8	99	0
1232	14.8	99	0
1234	16.2	99	0
1235	14.8	99	0
1237	14.6	70	46
1238	13.9	71	55
1239	14.8	77	0
1241	14.7	99	0
1242	14.7	99	0
1244	14.5	99	0
1245	14.8	99	0
1246	14.8	82	25
1248	13.8	72	47
1249	14.8	86	0
1251	14.8	99	0
1252	14.8	99	0
1253	14.7	99	0
1255	12.2	99	0
1256	8.2	88	48
1258	14.8	94	10
1259	14.9	99	0
1260	14.7	99	0
1262	14.6	99	0
1263	14.1	85	31
1265	14.8	83	33
1266	14.2	72	53
1267	14.8	99	0
1269	14.9	99	0
1270	14.8	99	0
1272	14.8	99	0
1273	13.9	92	23
1274	14.8	82	42
1276	14.7	99	0
1277	14.8	99	0
1279	14.6	99	0
1280	14.4	93	14
1281	14.9	89	36
1283	14.0	69	50
1284	14.7	99	0
1286	14.8	99	0
1287	14.7	99	0
1288	14.7	99	0
1290	14.8	99	0
1291	14.8	77	45
1293	14.2	80	47
1294	14.8	70	18
1295	14.7	99	0
1297	14.8	99	0
1298	14.8	99	0
1300	13.1	99	0
1301	5.5	99	0
1302	14.8	75	20
1304	14.8	97	0
1305	14.5	99	0
1307	14.8	99	0
1308	14.8	99	0
1309	14.9	80	38
1311	14.0	77	50
1312	14.7	94	0
1314	14.8	99	0
1315	14.8	99	0
1316	14.8	99	0
1318	14.8	99	0
1319	12.5	85	52
1321	14.8	76	0
1322	14.8	96	0
1324	14.5	99	0
1325	14.8	99	0
1326	14.1	79	29
1328	14.6	80	44
1329	14.6	91	0
1331	15.1	99	0
1332	14.8	99	0
1333	14.8	99	0
1335	14.8	99	0
1336	14.3	89	20
1338	15.0	83	29
1339	14.7	69	32
1340	14.7	99	0
1342	14.8	99	0
1343	14.8	99	0
1345	14.7	99	0
1346	8.2	99	0
1347	14.0	74	56
1349	14.9	92	0
1350	14.8	99	0
1352	14.8	99	0
1353	14.8	99	0
1354	14.4	88	13
1356	14.9	81	35
1357	14.6	87	0
1359	14.8	99	0
1360	14.8	99	0
1361	14.7	99	0
1363	14.7	99	0
1364	5.8	99	0
1366	7.9	91	32
1367	14.2	72	25
1368	14.7	99	0
1370	14.8	99	0
1371	14.7	99	0
1373	14.0	85	27
1374	14.6	76	43
1376	14.5	78	0
1377	14.7	99	0
1378	14.8	99	0
1380	14.7	99	0
1381	14.8	99	0
1383	14.2	81	42
1384	14.9	83	33
1385	13.8	62	0
1387	14.7	97	0
1388	14.8	99	0
1390	14.8	99	0
1391	14.8	99	0
1392	11.0	99	0
1394	14.0	83	29
1395	14.7	89	7
1397	14.9	99	0
1398	14.8	99	0
1399	14.7	99	0
1401	14.8	75	52
1402	13.7	74	45
1404	14.8	82	0
1405	14.7	99	0
1406	14.8	99	0
1408	14.7	99	0
1409	14.7	99	0
1411	14.0	79	65
1412	14.8	74	2
1413	14.7	99	0
1415	14.6	99	0
1416	14.8	99	0
1418	14.7	94	11
1419	15.1	81	41
1420	14.7	86	0
1422	14.8	99	0
1423	14.9	99	0
1425	14.7	99	0
1426	14.7	99	0
1427	14.8	99	0
1429	18.6	97	10
1430	8.1	92	25
1432	13.9	71	10
1433	14.7	92	0
1434	14.8	99	0
1436	14.6	99	0
1437	12.4	99	0
1439	5.5	99	0
1440	14.0	86	27
1441	14.8	99	0
1443	14.8	99	0
1444	14.7	99	0
1446	14.6	99	0
1447	14.1	91	13
1448	14.8	99	0
1450	14.0	72	59
1451	14.7	99	0
1453	14.8	99	0
1454	14.8	99	0
1456	14.7	99	0
1457	7.6	97	6
1458	14.0	68	0
1460	14.8	95	0
1461	14.8	99	0
1463	14.6	99	0
1464	14.8	99	0
1465	14.7	78	40
1467	13.8	68	58
1468	14.7	85	0
1470	14.8	99	0
1471	14.8	99	0
1472	14.7	99	0
1474	17.2	99	0
1475	14.8	99	0
1477	13.6	82	31
1478	13.9	76	38
1479	14.8	99	0
1481	14.8	99	0
1482	14.7	99	0
1484	13.9	99	0
1485	5.6	99	0
1486	7.8	90	33
1488	14.8	77	18
1489	14.8	97	0
1491	14.9	99	0
1492	14.7	99	0
1493	14.1	88	21
1495	15.0	84	30
1496	14.6	72	0
1498	14.7	99	0
1499	14.8	99	0
1500	14.8	99	0
1502	14.7	99	0
1503	12.5	99	0
1505	5.4	98	0
1506	14.1	75	27
1507	14.8	99	0
1509	14.7	99	0
1510	14.6	99	0
1512	14.8	99	0
1513	14.8	83	37
1514	13.9	70	26
1516	14.7	86	0
1517	14.8	99	0
1519	14.8	99	0
1520	14.7	99	0
1521	14.7	99	0
1523	14.9	77	48
1524	14.7	63	3
1526	14.8	99	0
1527	14.7	99	0
1528	14.8	99	0
1530	14.7	99	0
1531	14.0	99	0
1533	13.5	87	35
1534	14.7	83	16
1535	14.9	99	0
1537	14.7	99	0
1538	14.7	99	0
1540	14.8	99	0
1541	14.8	83	37
1542	13.7	78	55
1544	14.7	89	0
1545	14.8	99	0
1547	14.8	99	0
1548	14.7	99	0
1549	10.5	99	0
1551	8.0	92	27
1552	14.8	71	0
1554	14.8	99	0
1555	14.8	99	0
1556	14.7	99	0
1558	14.8	99	0
1559	15.0	87	20
1561	14.6	73	17
1562	14.8	97	0
1564	14.9	99	0
1565	14.8	99	0
1566	14.8	99	0
1568	14.8	99	0
1569	14.9	99	0
1571	13.0	92	22
1572	14.8	80	21
1573	15.1	99	0
1575	14.8	99	0
1576	14.8	99	0
1578	11.5	99	0
1579	4.8	99	0
1580	14.5	74	17
1582	14.8	97	0
1583	14.5	99	0
1585	14.7	99	0
1586	14.8	99	0
1587	14.8	99	0
1589	14.5	95	15
1590	13.9	71	33
1592	14.7	94	0
1593	14.7	99	0
1594	14.6	99	0
1596	14.7	99	0
1597	4.7	99	0
1599	4.7	99	0
1600	7.6	98	9
1601	14.8	75	0
1603	14.9	99	0
1604	14.7	99	0
1606	14.7	99	0
1607	14.8	99	0
1608	14.7	82	29
1610	13.9	74	57
1611	14.8	99	0
1613	14.8	99	0
1614	14.6	99	0
1615	14.7	99	0
1617	14.8	99	0
1619	14.8	78	48
1620	13.9	64	45
1622	14.6	95	0
1623	14.8	99	0
1625	14.7	99	0
1626	14.7	99	0
1628	4.7	99	0
1630	14.8	79	13
1631	14.7	99	0
1632	14.7	99	0
1634	14.7	99	0
1635	14.8	99	0
1637	14.9	72	43
1638	14.6	73	36
1640	14.8	99	0
1641	14.8	99	0
1642	14.8	99	0
1644	14.8	99	0
1645	12.9	99	0
1647	14.0	84	16
1648	14.8	84	0
1649	14.8	99	0
1651	14.6	99	0
1652	14.8	99	0
1654	14.8	99	6
1655	13.3	64	47
1656	14.7	95	0
1658	14.9	99	0
1659	14.8	99	0
1661	14.7	99	0
1662	14.7	99	0
1663	14.8	99	0
1665	14.9	76	38
1666	14.7	83	0
1668	14.7	99	0
1669	14.8	99	0
1670	14.9	99	0
1672	14.8	99	0
1673	6.1	99	0
1675	13.9	89	15
1676	14.7	81	0
1677	14.8	99	0
1679	14.9	99	0
1680	14.7	99	0
1682	14.5	92	7
1683	13.9	71	48
1684	14.7	90	0
1686	14.7	99	0
1687	14.8	99	0
1689	14.8	99	0
1690	14.8	99	0
1691	9.4	92	23
1693	14.1	69	26
1694	14.8	99	0
1696	14.8	99	0
1697	14.3	99	0
1699	14.8	99	0
1700	14.0	73	50
1701	14.6	79	0
1703	14.7	99	0
1704	14.8	99	0
1706	14.7	99	0
1707	14.8	99	0
1708	14.7	99	0
1710	14.1	75	48
1711	14.8	69	0
1713	14.8	99	0
1714	14.9	99	0
1715	14.8	99	0
1717	14.7	99	0
1718	11.1	99	0
1720	13.9	89	16
1721	14.8	89	4
1722	14.8	99	0
1724	14.7	99	0
1725	14.7	99	0
1727	14.8	99	0
1728	14.8	76	55
1729	14.6	71	27
1731	14.7	99	0
1732	14.8	99	0
1734	14.7	99	0
1735	14.7	99	0
1736	7.2	99	0
1738	14.8	79	13
1739	14.8	99	0
1741	14.8	99	0
1742	14.6	99	0
1743	14.8	99	0
1745	14.9	82	35
1746	13.9	68	46
1748	14.7	91	0
1749	14.8	99	0
1750	14.8	99	0
1752	14.7	99	0
1753	14.8	99	0
1755	14.9	83	26
1756	14.8	68	52
1757	14.7	99	0
1759	17.2	99	0
1760	14.8	99	0
1762	14.7	99	0
1763	12.6	99	0
1764	14.0	78	58
1766	14.8	88	6
1767	14.7	99	0
1769	14.8	99	0
1770	14.8	99	0
1772	14.4	83	32
1773	14.1	59	41
1774	14.8	93	0
1776	14.7	99	0
1777	14.8	99	0
1779	14.7	99	0
1780	14.7	99	0
1781	9.4	90	38
1783	14.3	68	14
1784	14.8	91	0
1786	14.8	99	0
1787	14.6	99	0
1788	14.8	99	0
1790	14.4	73	58
1791	14.7	79	0
1793	14.8	99	0
1794	14.8	99	0
1795	14.7	99	0
1797	14.7	99	0
1798	14.8	99	0
1800	14.6	92	16
1801	14.1	85	46
1803	14.7	95	0
1804	16.6	99	0
1805	14.8	99	0
1807	14.7	99	0
1808	11.3	99	0
1810	4.7	99	0
1811	13.8	88	12
1812	14.7	78	0
1814	14.7	99	0
1815	14.7	99	0
1817	14.7	99	0
1818	14.8	98	0
1819	14.7	86	31
1821	14.8	78	19
1822	15.1	99	0
1824	14.8	99	0
1825	14.8	99	0
1826	14.8	99	0
1828	8.7	98	10
1829	14.5	68	0
1831	14.8	99	0
1832	14.7	99	0
1833	14.7	99	0
1835	14.8	99	0
1836	14.8	75	49
1838	14.6	66	25
1839	14.9	97	0
1840	14.8	99	0
1842	14.5	99	0
1843	14.8	99	0
1845	14.8	99	0
1846	14.5	89	11
1848	14.1	83	24
1849	14.7	79	17
1850	14.8	99	0
1852	14.8	99	0
1853	14.7	99	0
1855	10.1	99	0
1856	4.7	99	0
1857	13.9	80	15
1859	14.7	85	0
1860	14.7	99	0
1862	14.7	99	0
1863	14.7	99	0
1864	14.8	99	0
1866	15.1	74	50
1867	14.7	96	0
1869	14.8	99	0
1870	14.8	99	0
1872	14.7	99	0
1873	14.8	99	0
1874	5.1	99	0
1876	14.1	82	13
1877	14.8	82	0
1879	14.8	99	0
1880	14.7	99	0
1881	14.8	99	0
1883	14.4	81	33
1884	14.0	53	18
1886	14.7	98	0
1887	14.9	99	0
1888	14.8	99	0
1890	14.8	99	0
1891	14.8	99	0
1893	14.9	98	1
1894	14.2	76	47
1895	14.6	72	13
1897	14.8	98	0
1898	14.8	99	0
1900	14.8	99	0
1901	14.2	99	0
1902	4.7	99	0
1904	13.8	88	11
1905	14.7	99	0
1907	14.8	99	0
1908	14.7	99	0
1910	14.7	99	0
1911	14.1	87	20
1912	14.8	81	55
1914	14.8	78	7
1915	14.7	99	0
1917	14.8	99	0
1918	14.7	99	0
1920	14.7	99	0
1921	4.9	99	0
1922	14.0	75	18
1924	17.3	90	0
1925	14.5	99	0
1927	14.7	99	0
1928	14.8	99	0
1929	14.8	76	50
1931	13.3	75	38
1932	14.7	99	0
1934	14.7	99	0
1935	14.8	99	0
1936	15.0	99	0
1938	14.7	99	0
1939	14.0	83	30
1941	12.8	61	25
1942	14.8	71	12
1943	14.7	99	0
1945	14.8	99	0
1946	14.7	99	0
1948	14.1	99	0
1949	4.8	99	1
1951	14.2	71	13
1952	14.7	93	0
1953	14.8	99	0
1955	14.7	99	0
1956	14.8	99	0
1958	14.8	99	0
1959	14.1	84	34
1960	14.7	84	0
1962	14.8	99	0
1963	14.9	99	0
1965	14.7	99	0
1966	14.3	99	0
1967	4.7	99	0
1969	16.2	85	11
1970	14.9	93	0
1972	14.8	99	0
1973	14.7	99	0
1974	14.9	99	0
1976	14.0	88	13
1977	14.8	84	52
1979	14.7	89	5
1980	14.8	99	0
1981	14.8	99	0
1983	14.7	99	0
1984	14.8	99	0
1986	14.8	99	0
1987	14.6	81	37
1989	14.7	87	35
1990	14.8	99	0
1991	14.8	99	0
1993	14.7	99	0
1994	14.8	99	0
1996	6.0	99	0
1997	14.6	83	12
1998	14.8	99	0
2000	14.6	99	0
2001	14.8	99	0
2003	14.8	99	0
2004	14.9	81	41
2005	14.0	44	32
2007	14.7	95	0
2008	14.8	99	0
2010	14.8	99	0
2011	14.7	99	0
2012	14.6	99	0
2014	18.0	83	26
2015	14.8	86	0
2017	14.6	99	0
2018	14.8	99	0
2019	14.7	99	0
2021	14.8	99	0
2022	12.9	72	21
2024	14.8	84	0
2025	14.8	99	0
2026	14.9	99	0
2028	14.7	99	0
2029	14.6	99	0
2031	14.8	99	0
2032	14.8	78	48
2033	13.8	55	47
2035	14.8	91	0
2036	14.8	99	0
2038	14.8	99	0
2039	14.7	99	0
2040	7.1	99	0
2042	13.9	93	12
2043	14.0	66	0
2045	14.8	93	0
2046	14.7	99	0
2048	14.7	99	0
2049	14.8	99	0
2050	14.1	80	34
2052	13.7	78	36
2053	14.7	83	26
2055	14.8	99	0
2056	14.8	99	0
2057	14.7	99	0
2059	11.7	99	0
2060	4.7	99	0
2062	14.8	77	15
2063	14.9	98	0
2064	14.7	99	0
2066	14.7	99	0
2067	14.8	99	0
2069	14.9	81	44
2070	14.0	61	54
2071	14.7	99	0
2073	14.8	99	0
2074	14.7	99	0
2076	14.7	99	0
2077	14.8	99	0
2078	14.8	99	0
2080	13.4	78	37
2081	14.7	97	0
2083	14.8	99	0
2084	14.9	99	0
2085	14.7	99	0
2087	13.5	99	0
2088	4.7	99	0
2090	4.7	99	2
2091	14.8	85	10
2093	14.8	99	0
2094	14.8	99	0
2095	14.6	99	0
2097	14.7	99	0
2098	14.8	73	42
2100	13.9	64	60
2101	14.7	87	0
2102	14.8	99	0
2104	16.6	99	0
2105	14.8	99	0
2107	14.7	99	0
2108	13.9	94	12
2109	14.8	78	0
2111	14.7	99	0
2112	14.7	99	0
2114	14.8	99	0
2115	14.8	99	0
2116	14.7	85	21
2118	14.8	78	23
2119	14.8	99	0
2121	15.1	99	0
2122	14.8	99	0
2123	14.8	99	0
2125	14.8	99	0
2126	14.4	72	29
2128	14.8	67	43
2129	14.7	97	0
2130	14.8	99	0
2132	14.8	99	0
2133	14.7	99	0
2135	7.2	99	0
2136	14.0	92	12
2137	14.8	96	0
2139	14.8	99	0
2140	14.8	99	0
2142	14.7	99	0
2143	14.7	99	0
2145	14.9	72	54
2146	14.8	69	36
2147	14.7	99	0
2149	18.3	99	0
2150	14.8	99	0
2152	14.5	99	0
2153	4.9	99	0
2154	10.0	97	19
2156	14.7	80	10
2157	14.7	99	0
2159	14.6	99	0
2160	14.7	99	0
2161	14.8	99	0
2163	14.4	68	38
2164	14.6	96	0
2166	14.8	99	0
2167	14.8	99	0
2168	14.7	99	0
2170	14.7	99	0
2171	14.8	99	0
2173	14.6	71	36
2174	14.0	59	28
2175	14.7	99	0
2177	14.8	99	0
2178	15.0	99	0
2180	14.8	99	0
2181	11.4	99	0
2183	14.8	84	20
2184	14.7	98	0
2185	14.7	99	0
2187	14.7	99	0
2188	14.8	99	0
2190	14.8	96	9
2191	12.5	66	40
2192	14.8	97	0
2194	18.9	99	0
2195	14.8	99	0
2197	14.7	99	0
2198	14.7	99	0
2199	4.7	99	0
2201	13.8	94	13
2202	14.8	89	0
2204	14.7	99	0
2205	14.6	99	0
2206	14.9	99	0
2208	14.8	99	0
2209	14.6	78	34
2211	13.9	54	39
2212	14.8	92	0
2213	14.8	99	0
2215	14.6	99	0
2216	14.7	99	0
2218	14.9	99	0
2220	13.9	75	36
2221	14.7	79	0
2223	14.7	99	0
2224	14.9	99	0
2226	14.6	99	0
2227	10.2	99	0
2229	5.2	95	11
2230	14.8	96	0
2232	14.8	99	0
2233	14.7	99	0
2235	14.8	99	0
2236	14.8	99	0
2237	14.2	89	16
2239	16.9	63	48
2240	14.7	99	0
2242	14.8	99	0
2243	14.7	99	0
2244	14.7	99	0
2246	9.0	99	0
2247	5.8	98	12
2249	14.7	75	7
2250	14.7	93	0
2252	14.7	99	0
2253	14.6	99	0
2254	14.8	99	0
2256	14.6	83	32
2257	14.4	79	40
2259	14.8	99	0
2260	14.8	99	0
2261	14.6	99	0
2263	14.6	99	0
2264	14.8	99	0
2266	14.1	76	37
2267	13.8	69	35
2268	14.6	90	0
2270	14.8	99	0
2271	14.8	99	0
2273	14.7	99	0
2274	9.3	99	0
2275	12.3	94	15
2277	14.7	86	11
2278	14.9	99	0
2280	14.7	99	0
2281	14.7	99	0
2283	14.9	99	0
2284	15.0	77	51
2285	13.7	66	29
2287	14.7	96	0
2288	14.8	99	0
2290	14.8	99	0
2291	14.8	99	0
2292	10.4	99	0
2294	14.3	84	11
2295	14.8	99	0
2297	14.6	99	0
2298	14.8	99	0
2299	14.8	99	0
2301	14.5	73	45
2302	14.7	86	24
2304	14.7	99	0
2305	14.8	99	0
2306	14.8	99	0
2308	14.7	99	0
2309	14.7	99	0
2311	14.0	85	26
2312	13.4	66	19
2314	14.7	90	0
2315	14.5	99	0
2316	14.8	99	0
2318	14.7	99	0
2319	14.1	99	0
2321	4.7	99	0
2322	14.8	90	12
2323	14.8	99	0
2325	14.7	99	0
2326	14.8	99	0
2328	14.8	99	0
2329	14.5	71	47
2330	14.6	63	20
2332	14.7	96	0
2333	14.8	99	0
2335	14.8	99	0
2336	14.7	99	0
2338	14.7	99	0
2339	4.8	98	2
2340	14.8	71	0
2342	14.8	99	0
2343	14.8	99	0
2345	14.7	99	0
2346	14.8	99	0
2347	14.8	80	41
2349	13.8	68	29
2350	14.7	99	0
2352	14.8	99	0
2353	14.7	99	0
2354	14.7	99	0
2356	14.8	99	0
2357	14.2	88	24
2359	13.0	71	36
2360	14.8	87	8
2361	14.7	99	0
2363	14.7	99	0
2364	14.8	99	0
2366	11.6	99	0
2367	4.7	99	0
2369	14.8	79	16
2370	14.8	95	0
2371	14.6	99	0
2373	14.8	99	0
2374	14.8	99	0
2376	15.0	73	39
2377	14.4	62	33
2378	14.7	99	0
2380	14.8	99	0
2381	15.0	99	0
2383	14.6	99	0
2384	14.7	99	0
2385	14.0	72	33
2387	14.8	89	0
2388	14.7	99	0
2390	14.7	99	0
2391	14.8	99	0
2392	14.8	79	53
2394	14.6	63	51
2395	14.7	99	0
2397	14.8	99	0
2398	14.8	99	0
2400	14.8	99	0
2401	14.6	99	0
2402	14.8	75	31
2404	17.3	59	32
2405	14.7	99	0
2407	14.7	99	0
2408	14.7	99	0
2409	14.7	99	0
2411	14.6	99	0
2412	5.2	98	3
2414	14.8	84	16
2415	14.8	99	0
2416	14.9	99	0
2418	14.6	99	0
2419	14.9	99	0
2421	15.0	81	39
2422	14.4	65	41
2423	14.7	99	0
2425	14.8	99	0
2426	14.8	99	0
2428	14.7	99	0
2429	13.8	99	0
2431	14.0	78	16
2432	14.8	88	0
