Time(s) CPU(%)  GPU(%)  Mem(GB) tps     DRd(kB/s)       Dwt(kB/s)
0s      0.1     0       11      0.00    0.00           1592.00
5s      0.1     0       11      0.00    0.00           0.00
9s      0.2     0       11      0.00    0.00           0.00
13s     1.2     0       11      39.00   0.00           4.00
18s     4.4     0       11      0.00    16884.00               0.00
22s     2.7     0       14      0.00    0.00           0.00
27s     8.4     0       17      6487.00 2035280.00             0.00
31s     3.4     0       30      8209.00 2024864.00             0.00
35s     11.6    0       40      8212.00 2035004.00             776.00
40s     7.6     0       45      8234.00 2041800.00             972.00
44s     17.8    0       51      8376.00 2035984.00             8.00
49s     6.4     0       50      8383.00 1525016.00             0.00
53s     1.9     75      48      1848.00 2039604.00             0.00
57s     36.9    95      50      8718.00 2040444.00             264.00
62s     22.7    100     52      8956.00 2032140.00             0.00
67s     20.3    100     53      9656.00 2028684.00             324.00
71s     23.4    93      55      10234.00        2027404.00             208.00
76s     26.0    100     53      10781.00        2017536.00             116.00
81s     34.8    100     53      11436.00        2013068.00             0.00
85s     14.5    100     53      5714.00 982292.00              0.00
90s     13.7    82      53      8569.00 2015108.00             0.00
95s     28.9    88      59      11682.00        2021036.00             20.00
99s     23.0    100     57      12430.00        2020736.00             8.00
104s    37.6    100     57      10927.00        2020528.00             0.00
108s    22.5    99      56      11760.00        2019780.00             0.00
113s    25.7    98      56      11916.00        2026800.00             0.00
118s    25.2    90      57      12370.00        2015756.00             16.00
122s    11.6    100     53      2852.00 241240.00              0.00
127s    15.0    100     54      12261.00        2011400.00             0.00
131s    18.6    100     58      12295.00        2003732.00             0.00
136s    21.9    99      56      12583.00        2014404.00             0.00
141s    20.2    100     59      11114.00        2022532.00             0.00
146s    24.3    99      60      10958.00        2023276.00             0.00
150s    21.6    99      60      11792.00        2017524.00             0.00
155s    19.7    99      60      11177.00        85236.00               0.00
160s    11.6    100     57      2435.00 12680.00               0.00
164s    16.4    100     60      11409.00        2019668.00             0.00
169s    25.4    100     60      11474.00        2021168.00             0.00
173s    23.5    100     61      12284.00        2023172.00             0.00
178s    14.1    100     59      11308.00        2018968.00             0.00
183s    21.4    98      60      10551.00        2018828.00             0.00
188s    27.7    100     62      10012.00        2027608.00             0.00
193s    23.0    100     61      1244.00 526180.00              0.00
198s    10.3    100     58      9520.00 2023496.00             0.00
202s    19.1    99      62      10521.00        2032712.00             0.00
207s    31.4    99      62      9657.00 2020668.00             0.00
212s    20.8    100     61      10805.00        2021480.00             0.00
217s    36.6    99      63      10770.00        2026316.00             0.00
221s    21.2    99      61      10722.00        2020712.00             0.00
226s    28.7    99      62      9961.00 1857412.00             0.00
231s    13.4    96      60      1219.00 355100.00              0.00
235s    20.5    100     60      9950.00 2033740.00             0.00
240s    18.5    100     62      10161.00        2026836.00             64.00
245s    15.1    99      60      9949.00 2039528.00             56.00
249s    24.4    97      64      9200.00 2029904.00             0.00
254s    16.9    99      62      9618.00 2028928.00             0.00
259s    20.5    100     60      9646.00 2027028.00             0.00
264s    24.0    100     62      50.00   814668.00              0.00
269s    16.0    99      60      4080.00 2036704.00             0.00
273s    23.2    100     60      9566.00 2033828.00             0.00
278s    23.6    98      61      9526.00 2031636.00             0.00
283s    23.4    100     63      9269.00 2038788.00             0.00
287s    22.2    99      63      9043.00 2031448.00             0.00
292s    20.3    100     61      8966.00 2030644.00             0.00
297s    23.4    99      63      9126.00 2044688.00             0.00
302s    12.9    99      60      53.47   528196.00              0.00
306s    18.1    96      62      8949.00 2028612.00             0.00
311s    12.8    94      61      9105.00 2029048.00             0.00
316s    26.5    99      63      8827.00 2035228.00             0.00
321s    17.4    100     61      9145.00 2034732.00             0.00
325s    20.1    100     62      9121.00 2030968.00             0.00
330s    12.5    100     62      9332.00 2033352.00             0.00
335s    5.8     87      64      731.00  35216.00               0.00
339s    2.7     87      64      144.00  409616.00              0.00
344s    5.0     87      64      464.36  50944.00               0.00
348s    3.2     87      64      486.00  23112.00               0.00
353s    3.9     87      64      257.00  24484.00               0.00
357s    3.2     87      64      194.00  19588.00               0.00
361s    3.7     87      64      211.00  24096.00               0.00
366s    3.3     87      64      753.00  19788.00               0.00
370s    3.8     87      64      1152.00 1839836.00             0.00
375s    4.7     12      17      467.00  717848.00              0.00
379s    3.2     12      18      1628.00 2017398.02             0.00
383s    11.3    12      19      6718.00 1647896.00             0.00
388s    9.4     12      19      2944.00 0.00           0.00
465s    9.4     0       13      1304.00 44788.00               0.00
470s    0.1     2       15      1125.00 375052.00              116.00
475s    6.0     0       26      8171.00 2032136.00             660.00
480s    15.6    0       34      8263.00 2030296.00             468.00
484s    3.4     0       34      1527.00 1501472.00             0.00
489s    6.2     0       35      2056.00 2036424.00             0.00
493s    23.0    95      41      8349.00 2033480.00             660.00
498s    27.0    92      40      8523.00 2030728.00             0.00
503s    28.6    95      41      8644.00 2031744.00             0.00
507s    23.5    100     42      8976.00 2031032.00             0.00
512s    25.4    97      40      9529.00 2020332.00             0.00
517s    28.6    100     42      9938.00 2026968.00             16.00
521s    10.2    100     39      1384.00 287592.00              0.00
526s    16.1    85      40      10736.00        2023916.00             0.00
531s    28.5    100     43      11327.00        2012572.00             0.00
535s    34.9    100     43      10537.00        2026376.00             0.00
540s    15.8    99      42      10420.00        2020748.00             0.00
545s    25.5    99      44      11003.00        2017636.00             0.00
550s    26.6    90      44      10804.00        2029344.00             0.00
554s    32.4    100     43      9821.00 507096.00              0.00
559s    11.3    99      42      1490.00 289220.00              0.00
564s    25.0    100     46      10283.00        2023232.00             0.00
568s    28.9    100     46      10403.00        2023508.00             0.00
573s    25.3    99      43      10201.00        2028240.00             0.00
578s    30.2    98      45      9862.00 2023916.00             0.00
582s    21.9    98      45      10032.00        2020584.00             0.00
587s    20.8    100     46      10736.00        2026100.00             0.00
591s    25.9    99      46      1352.00 494928.00              0.00
596s    15.8    92      44      3958.00 2026412.00             0.00
601s    20.8    100     48      10396.00        2017676.00             0.00
605s    24.6    99      45      10329.00        2019216.00             0.00
610s    24.4    99      46      10738.61        2019664.00             0.00
615s    22.2    99      46      10184.00        2025172.00             0.00
619s    18.9    86      48      9288.00 2028700.00             0.00
624s    28.6    98      45      8955.00 2030908.00             0.00
628s    12.9    92      43      1857.00 288516.00              0.00
633s    13.6    91      44      8976.00 2033096.00             0.00
639s    25.2    100     46      8925.00 2027052.00             0.00
643s    19.7    99      46      8680.00 2037536.00             0.00
648s    19.0    98      47      8560.00 2028324.00             0.00
653s    25.4    99      46      8890.00 2031348.00             0.00
657s    24.6    97      46      9130.00 2026788.00             0.00
662s    17.3    99      46      5698.00 119248.00              0.00
667s    11.1    87      44      1149.00 526224.00              0.00
671s    16.3    100     46      8901.00 2014236.00             0.00
676s    6.1     87      47      462.00  95592.00               0.00
680s    5.7     87      47      480.00  37912.00               0.00
684s    6.2     87      47      7683.00 2034408.00             0.00
689s    31.2    98      47      8807.00 2027684.00             0.00
694s    23.7    100     47      8767.00 2029800.00             0.00
698s    22.4    99      46      2226.00 278628.00              0.00
703s    12.3    87      43      708.00  1252108.00             0.00
707s    19.6    100     47      8947.00 2024648.00             0.00
712s    23.7    99      47      8706.00 2041816.00             0.00
717s    23.1    95      46      8920.00 2031144.00             0.00
722s    25.7    97      45      8929.00 2039320.00             0.00
727s    21.0    99      45      9144.00 2042164.00             0.00
732s    24.9    98      47      9117.00 1283644.00             0.00
737s    18.4    96      45      56.00   1535604.00             0.00
743s    20.7    93      46      9230.69 2019211.88             0.00
748s    20.2    100     46      9384.00 2036844.00             0.00
754s    16.0    99      47      9092.00 2044276.00             0.00
760s    19.2    99      46      9140.00 2062420.00             0.00
767s    26.6    99      46      8840.00 2031344.00             0.00
773s    13.8    99      44      1234.00 542120.00              0.00
779s    16.6    100     46      9110.00 2037716.00             0.00
784s    28.8    98      45      8821.00 2040368.00             0.00
789s    18.6    99      45      9049.00 2052236.00             0.00
794s    21.3    99      45      8745.00 2027884.00             0.00
799s    17.6    99      44      8745.00 2041856.00             0.00
805s    34.3    99      46      50.00   769736.00              0.00
811s    16.0    99      44      4095.00 2043428.00             0.00
816s    22.4    93      47      8532.00 2029352.00             0.00
822s    22.8    94      46      8400.00 2044500.00             0.00
827s    20.1    88      45      8831.00 2039628.00             0.00
832s    22.1    100     45      8699.00 2032984.00             0.00
837s    33.1    100     45      9073.00 2043164.00             0.00
842s    18.5    99      45      2141.00 353324.00              0.00
852s    23.4    95      47      9127.00 2048780.00             0.00
856s    20.0    98      46      9037.00 2031708.00             0.00
863s    26.1    98      47      9051.00 2042252.00             0.00
869s    28.3    96      47      9122.00 2026592.00             0.00
875s    24.6    97      47      6338.00 13900.00               0.00
882s    9.9     100     45      1447.00 427912.00              0.00
886s    24.0    87      46      8947.00 2041616.00             0.00
890s    20.7    100     46      8694.00 2039240.00             0.00
896s    23.8    99      46      8625.00 2038572.00             0.00
902s    22.7    85      48      8677.00 2042604.00             0.00
907s    19.8    96      45      8791.00 2038420.00             0.00
913s    14.8    100     45      62.00   524136.00              0.00
918s    18.9    87      44      6234.00 2037940.00             0.00
923s    23.9    100     45      8692.00 2036120.00             0.00
928s    20.3    100     47      8664.00 2029748.00             0.00
934s    18.8    99      47      9016.00 2039800.00             0.00
939s    27.7    100     46      8721.00 2046348.00             0.00
944s    25.4    98      46      8983.00 2038316.00             0.00
950s    19.6    95      45      2445.00 265936.00              0.00
956s    12.6    100     45      9080.00 2050296.00             0.00
962s    22.6    99      48      8845.00 2042616.00             0.00
968s    27.3    88      47      8863.00 2032952.00             0.00
973s    20.0    93      45      8871.00 2027328.00             0.00
979s    18.2    99      46      8756.00 2044020.00             0.00
984s    19.8    94      47      1212.00 527188.00              0.00
995s    26.5    99      46      8884.00 2032908.00             0.00
1000s   24.8    98      47      8729.00 2044112.00             0.00
1006s   21.4    96      47      8751.00 2034020.00             0.00
1012s   23.9    100     46      8637.00 2038400.00             0.00
1017s   20.2    87      45      8571.00 2038776.00             0.00
1023s   14.5    95      44      2350.00 18852.00               0.00
1029s   20.7    100     46      8620.00 2052156.00             0.00
1033s   22.4    100     47      8819.00 2028400.00             0.00




