Time(s)	CPU(%) GPU(%) LGPU(%)
0	1.1	0	0
2	1.2	0	0
3	1.5	0	0
5	4.4	0	0
6	4.4	0	0
8	0.1	0	0
10	18.5	4	0
12	51.1	20	0
15	52.0	53	0
17	54.7	54	0
19	52.1	53	0
22	51.1	54	0
24	49.9	53	0
27	50.5	53	0
29	48.0	54	0
31	56.2	54	0
33	51.0	51	0
35	49.9	54	0
38	53.8	54	0
40	49.9	54	0
42	48.2	54	0
45	49.8	53	0
47	50.6	54	0
49	52.6	54	0
52	47.8	54	0
54	53.2	53	0
56	51.5	54	0
59	52.9	53	0
61	50.5	54	0
64	14.9	42	0
66	45.8	37	0
68	54.7	54	0
71	50.0	53	0
73	47.0	53	0
75	49.7	54	0
78	50.8	54	0
80	53.1	53	0
82	50.5	53	0
85	51.9	54	0
87	51.6	54	0
89	52.8	54	0
92	45.7	54	0
94	46.1	53	0
97	54.5	54	0
99	51.9	50	0
101	53.0	45	0
102	51.6	54	0
105	49.2	54	0
107	50.7	54	0
110	51.7	54	0
112	53.2	54	0
114	54.4	53	0
117	51.1	54	0
119	52.9	53	0
122	51.8	54	0
124	47.9	54	0
126	49.1	53	0
129	47.8	54	0
131	54.6	54	0
134	52.0	53	0
136	51.7	54	0
138	55.2	42	0
140	55.6	41	0
142	53.3	53	0
144	51.1	54	0
147	50.5	54	0
149	47.8	54	0
152	49.8	54	0
154	53.0	54	0
156	53.8	54	0
159	51.3	54	0
161	50.2	55	0
163	50.2	54	0
166	57.4	54	0
168	54.1	53	0
171	53.9	50	0
173	54.4	51	0
175	52.3	54	0
178	48.7	54	0
180	53.1	54	0
182	48.6	55	0
184	46.7	54	0
187	47.3	54	0
189	52.8	54	0
191	52.6	53	0
194	51.9	54	0
196	53.9	54	0
198	50.5	52	0
201	53.7	54	0
203	49.6	53	0
205	52.5	53	0
207	48.0	48	0
209	50.8	44	0
211	56.3	54	0
214	51.6	53	0
216	50.5	53	0
219	51.0	54	0
221	49.4	53	0
223	50.7	54	0
226	47.7	55	0
228	47.6	53	0
231	53.2	54	0
233	49.4	53	0
235	48.6	54	0
238	48.7	53	0
240	49.3	53	0
242	51.1	54	0
245	50.1	54	0
246	46.8	53	0
249	50.7	54	0
252	49.3	54	0
254	52.3	54	0
256	48.4	54	0
259	51.4	54	0
261	51.4	53	0
264	53.9	54	0
266	50.0	54	0
268	52.2	54	0
271	50.3	54	0
273	55.0	53	0
276	52.5	54	0
278	50.7	51	0
280	54.9	51	0
282	51.6	50	0
284	49.5	53	0
287	51.5	53	0
289	53.9	53	0
291	47.7	54	0
294	53.0	53	0
296	52.9	53	0
298	50.5	54	0
301	50.6	54	0
303	47.2	55	0
306	51.0	54	0
308	49.3	54	0
310	52.1	54	0
313	27.4	42	0
315	52.6	53	0
317	54.8	52	0
320	50.3	54	0
322	51.4	54	0
324	52.8	54	0
326	53.8	54	0
329	48.5	54	0
331	50.3	54	0
334	51.2	54	0
336	50.7	54	0
338	50.4	54	0
341	48.1	54	0
343	52.9	54	0
346	50.6	54	0
348	52.9	53	0
351	52.9	47	0
353	52.3	53	0
355	52.5	53	0
358	46.3	54	0
360	48.2	53	0
363	49.3	54	0
365	47.6	54	0
367	52.0	54	0
370	56.5	54	0
372	53.9	54	0
374	50.9	54	0
377	53.8	54	0
379	47.3	54	0
381	49.9	54	0
384	53.4	45	0
386	50.2	47	0
389	52.2	54	0
391	51.9	54	0
393	49.1	53	0
396	52.8	54	0
398	49.5	53	0
401	53.9	54	0
403	51.5	53	0
405	49.5	54	0
408	51.0	54	0
410	52.4	53	0
413	48.5	54	0
415	53.3	54	0
417	52.1	54	0
420	52.1	53	0
422	53.3	50	0
424	52.8	55	0
427	48.6	54	0
429	46.8	54	0
431	53.0	54	0
434	52.8	54	0
436	54.7	54	0
438	53.1	54	0
441	47.3	54	0
443	50.9	54	0
446	51.8	54	0
448	51.8	54	0
450	49.4	54	0
453	52.2	54	0
455	54.0	53	0
457	52.3	45	0
459	54.0	45	0
462	49.2	54	0
464	51.7	54	0
466	50.5	53	0
469	45.2	54	0
471	50.3	54	0
473	52.9	53	0
476	49.0	54	0
478	54.2	53	0
480	47.7	54	0
482	52.3	53	0
485	52.6	53	0
487	50.7	54	0
489	52.1	54	0
491	52.3	55	0
493	53.1	51	0
495	51.6	54	0
498	47.6	54	0
500	49.6	54	0
502	46.5	54	0
505	49.9	54	0
507	51.0	53	0
510	51.6	54	0
512	48.0	54	0
514	52.8	53	0
517	55.1	54	0
519	54.9	53	0
522	48.0	54	0
524	52.6	54	0
526	48.5	54	0
529	57.1	54	0
531	49.1	54	0
533	52.3	54	0
536	56.0	54	0
538	49.6	54	0
540	47.9	54	0
543	51.7	54	0
545	52.5	54	0
548	51.2	54	0
550	49.0	53	0
552	50.4	54	0
555	50.3	54	0
557	52.0	54	0
559	52.0	54	0
562	52.9	48	0
564	51.0	53	0
566	52.3	55	0
569	46.8	54	0
571	49.0	54	0
573	53.5	53	0
576	51.7	53	0
578	49.3	54	0
580	52.6	55	0
583	52.2	54	0
585	52.6	54	0
587	53.7	53	0
590	52.6	54	0
592	53.8	54	0
594	50.8	54	0
597	45.0	53	0
599	51.1	54	0
601	52.7	54	0
604	47.2	54	0
606	53.9	54	0
609	48.0	54	0
611	55.2	54	0
613	55.1	53	0
616	50.6	54	0
618	50.2	54	0
620	50.9	53	0
623	50.5	54	0
625	52.1	54	0
628	46.3	54	0
630	51.3	54	0
632	27.0	42	0
634	45.4	54	0
637	53.3	54	0
639	48.3	55	0
642	53.0	53	0
644	50.0	54	0
646	48.5	53	0
649	52.6	54	0
651	47.6	54	0
654	54.0	54	0
656	50.3	53	0
659	53.2	54	0
661	53.4	54	0
663	46.4	54	0
666	53.9	54	0
668	50.4	54	0
671	53.1	54	0
673	53.6	41	0
675	54.4	54	0
677	50.0	54	0
679	52.1	54	0
682	48.9	54	0
684	52.9	54	0
687	51.2	54	0
689	50.0	55	0
691	50.8	53	0
694	51.6	54	0
696	57.1	54	0
699	52.5	54	0
701	53.0	54	0
703	43.9	44	0
705	48.8	44	0
707	54.3	41	0
708	51.6	54	0
711	49.5	54	0
713	47.5	54	0
715	54.9	54	0
718	47.7	54	0
720	49.4	54	0
722	51.4	53	0
725	53.1	54	0
727	50.0	54	0
729	48.6	55	0
732	53.0	54	0
734	52.3	54	0
736	51.9	53	0
739	24.8	51	0
741	52.0	53	0
743	43.8	39	0
746	52.5	54	0
748	49.3	54	0
751	49.3	54	0
753	52.0	54	0
755	51.8	53	0
758	48.6	54	0
760	46.7	53	0
763	49.4	54	0
765	49.2	54	0
767	50.1	54	0
770	49.8	54	0
772	50.9	54	0
775	23.1	46	0
777	55.8	54	0
779	53.6	54	0
782	45.3	54	0
784	52.3	53	0
786	53.2	54	0
789	53.3	54	0
791	49.3	54	0
793	51.7	54	0
795	48.8	54	0
798	51.6	54	0
