Time(s)	CPU(%) GPU(%) LGPU(%)
0	0.2	0	0
2	0.0	0	0
4	0.1	0	0
5	0.0	0	0
7	0.0	0	0
8	0.0	0	0
10	0.1	0	0
11	0.1	0	0
13	0.0	0	0
15	0.0	0	0
16	0.0	0	0
18	0.0	0	0
19	0.0	0	0
21	0.0	0	0
22	0.0	0	0
24	0.1	0	0
26	0.0	0	0
27	0.1	0	0
29	0.0	0	0
30	0.2	0	0
32	0.0	0	0
33	0.0	0	0
35	0.1	0	0
37	0.0	0	0
38	0.0	0	0
40	0.0	0	0
41	0.0	0	0
43	0.1	0	0
44	0.1	0	0
46	0.1	0	0
48	0.1	0	0
49	0.0	0	0
51	0.2	0	0
52	0.1	0	0
54	0.0	0	0
56	0.0	0	0
57	0.1	0	0
59	0.1	0	0
60	7.8	0	0
62	2.4	0	0
63	1.8	0	0
64	4.5	0	0
66	6.3	0	0
67	8.0	0	0
69	8.2	0	0
70	0.0	0	0
72	0.1	0	0
73	0.0	0	0
75	0.0	0	0
76	0.0	0	0
77	0.0	0	0
79	0.1	0	0
80	0.2	0	0
82	0.0	0	0
83	0.1	0	0
85	0.0	0	0
86	0.1	0	0
87	0.0	0	0
89	0.0	0	0
90	0.0	0	0
92	0.0	0	0
93	2.6	0	0
95	0.1	0	0
96	0.1	0	0
98	0.1	0	0
99	0.0	0	0
101	0.0	0	0
102	0.1	0	0
103	0.0	0	0
105	0.0	0	0
106	0.4	0	0
108	2.0	0	0
109	0.1	0	0
111	0.5	10	0
113	1.2	17	8
114	1.7	3	0
115	3.1	0	0
117	3.1	0	0
118	3.1	0	0
120	2.9	0	0
121	3.2	0	0
122	3.2	0	0
124	3.1	0	0
125	3.2	0	0
127	3.0	0	0
128	3.1	0	0
129	3.1	0	0
131	3.2	0	0
132	3.1	0	0
134	3.1	0	0
135	3.2	0	0
136	3.2	0	0
138	3.1	0	0
139	3.2	0	0
141	3.1	0	0
142	3.2	0	0
143	3.2	0	0
145	3.2	0	0
146	3.1	0	0
148	3.0	0	0
149	3.2	0	0
151	3.1	0	0
152	3.1	0	0
153	3.5	0	0
155	3.1	0	0
156	3.1	0	0
158	3.1	0	0
159	3.2	0	0
160	3.2	0	0
162	3.2	0	0
163	3.1	0	0
165	3.1	0	0
166	3.1	0	0
167	3.1	0	0
169	3.2	0	0
170	3.2	0	0
172	3.2	0	0
173	3.2	0	0
174	3.1	0	0
176	3.1	0	0
177	3.2	0	0
179	3.2	0	0
180	3.1	0	0
182	3.0	0	0
183	3.1	0	0
184	4.7	15	0
186	10.2	72	5
187	12.4	91	0
189	13.7	62	18
190	12.5	33	29
191	12.5	0	0
193	12.5	0	0
194	12.5	0	0
196	12.5	0	0
197	12.4	0	0
198	14.8	39	0
200	14.0	77	22
201	14.1	59	40
203	12.5	8	2
204	12.5	0	0
205	12.5	0	0
207	12.5	0	0
208	12.4	0	0
210	13.2	6	0
211	14.8	66	4
213	13.6	60	28
214	12.7	42	33
215	12.7	10	1
217	12.5	0	0
218	12.5	0	0
220	12.5	0	0
221	12.5	0	0
222	12.4	1	0
224	14.6	65	0
225	13.7	65	34
227	14.3	49	31
228	16.2	18	16
230	12.5	0	0
231	12.5	0	0
232	12.5	0	0
234	12.5	0	0
235	14.7	64	0
237	14.5	73	20
238	14.2	75	38
239	13.5	53	43
241	12.5	27	16
242	12.5	0	0
244	12.5	0	0
245	12.5	0	0
247	12.5	0	0
248	14.7	12	0
249	13.1	64	24
251	13.9	43	16
252	12.5	0	0
254	12.5	0	0
255	12.5	0	0
256	12.5	0	0
258	12.5	0	0
259	12.5	0	0
261	14.5	70	8
262	14.0	51	23
264	13.2	40	25
265	12.5	23	14
266	12.5	0	0
268	12.5	0	0
269	12.5	0	0
271	12.6	0	0
272	12.5	0	0
273	14.8	66	0
275	13.7	62	44
276	12.5	23	8
278	12.5	0	0
279	12.5	0	0
281	12.5	0	0
282	12.5	0	0
283	12.5	0	0
285	14.2	20	0
286	13.4	44	20
288	14.5	68	32
289	13.3	56	44
290	12.5	21	14
292	12.5	0	0
293	12.5	0	0
295	12.5	0	0
296	12.5	0	0
297	12.9	4	0
299	13.4	64	15
300	14.3	64	41
302	12.5	35	11
303	14.8	0	0
305	12.5	0	0
306	12.5	0	0
307	12.5	0	0
309	12.5	0	0
310	14.5	76	1
312	14.7	62	49
313	13.4	62	48
314	14.2	60	47
316	12.5	30	15
317	12.5	0	0
319	12.5	0	0
320	12.5	0	0
321	12.5	0	0
323	14.7	24	0
324	13.2	56	25
326	13.6	59	35
327	12.5	22	8
328	12.5	0	0
330	12.5	0	0
331	12.5	0	0
333	12.4	0	0
334	12.8	2	0
336	14.2	68	18
337	14.0	59	35
338	14.8	63	33
340	13.1	48	38
341	12.5	13	0
343	12.5	0	0
344	12.5	0	0
345	12.6	0	0
347	12.5	0	0
348	16.2	54	1
350	14.6	65	35
351	14.3	58	52
352	12.5	11	1
354	12.5	0	0
355	12.5	0	0
357	12.5	0	0
358	12.5	0	0
359	14.0	11	0
361	14.3	58	11
362	14.0	84	49
364	14.9	73	31
365	13.1	45	36
367	12.5	0	0
368	12.5	0	0
369	12.5	0	0
371	12.5	0	0
372	12.6	0	0
374	14.7	79	3
375	14.7	73	41
376	13.4	47	17
378	12.5	2	1
379	12.5	0	0
381	12.5	0	0
382	12.5	0	0
383	12.5	0	0
385	13.6	26	1
386	13.7	67	19
388	14.5	61	45
389	14.7	70	40
390	12.5	30	6
392	12.5	0	0
393	15.1	0	0
395	12.8	0	0
396	12.5	0	0
397	13.9	11	0
399	14.7	77	6
400	13.9	68	40
402	12.5	21	7
403	12.4	0	0
404	12.5	0	0
406	12.5	0	0
407	12.5	0	0
409	12.5	0	0
410	14.4	39	2
411	13.8	69	40
413	14.0	52	49
414	13.3	52	18
416	12.5	6	4
417	12.5	0	0
419	12.5	0	0
420	12.5	0	0
421	12.6	0	0
423	13.0	19	1
424	14.3	61	20
426	13.8	58	45
427	12.5	17	2
428	12.5	0	0
430	12.5	0	0
431	12.4	0	0
433	12.5	0	0
434	12.6	2	0
435	14.7	69	12
437	14.2	69	48
438	16.7	72	31
440	14.0	57	31
441	12.5	17	12
442	12.5	0	0
444	12.5	0	0
445	12.5	0	0
447	12.4	0	0
448	13.6	22	9
449	14.7	67	44
451	13.2	58	41
452	12.5	0	0
454	12.5	0	0
455	12.5	0	0
456	12.5	0	0
458	12.5	0	0
459	14.5	17	3
461	14.4	73	5
462	13.8	66	51
464	14.2	63	42
465	12.5	37	14
466	12.5	0	0
468	12.5	0	0
469	12.5	0	0
471	12.5	0	0
472	12.4	0	0
473	14.8	62	15
475	14.1	70	48
476	13.8	62	34
478	12.5	5	1
479	12.5	0	0
480	12.6	0	0
482	12.5	0	0
483	12.6	0	0
485	13.8	27	12
486	14.0	71	34
488	14.8	76	46
489	14.7	67	62
490	12.5	39	27
492	12.5	0	0
493	12.5	0	0
495	12.4	0	0
496	12.5	0	0
497	14.8	19	0
499	13.5	65	25
500	13.3	68	49
502	12.5	24	6
503	12.5	0	0
504	12.5	0	0
506	12.5	0	0
507	12.5	0	0
509	12.5	0	0
510	14.8	34	11
512	12.9	78	29
513	14.8	72	46
514	12.5	45	22
516	12.5	0	0
517	12.5	0	0
519	12.5	0	0
520	12.5	0	0
521	12.5	0	0
523	13.3	12	3
524	14.7	69	29
526	13.6	62	36
527	12.5	33	17
528	12.5	0	0
530	12.5	0	0
531	12.5	0	0
533	12.5	0	0
534	12.5	0	0
535	14.7	63	13
537	13.9	74	41
538	14.8	81	48
540	14.9	66	37
541	12.5	19	11
543	12.5	0	0
544	12.5	0	0
545	12.4	0	0
547	12.3	0	0
548	13.9	29	11
550	14.7	80	21
551	14.1	64	55
552	12.4	9	1
554	12.5	0	0
555	12.5	0	0
557	12.5	0	0
558	12.5	0	0
559	14.3	18	1
561	13.7	45	35
562	14.8	75	51
564	14.9	68	57
565	13.4	60	45
566	12.5	0	0
568	12.5	0	0
569	12.5	0	0
571	12.5	0	0
572	12.4	0	0
573	14.8	67	7
575	15.1	83	29
576	12.5	53	20
578	12.5	0	0
579	12.5	0	0
581	12.5	0	0
582	12.5	0	0
583	12.5	0	0
585	13.9	27	18
586	14.6	78	26
588	14.7	82	31
589	14.7	58	47
590	12.5	12	4
592	12.4	0	0
593	12.5	0	0
595	12.5	0	0
596	12.5	0	0
597	13.8	7	4
599	13.3	50	16
600	14.8	84	39
602	12.4	41	20
603	14.2	0	0
605	12.5	0	0
606	12.5	0	0
607	12.5	0	0
609	12.5	0	0
610	14.1	58	1
612	11.8	75	11
613	13.8	60	17
614	12.5	40	25
616	12.5	1	0
617	12.4	0	0
619	12.5	0	0
620	12.5	0	0
621	12.5	0	0
623	14.0	16	3
624	14.7	61	17
626	14.6	80	51
627	12.5	37	10
629	12.5	0	0
630	12.5	0	0
631	12.5	0	0
633	12.5	0	0
634	12.5	0	0
636	13.1	44	21
637	14.4	72	16
638	14.9	59	44
640	12.5	24	15
641	12.5	0	0
643	12.5	0	0
644	12.5	0	0
645	12.7	0	0
647	12.3	0	0
648	13.7	42	16
650	14.8	75	6
651	13.0	52	44
652	12.5	0	0
654	12.5	0	0
655	12.5	0	0
657	12.5	0	0
658	12.5	0	0
660	14.5	19	11
661	14.8	59	30
662	13.4	67	24
664	14.1	65	57
665	12.4	8	0
667	12.4	0	0
668	12.5	0	0
669	12.5	0	0
671	12.5	0	0
672	12.5	0	0
674	13.4	46	31
675	14.0	79	25
676	12.9	50	21
678	12.5	4	0
679	12.5	0	0
681	12.6	0	0
682	12.5	0	0
683	12.5	0	0
685	14.3	27	13
686	14.7	80	3
688	14.2	64	27
689	13.1	51	30
691	12.5	2	0
692	12.5	0	0
693	12.5	0	0
695	12.4	0	0
696	12.5	0	0
698	14.2	8	6
699	14.8	58	39
700	14.2	66	44
702	12.5	26	4
703	12.5	0	0
705	12.7	0	0
706	12.5	0	0
707	12.5	0	0
709	12.5	0	0
710	14.8	74	12
712	13.9	80	5
713	14.4	62	33
715	12.5	46	9
716	12.5	1	0
717	12.5	0	0
719	12.5	0	0
720	12.5	0	0
722	12.5	0	0
723	13.7	24	15
724	14.7	81	15
726	14.5	64	52
727	12.5	2	2
729	12.5	0	0
730	12.4	0	0
731	12.5	0	0
733	12.5	0	0
734	14.0	13	4
736	14.4	70	35
737	13.9	72	26
738	14.9	57	42
740	12.4	53	38
741	12.5	0	0
743	12.5	0	0
744	12.4	0	0
746	12.5	0	0
747	12.4	0	0
748	14.6	72	28
750	14.2	78	21
751	13.5	58	44
753	12.5	1	0
754	12.5	0	0
755	12.5	0	0
757	12.5	0	0
758	12.5	0	0
760	14.2	29	8
761	14.6	70	37
762	14.1	67	36
764	14.7	65	40
765	12.5	4	1
767	12.5	0	0
768	14.6	0	0
769	12.5	0	0
771	12.5	0	0
772	14.4	13	2
774	14.7	60	46
775	14.7	72	37
777	12.5	49	26
778	12.5	5	1
779	12.5	0	0
781	12.4	0	0
782	12.5	0	0
784	12.5	0	0
785	14.7	39	5
786	13.1	86	7
788	14.8	64	43
789	14.7	79	32
791	12.5	13	5
792	12.5	0	0
793	12.5	0	0
795	12.5	0	0
796	12.5	0	0
798	13.0	29	6
799	14.7	81	35
801	14.4	74	45
802	12.5	43	18
803	12.5	0	0
805	12.5	0	0
806	12.5	0	0
808	12.5	0	0
809	13.7	4	0
810	13.9	48	23
812	14.0	83	23
813	14.9	64	46
815	13.4	66	31
816	12.5	9	3
817	12.5	0	0
819	12.5	0	0
820	12.5	0	0
822	12.4	0	0
823	14.6	37	5
825	15.1	89	2
826	14.8	73	44
827	12.5	7	2
829	12.5	0	0
830	12.5	0	0
832	12.5	0	0
833	12.5	0	0
834	14.4	29	17
836	14.7	68	28
837	14.0	64	23
839	14.1	58	38
840	12.5	35	20
842	12.5	0	0
843	12.5	0	0
844	12.5	0	0
846	12.5	0	0
847	13.0	4	0
849	14.7	58	43
850	14.8	76	26
851	13.6	53	25
853	12.5	8	1
854	12.5	0	0
856	12.5	0	0
857	12.5	0	0
858	12.5	0	0
860	14.7	37	6
861	14.8	98	0
863	14.8	66	27
864	13.6	61	47
866	12.5	22	13
867	12.5	0	0
868	12.5	0	0
870	12.5	0	0
871	12.5	0	0
873	14.0	21	6
874	14.5	62	43
875	14.2	65	21
877	12.5	26	19
878	12.5	0	0
880	12.6	0	0
881	12.5	0	0
882	12.5	0	0
884	12.6	2	0
885	13.7	38	31
887	14.7	85	27
888	18.0	55	51
889	12.5	39	21
891	12.5	0	0
892	12.5	0	0
894	12.5	0	0
895	12.5	0	0
897	12.3	0	0
898	14.8	39	6
899	14.8	94	1
901	14.3	69	31
902	12.5	0	0
904	12.5	0	0
905	12.5	0	0
906	12.5	0	0
908	12.5	0	0
909	14.1	21	11
911	14.7	64	43
912	13.7	79	20
913	14.8	64	56
915	12.4	51	23
916	12.5	0	0
918	12.4	0	0
919	12.5	0	0
921	12.5	0	0
922	12.6	0	0
923	14.1	56	35
925	14.5	82	28
926	12.5	44	30
928	12.5	0	0
929	12.4	0	0
930	12.5	0	0
932	12.5	0	0
933	13.6	0	0
935	14.1	40	16
936	14.5	77	31
937	14.1	82	26
939	14.7	61	45
940	12.5	1	0
942	12.5	0	0
943	12.5	0	0
944	12.5	0	0
946	12.5	0	0
947	14.0	29	5
949	14.7	58	48
950	14.3	75	46
952	12.5	37	23
953	12.4	0	0
954	12.6	0	0
956	12.4	0	0
957	12.5	0	0
959	12.5	0	0
960	13.8	44	26
961	12.4	92	20
963	14.1	57	41
964	12.6	48	29
966	12.5	0	0
967	12.5	0	0
969	12.4	0	0
970	12.5	0	0
971	12.4	0	0
973	14.7	46	4
974	14.8	94	0
976	14.2	71	31
977	12.5	23	17
978	12.5	0	0
980	12.5	0	0
981	12.5	0	0
983	12.5	0	0
984	14.3	9	9
985	14.7	58	19
987	13.2	80	20
988	14.2	69	36
990	12.5	38	18
991	12.6	0	0
992	12.5	0	0
994	12.4	0	0
995	12.5	0	0
997	12.5	0	0
998	14.0	49	22
999	14.7	90	4
1001	14.2	64	37
1002	12.5	0	0
1004	12.6	0	0
1005	12.5	0	0
1007	12.4	0	0
1008	12.5	0	0
1009	14.7	41	6
1011	14.7	80	36
1012	14.0	78	53
1014	14.1	58	42
1015	12.5	35	15
1016	12.5	0	0
1018	12.5	0	0
1019	12.5	0	0
1021	12.5	0	0
1022	12.6	1	0
1024	14.2	65	49
1025	14.4	77	26
1026	12.5	43	27
1028	12.5	0	0
1029	12.5	0	0
1031	12.5	0	0
1032	12.5	0	0
1033	12.5	0	0
1035	14.4	44	12
1036	14.8	78	26
1038	14.4	69	23
1039	13.8	63	38
1040	12.5	0	0
1042	12.5	0	0
1043	12.5	0	0
1045	12.5	0	0
1046	12.5	0	0
1047	14.2	15	11
1049	14.8	66	18
1050	14.9	68	39
1052	12.5	36	5
1053	12.5	0	0
1054	12.6	0	0
1056	12.5	0	0
1057	12.5	0	0
1059	12.5	0	0
1060	14.7	49	21
1061	13.4	85	10
1063	14.2	64	51
1064	14.8	85	20
1066	12.5	17	8
1067	12.5	0	0
1068	12.5	0	0
1070	12.5	0	0
1071	12.5	0	0
1073	13.6	33	20
1074	14.8	76	15
1076	14.2	70	38
1077	12.5	43	18
1078	12.5	0	0
1080	12.5	0	0
1081	12.5	0	0
1083	12.5	0	0
1084	14.5	11	4
1085	14.5	66	23
1087	14.8	85	24
1088	14.0	59	43
1090	12.5	47	25
1091	12.5	4	1
1092	12.4	0	0
1094	12.4	0	0
1095	12.5	0	0
1097	12.3	0	0
1098	16.1	38	23
1099	14.8	92	0
1101	13.9	69	39
1102	12.5	1	0
1104	12.5	0	0
1105	12.5	0	0
1107	12.5	0	0
1108	12.5	0	0
1109	14.8	29	7
1111	14.7	70	31
1112	13.8	90	9
1114	14.5	68	33
1115	13.7	63	35
1116	12.5	0	0
1118	12.7	0	0
1119	12.5	0	0
1121	12.4	0	0
1122	12.4	0	0
1123	13.9	46	8
1125	14.8	94	0
1126	12.9	40	7
1128	12.5	8	1
1129	12.5	0	0
1130	12.5	0	0
1132	12.5	0	0
1133	12.5	0	0
1135	14.7	16	14
1136	14.7	72	15
1138	14.8	95	7
1139	14.8	70	43
1140	12.5	27	3
1142	12.4	0	0
1143	14.8	0	0
1145	12.5	0	0
1146	12.5	0	0
1147	12.4	0	0
1149	14.7	57	6
1150	14.5	92	11
1152	13.6	52	31
1153	12.5	17	14
1155	12.5	0	0
1156	12.5	0	0
1157	12.5	0	0
1159	12.5	0	0
1160	12.5	26	8
1162	14.7	94	0
1163	14.8	98	5
1164	13.7	60	33
1166	12.5	30	21
1167	12.5	0	0
1169	12.5	0	0
1170	12.5	0	0
1171	12.5	0	0
1173	13.0	6	5
1174	14.7	90	0
1176	14.1	72	35
1177	12.4	37	17
1178	12.5	0	0
1180	12.5	0	0
1181	12.5	0	0
1183	12.5	0	0
1184	12.5	0	0
1185	14.6	53	9
1187	14.8	97	0
1188	14.8	92	0
1190	13.5	54	30
1191	12.5	17	2
1193	12.5	0	0
1194	12.5	0	0
1195	12.5	0	0
1197	12.5	0	0
1198	14.8	32	5
1200	14.7	84	23
1201	14.0	62	43
1202	12.5	35	5
1204	12.5	0	0
1205	12.5	0	0
1207	12.5	0	0
1208	12.5	0	0
1209	12.6	0	0
1211	14.4	58	42
1212	11.4	93	20
1214	14.1	73	27
1215	12.5	49	18
1216	12.5	0	0
1218	12.5	0	0
1219	12.5	0	0
1221	12.4	0	0
1222	12.5	0	0
1223	13.2	27	15
1225	14.8	77	6
1226	14.0	51	25
1228	12.5	18	2
1229	12.5	0	0
1231	12.5	0	0
1232	12.5	0	0
1233	12.5	0	0
1235	14.4	9	7
1236	14.6	93	6
1238	14.9	91	7
1239	13.8	59	48
1240	12.4	32	6
1242	12.5	0	0
1243	12.5	0	0
1245	12.5	0	0
1246	12.5	0	0
1247	12.3	0	0
1249	14.8	62	5
1250	14.6	94	0
1252	14.9	60	23
1253	12.5	26	17
1254	12.5	0	0
1256	12.5	0	0
1257	12.4	0	0
1259	12.5	0	0
1260	14.8	24	7
1262	14.6	99	0
1263	14.8	97	7
1264	14.3	51	36
1266	12.5	30	21
1267	12.5	0	0
1269	12.5	0	0
1270	12.5	0	0
1271	12.5	0	0
1273	12.5	0	0
1274	14.6	99	0
1276	13.4	76	22
1277	14.6	64	37
1278	12.4	18	1
1280	12.5	0	0
1281	12.5	0	0
1283	12.5	0	0
1284	12.5	0	0
1285	13.8	40	26
1287	14.7	89	6
1288	14.9	97	8
1290	14.1	61	46
1291	12.5	34	10
1292	12.5	0	0
1294	12.5	0	0
1295	12.5	0	0
1297	12.7	0	0
1298	14.7	10	6
1299	14.9	99	0
1301	14.9	77	35
1302	14.1	64	38
1304	12.5	8	1
1305	12.5	0	0
1307	12.5	0	0
1308	12.5	0	0
1309	12.5	0	0
1311	14.8	64	6
1312	10.4	96	9
1314	13.4	74	35
1315	13.7	54	40
1316	12.5	0	0
1318	12.5	0	0
1319	12.4	0	0
1321	12.5	0	0
1322	12.4	0	0
1324	13.9	41	10
1325	14.7	87	22
1326	14.8	50	16
1328	12.5	33	9
1329	12.5	0	0
1331	12.4	0	0
1332	12.5	0	0
1333	12.5	0	0
1335	12.8	6	0
1336	14.6	87	20
1338	14.8	91	15
1339	14.8	68	53
1340	12.4	43	21
1342	12.5	0	0
1343	12.5	0	0
1345	12.4	0	0
1346	12.5	0	0
1347	12.2	0	0
1349	14.8	41	19
1350	14.0	88	5
1352	14.9	73	37
1353	17.3	46	24
1354	12.7	0	0
1356	12.5	0	0
1357	12.5	0	0
1359	12.5	0	0
1360	14.4	21	6
1362	14.8	88	7
1363	14.8	89	31
1364	14.7	64	45
1366	14.0	74	41
1367	12.4	40	6
1369	12.5	0	0
1370	12.5	0	0
1371	12.5	0	0
1373	12.6	4	0
1374	14.8	84	9
1376	14.1	69	47
1377	12.4	57	35
1378	12.5	0	0
1380	12.5	0	0
1381	12.5	0	0
1383	12.5	0	0
1384	12.5	0	0
1385	14.6	54	26
1387	14.2	75	31
1388	14.8	81	35
1390	14.0	62	47
1391	12.4	58	40
1392	12.5	0	0
1394	12.5	0	0
1395	12.5	0	0
1397	12.5	0	0
1398	17.5	25	0
1399	14.6	64	17
1401	14.2	67	55
1402	12.5	42	21
1404	12.5	0	0
1405	12.4	0	0
1406	12.4	0	0
1408	12.5	0	0
1409	12.7	2	0
1411	14.1	60	37
1412	14.4	84	36
1414	15.0	84	21
1415	13.4	68	56
1416	12.5	0	0
1418	12.5	0	0
1419	12.5	0	0
1421	12.5	0	0
1422	12.4	0	0
1423	14.8	80	13
1425	14.7	91	14
1426	14.5	71	34
1428	12.4	2	0
1429	12.5	0	0
1431	12.5	0	0
1432	12.5	0	0
1433	12.5	0	0
1435	14.8	33	0
1436	14.8	78	48
1438	14.0	71	55
1439	14.8	66	45
1440	13.5	56	22
1442	12.5	3	1
1443	15.0	0	0
1445	12.5	0	0
1446	12.5	0	0
1447	12.5	4	0
1449	13.8	63	27
1450	14.7	60	52
1452	12.5	40	9
1453	12.5	0	0
1454	12.5	0	0
1456	12.5	0	0
1457	12.5	0	0
1459	12.5	0	0
1460	14.7	42	0
1461	14.6	65	16
1463	13.0	69	53
1464	14.9	81	24
1466	12.5	38	13
1467	12.5	2	1
1468	12.4	0	0
1470	12.5	0	0
1471	12.7	0	0
1473	14.7	24	0
1474	13.5	75	36
1476	14.3	67	59
1477	12.6	37	17
1478	12.4	0	0
1480	12.5	0	0
1481	12.5	0	0
1483	12.5	0	0
1484	12.7	1	0
1485	14.6	96	8
1487	14.7	69	35
1488	15.4	71	42
1490	14.4	79	34
1491	12.5	42	18
1492	12.5	0	0
1494	12.5	0	0
1495	12.5	0	0
1497	12.4	0	0
1498	14.7	78	0
1500	14.8	69	36
1501	14.2	69	50
1502	12.4	7	2
1504	12.5	0	0
1505	12.5	0	0
1507	12.5	0	0
1508	12.5	0	0
1509	14.8	28	0
1511	13.9	77	27
1512	12.0	71	47
1514	14.8	79	55
1515	14.8	78	46
1516	12.5	50	13
1518	12.5	2	0
1519	12.5	0	0
1521	12.5	0	0
1522	12.5	0	0
1524	14.7	85	2
1525	14.7	63	52
1526	12.5	60	36
1528	12.5	0	0
1529	12.5	0	0
1531	12.5	0	0
1532	12.5	0	0
1533	12.4	0	0
1535	14.8	36	0
1536	14.7	70	60
1538	14.8	70	41
1539	14.8	75	58
1540	15.0	75	47
1542	12.5	45	31
1543	12.5	0	0
1545	12.5	0	0
1546	12.5	0	0
1547	12.3	0	0
1549	14.4	54	10
1550	13.8	68	33
1552	12.5	42	8
1553	12.5	0	0
1554	12.5	0	0
1556	12.5	0	0
1557	12.5	0	0
1559	12.5	0	0
1560	14.8	17	0
1562	14.8	73	54
1563	13.7	61	50
1564	13.5	60	51
1566	12.5	25	22
1567	12.5	0	0
1569	12.5	0	0
1570	12.5	0	0
1571	12.5	0	0
1573	12.6	2	0
1574	14.0	80	24
1576	12.5	58	46
1577	12.5	31	26
1578	12.5	0	0
1580	12.5	0	0
1581	12.5	0	0
1583	12.5	0	0
1584	12.5	0	0
1585	14.8	55	0
1587	14.2	59	38
1588	14.0	61	20
1590	14.0	75	53
1591	12.5	37	33
1592	12.5	0	0
1594	12.5	0	0
1595	12.5	0	0
1597	12.5	0	0
1598	15.0	20	0
1599	13.1	51	38
1601	14.5	53	46
1602	12.5	44	28
1604	12.5	0	0
1605	12.5	0	0
1607	12.5	0	0
1608	12.5	0	0
1609	12.5	0	0
1611	14.1	69	16
1612	12.9	61	27
1614	14.5	57	43
1615	13.2	65	53
1616	12.5	31	26
1618	12.5	0	0
1619	12.5	0	0
1621	12.5	0	0
1622	12.6	0	0
1623	14.7	52	0
1625	14.7	61	28
1626	14.1	47	37
1628	12.5	4	0
1629	12.5	0	0
1630	12.5	0	0
1632	12.5	0	0
1633	12.5	0	0
1635	13.3	2	0
1636	14.2	51	24
1637	12.4	59	31
1639	14.8	51	41
1640	13.6	40	29
1642	12.5	1	0
1643	12.5	0	0
1644	12.5	0	0
1646	12.5	0	0
1647	12.5	0	0
1649	14.2	54	24
1650	14.8	65	45
1652	12.5	48	19
1653	12.5	2	0
1654	12.5	0	0
1656	12.5	0	0
1657	12.5	0	0
1659	12.5	0	0
1660	14.7	31	0
1661	14.1	43	35
1663	14.1	51	37
1664	12.7	52	37
1666	12.5	21	18
1667	12.5	0	0
1668	12.5	0	0
1670	12.5	0	0
1671	12.5	0	0
1673	14.7	19	0
1674	14.4	59	29
1676	13.3	63	43
1677	12.5	25	6
1678	12.5	0	0
1680	12.5	0	0
1681	12.6	0	0
1683	12.5	0	0
1684	12.5	0	0
1685	14.1	76	12
1687	14.6	57	39
1688	13.4	54	34
1690	14.5	55	36
1691	12.5	18	17
1692	12.5	0	0
1694	12.5	0	0
1695	12.5	0	0
1697	12.5	0	0
1698	17.6	40	0
1699	14.3	68	21
1701	14.7	55	31
1702	12.5	0	0
1704	12.5	0	0
1705	12.5	0	0
1707	12.5	0	0
1708	12.5	0	0
1709	13.9	19	0
1711	13.9	76	34
1712	13.3	76	38
1714	13.1	63	28
1715	14.9	62	58
1716	12.5	5	1
1718	12.5	0	0
1719	12.5	0	0
1721	12.5	0	0
1722	12.5	0	0
1723	14.5	59	6
1725	14.3	55	45
1726	12.5	67	22
1728	12.5	0	0
1729	12.5	0	0
1731	12.5	0	0
1732	12.5	0	0
1733	12.5	0	0
1735	14.7	14	0
1736	13.5	61	40
1738	14.6	63	55
1739	14.8	59	50
1740	13.6	58	29
1742	12.5	3	1
1743	14.5	0	0
1745	12.5	0	0
1746	12.5	0	0
1747	12.5	0	0
1749	14.7	68	28
1750	14.8	68	41
1752	12.4	33	16
1753	12.5	0	0
1754	12.5	0	0
1756	12.5	0	0
1757	12.5	0	0
1759	12.5	0	0
1760	14.8	37	0
1761	14.9	66	38
1763	14.5	67	44
1764	14.7	71	15
1766	14.1	76	38
1767	12.5	20	16
1768	12.5	0	0
1770	12.5	0	0
1771	12.4	0	0
1773	12.5	0	0
1774	14.2	33	27
1775	14.5	71	52
1777	12.5	40	24
1778	12.5	0	0
1780	12.5	0	0
1781	12.5	0	0
1783	12.5	0	0
1784	12.5	0	0
1785	14.6	45	0
1787	13.5	66	52
1788	16.9	68	57
1790	14.2	64	38
1791	14.8	79	32
1792	12.5	6	1
1794	12.5	0	0
1795	12.5	0	0
1797	12.4	0	0
1798	13.8	8	0
1799	14.0	68	58
1801	14.4	65	50
1802	12.5	48	27
1804	12.4	0	0
1805	12.5	0	0
1806	12.5	0	0
1808	12.5	0	0
1809	12.5	0	0
1811	14.0	55	23
1812	14.5	62	29
1814	14.7	59	26
1815	12.5	56	31
1816	12.5	0	0
1818	12.5	0	0
1819	12.5	0	0
1821	12.5	0	0
1822	12.5	0	0
1823	14.8	50	0
1825	14.3	59	48
1826	13.0	70	26
1828	12.5	2	1
1829	12.5	0	0
1830	12.5	0	0
1832	12.5	0	0
1833	12.5	0	0
1835	13.6	4	0
1836	14.8	57	27
1838	14.8	79	23
1839	14.6	67	53
1840	14.5	87	32
1842	12.5	24	3
1843	12.5	0	0
1845	12.5	0	0
1846	12.5	0	0
1847	12.5	0	0
1849	14.2	68	3
1850	14.8	71	15
1852	13.4	72	38
1853	12.5	17	15
1854	12.5	0	0
1856	12.5	0	0
1857	12.5	0	0
1859	12.5	0	0
1860	14.8	34	0
1862	13.1	63	43
1863	14.8	67	51
1864	14.9	66	19
1866	14.9	82	50
1867	12.5	14	0
1869	12.4	0	0
1870	12.5	0	0
1871	12.5	0	0
1873	13.4	7	0
1874	14.3	75	38
1876	14.2	57	36
1877	14.1	71	30
1878	12.4	0	0
1880	12.5	0	0
1881	12.5	0	0
1883	12.5	0	0
1884	12.5	0	0
1885	14.7	71	0
1887	13.2	72	38
1888	13.6	72	55
1890	14.8	65	32
1891	14.7	83	36
1892	12.5	9	1
1894	12.5	0	0
1895	12.5	0	0
1897	12.4	0	0
1898	12.5	2	0
1899	13.9	75	50
1901	14.6	59	30
1902	13.4	68	20
1904	12.5	8	1
1905	12.5	0	0
1907	12.4	0	0
1908	12.5	0	0
1909	12.4	0	0
1911	14.7	52	2
1912	14.6	61	16
1914	14.1	76	46
1915	14.8	66	50
1917	13.1	60	17
1918	12.5	4	1
1919	12.5	0	0
1921	12.5	0	0
1922	12.5	0	0
1924	14.8	44	0
1925	14.6	64	55
1926	14.6	66	33
1928	12.5	18	2
1929	12.5	0	0
1931	12.5	0	0
1932	12.5	0	0
1933	12.5	0	0
1935	12.6	3	0
1936	14.4	83	28
1938	14.6	68	54
1939	14.8	75	49
1941	14.3	84	20
1942	13.1	57	34
1943	12.5	0	0
1945	12.5	0	0
1946	12.5	0	0
1948	12.4	0	0
1949	14.8	56	0
1950	14.1	53	42
1952	12.6	37	30
1953	16.6	1	0
1955	12.7	0	0
1956	12.5	0	0
1957	12.5	0	0
1959	12.5	0	0
1960	14.8	32	0
1962	14.5	81	27
1963	14.3	64	44
1964	14.8	73	48
1966	13.2	61	49
1967	12.5	2	0
1969	12.5	0	0
1970	12.5	0	0
1971	12.5	0	0
1973	13.1	2	0
1974	14.8	98	0
1976	13.7	68	30
1977	14.7	88	1
1979	12.6	49	25
1980	12.4	11	1
1981	12.5	0	0
1983	12.5	0	0
1984	12.5	0	0
1986	14.8	66	0
1987	13.6	79	40
1988	13.7	75	51
1990	14.9	72	60
1991	14.6	62	13
1993	12.5	13	1
1994	12.5	0	0
1995	12.5	0	0
1997	12.5	0	0
1998	14.7	18	0
2000	13.9	84	22
2001	14.7	66	56
2002	14.3	64	39
2004	12.5	19	11
2005	12.5	0	0
2007	12.5	0	0
2008	12.5	0	0
2010	12.5	0	0
2011	14.7	58	0
2012	12.9	71	36
2014	13.8	69	57
2015	14.8	82	0
2017	14.8	70	36
2018	12.5	27	17
2019	12.5	0	0
2021	12.5	0	0
2022	12.5	0	0
2024	14.8	35	0
2025	13.7	80	31
2026	14.1	68	43
2028	13.2	58	35
2029	12.5	0	0
2031	12.5	0	0
2032	12.5	0	0
2033	12.5	0	0
2035	12.7	0	0
2036	14.6	96	4
2038	14.4	69	47
2039	13.4	67	63
2041	14.4	78	41
2042	12.5	49	36
2043	12.4	0	0
2045	12.5	0	0
2046	12.4	0	0
2048	12.4	0	0
2049	14.6	44	0
2050	13.2	63	45
2052	14.8	79	24
2053	13.6	68	31
2055	12.5	0	0
2056	12.5	0	0
2057	12.5	0	0
2059	12.5	0	0
2060	14.4	22	0
2062	14.1	85	25
2063	14.3	65	50
2064	14.4	77	45
2066	14.7	86	41
2067	14.2	65	35
2069	12.5	2	0
2070	12.5	0	0
2071	12.5	0	0
2073	12.5	0	0
2074	14.8	88	0
2076	14.5	58	37
2077	14.4	74	36
2079	12.5	55	26
2080	12.5	3	1
2081	12.5	0	0
2083	12.5	0	0
2084	12.5	0	0
2086	14.8	41	0
2087	14.0	74	38
2088	14.8	70	54
2090	14.9	77	43
2091	14.3	74	44
2093	12.5	41	15
2094	12.5	0	0
2096	12.5	0	0
2097	12.5	0	0
2098	12.2	0	0
2100	14.0	64	33
2101	14.2	68	43
2103	13.8	65	46
2104	12.4	9	1
2105	12.5	0	0
2107	12.5	0	0
2108	12.5	0	0
2110	12.5	0	0
2111	14.8	41	0
2112	13.3	69	21
2114	14.1	65	48
2115	14.8	89	37
2117	14.8	72	45
2118	17.4	27	20
2119	12.4	0	0
2121	12.5	0	0
2122	12.5	0	0
2124	12.5	1	0
2125	13.4	63	39
2127	14.8	68	42
2128	13.3	62	46
2129	12.5	0	0
2131	12.5	0	0
2132	12.5	0	0
2134	12.6	0	0
2135	12.5	0	0
2136	14.6	66	9
2138	14.8	65	40
2139	14.2	62	21
2141	14.6	78	35
2142	12.5	33	21
2144	12.5	0	0
2145	12.4	0	0
2146	12.4	0	0
2148	12.5	0	0
2149	14.8	46	0
2151	14.2	70	38
2152	14.8	71	42
2153	13.1	52	29
2155	12.5	1	0
2156	12.4	0	0
2158	12.5	0	0
2159	12.5	0	0
2160	13.9	10	0
2162	14.3	62	51
2163	14.3	84	54
2165	14.8	68	40
2166	14.8	71	59
2168	12.5	19	3
2169	12.5	0	0
2170	12.5	0	0
2172	12.4	0	0
2173	12.4	0	0
2175	13.5	62	31
2176	14.8	56	34
2177	14.8	88	31
2179	12.5	25	19
2180	12.5	0	0
2182	12.5	0	0
2183	12.5	0	0
2185	12.5	0	0
2186	14.8	43	0
2187	13.8	61	37
2189	13.6	78	54
2190	14.8	65	41
2192	14.8	87	44
2193	12.5	30	15
2194	12.5	0	0
2196	12.5	0	0
2197	12.7	0	0
2199	13.8	10	0
2200	14.1	55	41
2202	13.8	59	52
2203	12.5	17	9
2204	12.5	0	0
2206	12.5	0	0
2207	12.5	0	0
2209	12.5	0	0
2210	12.5	0	0
2212	14.7	68	30
2213	13.7	54	35
2214	14.0	63	30
2216	12.5	29	18
2217	12.5	0	0
2219	12.5	0	0
2220	12.5	0	0
2221	12.5	0	0
2223	12.4	0	0
2224	14.0	65	18
2226	14.1	50	36
2227	12.5	50	39
2229	12.5	0	0
2230	12.5	0	0
2231	12.5	0	0
2233	12.5	0	0
2234	12.5	0	0
2236	14.8	24	0
2237	13.8	60	32
2238	14.1	77	49
2240	13.8	62	50
2241	14.8	86	40
2243	12.5	27	20
2244	12.5	0	0
2245	12.5	0	0
2247	12.5	0	0
2248	12.8	4	0
2250	13.5	61	36
2251	14.8	56	41
2253	15.0	28	15
2254	12.5	0	0
2255	12.5	0	0
2257	12.5	0	0
2258	15.4	0	0
2260	12.4	0	0
2261	14.7	44	5
2262	13.9	60	15
2264	13.8	66	56
2265	14.8	83	42
2267	12.5	56	21
2268	17.4	4	0
2270	12.5	0	0
2271	12.5	0	0
2272	12.5	0	0
2274	14.7	34	0
2275	14.0	57	12
2277	14.2	71	64
2278	12.5	21	15
2279	12.5	0	0
2281	12.5	0	0
2282	12.5	0	0
2284	12.5	0	0
2285	13.5	5	0
2287	13.7	69	36
2288	14.8	61	40
2289	14.1	75	46
2291	14.8	72	45
2292	12.5	50	36
2294	12.5	0	0
2295	12.5	0	0
2296	12.5	0	0
2298	12.5	0	0
2299	13.9	79	32
2301	14.8	63	33
2302	12.4	50	23
2304	12.5	0	0
2305	12.5	0	0
2306	12.5	0	0
2308	12.4	0	0
2309	12.5	0	0
2311	14.7	49	0
2312	14.0	63	56
2314	13.9	75	47
2315	14.8	68	42
2316	14.2	86	22
2318	12.5	11	3
2319	12.5	0	0
2321	12.5	0	0
2322	12.5	0	0
2323	14.8	28	0
2325	13.1	69	35
2326	14.8	82	57
2328	12.5	50	20
2329	12.5	0	0
2331	12.5	0	0
2332	12.5	0	0
2333	12.5	0	0
2335	12.5	0	0
2336	14.8	97	11
2338	12.4	61	39
2339	14.0	63	19
2340	14.1	78	38
2342	12.4	39	22
2343	12.5	0	0
2345	12.5	0	0
2346	12.5	0	0
2348	12.5	0	0
2349	14.8	21	0
2350	14.7	68	29
2352	13.7	60	43
2353	12.5	0	0
2355	12.5	0	0
2356	12.5	0	0
2357	12.5	0	0
2359	12.5	0	0
2360	12.5	0	0
2362	13.2	58	42
2363	13.2	62	56
2365	14.9	67	28
2366	14.8	76	56
2367	12.5	12	2
2369	12.5	0	0
2370	12.5	0	0
2372	12.7	0	0
2373	12.5	0	0
2374	14.6	71	25
2376	14.9	63	45
2377	14.7	73	26
2379	12.4	23	15
2380	12.5	0	0
2382	12.5	0	0
2383	12.5	0	0
2384	12.5	0	0
2386	14.8	31	0
2387	13.4	60	32
2389	14.7	82	44
2390	14.8	75	44
2391	14.8	78	35
2393	12.4	26	17
2394	12.5	0	0
2396	12.5	0	0
2397	12.5	0	0
2399	14.3	15	0
2400	13.5	69	40
2401	14.7	78	52
2403	12.5	36	15
2404	12.5	0	0
2406	12.5	0	0
2407	12.5	0	0
2408	12.5	0	0
2410	12.5	0	0
2411	13.6	64	40
2413	12.6	63	39
2414	14.0	75	43
2416	14.9	79	50
2417	13.6	66	51
2418	12.5	0	0
2420	12.5	0	0
2421	12.5	0	0
2423	12.5	0	0
2424	14.7	19	0
2425	14.8	55	12
2427	13.8	69	59
2428	12.5	0	0
2430	12.5	0	0
2431	12.5	0	0
2433	12.5	0	0
2434	12.5	0	0
2435	12.5	0	0
2437	13.2	47	36
2438	14.2	74	42
2440	14.6	60	36
2441	13.4	71	43
2442	12.6	0	0
2444	12.4	0	0
2445	12.5	0	0
2447	12.5	0	0
2448	15.2	0	0
2450	14.4	52	39
2451	14.9	62	42
2452	12.5	49	28
2454	12.5	0	0
2455	12.5	0	0
2457	12.5	0	0
2458	12.5	0	0
2460	12.5	0	0
2461	14.5	35	1
2462	14.8	59	11
2464	14.0	70	41
2465	14.9	75	33
2467	12.5	49	21
2468	12.4	0	0
2469	12.5	0	0
2471	12.5	0	0
2472	12.5	0	0
2474	14.8	25	0
2475	14.2	72	58
2477	14.8	70	38
2478	13.3	71	39
2479	12.5	0	0
2481	12.5	0	0
2482	12.5	0	0
2484	12.5	0	0
2485	12.5	0	0
2486	13.7	77	38
2488	12.4	65	30
2489	14.0	71	53
2491	14.9	66	49
2492	12.5	55	22
2494	12.7	0	0
2495	12.5	0	0
2496	12.5	0	0
2498	12.5	0	0
2499	14.7	51	11
2501	14.0	46	25
2502	12.5	48	38
2503	12.5	0	0
2505	12.5	0	0
2506	12.5	0	0
2508	12.5	0	0
2509	12.5	0	0
2511	14.8	28	0
2512	13.7	66	35
2513	14.7	79	56
2515	14.6	67	34
2516	14.8	89	27
2518	12.5	17	13
2519	12.5	0	0
2521	12.5	0	0
2522	12.5	0	0
2523	13.9	11	0
2525	14.7	80	35
2526	14.7	65	27
2528	14.8	82	50
2529	12.5	36	17
2530	12.5	0	0
2532	12.5	0	0
2533	12.5	0	0
2535	12.5	0	0
2536	14.2	62	15
2538	12.6	73	41
2539	13.8	72	60
2540	14.8	69	51
2542	13.6	70	43
2543	12.5	0	0
2545	12.5	0	0
2546	12.5	0	0
2547	12.5	0	0
2549	14.8	28	0
2550	13.9	57	4
2552	13.4	54	41
2553	14.5	11	2
2555	12.5	0	0
2556	12.5	0	0
2557	12.5	0	0
2559	12.5	0	0
2560	12.5	0	0
2562	14.0	60	46
2563	14.8	56	43
2564	14.1	61	27
2566	13.2	66	31
2567	12.5	0	0
2569	12.5	0	0
2570	12.5	0	0
2572	12.5	0	0
2573	12.5	0	0
2574	13.7	69	22
2576	14.8	62	22
2577	12.5	57	17
2579	12.5	0	0
2580	12.5	0	0
2581	12.5	0	0
2583	12.5	0	0
2584	12.5	0	0
2586	14.6	42	0
2587	13.9	65	34
2589	14.5	72	51
2590	14.8	75	30
2591	14.8	83	49
2593	12.5	38	21
2594	12.5	0	0
2596	12.5	0	0
2597	12.5	0	0
2598	13.0	5	0
2600	13.6	61	31
2601	14.4	81	43
2603	12.4	42	18
2604	12.5	0	0
2606	12.4	0	0
2607	12.5	0	0
2608	12.5	0	0
2610	12.5	0	0
2611	14.6	70	29
2613	13.7	75	15
2614	13.8	79	59
2615	14.8	80	44
2617	12.5	56	30
2618	12.5	0	0
2620	12.5	0	0
2621	12.4	0	0
2623	12.5	0	0
2624	14.7	29	0
2625	14.5	74	34
2627	14.2	69	54
2628	15.6	21	10
2630	12.5	0	0
2631	12.5	0	0
2632	12.4	0	0
2634	12.5	0	0
2635	12.7	5	0
2637	13.7	64	30
2638	14.8	78	18
2640	14.6	70	59
2641	14.0	66	58
2642	12.5	25	23
2644	12.4	0	0
2645	12.5	0	0
2647	12.5	0	0
2648	12.4	0	0
2649	14.9	62	33
2651	14.7	79	31
2652	13.2	51	25
2654	12.5	8	1
2655	12.5	0	0
2657	12.5	0	0
2658	12.5	0	0
2659	12.5	0	0
2661	14.8	31	0
2662	14.5	63	11
2664	11.2	83	49
2665	14.8	72	55
2666	14.1	75	37
2668	12.5	20	15
2669	12.5	0	0
2671	12.5	0	0
2672	12.6	0	0
2674	12.6	0	0
2675	13.8	51	38
2676	14.4	73	42
2678	12.6	31	16
2679	12.5	0	0
2681	12.5	0	0
2682	12.5	0	0
2684	12.5	0	0
2685	12.5	0	0
2686	14.1	63	14
2688	14.8	64	38
2689	14.0	59	37
2691	14.3	64	45
2692	12.5	50	25
2694	12.5	0	0
2695	12.5	0	0
2696	12.5	0	0
2698	12.5	0	0
2699	14.7	57	2
2701	14.7	48	22
2702	13.4	61	42
2703	12.5	0	0
2705	12.6	0	0
2706	12.5	0	0
2708	12.5	0	0
2709	12.5	0	0
2710	14.5	11	0
2712	13.3	59	27
2713	14.7	68	45
2715	14.3	61	19
2716	14.8	68	21
2718	12.5	14	4
2719	12.5	0	0
2720	12.5	0	0
2722	12.5	0	0
2723	12.5	0	0
2725	13.9	54	29
2726	14.6	58	21
2727	12.5	38	29
2729	12.5	0	0
2730	12.7	0	0
2732	12.5	0	0
2733	15.1	0	0
2735	12.5	0	0
2736	14.8	32	0
2737	13.8	61	11
2739	14.3	70	43
2740	14.2	69	0
2742	14.8	83	49
2743	12.4	31	21
2744	12.5	0	0
2746	12.5	0	0
2747	12.5	0	0
2749	12.8	7	0
2750	14.0	56	30
2752	14.5	69	49
2753	12.5	31	22
2754	12.5	0	0
2756	12.5	0	0
2757	12.5	0	0
2759	12.5	0	0
2760	12.5	0	0
2761	14.4	53	27
2763	14.2	62	27
2764	14.0	83	28
2766	14.2	62	50
2767	12.5	45	3
2769	12.4	0	0
2770	12.4	0	0
2771	12.5	0	0
2773	12.5	0	0
2774	14.3	56	15
2776	14.2	56	23
2777	14.8	76	42
2778	12.5	1	0
2780	12.5	0	0
2781	12.5	0	0
2783	12.5	0	0
2784	12.5	0	0
2786	13.3	6	0
2787	14.6	53	41
2788	12.7	68	38
2790	14.1	72	55
2791	14.8	61	57
2793	12.5	47	23
2794	12.5	0	0
2795	12.5	0	0
2797	12.5	0	0
2798	12.4	0	0
2800	14.8	66	23
2801	14.8	68	48
2802	12.5	40	2
2804	12.5	0	0
2805	12.5	0	0
2807	12.5	0	0
2808	13.9	0	0
2809	12.5	0	0
2811	14.9	28	0
2812	13.5	53	20
2814	14.7	69	54
2815	14.2	72	50
2817	14.8	83	44
2818	12.5	37	18
2819	12.5	0	0
2821	12.5	0	0
2822	12.5	0	0
2824	14.5	16	0
2825	14.6	64	31
2826	14.6	68	34
2828	14.9	77	59
2829	12.4	26	17
2831	12.5	0	0
2832	12.5	0	0
2833	12.5	0	0
2835	12.5	0	0
2836	14.7	87	3
2838	11.8	71	26
2839	14.8	72	56
2841	14.8	69	34
2842	15.1	82	51
2843	12.5	1	0
2845	12.5	0	0
2846	12.5	0	0
2848	12.6	0	0
2849	13.4	6	0
2850	14.0	73	18
2852	15.1	58	55
2853	17.5	0	0
2855	12.5	0	0
2856	12.5	0	0
2857	12.4	0	0
2859	12.5	0	0
2860	12.4	0	0
2862	14.5	50	32
2863	14.2	60	33
2864	14.1	59	39
2866	14.8	71	56
2867	12.5	29	19
2869	12.5	0	0
2870	12.5	0	0
2872	12.5	0	0
2873	12.5	0	0
2874	14.5	52	11
2876	14.4	62	22
2877	14.0	64	35
2879	12.5	1	0
2880	12.5	0	0
2881	12.6	0	0
2883	12.5	0	0
2884	12.5	0	0
2886	13.3	6	0
2887	13.6	56	31
2888	14.2	72	47
2890	14.1	70	48
2891	14.9	84	36
2893	12.5	47	21
2894	12.5	0	0
2895	12.5	0	0
2897	12.5	0	0
2898	12.5	0	0
2900	13.8	62	16
2901	14.7	64	40
2903	12.5	45	26
2904	12.5	0	0
2905	12.5	0	0
2907	12.5	0	0
2908	12.5	0	0
2910	12.5	0	0
2911	14.8	31	0
2912	13.9	54	19
2914	13.5	63	54
2915	14.8	74	37
2917	12.4	55	20
2918	12.5	2	1
2919	12.5	0	0
2921	12.5	0	0
2922	12.5	0	0
2924	14.1	14	0
2925	13.9	62	32
2926	14.9	72	19
2928	13.3	74	50
2929	12.5	0	0
2931	12.5	0	0
2932	12.5	0	0
2934	12.5	0	0
2935	12.5	0	0
2936	14.7	90	0
2938	12.1	59	49
2939	13.8	70	52
2941	14.8	66	45
2942	12.5	55	33
2943	12.5	0	0
2945	12.5	0	0
2946	12.5	0	0
2948	12.5	0	0
2949	12.7	2	0
2950	13.0	50	36
2952	14.8	63	40
2953	12.4	7	0
2955	12.5	0	0
2956	12.4	0	0
2957	12.4	0	0
2959	12.5	0	0
2960	12.5	0	0
2962	13.5	44	16
2963	14.2	51	36
2964	14.0	61	43
2966	14.9	67	51
2967	12.5	18	6
2969	12.5	0	0
2970	12.5	0	0
2971	12.5	0	0
2973	12.5	0	0
2974	14.8	45	0
2976	13.9	49	37
2977	13.8	56	37
2978	12.5	6	1
2980	12.5	0	0
2981	12.5	0	0
2983	12.5	0	0
2984	12.5	0	0
2985	12.5	0	0
2987	13.4	46	32
2988	14.8	65	32
2990	14.4	60	20
2991	14.4	66	62
2993	12.5	31	24
2994	12.5	0	0
2995	12.5	0	0
2997	12.5	0	0
2998	12.5	0	0
3000	14.1	53	11
3001	14.6	61	47
3002	14.3	80	27
3004	12.5	17	4
3005	12.5	0	0
3007	12.5	0	0
3008	12.5	0	0
3009	12.5	0	0
3011	14.7	19	0
3012	14.6	67	43
3014	11.3	75	36
3015	14.9	71	40
3016	14.9	85	28
3018	12.5	49	19
3019	12.4	0	0
3021	12.5	0	0
3022	12.5	0	0
3024	12.5	0	0
3025	14.0	52	16
3026	14.7	69	49
3028	12.5	45	21
3029	12.5	0	0
3031	12.5	0	0
3032	12.4	0	0
3033	12.5	0	0
3035	12.5	0	0
3036	14.8	60	0
3038	14.8	64	35
3039	13.7	69	66
3040	14.8	73	45
3042	14.4	69	52
3043	12.5	0	0
3045	12.5	0	0
3046	12.5	0	0
3048	12.5	0	0
3049	14.6	19	0
3050	13.6	70	52
3052	14.1	68	49
3053	12.5	35	26
3055	12.5	0	0
3056	12.5	0	0
3057	12.5	0	0
3059	12.5	0	0
3060	12.5	0	0
3062	14.7	81	2
3063	16.4	72	46
3064	14.4	70	50
3066	14.8	83	34
3067	13.4	65	31
3069	12.5	7	1
3070	12.5	0	0
3072	12.5	0	0
3073	12.5	0	0
3074	14.6	58	0
3076	14.4	64	47
3077	14.2	55	47
3079	12.5	38	24
3080	12.5	0	0
3081	12.5	0	0
3083	12.5	0	0
3084	12.5	0	0
3086	12.9	2	0
3087	13.9	68	16
3088	14.2	72	49
3090	14.8	72	54
3091	14.5	69	33
3093	12.5	19	14
3094	12.6	0	0
3095	12.5	0	0
3097	12.5	0	0
3098	12.4	0	0
3100	14.8	63	0
3101	13.9	66	51
3102	14.8	88	36
3104	13.6	60	43
3105	12.5	0	0
3107	12.4	0	0
3108	15.5	0	0
3110	12.5	0	0
3111	14.8	22	0
3112	14.6	73	54
3114	11.6	74	39
3115	14.8	81	54
3117	14.1	79	35
3118	12.5	57	19
3119	12.5	0	0
3121	12.5	0	0
3122	12.5	0	0
3124	12.5	0	0
3125	14.5	45	9
3126	14.0	61	8
3128	12.5	39	14
3129	12.5	0	0
3131	12.5	0	0
3132	12.5	0	0
3133	12.5	0	0
3135	12.5	0	0
3136	14.8	21	0
3138	14.5	66	50
3139	14.2	60	43
3140	14.8	76	41
3142	14.2	71	51
3143	12.5	28	6
3145	12.4	0	0
3146	12.5	0	0
3148	12.5	0	0
3149	12.4	0	0
3150	13.0	61	26
3152	14.3	53	38
3153	14.6	38	4
3155	12.5	0	0
3156	12.5	0	0
3157	12.5	0	0
3159	12.5	0	0
3160	12.5	0	0
3162	14.8	34	0
3163	13.7	64	56
3164	14.7	76	54
3166	14.7	76	51
3167	14.8	67	35
3169	12.5	25	23
3170	12.5	0	0
3172	12.5	0	0
3173	12.5	0	0
3174	12.2	0	0
3176	13.7	47	35
3177	13.8	64	39
3179	12.5	50	26
3180	12.6	0	0
3181	12.7	0	0
3183	12.5	0	0
3184	12.5	0	0
3186	12.5	0	0
3187	14.4	33	15
3189	14.7	76	26
3190	14.8	72	47
3191	14.8	65	33
3193	12.5	31	18
3194	12.4	0	0
3196	12.5	0	0
3197	12.6	0	0
3198	12.5	0	0
3200	14.8	35	0
3201	14.7	77	19
3203	14.6	72	51
3204	12.5	17	1
3205	12.5	0	0
3207	12.5	0	0
3208	12.5	0	0
3210	12.5	0	0
3211	12.7	1	0
3212	14.0	62	46
3214	14.2	67	41
3215	14.9	73	21
3217	13.6	66	40
3218	12.5	21	7
3220	12.5	0	0
3221	12.5	0	0
3222	12.5	0	0
3224	12.5	0	0
3225	13.6	57	47
3227	14.7	70	34
3228	12.5	56	36
3229	12.5	0	0
3231	12.5	0	0
3232	12.5	0	0
3234	12.5	0	0
3235	12.5	0	0
3236	14.8	44	0
3238	13.8	54	44
3239	13.8	72	30
3241	13.3	66	30
3242	13.0	60	32
3244	12.5	0	0
3245	12.5	0	0
3246	12.5	0	0
3248	12.5	0	0
3249	14.7	24	0
3251	14.6	62	36
3252	14.0	65	48
3253	12.5	16	2
3255	12.5	0	0
3256	12.5	0	0
3258	12.5	0	0
3259	12.5	0	0
3260	12.5	0	0
3262	14.1	51	26
3263	13.3	71	17
3265	14.0	82	47
3266	14.6	74	47
3267	13.9	53	38
3269	12.5	9	1
3270	12.4	0	0
3272	12.5	0	0
3273	15.4	0	0
3275	14.8	37	0
3276	14.5	69	52
3277	13.8	71	31
3279	12.5	20	3
3280	12.5	0	0
3282	12.6	0	0
3283	12.5	0	0
3284	12.5	0	0
3286	12.8	2	0
3287	14.8	59	48
3289	14.4	75	36
3290	14.8	66	46
3292	13.3	52	27
3293	12.5	6	1
3294	12.4	0	0
3296	12.5	0	0
3297	12.5	0	0
3299	12.4	0	0
3300	14.8	47	23
3301	14.7	63	29
3303	14.2	64	40
3304	12.5	0	0
3306	12.5	0	0
3307	12.5	0	0
3308	12.4	0	0
3310	12.5	0	0
3311	14.7	41	7
3313	13.8	51	25
3314	14.8	60	41
3315	14.3	63	51
3317	12.5	44	27
3318	12.5	0	0
3320	12.5	0	0
3321	12.5	0	0
3323	12.5	0	0
3324	12.8	4	0
3325	14.3	70	27
3327	14.0	72	43
3328	13.0	50	34
3330	12.4	0	0
3331	12.5	0	0
3332	12.6	0	0
3334	12.5	0	0
3335	12.5	0	0
3337	14.7	40	24
3338	13.5	67	42
3339	14.2	77	49
3341	14.3	61	52
3342	12.4	32	22
3344	12.5	0	0
3345	12.5	0	0
3347	12.5	0	0
3348	12.5	0	0
3349	14.1	34	5
3351	13.7	63	39
3352	14.8	79	31
3354	12.5	59	24
3355	12.5	8	1
3356	12.5	0	0
3358	12.5	0	0
3359	12.5	0	0
3361	12.5	0	0
3362	14.7	40	24
3364	13.6	61	24
3365	14.0	77	40
3366	14.1	79	41
3368	12.5	33	20
3369	12.5	0	0
3371	12.4	0	0
3372	12.5	0	0
3373	12.5	0	0
3375	14.8	32	21
3376	13.9	70	18
3378	13.3	68	46
3379	12.5	15	3
3380	12.5	0	0
3382	12.5	0	0
3383	12.5	0	0
3385	12.5	0	0
3386	14.2	7	0
3387	13.8	52	33
3389	14.5	73	24
3390	14.8	67	52
3392	12.5	40	5
3393	12.5	0	0
3394	12.4	0	0
3396	12.5	0	0
3397	12.5	0	0
3399	12.4	0	0
3400	14.7	43	7
3401	14.8	72	7
3403	13.9	71	37
3404	12.5	0	0
3406	12.5	0	0
3407	12.5	0	0
3408	12.6	0	0
3410	12.5	0	0
3411	13.9	18	9
3413	14.0	64	43
3414	14.0	72	22
3416	14.9	67	49
3417	12.5	38	2
3418	12.5	0	0
3420	12.5	0	0
3421	12.5	0	0
3423	12.5	0	0
3424	12.7	4	0
3425	13.9	64	40
3427	14.0	67	16
3428	13.2	80	15
3430	12.5	4	0
3431	12.5	0	0
3432	12.5	0	0
3434	12.5	0	0
3435	12.5	0	0
3437	13.7	36	24
3438	14.7	64	9
3439	14.0	59	34
3441	14.9	67	55
3442	12.5	12	4
3444	12.4	0	0
3445	12.5	0	0
3446	12.4	0	0
3448	12.5	0	0
3449	13.1	9	3
3451	14.0	58	14
3452	15.0	70	32
3453	12.5	30	5
3455	12.5	0	0
3456	12.5	0	0
3458	12.5	0	0
3459	12.5	0	0
3460	12.5	0	0
3462	13.3	39	9
3463	14.8	82	0
3465	14.4	56	30
3466	13.8	63	39
3468	12.5	0	0
3469	12.5	0	0
3470	12.5	0	0
3472	12.5	0	0
3473	12.4	0	0
3475	14.9	27	7
3476	14.0	64	25
3477	13.9	66	31
3479	12.5	14	7
3480	12.5	0	0
3482	12.5	0	0
3483	13.6	0	0
3484	12.5	0	0
3486	12.5	0	0
3487	13.9	63	37
3489	13.0	82	13
3490	14.4	61	37
3491	13.7	62	26
3493	12.5	10	2
3494	12.5	0	0
3496	12.5	0	0
3497	12.5	0	0
3499	12.5	0	0
3500	13.8	30	22
3501	14.8	84	0
3503	14.7	73	30
3504	12.5	15	0
3506	12.5	0	0
3507	12.5	0	0
3508	12.4	0	0
3510	12.5	0	0
3511	14.2	17	6
3513	14.0	67	24
3514	13.6	77	20
3515	14.4	67	34
3517	12.5	52	19
3518	12.5	0	0
3520	12.5	0	0
3521	12.5	0	0
3522	12.4	0	0
3524	12.4	0	0
3525	13.9	67	33
3527	14.7	83	6
3528	18.8	75	43
3530	12.5	8	1
3531	12.5	0	0
3532	12.5	0	0
3534	12.5	0	0
3535	12.5	0	0
3537	14.2	30	15
3538	14.7	67	13
3539	14.1	77	14
3541	14.9	62	49
3542	12.5	4	1
3544	12.5	0	0
3545	12.5	0	0
3546	12.5	0	0
3548	12.5	0	0
3549	12.5	6	0
3551	14.1	60	6
3552	14.0	76	27
3553	12.5	45	31
3555	12.5	0	0
3556	12.5	0	0
3558	12.5	0	0
3559	12.5	0	0
3561	12.5	0	0
3562	14.1	31	8
3563	14.8	89	0
3565	14.6	69	25
3566	13.5	58	31
3568	12.4	5	1
3569	12.5	0	0
3570	12.5	0	0
3572	12.5	0	0
3573	16.0	0	0
3575	14.2	23	15
3576	14.8	73	15
3577	14.8	76	39
3579	12.5	65	21
3580	12.5	0	0
3582	12.5	0	0
3583	12.5	0	0
3584	12.5	0	0
3586	12.5	0	0
3587	14.0	67	26
3589	9.8	84	20
3590	14.6	70	28
3592	14.9	81	41
3593	12.5	44	19
3594	12.5	0	0
3596	12.5	0	0
3597	12.5	0	0
3599	12.3	0	0
3600	14.0	35	24
3601	14.7	84	0
3603	13.2	63	26
3604	12.4	0	0
3606	12.5	0	0
3607	12.5	0	0
3608	12.5	0	0
3610	12.5	0	0
3611	14.8	30	2
3613	14.4	66	18
3614	14.0	82	26
3615	14.8	67	47
3617	13.5	71	43
3618	12.5	0	0
3620	12.4	0	0
3621	12.5	0	0
3623	12.5	0	0
3624	12.3	0	0
3625	14.0	70	28
3627	14.3	75	28
3628	14.6	79	41
3630	12.5	12	1
3631	12.5	0	0
3632	12.5	0	0
3634	12.7	0	0
3635	12.5	0	0
3637	13.9	38	16
3638	14.7	72	23
3639	14.5	72	42
3641	14.0	66	46
3642	12.5	27	18
3644	12.5	0	0
3645	12.4	0	0
3646	12.5	0	0
3648	12.5	0	0
3649	14.8	29	0
3651	14.6	62	27
3652	14.1	70	43
3654	13.2	55	30
3655	12.5	10	0
3656	12.5	0	0
3658	12.5	0	0
3659	12.5	0	0
3661	12.5	0	0
3662	14.3	35	17
3663	13.2	95	13
3665	14.0	75	42
3666	13.9	60	31
3668	12.5	0	0
3669	12.4	0	0
3670	12.5	0	0
3672	12.5	0	0
3673	12.5	0	0
3675	14.0	29	10
3676	14.6	78	9
3678	14.0	58	31
3679	12.5	29	18
3680	12.5	0	0
3682	12.5	0	0
3683	12.5	0	0
3685	12.5	0	0
3686	14.0	7	1
3687	14.7	66	19
3689	12.6	92	20
3690	13.6	55	46
3692	14.2	70	53
3693	13.9	18	9
3694	12.5	0	0
3696	12.5	0	0
3697	12.5	0	0
3699	12.3	0	0
3700	14.0	34	19
3702	14.8	99	0
3703	14.0	59	44
3704	12.5	15	2
3706	12.5	0	0
3707	12.5	0	0
3709	12.4	0	0
3710	12.5	0	0
3711	14.2	28	15
3713	14.7	77	12
3714	14.9	95	11
3716	14.1	62	48
3717	12.5	44	26
3718	12.5	0	0
3720	12.5	0	0
3721	12.5	0	0
3723	12.5	0	0
3724	12.3	0	0
3725	14.8	56	19
3727	14.9	96	0
3728	14.0	63	26
3730	12.5	22	19
3731	12.5	0	0
3733	12.5	0	0
3734	12.5	0	0
3735	12.5	0	0
3737	13.4	20	10
3738	17.0	71	23
3740	14.8	92	7
3741	14.8	66	51
3742	12.5	32	27
3744	12.4	0	0
3745	12.4	0	0
3747	12.5	0	0
3748	12.5	0	0
3749	12.5	0	0
3751	14.8	68	10
3752	13.4	77	36
3754	12.5	26	7
3755	12.5	1	0
3756	12.6	0	0
3758	12.5	0	0
3759	12.5	0	0
3761	12.5	0	0
3762	13.0	17	10
3763	14.8	94	0
3765	14.8	95	6
3766	14.9	71	3
3768	12.5	28	6
3769	12.5	0	0
3771	12.5	0	0
3772	12.5	0	0
3773	12.5	0	0
3775	14.1	12	8
3776	14.8	92	19
3778	14.2	66	45
3779	12.4	39	21
3780	12.7	0	0
3782	12.5	0	0
3783	12.5	0	0
3785	12.5	0	0
3786	12.5	0	0
3787	14.6	56	42
3789	11.5	94	12
3790	13.4	72	22
3792	14.8	77	36
3793	12.4	46	29
3795	12.5	0	0
3796	12.5	0	0
3797	12.5	0	0
3799	12.5	0	0
3800	14.0	21	14
3802	14.7	82	10
3803	13.5	53	43
3804	12.5	17	7
3806	12.5	0	0
3807	12.5	0	0
3809	12.5	0	0
3810	12.5	0	0
3811	13.0	5	0
3813	14.6	81	16
3814	14.4	88	31
3816	14.8	71	49
3817	13.6	59	39
3818	12.5	0	0
3820	12.5	0	0
3821	12.5	0	0
3823	12.5	0	0
3824	12.3	0	0
3825	14.7	71	18
3827	14.7	94	2
3828	13.7	53	27
3830	12.5	9	1
3831	12.5	0	0
3833	12.5	0	0
3834	12.5	0	0
3835	12.5	0	0
3837	14.6	19	14
3838	14.7	99	0
3840	14.8	93	14
3841	13.9	56	48
3842	12.5	15	5
3844	12.5	0	0
3845	12.4	0	0
3847	12.5	0	0
3848	12.5	0	0
3849	12.5	2	0
3851	14.5	54	21
3852	13.3	73	25
3854	12.5	47	19
3855	12.5	10	0
3857	12.5	0	0
3858	12.5	0	0
3859	12.5	0	0
3861	12.5	0	0
3862	14.0	43	22
3864	14.8	98	0
3865	14.8	96	7
3866	14.7	73	31
3868	12.5	30	7
3869	12.5	0	0
3871	12.5	0	0
3872	12.5	0	0
3874	12.6	0	0
3875	14.8	15	9
3876	14.8	99	0
3878	14.0	63	49
3879	13.1	58	42
3881	12.5	0	0
3882	12.5	0	0
3883	12.5	0	0
3885	12.5	0	0
3886	12.5	0	0
3888	14.8	75	12
3889	10.2	96	7
3890	13.3	76	27
3892	13.7	63	38
3893	12.5	0	0
3895	12.5	0	0
3896	12.5	0	0
3897	12.5	0	0
3899	12.5	0	0
3900	13.5	40	20
3902	14.8	93	1
3903	15.6	48	28
3905	12.5	33	22
3906	12.5	0	0
3907	12.5	0	0
3909	12.5	0	0
3910	12.6	0	0
3912	14.4	18	2
3913	14.7	75	34
3914	14.9	97	8
3916	14.8	74	42
3917	14.3	74	34
3919	12.5	9	1
3920	12.5	0	0
3921	12.5	0	0
3923	12.5	0	0
3924	12.1	0	0
3926	14.9	63	10
3927	14.8	95	8
3928	14.4	64	34
3930	12.5	34	4
3931	12.5	0	0
3933	12.5	0	0
3934	12.5	0	0
3936	12.5	0	0
3937	13.4	11	8
3938	14.7	96	0
3940	14.8	96	8
3941	14.8	72	16
3943	12.5	57	7
3944	12.5	3	0
3945	12.5	0	0
3947	12.5	0	0
3948	13.4	0	0
3950	12.6	1	0
3951	14.5	67	11
3952	13.7	68	41
3954	12.5	45	21
3955	12.5	0	0
3957	12.5	0	0
3958	12.5	0	0
3960	12.5	0	0
3961	12.5	0	0
3962	14.6	49	21
3964	14.6	92	5
3965	13.6	84	26
3967	14.7	63	35
3968	12.5	26	16
3969	12.5	0	0
3971	12.4	0	0
3972	12.5	0	0
3974	12.5	0	0
3975	14.0	15	8
3976	14.8	72	12
3978	14.6	62	44
3979	12.6	59	29
3981	12.5	0	0
3982	12.5	0	0
3983	12.4	0	0
3985	12.5	0	0
3986	12.6	4	0
3988	14.7	72	45
3989	6.1	99	0
3991	14.8	98	7
3992	14.8	61	43
3993	12.5	33	17
3995	12.5	0	0
3996	12.7	0	0
3998	12.5	0	0
3999	12.5	0	0
4000	14.5	20	7
4002	14.8	78	5
4003	13.6	65	37
4005	14.3	60	37
4006	12.4	14	3
4007	12.5	0	0
4009	12.5	0	0
4010	12.5	0	0
4012	12.4	0	0
4013	14.9	54	12
4014	10.8	99	0
4016	14.6	94	9
4017	14.8	61	24
4019	12.5	26	17
4020	12.5	0	0
4022	12.5	0	0
4023	12.5	0	0
4024	12.5	0	0
4026	14.8	20	9
4027	14.7	96	0
4029	14.0	60	53
4030	12.5	48	33
4031	12.4	0	0
4033	12.5	0	0
4034	12.5	0	0
4036	12.5	0	0
4037	12.5	0	0
4038	13.4	55	28
4040	9.2	87	12
4041	13.3	60	42
4043	13.9	53	35
4044	12.4	10	1
4045	12.5	0	0
4047	12.5	0	0
4048	12.5	0	0
4050	12.5	0	0
4051	14.7	31	6
4053	14.7	99	0
4054	14.0	60	49
4055	12.5	4	1
4057	12.4	0	0
4058	12.5	0	0
4060	12.5	0	0
4061	12.5	0	0
4062	13.5	10	0
4064	14.7	74	18
4065	14.8	83	29
4067	14.9	64	50
4068	15.1	39	26
4070	12.5	0	0
4071	12.5	0	0
4072	12.4	0	0
4074	12.5	0	0
4075	12.4	1	0
4077	14.8	81	17
4078	14.7	76	27
4080	14.3	66	43
4081	12.5	12	1
4082	12.5	0	0
4084	12.5	0	0
4085	12.5	0	0
4087	12.5	0	0
4088	13.6	26	19
4089	14.4	98	7
4091	14.9	87	26
4092	14.1	66	17
4094	12.5	17	7
4095	12.5	0	0
4096	12.5	0	0
4098	12.5	0	0
4099	12.5	0	0
4101	14.6	36	8
4102	14.8	77	53
4104	14.0	63	48
4105	12.5	49	21
4106	12.5	0	0
4108	12.5	0	0
4109	12.5	0	0
4111	12.5	0	0
4112	12.9	0	0
4113	14.9	61	51
4115	14.0	74	37
4116	14.8	69	32
4118	12.5	65	42
4119	12.4	12	5
4120	12.5	0	0
4122	12.5	0	0
4123	12.5	0	0
4125	12.4	0	0
4126	14.3	38	22
4127	14.4	87	14
4129	13.5	62	24
4130	12.5	0	0
4132	12.5	0	0
4133	12.5	0	0
4135	12.5	0	0
4136	12.4	0	0
4137	14.8	33	0
4139	14.6	67	53
4140	14.3	71	39
4142	13.7	53	32
4143	15.6	35	18
4144	12.5	0	0
4146	12.5	0	0
4147	12.5	0	0
4149	12.5	0	0
4150	12.9	2	0
4152	14.2	62	42
4153	13.3	78	25
4154	13.5	52	29
4156	12.5	9	1
4157	12.5	0	0
4159	12.4	0	0
4160	12.5	0	0
4161	12.5	0	0
4163	13.3	36	22
4164	14.8	86	7
4166	14.8	90	28
4167	14.3	62	59
4168	12.5	22	15
4170	12.7	0	0
4171	12.5	0	0
4173	12.5	0	0
4174	12.5	0	0
4175	13.7	9	0
4177	14.5	59	45
4178	14.8	67	52
4180	14.8	76	55
4181	12.5	35	26
4183	12.5	0	0
4184	12.5	0	0
4185	12.5	0	0
4187	12.5	0	0
4188	15.7	75	21
4190	14.0	98	0
4191	13.3	78	37
4192	14.4	67	31
4194	12.5	16	12
4195	12.5	0	0
4197	12.5	0	0
4198	12.5	0	0
4199	12.5	0	0
4201	14.0	30	8
4202	14.8	94	3
4204	14.8	76	35
4205	12.5	59	7
4207	12.5	0	0
4208	12.5	0	0
4209	12.5	0	0
4211	12.5	0	0
4212	13.7	8	0
4214	14.6	64	49
4215	11.4	79	44
4216	14.9	69	41
4218	14.8	75	52
4219	12.5	0	0
4221	12.4	0	0
4222	12.4	0	0
4223	12.5	0	0
4225	12.4	0	0
4226	14.0	75	37
4228	14.8	92	11
4229	14.1	69	47
4230	12.7	39	22
4232	12.5	0	0
4233	13.9	0	0
4235	12.4	0	0
4236	12.5	0	0
4237	14.9	32	0
4239	14.7	65	46
4240	13.7	67	40
4242	14.8	71	43
4243	14.4	66	39
4244	12.4	3	1
4246	12.5	0	0
4247	12.5	0	0
4249	12.5	0	0
4250	12.5	0	0
4252	14.2	63	42
4253	14.2	68	41
4254	14.6	72	26
4256	12.5	17	9
4257	12.5	0	0
4259	12.5	0	0
4260	12.5	0	0
4261	12.5	0	0
4263	14.6	47	3
4264	14.8	74	26
4266	14.7	83	49
4267	14.8	70	52
4268	12.7	50	22
4270	12.4	2	0
4271	12.5	0	0
4273	12.5	0	0
4274	12.4	0	0
4275	14.7	30	0
4277	14.7	68	58
4278	14.1	59	25
4280	12.4	41	20
4281	12.5	0	0
4282	12.5	0	0
4284	12.5	0	0
4285	12.5	0	0
4287	12.5	0	0
4288	13.3	48	12
4290	14.6	64	45
4291	14.8	73	58
4292	14.4	70	29
4294	12.8	58	22
4295	12.6	4	0
4297	12.5	0	0
4298	12.4	0	0
4299	12.4	0	0
4301	14.7	53	0
4302	14.8	76	31
4304	14.7	72	40
4305	12.5	49	27
4306	12.5	0	0
4308	12.5	0	0
4309	12.5	0	0
4311	12.5	0	0
4312	14.8	15	0
4313	14.2	61	50
4315	12.7	79	38
4316	14.8	77	33
4318	14.5	76	51
4319	12.5	4	1
4321	12.4	0	0
4322	12.5	0	0
4323	12.5	0	0
4325	12.5	0	0
4326	14.8	78	30
4328	14.8	88	10
4329	13.7	51	34
4330	12.4	0	0
4332	12.5	0	0
4333	12.5	0	0
4335	12.5	0	0
4336	12.5	0	0
4338	14.9	37	0
4339	14.7	71	48
4340	13.7	67	63
4342	13.9	62	46
4343	12.6	44	27
4345	12.5	0	0
4346	12.4	0	0
4347	12.5	0	0
4349	12.5	0	0
4350	12.5	0	0
4352	12.7	50	25
4353	14.5	65	13
4354	12.5	42	15
4356	12.5	2	0
4357	12.6	0	0
4359	12.5	0	0
4360	12.5	0	0
4361	12.5	0	0
4363	14.2	35	9
4364	14.8	45	2
4366	13.7	70	48
4367	14.6	56	51
4369	12.5	7	4
4370	12.5	0	0
4371	12.5	0	0
4373	12.5	0	0
4374	12.5	0	0
4376	14.7	15	0
4377	14.8	62	35
4378	13.6	59	48
4380	12.5	22	7
4381	12.5	0	0
4383	12.5	0	0
4384	12.5	0	0
4386	12.5	0	0
4387	12.5	0	0
4388	13.9	59	37
4390	13.1	91	11
4391	14.0	50	44
4393	12.5	39	13
4394	12.5	2	1
4395	12.4	0	0
4397	12.5	0	0
4398	14.2	0	0
4400	12.5	0	0
4401	14.7	26	17
4402	14.8	70	22
4404	13.2	61	52
4405	12.5	4	1
4407	12.5	0	0
4408	12.5	0	0
4409	12.5	0	0
4411	12.5	0	0
4412	13.2	3	0
4414	13.8	47	36
4415	12.1	73	24
4417	14.9	65	41
4418	13.7	62	45
4419	12.5	0	0
4421	12.5	0	0
4422	12.5	0	0
4424	12.5	0	0
4425	12.5	0	0
4426	13.2	50	43
4428	14.0	73	22
4429	14.4	57	32
4431	12.5	8	1
4432	12.5	0	0
4434	12.5	0	0
4435	12.5	0	0
4436	12.5	0	0
4438	13.9	29	6
4439	14.8	83	0
4441	14.0	75	53
4442	14.0	60	45
4443	12.5	24	11
4445	12.4	0	0
4446	12.5	0	0
4448	12.5	0	0
4449	12.5	0	0
4450	13.5	6	0
4452	14.5	57	36
4453	14.6	73	42
4455	14.7	70	38
4456	12.5	26	16
4457	12.5	0	0
4459	12.5	0	0
4460	12.5	0	0
4462	12.5	0	0
4463	13.3	27	18
4464	14.5	68	22
4466	14.1	80	36
4467	14.2	68	43
4469	12.5	36	19
4470	12.4	0	0
4472	12.5	0	0
4473	12.4	0	0
4474	12.5	0	0
4476	14.8	21	0
4477	14.7	87	0
4479	14.7	73	37
4480	13.3	51	32
4481	12.5	0	0
4483	12.5	0	0
4484	12.5	0	0
4486	12.5	0	0
4487	12.5	0	0
4488	13.7	54	29
4490	12.5	80	6
4491	14.0	55	42
4493	13.4	47	21
4494	12.5	8	4
4496	12.5	0	0
4497	12.5	0	0
4498	12.5	0	0
4500	12.5	0	0
4501	14.7	52	15
4503	14.7	67	3
4504	14.3	62	58
4505	12.5	18	2
4507	12.5	0	0
4508	12.5	0	0
4510	12.5	0	0
4511	12.5	0	0
4512	13.0	6	0
4514	14.2	47	34
4515	10.4	88	38
4517	14.8	63	41
4518	17.4	45	32
4519	12.5	0	0
4521	12.5	0	0
4522	12.5	0	0
4524	12.4	0	0
4525	12.5	0	0
4526	13.2	41	26
4528	14.7	73	23
4529	13.7	53	21
4531	12.4	26	18
4532	12.5	0	0
4534	12.5	0	0
4535	12.5	0	0
4536	12.5	0	0
4538	14.7	17	0
4539	14.6	49	41
4541	13.5	90	11
4542	14.5	73	31
4543	14.1	58	30
4545	12.5	8	1
4546	12.5	0	0
4548	12.5	0	0
4549	12.5	0	0
4550	12.4	0	0
4552	14.6	38	9
4553	14.8	99	0
4555	14.8	66	41
4556	12.5	49	30
4558	12.5	0	0
4559	12.5	0	0
4560	12.5	0	0
4562	12.5	0	0
4563	14.6	19	6
4565	14.7	72	5
4566	14.8	94	5
4567	14.8	58	47
4569	13.5	71	40
4570	12.5	0	0
4572	12.5	0	0
4573	12.5	0	0
4574	12.5	0	0
4576	12.4	0	0
4577	14.8	65	30
4579	13.4	85	14
4580	14.0	63	42
4581	12.5	22	1
4583	12.5	0	0
4584	12.5	0	0
4586	12.5	0	0
4587	12.5	0	0
4588	13.8	30	9
4590	14.6	78	27
4591	14.9	93	15
4593	14.1	66	51
4594	12.5	48	32
4596	12.5	0	0
4597	12.5	0	0
4598	12.5	0	0
4600	12.4	0	0
4601	13.1	6	2
4603	14.7	96	5
4604	13.4	83	19
4605	14.0	59	38
4607	12.5	13	1
4608	12.5	0	0
4610	12.5	0	0
4611	12.5	0	0
4612	12.5	0	0
4614	14.7	49	11
4615	14.2	99	0
4617	14.8	97	8
4618	14.1	59	45
4620	12.5	17	1
4621	12.5	0	0
4622	12.4	0	0
4624	12.4	0	0
4625	12.5	0	0
4627	14.6	10	4
4628	14.7	86	9
4629	13.2	60	54
4631	12.5	51	35
4632	12.5	4	0
4634	12.5	0	0
4635	12.5	0	0
4636	12.5	0	0
4638	12.5	0	0
4639	14.7	73	10
4641	14.4	98	0
4642	13.7	83	20
4643	14.0	65	31
4645	12.5	18	2
4646	12.5	0	0
4648	12.5	0	0
4649	12.8	0	0
4650	12.5	0	0
4652	14.4	19	11
4653	14.7	88	0
4655	14.8	61	53
4656	12.5	54	39
4657	12.5	0	0
4659	12.5	0	0
4660	12.5	0	0
4662	12.5	0	0
4663	12.5	0	0
4664	14.6	70	28
4666	12.3	93	9
4667	13.3	55	40
4669	12.5	24	5
4670	12.5	0	0
4671	12.5	0	0
4673	12.5	0	0
4674	12.5	0	0
4676	12.4	0	0
4677	13.8	26	11
4679	14.8	96	0
4680	14.3	58	37
4681	12.5	8	2
4683	12.5	0	0
4684	12.5	0	0
4686	12.5	0	0
4687	12.5	0	0
4688	14.6	18	8
4690	14.8	72	34
4691	14.8	95	15
4693	14.8	70	42
4694	14.8	75	54
4695	12.5	27	8
4697	12.5	0	0
4698	14.5	0	0
4700	12.5	0	0
4701	12.2	0	0
4702	14.8	80	11
4704	14.7	97	7
4705	14.4	52	5
4707	12.5	7	1
4708	12.5	0	0
4709	12.5	0	0
4711	12.5	0	0
4712	12.5	0	0
4714	13.3	17	12
4715	14.5	76	20
4717	14.8	94	18
4718	14.8	69	47
4719	12.5	51	22
4721	12.5	0	0
4722	12.6	0	0
4724	12.5	0	0
4725	12.5	0	0
4726	13.4	6	0
4728	14.6	62	25
4729	14.0	69	35
4731	13.9	63	34
4732	12.5	21	0
4734	12.5	0	0
4735	12.5	0	0
4736	12.5	0	0
4738	12.5	0	0
4739	14.0	57	32
4741	12.8	96	0
4742	14.3	90	11
4743	13.3	59	27
4745	12.4	11	2
4746	12.5	0	0
4748	12.5	0	0
4749	12.5	0	0
4751	12.5	0	0
4752	14.8	18	13
4753	14.7	99	0
4755	14.6	60	49
4756	12.5	54	32
4758	12.5	0	0
4759	12.5	0	0
4760	12.5	0	0
4762	12.5	0	0
4763	12.8	0	0
4765	14.8	67	18
4766	10.6	95	9
4767	13.4	74	31
4769	12.7	48	21
4770	12.5	0	0
4772	12.5	0	0
4773	14.7	0	0
4774	12.5	0	0
4776	12.5	0	0
4777	12.6	39	14
4779	14.8	93	0
4780	14.3	70	44
4782	12.5	53	25
4783	12.4	4	1
4784	12.5	0	0
4786	12.5	0	0
4787	12.5	0	0
4789	14.5	14	0
4790	14.8	73	41
4791	14.8	89	28
4793	14.9	71	50
4794	14.2	71	44
4796	12.5	1	0
4797	12.5	0	0
4799	12.5	0	0
4800	12.5	0	0
4801	12.3	1	0
4803	14.8	62	45
4804	14.2	68	34
4806	14.9	72	44
4807	12.5	36	11
4808	12.5	0	0
4810	12.5	0	0
4811	12.5	0	0
4813	12.5	0	0
4814	13.7	22	15
4815	14.7	95	5
4817	14.8	91	26
4818	14.0	85	18
4820	12.4	54	28
4821	12.5	4	1
4822	12.5	0	0
4824	12.5	0	0
4825	12.5	0	0
4827	14.7	15	0
4828	14.6	80	16
4830	14.0	55	49
4831	12.4	43	28
4832	12.5	0	0
4834	12.7	0	0
4835	12.5	0	0
4837	12.5	0	0
4838	12.4	0	0
4839	14.3	67	31
4841	14.5	90	14
4842	14.8	99	0
4844	14.8	64	41
4845	12.5	52	25
4847	12.4	0	0
4848	12.5	0	0
4849	12.5	0	0
4851	12.3	0	0
4852	13.9	53	37
4854	14.7	78	2
4855	14.5	63	59
4856	12.5	42	23
4858	12.5	0	0
4859	12.5	0	0
4861	12.5	0	0
4862	12.5	0	0
4864	14.8	21	0
4865	14.2	61	51
4866	10.3	86	47
4868	14.8	71	50
4869	13.0	56	17
4871	12.5	0	0
4872	12.4	0	0
4873	12.5	0	0
4875	12.5	0	0
4876	12.5	0	0
4878	14.7	76	4
4879	13.9	84	29
4880	14.7	52	29
4882	12.5	20	5
4883	12.7	0	0
4885	12.5	0	0
4886	12.5	0	0
4887	12.5	0	0
4889	14.7	31	6
4890	14.8	99	0
4892	14.8	85	43
4893	17.7	66	44
4894	12.5	40	25
4896	12.5	0	0
4897	12.5	0	0
4899	12.5	0	0
4900	12.5	0	0
4902	13.8	10	0
4903	14.8	68	34
4904	13.9	66	35
4906	12.5	34	8
4907	12.5	0	0
4909	12.6	0	0
4910	12.5	0	0
4911	12.5	0	0
4913	12.5	0	0
4914	13.5	68	22
4916	13.2	81	2
4917	13.3	72	39
4919	14.3	62	32
4920	12.5	21	15
4921	12.4	0	0
4923	12.5	0	0
4924	12.5	0	0
4926	12.5	0	0
4927	14.7	56	21
4929	14.7	83	12
4930	14.2	62	50
4931	12.5	13	1
4933	12.5	0	0
4934	12.5	0	0
