Time(s)	CPU(%) GPU(%) LGPU(%)
0	0.1	0	0
2	0.0	0	0
3	0.0	0	0
5	0.1	0	0
6	0.0	0	0
8	0.0	0	0
9	0.0	0	0
10	0.0	0	0
12	0.0	0	0
13	0.0	0	0
15	0.0	0	0
16	0.1	0	0
18	0.0	0	0
19	0.1	0	0
20	3.2	0	0
22	2.8	0	0
23	5.4	0	0
25	4.8	0	0
26	9.0	0	0
28	7.7	0	0
30	1.4	0	0
32	0.0	0	0
33	0.0	0	0
35	0.0	0	0
36	0.0	0	0
38	0.0	0	0
39	0.1	0	0
41	0.0	0	0
42	0.0	0	0
44	0.0	0	0
45	0.0	0	0
47	0.0	0	0
48	0.0	0	0
50	0.0	0	0
51	0.1	0	0
53	0.2	0	0
54	0.3	0	0
56	0.0	0	0
57	0.0	0	0
58	0.0	0	0
60	0.0	0	0
61	0.0	0	0
63	0.0	0	0
64	0.0	0	0
66	0.0	0	0
67	0.6	0	0
68	1.8	0	0
70	0.0	0	0
72	0.8	11	0
73	1.3	17	9
74	2.8	1	0
76	3.1	0	0
77	3.1	0	0
79	3.2	0	0
80	3.2	0	0
82	3.1	0	0
83	3.2	0	0
84	3.2	0	0
86	3.1	0	0
87	3.0	0	0
89	3.2	0	0
90	3.2	0	0
91	3.1	0	0
93	3.2	0	0
94	3.1	0	0
96	3.2	0	0
97	3.2	0	0
98	3.2	0	0
100	3.1	0	0
101	3.1	0	0
103	3.1	0	0
104	3.1	0	0
105	3.1	0	0
107	3.1	0	0
108	2.8	0	0
110	3.1	0	0
111	3.2	0	0
112	3.2	0	0
114	3.2	0	0
115	3.4	0	0
117	3.1	0	0
118	3.2	0	0
119	3.2	0	0
121	3.1	0	0
122	3.2	0	0
124	3.2	0	0
125	3.2	0	0
127	3.1	0	0
128	3.1	0	0
129	3.1	0	0
131	3.1	0	0
132	3.1	0	0
134	3.2	0	0
135	3.1	0	0
136	3.2	0	0
138	3.1	0	0
139	3.1	0	0
141	3.2	0	0
142	3.1	0	0
143	3.1	0	0
145	5.0	10	0
146	12.1	43	8
148	12.4	0	0
149	12.5	0	0
151	12.4	0	0
152	12.4	0	0
153	12.5	0	0
155	12.4	0	0
156	12.5	0	0
158	12.3	0	0
159	12.3	0	0
160	12.4	0	0
162	12.4	0	0
163	12.5	0	0
165	12.4	0	0
166	12.4	0	0
167	12.4	0	0
169	12.4	0	0
170	12.4	0	0
172	13.1	5	0
173	15.3	61	19
174	12.5	0	0
176	12.8	0	0
177	12.4	0	0
179	12.5	0	0
180	12.5	0	0
181	12.7	0	0
183	12.5	0	0
184	12.3	0	0
186	14.4	0	0
187	12.5	0	0
189	12.5	0	0
190	12.5	0	0
191	12.4	0	0
193	12.5	0	0
194	12.5	0	0
196	12.4	0	0
197	12.4	0	0
198	13.8	20	0
200	12.5	74	29
201	12.5	0	0
203	12.5	0	0
204	12.5	0	0
205	12.5	0	0
207	12.5	0	0
208	12.4	0	0
210	12.4	0	0
211	12.4	0	0
213	12.5	0	0
214	12.5	0	0
215	12.5	0	0
217	12.5	0	0
218	12.4	0	0
220	12.5	0	0
221	12.5	0	0
222	12.4	0	0
224	12.4	0	0
225	12.5	0	0
227	12.5	0	0
228	12.5	0	0
230	12.5	0	0
231	12.5	0	0
232	12.5	0	0
234	12.4	0	0
235	14.9	81	3
237	12.4	79	34
238	12.4	7	4
239	12.5	0	0
241	12.5	0	0
242	12.5	0	0
244	12.5	0	0
245	12.5	0	0
246	12.4	0	0
248	12.4	0	0
249	12.5	0	0
251	12.4	0	0
252	12.5	0	0
254	12.5	0	0
255	12.5	0	0
256	12.5	0	0
258	12.5	0	0
259	12.4	0	0
261	13.8	15	0
262	15.1	86	6
263	12.5	69	45
265	12.5	0	0
266	12.5	0	0
268	12.5	0	0
269	12.5	0	0
270	12.5	0	0
272	12.4	0	0
273	12.3	0	0
275	12.5	0	0
276	12.5	0	0
278	12.5	0	0
279	12.5	0	0
280	12.5	0	0
282	12.6	0	0
283	12.4	0	0
285	12.3	0	0
286	12.4	0	0
287	12.4	0	0
289	12.5	0	0
290	12.5	0	0
292	12.5	0	0
293	12.5	0	0
294	12.5	0	0
296	12.7	4	0
297	14.7	76	0
299	15.0	98	11
300	12.5	5	0
302	12.6	0	0
303	12.5	0	0
304	12.5	0	0
306	18.4	0	0
307	12.5	0	0
309	12.4	0	0
310	12.3	0	0
311	12.5	0	0
313	12.5	0	0
314	12.5	0	0
316	12.5	0	0
317	12.5	0	0
319	12.5	0	0
320	12.5	0	0
321	12.4	0	0
323	13.8	30	0
324	14.8	93	0
326	14.6	75	45
327	12.5	6	0
329	12.5	0	0
330	12.6	0	0
332	12.4	0	0
333	12.4	0	0
334	12.4	0	0
336	15.9	0	0
337	12.4	0	0
339	12.5	0	0
340	12.5	0	0
341	12.5	0	0
343	12.4	0	0
344	12.4	0	0
346	12.5	0	0
347	12.4	0	0
348	13.3	23	0
350	14.5	63	0
351	15.0	99	10
353	14.9	95	16
354	12.5	2	0
356	12.5	0	0
357	12.5	0	0
358	12.4	0	0
360	12.4	0	0
361	12.5	0	0
363	12.4	0	0
364	12.4	0	0
366	12.5	0	0
367	12.5	0	0
368	12.6	0	0
370	12.5	0	0
371	12.5	0	0
373	12.4	0	0
374	12.5	0	0
375	12.4	0	0
377	12.5	0	0
378	12.5	0	0
380	12.5	0	0
381	12.5	0	0
382	12.5	0	0
384	13.2	10	0
385	14.0	61	0
387	14.8	91	0
388	14.7	93	23
389	14.8	99	0
391	12.4	48	19
392	12.5	0	0
394	12.5	0	0
395	12.5	0	0
397	12.5	0	0
398	12.4	0	0
399	12.5	0	0
401	12.4	0	0
402	12.5	0	0
404	12.5	0	0
405	12.4	0	0
406	12.5	0	0
408	12.5	0	0
409	12.4	0	0
411	13.7	27	0
412	14.1	59	0
413	15.0	96	0
415	14.8	87	47
416	15.2	97	3
418	12.5	66	23
419	12.5	2	0
421	12.4	0	0
422	12.5	0	0
423	12.4	0	0
425	12.4	0	0
426	12.5	0	0
428	12.4	0	0
429	12.4	0	0
430	12.5	0	0
432	12.5	0	0
433	12.5	0	0
435	12.4	0	0
436	12.5	0	0
437	12.5	0	0
439	12.4	0	0
440	12.4	0	0
442	12.5	0	0
443	12.5	0	0
445	12.5	0	0
446	13.2	17	0
447	14.0	59	0
449	14.6	68	0
450	14.7	87	46
452	14.8	99	0
453	14.8	85	43
454	12.5	38	17
456	15.6	0	0
457	12.5	0	0
459	12.5	0	0
460	12.5	0	0
461	12.4	0	0
463	12.4	0	0
464	12.4	0	0
466	12.5	0	0
467	12.5	0	0
469	12.5	0	0
470	12.5	0	0
471	13.1	2	0
473	13.2	33	0
474	14.1	55	0
476	14.8	75	3
477	14.7	82	35
478	14.8	99	0
480	14.9	94	12
481	12.5	44	19
483	12.5	0	0
484	12.4	0	0
485	12.5	0	0
487	12.5	0	0
488	12.5	0	0
490	12.4	0	0
491	12.5	0	0
493	12.5	0	0
494	12.5	0	0
495	12.4	0	0
497	12.5	0	0
498	13.2	30	0
500	14.0	52	0
501	13.9	66	0
502	14.0	75	8
504	14.8	85	0
505	14.8	99	0
507	14.8	85	50
508	12.5	66	10
509	12.4	0	0
511	12.5	0	0
512	12.5	0	0
514	12.5	0	0
515	12.4	0	0
517	12.5	0	0
518	12.4	0	0
519	12.5	0	0
521	12.4	0	0
522	12.5	0	0
524	12.5	0	0
525	12.5	0	0
527	12.4	0	0
528	12.5	0	0
529	12.5	0	0
531	15.1	0	0
532	12.5	0	0
534	13.2	15	0
535	13.3	33	0
536	14.0	66	0
538	14.0	66	0
539	14.7	76	0
541	14.7	99	0
542	14.8	99	0
543	14.8	85	51
545	12.5	45	13
546	12.5	0	0
548	12.4	0	0
549	12.5	0	0
551	12.5	0	0
552	12.5	0	0
553	12.5	0	0
555	12.4	0	0
556	12.5	0	0
558	12.4	0	0
559	12.6	3	0
561	13.2	33	0
562	14.1	43	0
563	14.0	66	0
565	14.7	74	0
566	14.7	85	0
568	14.8	99	0
569	14.8	99	0
570	14.9	94	27
572	12.4	28	11
573	12.4	0	0
575	12.5	0	0
576	12.4	0	0
578	12.4	0	0
579	12.5	0	0
580	12.4	0	0
582	12.5	0	0
583	12.4	0	0
585	12.4	0	0
586	12.5	0	0
588	12.5	0	0
589	12.5	0	0
590	12.4	0	0
592	12.5	0	0
593	12.4	0	0
595	13.0	3	0
596	13.2	25	0
598	13.2	33	0
599	14.1	59	0
600	14.0	66	0
602	14.8	68	30
603	14.8	99	0
605	14.8	99	0
606	15.2	96	4
607	12.5	73	17
609	12.5	0	0
610	12.5	0	0
612	12.5	0	0
613	12.5	0	0
615	12.4	0	0
616	12.5	0	0
617	12.5	0	0
619	12.5	0	0
620	12.4	0	0
622	13.2	20	0
623	13.3	33	0
625	14.1	45	0
626	14.0	66	0
628	14.0	70	22
629	14.9	84	10
630	14.8	99	0
632	14.8	99	0
633	14.8	92	28
635	12.5	60	14
636	12.5	0	0
638	12.5	0	0
639	12.3	0	0
641	12.4	0	0
643	12.5	0	0
645	12.4	0	0
646	12.4	0	0
647	13.3	18	0
649	13.2	33	0
650	13.2	33	0
652	14.0	63	0
653	14.2	66	0
655	14.0	71	38
656	14.7	88	0
657	14.8	99	0
659	14.6	99	0
660	14.7	80	30
662	12.7	89	16
663	12.4	14	12
664	12.5	0	0
666	15.1	0	0
667	12.5	0	0
669	12.5	0	0
670	12.4	0	0
671	12.4	0	0
673	12.5	0	0
674	12.5	0	0
676	12.4	0	0
677	12.4	0	0
679	12.4	0	0
680	12.4	0	0
681	12.5	0	0
683	13.2	7	0
684	13.2	28	0
686	13.3	33	0
687	14.1	44	0
688	14.0	66	0
690	14.8	73	0
691	14.3	68	2
693	14.9	99	0
694	14.8	99	0
695	14.8	99	0
697	14.8	87	40
698	13.2	80	24
700	12.5	0	0
701	12.5	0	0
702	12.4	0	0
704	12.4	0	0
705	12.5	0	0
707	12.5	0	0
708	12.5	0	0
710	13.2	24	0
711	13.2	33	0
712	13.3	33	0
714	14.0	56	0
715	14.0	66	0
717	14.8	80	0
718	14.8	74	38
719	14.7	99	0
721	14.8	99	0
722	14.7	99	0
724	14.8	78	34
725	15.0	98	6
726	12.5	0	0
728	12.5	0	0
729	12.5	0	0
731	12.5	0	0
732	12.5	0	0
733	12.4	0	0
735	12.5	0	0
736	12.4	0	0
738	12.5	0	0
739	12.5	0	0
741	12.4	0	0
742	12.4	0	0
743	12.5	0	0
745	13.2	13	0
746	13.2	33	0
748	13.2	33	0
749	14.0	51	0
750	14.1	66	0
752	14.0	66	0
753	14.0	83	37
755	14.8	84	0
756	14.8	99	0
758	14.8	99	0
759	14.8	99	0
760	14.8	74	4
762	15.4	99	22
763	12.4	1	0
765	12.4	0	0
766	12.5	0	0
768	12.5	0	0
769	12.4	0	0
770	13.2	4	0
772	13.3	32	0
773	13.2	33	0
775	14.0	45	0
776	14.0	66	0
778	14.1	66	0
779	14.0	66	0
780	14.1	69	24
782	14.8	90	0
783	14.7	99	0
785	14.9	99	0
786	14.8	99	0
787	14.0	71	10
789	15.3	82	11
790	12.4	0	0
792	12.5	0	0
793	12.5	0	0
794	12.4	0	0
796	12.5	0	0
797	13.2	33	0
799	13.2	33	0
800	13.2	33	0
801	14.0	51	0
803	14.0	66	0
804	13.9	66	0
806	15.0	73	12
807	14.5	69	27
808	14.8	99	0
810	14.7	99	0
811	14.8	99	0
813	14.8	99	0
814	14.0	79	7
815	14.1	66	0
817	12.5	32	15
818	12.5	0	0
820	12.5	0	0
821	12.5	0	0
823	12.5	0	0
824	12.5	0	0
825	12.5	0	0
827	12.5	0	0
828	12.5	0	0
830	12.5	0	0
831	12.5	0	0
832	13.2	10	0
834	13.1	33	0
835	13.2	33	0
837	13.2	33	0
838	14.0	44	0
839	14.0	66	0
841	14.0	66	0
842	14.0	84	32
844	14.8	75	0
845	14.9	99	0
846	14.8	99	0
848	14.7	99	0
849	14.0	80	10
851	14.1	66	0
852	14.1	77	0
854	12.5	50	13
855	12.5	0	0
857	12.5	0	0
858	12.4	0	0
859	13.2	31	0
861	13.9	33	0
862	13.2	33	0
864	14.0	42	0
865	14.1	66	0
867	14.0	66	0
868	14.8	72	0
869	14.1	71	32
871	14.8	90	0
872	14.8	99	0
874	14.8	99	0
875	15.1	99	6
876	14.0	66	0
878	14.1	66	0
879	14.1	66	0
881	12.9	84	19
882	12.4	11	8
883	12.5	0	0
885	12.5	0	0
886	12.5	0	0
888	12.4	0	0
889	12.5	0	0
890	12.5	0	0
892	12.5	0	0
893	12.4	0	0
895	13.2	16	0
896	13.2	33	0
897	13.4	33	0
899	13.3	33	0
900	14.0	65	0
902	14.0	66	0
903	14.0	66	0
904	14.8	94	0
906	18.0	80	39
907	14.8	99	0
909	14.8	99	0
910	14.8	99	0
912	14.0	88	10
913	14.0	66	0
914	14.0	66	0
916	14.0	66	0
917	14.5	84	12
919	12.5	0	0
920	12.4	0	0
921	13.3	33	0
923	13.2	33	0
924	13.2	33	0
926	13.7	35	0
927	14.0	60	0
928	14.0	66	0
930	14.2	67	0
931	14.8	99	0
933	14.8	76	20
934	14.8	99	0
935	14.8	99	0
937	14.8	99	0
938	14.1	71	0
940	14.0	66	0
941	14.0	66	0
942	14.0	66	0
944	14.7	89	0
945	12.3	36	27
947	13.3	9	0
948	13.3	33	0
949	13.2	33	0
951	16.1	33	0
952	14.0	43	0
954	14.0	66	0
955	14.1	66	0
956	13.9	66	0
958	14.8	95	0
959	14.8	75	0
961	14.8	99	0
962	14.8	99	0
963	14.8	99	0
965	14.1	94	6
966	14.0	66	0
968	14.1	66	0
969	13.9	66	0
970	14.7	78	0
972	14.8	99	5
973	12.5	0	0
975	12.5	0	0
976	12.5	0	0
978	12.5	0	0
979	12.5	0	0
980	12.5	0	0
982	12.6	1	0
983	13.2	33	0
985	13.3	33	0
986	13.2	33	0
987	13.2	33	0
989	14.0	49	0
990	14.1	66	0
992	14.0	66	0
993	14.8	71	0
995	15.1	94	11
996	14.8	90	17
997	14.8	99	0
999	14.8	99	0
1000	14.8	99	0
1002	14.0	76	8
1003	14.0	66	0
1004	14.0	66	0
1006	14.1	66	0
1007	14.8	81	0
1009	14.0	99	0
1010	13.3	66	14
1011	13.2	33	0
1013	13.3	33	0
1014	13.2	33	0
1016	14.0	54	0
1017	14.0	66	0
1018	14.0	66	0
1020	14.6	81	0
1021	14.9	99	12
1023	14.8	85	6
1024	15.0	99	0
1025	14.7	99	0
1027	14.8	99	0
1028	15.2	97	12
1030	14.0	66	0
1031	14.0	66	0
1032	14.0	66	0
1034	14.0	66	0
1035	14.8	96	0
1037	15.5	97	18
1038	12.4	28	16
1040	12.5	0	0
1041	12.6	0	0
1042	12.5	0	0
1044	13.3	5	0
1045	13.2	27	0
1047	13.2	33	0
1048	13.3	33	0
1049	13.2	33	0
1051	13.2	33	0
1052	14.0	51	0
1054	14.0	66	0
1055	14.1	66	0
1056	14.9	87	0
1058	14.2	91	20
1059	14.8	89	0
1061	14.8	99	0
1062	14.8	99	0
1063	14.8	99	0
1065	15.2	99	5
1066	14.0	66	0
1068	14.1	66	0
1069	14.0	66	0
1070	14.1	66	0
1072	14.0	83	0
1073	14.0	99	0
1075	13.2	51	18
1076	13.3	33	0
1077	13.2	33	0
1079	14.0	39	0
1080	14.0	66	0
1082	14.1	66	0
1083	14.8	84	0
1085	14.1	88	32
1086	14.9	88	9
1087	14.8	99	0
1089	14.9	99	0
1090	14.8	99	0
1092	14.7	99	0
1093	14.0	84	6
1094	13.9	66	0
1096	14.1	66	0
1097	13.9	66	0
1099	14.0	66	0
1100	14.1	89	0
1101	13.3	80	21
1103	13.3	33	0
1104	13.3	33	0
1106	13.2	33	0
1107	14.0	52	0
1108	14.0	66	0
1110	14.8	89	0
1111	14.8	99	5
1113	14.8	85	12
1114	14.8	99	0
1115	14.8	99	0
1117	14.7	99	0
1118	14.7	99	0
1120	14.8	97	9
1121	14.0	71	7
1122	14.1	66	0
1124	14.0	66	0
1125	14.0	66	0
1127	14.8	82	0
1128	14.8	99	0
1129	12.5	31	18
1131	14.5	0	0
1132	13.2	33	0
1134	13.5	33	0
1135	13.2	33	0
1136	13.2	33	0
1138	13.2	33	0
1139	13.3	33	0
1141	13.3	33	0
1142	13.4	33	0
1144	14.0	50	0
1145	14.8	78	0
1146	14.8	99	0
1148	14.5	70	40
1149	14.8	93	0
1151	14.8	99	0
1152	14.9	99	0
1153	14.8	99	0
1155	14.7	99	0
1156	14.8	99	0
1158	14.0	68	8
1159	14.1	66	0
1160	14.0	66	0
1162	14.1	66	0
1163	13.3	66	0
1165	14.0	74	0
1166	13.2	82	13
1167	13.2	33	0
1169	13.2	33	0
1170	13.8	39	0
1172	14.8	92	0
1173	15.0	94	8
1174	14.2	69	0
1176	17.4	94	0
1177	14.7	99	0
1179	14.7	99	0
1180	14.8	99	0
1181	14.8	99	0
1183	14.8	99	0
1184	14.0	69	11
1186	14.0	66	0
1187	14.1	66	0
1188	14.0	66	0
1190	14.0	66	0
1191	14.0	66	0
1193	14.8	85	0
1194	13.2	60	13
1195	13.5	33	0
1197	13.3	33	0
1198	13.2	33	0
1200	13.3	33	0
1201	13.2	33	0
1202	13.2	33	0
1204	13.2	33	0
1205	13.1	33	0
1207	14.7	44	0
1208	14.8	93	0
1210	14.9	99	0
1211	14.0	67	24
1212	14.8	99	0
1214	14.8	99	0
1215	14.7	99	0
1217	14.9	99	0
1218	14.8	99	0
1219	14.8	99	0
1221	17.7	89	6
1222	14.0	66	0
1224	14.1	66	0
1225	14.0	66	0
1227	14.0	66	0
1228	13.2	66	0
1230	13.2	95	17
1232	13.2	37	5
1233	13.9	45	0
1235	14.8	88	0
1236	14.8	99	0
1238	13.9	71	32
1239	14.9	99	0
1241	14.8	99	0
1242	14.8	99	0
1244	14.8	99	0
1245	14.8	99	0
1247	14.0	99	0
1248	14.0	88	14
1250	14.0	66	0
1251	14.1	66	0
1252	14.3	66	0
1254	14.0	66	0
1255	14.0	66	0
1257	13.2	81	0
1258	13.2	82	14
1260	14.1	49	0
1261	14.1	66	0
1262	14.8	99	0
1264	14.0	88	24
1265	14.8	96	13
1267	14.8	99	0
1268	14.7	99	0
1269	14.8	99	0
1271	14.8	99	0
1272	14.9	99	0
1274	14.8	99	0
1275	14.8	99	0
1276	13.9	69	9
1278	14.0	66	0
1279	14.0	66	0
1281	14.1	66	0
1282	13.9	66	0
1283	14.0	66	0
1285	15.5	72	9
1286	13.3	33	0
1288	13.3	33	0
1289	13.3	33	0
1291	13.3	33	0
1292	13.2	33	0
1293	13.2	33	0
1295	14.0	42	0
1296	14.0	66	0
1298	13.9	66	0
1299	14.8	83	0
1300	14.0	80	36
1302	14.8	84	0
1303	14.8	99	0
1305	14.8	99	0
1306	14.8	99	0
1307	14.6	99	0
1309	14.8	99	0
1310	14.1	99	0
1312	14.1	99	0
1313	13.9	86	6
1314	14.0	66	0
1316	14.0	66	0
1317	14.1	66	0
1319	14.0	66	0
1320	13.3	66	0
1322	12.9	70	0
1323	13.6	94	6
1324	14.0	66	0
1326	17.5	73	0
1327	14.9	80	0
1329	14.9	99	0
1330	14.8	99	0
1331	14.8	99	0
1333	14.8	99	0
1334	14.8	99	0
1336	14.7	99	0
1337	14.8	99	0
1338	14.9	99	0
1340	14.4	96	7
1341	14.0	66	0
1343	14.0	66	0
1344	13.9	66	0
1346	14.1	66	0
1347	14.0	66	0
1348	13.9	66	0
1350	14.8	87	0
1351	14.8	99	0
1353	13.2	69	17
1354	13.2	33	0
1355	13.2	33	0
1357	13.2	37	0
1358	14.0	66	0
1360	14.0	66	0
1361	13.9	66	0
1363	15.1	69	10
1364	14.7	92	15
1365	14.8	99	0
1367	14.7	99	0
1368	14.8	99	0
1370	14.8	99	0
1371	14.8	99	0
1372	15.0	99	0
1374	14.8	99	0
1375	13.3	99	0
1377	13.9	95	9
1378	14.0	70	7
1379	14.1	66	0
1381	14.0	66	0
1382	14.2	66	0
1384	14.0	66	0
1385	13.2	66	0
1386	13.2	90	0
1388	13.2	99	0
1389	14.7	87	53
1391	14.7	86	6
1392	14.8	99	0
1393	14.8	99	0
1395	14.8	99	0
1396	14.7	99	0
1398	14.8	99	0
1399	14.8	99	0
1401	14.8	99	0
1402	14.7	99	0
1403	13.2	99	0
1405	14.0	77	8
1406	14.0	66	0
1408	14.0	66	0
1409	13.9	66	0
1410	14.0	66	0
1412	14.0	66	0
1413	14.7	69	0
1415	14.8	99	0
1416	14.9	98	13
1417	14.8	99	9
1419	14.8	99	0
1420	14.8	99	0
1422	14.8	99	0
1423	14.8	99	0
1424	14.7	99	0
1426	14.9	99	0
1427	14.7	99	0
1429	14.8	99	0
1430	14.9	99	0
1431	14.1	92	10
1433	14.1	67	0
1434	14.1	66	0
1436	14.1	66	0
1437	14.0	66	0
1438	14.0	66	0
1440	14.0	66	0
1441	14.7	97	0
1443	14.8	99	0
1444	13.2	70	13
1445	13.8	35	0
1447	14.1	64	0
1448	14.1	66	0
1450	14.1	66	0
1451	14.0	67	0
1452	14.7	99	0
1454	14.8	99	8
1455	14.8	99	0
1457	14.8	99	0
1458	14.8	99	0
1459	14.8	99	0
1461	17.5	99	0
1462	14.8	99	0
1464	14.7	99	0
1465	14.8	99	0
1466	13.2	99	0
1468	13.2	99	0
1469	14.0	72	12
1471	14.1	66	0
1472	14.1	66	0
1474	14.0	66	0
1475	14.0	66	0
1476	14.0	66	0
1478	14.5	76	0
1479	13.3	97	0
1481	14.7	90	52
1482	14.7	99	5
1483	14.8	99	0
1485	14.8	99	0
1486	14.8	99	0
1488	14.8	99	0
1489	14.8	99	0
1490	14.8	99	0
1492	14.7	99	0
1493	14.8	99	0
1495	14.7	99	0
1496	15.3	98	5
1497	14.0	66	0
1499	14.0	66	0
1500	14.1	66	0
1502	14.0	66	0
1503	13.9	66	0
1504	14.0	66	0
1506	17.5	86	0
1507	13.2	81	23
1509	14.0	56	0
1510	14.0	66	0
1511	14.1	66	0
1513	14.0	66	0
1514	14.1	66	0
1516	14.8	91	0
1517	14.8	99	0
1518	14.7	99	9
1520	14.8	99	0
1521	14.8	99	0
1523	14.8	99	0
1524	14.8	99	0
1525	14.8	99	0
1527	14.8	99	0
1528	14.8	99	0
1530	14.8	99	0
1531	13.2	99	0
1532	13.2	99	0
1534	13.9	82	8
1535	14.0	66	0
1537	14.1	66	0
1538	14.1	66	0
1539	14.0	66	0
1541	14.0	66	0
1542	14.0	87	0
1544	13.2	99	0
1545	14.1	99	41
1546	14.7	99	6
1548	14.8	99	0
1549	14.8	99	0
1551	15.1	99	0
1552	14.8	99	0
1553	15.1	99	0
1555	14.8	99	0
1556	14.8	99	0
1558	14.8	99	0
1559	14.6	99	0
1561	13.9	94	9
1562	14.0	70	5
1563	14.0	66	0
1565	14.1	66	0
1566	14.1	66	0
1568	14.0	66	0
1569	14.0	66	0
1570	14.7	93	0
1572	13.1	99	0
1573	14.2	98	26
1575	14.9	99	14
1576	14.8	99	0
1577	14.8	99	0
1579	14.9	99	0
1580	14.9	99	0
1582	14.7	99	0
1583	14.8	99	0
1584	14.7	99	0
1586	14.8	99	0
1587	14.8	99	0
1589	14.1	77	7
1590	14.0	66	0
1591	14.1	66	0
1593	14.1	66	0
1594	14.0	66	0
1596	13.9	66	0
1597	14.8	77	0
1598	14.8	99	0
1600	14.8	99	0
1601	14.1	76	56
1603	14.1	66	0
1604	14.0	66	0
1605	14.0	66	0
1607	14.7	89	0
1608	14.0	99	0
1610	14.8	91	9
1611	14.8	99	0
1612	14.8	99	0
1614	14.8	99	0
1615	14.8	99	0
1617	14.8	99	0
1618	14.8	99	0
1620	14.8	99	0
1621	14.8	99	0
1622	13.5	99	0
1624	13.3	99	0
1625	14.0	85	6
1627	14.1	66	0
1628	14.0	66	0
1629	14.0	66	0
1631	14.0	66	0
1632	14.0	66	0
1634	14.8	77	0
1635	14.0	99	0
1636	12.5	99	0
1638	12.4	99	0
1639	14.8	99	11
1641	14.8	99	0
1642	14.9	99	0
1643	14.8	99	0
1645	14.8	99	0
1646	14.8	99	0
1648	14.8	99	0
1649	14.7	99	0
1650	14.8	99	0
1652	14.8	99	0
1653	14.0	67	0
1655	14.1	66	0
1656	14.0	66	0
1658	14.1	66	0
1659	14.0	66	0
1660	14.6	69	0
1662	14.8	97	0
1663	14.8	99	0
1665	14.8	99	0
1666	14.8	99	0
1667	15.0	99	10
1669	14.0	72	23
1670	14.9	96	0
1672	14.0	99	0
1673	14.8	93	6
1674	14.9	99	0
1676	14.7	99	0
1677	14.8	99	0
1679	14.9	99	0
1680	14.8	99	0
1681	14.9	99	0
1683	14.8	99	0
1684	14.8	99	0
1686	14.8	99	0
1687	13.2	99	0
1688	13.3	99	0
1690	14.0	81	7
1691	14.0	66	0
1693	14.1	66	0
1694	14.0	66	0
1695	13.2	66	0
1697	13.3	66	0
1698	14.1	99	0
1700	13.2	99	0
1701	11.7	99	0
1702	10.9	99	0
1704	14.8	90	43
1705	14.8	99	0
1707	14.8	99	0
1708	14.8	99	0
1709	14.8	99	0
1711	14.8	99	0
1712	14.8	99	0
1714	14.7	99	0
1715	14.8	99	0
1716	13.6	99	7
1718	13.9	70	7
1719	14.0	66	0
1721	13.9	66	0
1722	14.0	66	0
1723	14.1	66	0
1725	14.9	74	0
1726	14.7	99	0
1728	14.8	99	0
1729	14.8	99	0
1730	12.5	99	0
1732	14.7	92	39
1733	15.0	99	0
1735	14.8	99	0
1736	14.8	99	0
1738	14.8	99	0
1739	14.8	99	0
1740	14.8	99	0
1742	14.8	99	0
1743	14.7	99	0
1745	14.0	84	11
1746	14.1	66	0
1747	14.0	66	0
1749	14.0	66	0
1750	14.1	66	0
1752	13.9	66	0
1753	14.8	78	0
1754	14.8	99	0
1756	14.8	99	0
1757	14.7	99	0
1759	14.8	99	0
1760	14.0	71	51
1761	14.8	84	0
1763	14.9	99	0
1764	14.0	78	6
1766	14.8	99	0
1767	14.7	99	0
1768	14.7	99	0
1770	14.8	99	0
1771	14.8	99	0
1773	14.8	99	0
1774	14.8	99	0
1775	14.8	99	0
1777	14.8	99	0
1778	13.5	99	0
1780	13.2	99	0
1781	14.0	94	7
1782	14.0	66	0
1784	14.0	66	0
1785	14.0	66	0
1787	14.0	66	0
1788	14.0	66	0
1789	14.8	75	0
1791	18.2	99	0
1792	14.7	99	0
1794	14.0	99	0
1795	11.8	99	0
1796	14.9	89	47
1798	14.8	99	5
1799	14.8	99	0
1801	14.8	99	0
1802	14.8	99	0
1803	14.9	99	0
1805	14.8	99	0
1806	14.8	99	0
1808	14.8	99	0
1809	13.9	81	7
1810	14.0	66	0
1812	14.0	66	0
1813	13.9	66	0
1815	14.0	66	0
1816	14.0	66	0
1818	14.8	87	0
1819	14.8	99	0
1820	14.7	99	0
1822	14.8	99	0
1823	14.8	99	0
1825	14.1	72	24
1826	14.8	87	0
1827	14.0	88	11
1829	14.7	78	0
1830	14.8	99	0
1832	14.8	99	0
1833	14.7	99	0
1834	14.8	99	0
1836	19.4	99	0
1837	14.8	99	0
1839	14.8	99	0
1840	14.8	99	0
1842	14.8	99	0
1843	13.3	99	0
1845	13.2	99	1
1846	13.9	77	5
1848	13.9	66	0
1849	14.0	66	0
1850	14.0	66	0
1852	14.0	66	0
1853	12.5	66	0
1855	13.4	82	0
1856	13.2	99	0
1857	13.2	99	0
1859	10.9	99	0
1860	10.5	98	21
1862	14.7	98	11
1863	14.8	99	0
1864	14.9	99	0
1866	18.2	99	0
1867	14.9	99	0
1869	14.8	99	0
1870	14.8	99	0
1871	13.2	99	0
1873	14.0	89	7
1874	14.0	66	0
1876	14.0	66	0
1877	14.1	66	0
1879	14.1	66	0
1880	14.0	66	0
1881	14.0	66	0
1883	14.8	93	0
1884	14.7	99	0
1886	14.7	99	0
1887	13.2	99	0
1888	14.8	97	33
1890	14.8	99	0
1891	14.8	99	0
1893	14.8	99	0
1894	14.8	99	0
1895	14.6	99	0
1897	14.7	99	0
1898	14.8	99	0
1900	14.8	99	0
1901	14.0	84	6
1902	14.0	66	0
1904	14.1	66	0
1905	14.0	66	0
1907	14.1	66	0
1908	13.9	66	0
1909	14.7	83	0
1911	18.3	99	0
1912	14.8	99	0
1914	14.8	99	0
1915	14.2	86	32
1916	14.8	78	0
1918	14.6	95	7
1919	14.8	76	0
1921	14.8	99	0
1922	14.7	99	0
1923	14.8	99	0
1925	14.8	99	0
1926	14.8	99	0
1928	14.8	99	0
1929	14.8	99	0
1930	14.8	99	0
1932	14.8	99	0
1933	14.8	99	0
1935	13.2	99	0
1936	13.2	99	0
1937	14.0	95	8
1939	14.1	68	4
1940	14.0	66	0
1942	14.0	66	0
1943	14.1	66	0
1944	14.0	66	0
1946	14.0	68	0
1947	14.7	99	0
1949	14.8	99	0
1950	13.2	99	0
1952	14.5	98	24
1953	14.8	97	21
1954	14.8	99	0
1956	18.0	99	0
1957	14.8	99	0
1959	14.8	99	0
1960	14.8	99	0
1961	14.8	99	0
1963	14.8	99	0
1964	14.7	99	0
1966	14.0	87	8
1967	14.0	66	0
1968	14.0	66	0
1970	14.1	66	0
1971	14.0	66	0
1973	14.0	66	0
1974	14.8	79	0
1975	14.7	99	0
1977	14.8	99	0
1978	14.8	99	0
1980	14.8	99	0
1981	14.0	71	49
1982	14.0	67	10
1984	14.7	89	0
1985	14.8	99	0
1987	14.8	99	0
1988	14.8	99	0
1989	14.8	99	0
1991	14.8	99	0
1992	14.8	99	0
1994	14.8	99	0
1995	14.8	99	0
1996	14.8	99	0
1998	14.7	99	0
1999	13.5	99	0
2001	13.3	99	0
2002	13.8	95	6
2003	14.0	66	0
2005	14.0	66	0
2006	14.0	66	0
2008	13.9	66	0
2009	14.0	66	0
2010	13.2	71	0
2012	12.5	99	0
2013	12.4	99	0
2015	9.5	99	0
2016	8.6	99	0
2017	8.6	99	0
2019	12.5	98	24
2020	14.7	99	0
2022	14.8	99	0
2023	14.8	99	0
2024	14.8	99	0
2026	14.8	99	0
2027	14.8	99	0
2029	13.3	99	0
2030	13.9	80	6
2031	14.0	66	0
2033	14.0	66	0
2034	14.0	66	0
2036	14.2	66	0
2037	14.0	66	0
2039	14.8	85	0
2040	14.8	99	0
2041	14.8	99	0
2043	14.7	99	0
2044	14.7	99	0
2046	12.9	99	0
2047	15.5	97	20
2048	14.8	99	0
2050	14.8	99	0
2051	14.8	99	0
2053	14.8	99	0
2054	14.8	99	0
2055	14.8	99	0
2057	14.0	84	7
2058	14.0	66	0
2060	14.0	66	0
2061	14.0	66	0
2062	14.0	66	0
2064	14.0	66	0
2065	14.8	73	0
2067	14.8	99	0
2068	14.8	99	0
2069	14.8	99	0
2071	14.8	99	0
2072	14.8	99	0
2074	14.8	99	0
2075	14.8	87	49
2076	14.7	99	0
2078	14.8	99	0
2079	14.8	99	0
2081	14.8	99	0
2082	14.8	99	0
2083	14.8	99	0
2085	14.8	99	0
2086	14.8	99	0
2088	14.8	99	0
2089	14.8	99	0
2090	14.8	99	0
2092	13.1	99	0
2093	13.9	94	14
2095	14.0	66	0
2096	14.0	66	0
2097	14.0	66	0
2099	14.0	66	0
2100	14.0	66	0
2102	14.0	66	0
2103	14.8	89	0
2105	14.7	99	0
2106	15.1	99	0
2107	14.7	99	0
2109	14.2	99	0
2110	12.6	99	0
2112	15.4	95	29
2113	14.8	98	15
2114	14.8	99	0
2116	14.8	99	0
2117	14.8	99	0
2119	14.7	99	0
2120	14.8	99	0
2121	14.0	86	13
2123	13.9	66	0
2124	14.0	66	0
2126	14.1	66	0
2127	14.0	66	0
2128	14.0	66	0
2130	14.1	66	0
2131	14.8	98	0
2133	14.8	99	0
2134	14.9	99	0
2135	14.9	99	0
2137	14.8	99	0
2138	14.8	99	0
2140	14.8	88	50
2141	14.8	99	0
2142	14.7	99	0
2144	14.8	99	0
2145	14.9	99	0
2147	14.8	99	0
2148	14.8	99	0
2149	14.7	99	0
2151	17.9	99	0
2152	15.0	99	0
2154	14.8	99	0
2155	13.9	99	0
2156	13.2	99	0
2158	13.1	99	0
2159	13.9	66	0
2161	13.9	66	0
2162	14.0	66	0
2163	14.0	66	0
2165	14.1	66	0
2166	14.0	66	0
2168	14.0	66	0
2169	13.3	87	0
2170	12.4	99	0
2172	11.7	99	0
2173	10.9	99	0
2175	9.4	99	0
2176	14.7	90	42
2178	14.8	99	0
2179	14.8	99	0
2180	14.8	99	0
2182	14.8	99	0
2183	14.8	99	0
2185	13.3	99	0
2186	14.0	89	7
2187	14.0	66	0
2189	14.0	66	0
2190	14.1	66	0
2192	14.0	66	0
2193	14.0	66	0
2194	14.0	66	0
2196	18.5	66	0
2197	14.8	99	0
2199	14.8	99	0
2200	14.7	99	0
2201	14.8	99	0
2203	15.2	97	20
2204	14.8	99	0
2206	14.8	99	0
2207	14.8	99	0
2209	14.8	99	0
2210	14.8	99	0
2211	14.7	99	0
2213	14.0	92	8
2214	14.1	68	0
2216	14.0	66	0
2217	14.0	66	0
2218	14.1	66	0
2220	14.1	66	0
2221	14.0	66	0
2223	14.1	66	0
2224	14.1	66	0
2225	14.8	99	0
2227	14.8	99	0
2228	14.8	99	0
2230	14.8	99	0
2231	14.8	88	48
2232	14.8	99	0
2234	14.9	99	0
2235	14.8	99	0
2237	14.8	99	0
2238	14.9	99	0
2239	14.8	99	0
2241	18.5	99	0
2242	14.9	99	0
2244	14.8	99	0
2245	14.8	99	0
2246	14.8	99	0
2248	13.3	99	0
2249	13.8	92	10
2251	14.1	66	0
2252	14.0	66	0
2253	14.0	66	0
2255	14.0	66	0
2256	14.0	66	0
2258	14.0	66	0
2259	14.0	66	0
2260	14.0	66	0
2262	14.2	68	0
2263	14.8	99	0
2265	14.7	99	0
2266	12.5	99	0
2267	14.9	89	55
2269	14.8	99	1
2270	14.8	99	0
2272	14.8	99	0
2273	14.8	99	0
2274	14.8	99	0
2276	14.8	99	0
2277	14.0	78	12
2279	14.1	66	0
2280	14.0	66	0
2281	14.1	66	0
2283	14.0	66	0
2284	14.1	66	0
2286	14.0	66	0
2287	14.0	66	0
2288	14.1	66	0
2290	14.0	66	0
2291	14.7	91	0
2293	14.8	99	0
2294	14.8	99	0
2295	15.0	98	6
2297	14.9	90	36
2298	14.8	99	0
2300	14.7	99	0
2301	14.8	99	0
2303	14.7	99	0
2304	14.8	99	0
2305	14.7	99	0
2307	14.8	99	0
2308	14.8	99	0
2310	14.8	99	0
2311	13.5	99	0
2312	13.2	99	0
2314	13.7	94	7
2315	14.0	66	0
2317	14.0	66	0
2318	14.0	66	0
2319	14.0	66	0
2321	14.0	66	0
2322	14.0	66	0
2324	14.0	66	0
2325	13.5	66	0
2326	12.5	66	0
2328	10.9	66	0
2329	10.9	97	0
2331	11.5	99	0
2332	14.5	95	32
2334	14.7	99	0
2335	14.8	99	0
2336	14.8	99	0
2338	14.8	99	0
2339	14.7	99	0
2341	13.3	99	0
2342	13.9	81	7
2343	14.0	66	0
2345	13.9	66	0
2346	14.1	66	0
2348	14.0	66	0
2349	14.0	66	0
2350	14.1	66	0
2352	13.9	66	0
2353	14.1	66	0
2355	14.0	66	0
2356	14.0	66	0
2357	14.7	80	0
2359	13.3	99	0
2360	15.0	98	37
2362	14.7	98	9
2363	14.8	99	0
2364	14.8	99	0
2366	14.8	99	0
2367	14.7	99	0
2369	14.0	91	8
2370	14.0	70	6
2371	14.0	66	0
2373	14.0	66	0
2374	14.0	66	0
2376	14.0	66	0
2377	14.0	66	0
2378	13.9	66	0
2380	14.0	66	0
2381	14.0	66	0
2383	13.9	66	0
2384	14.1	66	0
2385	14.1	68	0
2387	14.8	93	0
2388	14.8	99	0
2390	14.8	90	41
2391	14.9	99	0
2392	14.8	99	0
2394	14.6	99	0
2395	14.9	99	0
2397	14.7	99	0
2398	14.8	99	0
2400	14.8	99	0
2401	14.8	99	0
2402	14.8	99	0
2404	13.3	99	0
2405	13.0	99	0
2407	14.0	71	8
2408	14.0	66	0
2409	14.0	66	0
2411	14.1	66	0
2412	14.1	66	0
2414	14.1	66	0
2415	14.1	66	0
2416	14.0	66	0
2418	14.0	66	0
2419	14.0	66	0
2421	14.0	66	0
2422	13.6	66	0
2423	12.3	66	0
2425	11.7	85	0
2426	15.5	96	37
2428	14.8	99	17
2430	14.7	99	0
2431	14.8	99	0
2433	14.8	99	0
2434	14.1	66	0
2436	16.2	66	0
2437	14.0	66	0
2439	14.0	66	0
2440	14.1	66	0
2441	14.0	66	0
2443	14.0	66	0
2445	14.0	66	0
2446	14.0	66	0
2448	14.0	66	0
2449	14.0	66	0
2451	14.0	66	0
2452	14.0	66	0
2453	14.8	99	0
2455	15.4	98	25
2456	14.7	99	0
2458	14.8	99	0
2459	14.9	99	0
2460	14.8	99	0
2462	14.8	99	0
2463	14.8	99	0
2465	14.8	99	0
2466	14.7	99	0
2467	13.3	99	0
2469	13.2	99	0
2470	14.0	91	10
2472	13.9	66	0
2473	14.0	66	0
2475	14.1	66	0
2476	14.1	66	0
2477	14.0	66	0
2479	14.1	66	0
2480	14.0	66	0
2482	14.0	66	0
2483	12.3	66	0
2484	10.9	66	0
2486	10.9	66	0
2487	10.9	66	0
2489	9.4	66	0
2490	9.4	79	0
2491	14.5	95	48
2493	14.8	99	5
2494	14.8	99	0
2496	14.8	99	0
2497	13.2	99	0
2498	14.1	69	6
2500	14.0	66	0
2501	14.0	66	0
2503	13.8	66	0
2504	14.0	66	0
2505	14.0	66	0
2507	14.0	66	0
2508	14.0	66	0
2510	14.0	66	0
2511	14.0	66	0
2512	14.1	66	0
2514	14.3	66	0
2515	14.0	66	0
2517	14.0	66	0
2518	13.2	81	0
2519	14.8	89	58
2521	14.8	99	0
2522	14.8	99	0
2524	14.8	99	0
2525	14.0	90	5
2527	14.0	66	0
2528	14.0	66	0
2529	14.0	66	0
2531	14.0	66	0
2532	14.1	66	0
2534	14.0	66	0
2535	14.0	66	0
2536	14.0	66	0
2538	14.0	66	0
2539	14.0	66	0
2541	14.0	66	0
2542	14.0	66	0
2543	14.0	66	0
2545	14.0	66	0
2546	14.8	73	0
2548	14.8	90	55
2549	14.9	99	3
2550	14.8	99	0
2552	14.8	99	0
2553	14.8	99	0
2555	14.7	99	0
2556	14.8	99	0
2557	14.8	99	0
2559	14.1	99	0
2560	13.3	99	0
2562	14.0	95	8
2563	14.1	72	6
2565	14.0	66	0
2566	14.0	66	0
2567	14.0	66	0
2569	14.0	66	0
2570	14.1	66	0
2572	14.0	66	0
2573	14.2	66	0
2574	14.1	66	0
2576	14.0	66	0
2577	14.0	66	0
2579	14.0	66	0
2580	14.0	66	0
2581	12.5	66	0
2583	11.0	66	0
2584	11.4	67	0
2586	14.8	93	45
2587	14.7	99	10
2588	14.7	99	0
2590	14.0	82	7
2591	14.0	66	0
2593	14.0	66	0
2594	14.0	66	0
2595	14.0	66	0
2597	14.0	66	0
2598	13.9	66	0
2600	14.0	66	0
2601	14.0	66	0
2602	14.0	66	0
2604	14.1	66	0
2605	14.0	66	0
2607	14.1	66	0
2608	14.0	66	0
2609	14.0	66	0
2611	14.0	66	0
2612	14.1	66	0
2614	14.8	91	23
2615	14.8	99	0
2616	14.8	99	0
2618	14.9	99	0
2619	14.8	99	0
2621	14.8	99	0
2622	14.8	99	0
2623	13.2	99	0
2625	13.2	99	0
2626	14.0	85	12
2628	14.0	66	0
2629	14.0	66	0
2630	14.0	66	0
2632	14.0	66	0
2633	14.0	66	0
2635	14.0	66	0
2636	14.0	66	0
2638	14.0	66	0
2639	13.9	66	0
2640	13.9	66	0
2642	12.5	66	0
2643	11.7	66	0
2645	11.7	66	0
2646	10.9	66	0
2647	9.9	66	0
2649	7.8	66	0
2650	8.6	81	0
2652	14.8	98	27
2653	13.2	99	6
2654	14.0	70	9
2656	14.0	66	0
2657	14.1	66	0
2659	14.1	66	0
2660	14.1	66	0
2661	14.0	66	0
2663	14.0	66	0
2664	14.0	66	0
2666	14.0	66	0
2667	14.1	66	0
2668	14.1	66	0
2670	14.1	66	0
2671	14.0	66	0
2673	14.1	66	0
2674	14.1	66	0
2675	13.9	66	0
2677	14.1	66	0
2678	11.7	99	0
2680	11.7	99	2
2681	14.1	86	23
2683	14.0	66	0
2684	14.0	66	0
2685	14.0	66	0
2687	13.9	66	0
2688	13.9	66	0
2690	14.0	66	0
2691	13.9	66	0
2692	14.1	66	0
2694	14.0	66	0
2695	14.0	66	0
2697	14.1	66	0
2698	14.0	66	0
2699	13.9	66	0
2701	14.0	66	0
2702	14.0	66	0
2704	14.0	66	0
2705	14.8	91	0
2706	14.8	99	0
2708	14.8	99	0
2709	14.8	98	36
2711	14.8	99	0
2712	14.8	99	0
2713	14.8	99	0
2715	14.8	99	0
2716	13.2	99	0
2718	13.7	97	8
2719	14.0	74	6
2720	14.1	66	0
2722	14.0	66	0
2723	14.0	66	0
2725	14.0	66	0
2726	14.0	66	0
2727	14.0	66	0
2729	14.0	66	0
2730	14.0	66	0
2732	14.0	66	0
2733	14.0	66	0
2735	14.0	66	0
2736	14.1	66	0
2737	14.0	66	0
2739	14.0	66	0
2740	14.1	66	0
2742	14.0	90	0
2743	13.3	99	0
2744	11.7	99	0
2746	12.3	99	7
2747	14.0	65	0
2749	14.0	66	0
2750	14.0	66	0
2751	14.0	66	0
2753	14.3	66	0
2754	14.0	66	0
2756	14.0	66	0
2757	14.0	66	0
2758	14.0	66	0
2760	14.1	66	0
2761	14.1	66	0
2763	14.1	66	0
2764	14.0	66	0
2765	14.0	66	0
2767	14.0	66	0
2768	14.8	82	0
2770	14.8	99	0
2771	14.9	99	0
2772	14.8	99	0
2774	14.8	99	0
2775	14.7	98	30
2777	14.8	99	0
2778	14.6	99	0
2780	13.3	99	0
2781	13.3	99	0
2782	14.1	88	12
2784	14.1	66	0
2785	14.1	66	0
2787	14.0	66	0
2788	14.0	66	0
2789	14.1	66	0
2791	14.0	66	0
2792	14.0	66	0
2794	14.0	66	0
2795	14.0	66	0
2796	14.1	66	0
2798	14.0	66	0
2799	14.1	66	0
2801	14.0	66	0
2802	12.5	66	0
2803	11.7	66	0
2805	11.7	71	0
2806	11.7	99	0
2808	11.1	99	0
2809	7.0	99	0
2810	5.4	99	0
2812	5.5	99	0
2813	14.0	84	39
2815	14.1	66	0
2816	14.0	66	0
2817	14.0	66	0
2819	14.0	66	0
2820	14.0	66	0
2822	14.1	66	0
2823	14.0	66	0
2825	13.9	66	0
2826	14.0	66	0
2827	14.1	66	0
2829	14.1	66	0
2830	14.0	66	0
2832	14.0	66	0
2833	14.1	66	0
2834	14.8	99	0
2836	14.8	99	0
2837	14.6	99	0
2839	14.8	99	0
2840	11.7	99	0
2841	15.5	98	26
2843	14.0	72	16
2844	14.0	66	0
2846	14.0	66	0
2847	14.0	66	0
2848	14.0	66	0
2850	14.0	66	0
2851	14.0	66	0
2853	14.0	66	0
2854	14.0	66	0
2855	14.0	66	0
2857	14.1	66	0
2858	14.0	66	0
2860	14.0	66	0
2861	13.9	66	0
2862	14.7	92	0
2864	14.7	99	0
2865	14.8	99	0
2867	14.8	99	0
2868	14.8	99	0
2870	15.2	99	18
2871	14.8	98	22
2872	14.8	99	0
2874	14.3	88	10
2875	14.0	67	0
2877	13.9	66	0
2878	14.0	66	0
2879	14.0	66	0
2881	14.0	66	0
2882	14.0	66	0
2884	14.0	66	0
2885	14.0	66	0
2886	14.0	66	0
2888	14.0	66	0
2889	14.0	66	0
2891	14.0	66	0
2892	14.0	66	0
2893	14.1	66	0
2895	14.1	66	0
2896	14.0	66	0
2898	14.0	66	0
2899	14.1	68	0
2900	14.8	99	0
2902	14.8	99	0
2903	14.0	99	0
2905	13.0	99	0
2906	11.7	99	0
2907	11.7	99	2
2909	14.1	81	27
2910	14.0	66	0
2912	14.0	66	0
2913	14.0	66	0
2915	14.0	66	0
2916	14.1	66	0
2917	14.1	66	0
2919	14.0	66	0
2920	14.0	66	0
2922	14.0	66	0
2923	14.0	66	0
2924	14.1	66	0
2926	14.1	66	0
2927	14.0	67	0
2929	14.8	99	0
2930	14.8	99	0
2931	14.8	99	0
2933	14.8	99	0
2934	15.1	99	0
2936	14.7	99	0
2937	13.3	98	20
2938	14.0	80	9
2940	14.0	66	0
2941	14.0	66	0
2943	14.0	66	0
2944	14.0	66	0
2945	14.0	66	0
2947	14.1	66	0
2948	14.0	66	0
2950	14.0	66	0
2951	14.0	66	0
2952	14.0	66	0
2954	14.0	66	0
2955	14.0	66	0
2957	14.0	66	0
2958	14.0	66	0
2959	14.0	66	0
2961	17.2	66	0
2962	14.0	66	0
2964	11.9	66	0
2965	9.4	66	0
2966	10.1	99	0
2968	10.1	99	0
2969	8.6	99	0
2971	7.0	99	0
2972	5.5	99	0
2973	5.5	99	0
2975	14.0	82	26
2976	14.0	66	0
2978	14.1	66	0
2979	14.0	66	0
2981	14.1	66	0
2982	14.0	66	0
2983	14.1	66	0
2985	14.0	66	0
2986	13.8	66	0
2988	14.0	66	0
2989	14.1	66	0
2990	14.0	66	0
2992	14.1	66	0
2993	14.0	66	0
2995	14.8	90	0
2996	14.9	99	0
2997	14.7	99	0
2999	14.8	99	0
3000	14.2	99	0
3002	11.8	99	0
3003	15.5	98	23
3004	14.0	66	0
3006	17.2	66	0
3007	14.2	66	0
3009	14.0	66	0
3010	14.0	66	0
3011	14.0	66	0
3013	13.9	66	0
3014	14.0	66	0
3016	14.1	66	0
3017	14.1	66	0
3018	14.0	66	0
3020	14.1	66	0
3021	14.1	66	0
3023	14.8	79	0
3024	14.8	99	0
3025	14.8	99	0
3027	14.7	99	0
3028	14.9	99	0
3030	14.8	99	0
3032	14.0	85	45
3033	14.0	66	0
3034	14.0	66	0
3036	16.8	66	0
3037	14.0	66	0
3039	14.0	66	0
3040	14.0	66	0
3042	14.0	66	0
3043	14.0	66	0
3044	14.1	66	0
3046	14.1	66	0
3047	14.0	66	0
3049	14.0	66	0
3050	14.0	66	0
3051	14.0	66	0
3053	14.0	66	0
3054	14.0	66	0
3056	14.0	66	0
3057	14.1	66	0
3058	14.1	66	0
3060	14.8	85	0
3061	14.8	99	0
3063	14.8	99	0
3064	14.8	99	0
3065	14.0	99	0
3067	11.7	99	0
3068	11.7	99	0
3070	14.0	80	35
3071	14.0	66	0
3072	14.0	66	0
3074	14.0	66	0
3075	14.0	66	0
3077	14.0	66	0
3078	14.0	66	0
3079	14.0	66	0
3081	15.3	66	0
3082	14.0	66	0
3084	14.0	66	0
3085	14.0	66	0
3087	13.9	66	0
3088	14.8	88	0
3089	14.8	99	0
3091	14.8	99	0
3092	14.8	99	0
3094	14.8	99	0
3095	14.8	99	0
3096	14.8	99	0
3098	13.9	92	34
3099	14.0	69	7
3101	14.0	66	0
3102	14.0	66	0
3103	14.0	66	0
3105	14.0	66	0
3106	14.0	66	0
3108	14.0	66	0
3109	14.0	66	0
3110	14.0	66	0
3112	14.0	66	0
3113	14.0	66	0
3115	14.0	66	0
3116	14.0	66	0
3117	14.1	66	0
3119	14.0	66	0
3120	14.0	66	0
3122	13.9	66	0
3123	14.0	66	0
3124	11.4	71	0
3126	15.9	96	0
3127	10.9	99	0
3129	9.4	99	0
3130	8.6	99	0
3131	6.3	99	0
3133	4.7	99	0
3134	4.7	99	0
3136	14.0	93	35
3137	14.0	70	10
3139	14.1	66	0
3140	14.1	66	0
3141	14.0	66	0
3143	14.0	66	0
3144	14.0	66	0
3146	13.9	66	0
3147	13.8	66	0
3148	14.0	66	0
3150	14.1	66	0
3151	14.1	66	0
3153	14.8	74	0
3154	14.9	98	0
3155	14.8	99	0
3157	14.9	99	0
3158	14.8	99	0
3160	14.7	99	0
3161	14.7	99	0
3162	12.7	99	0
3164	11.7	99	3
3165	14.1	74	3
3167	14.0	66	0
3168	14.0	66	0
3169	14.0	66	0
3171	19.2	66	0
3172	14.1	66	0
3174	14.0	66	0
3175	14.0	66	0
3176	14.1	66	0
3178	14.0	66	0
3179	14.0	66	0
3181	14.8	83	0
3182	14.8	99	0
3183	14.7	99	0
3185	14.8	99	0
3186	14.7	99	0
3188	14.8	99	0
3189	14.8	99	0
3190	14.9	99	0
3192	14.9	99	0
3193	14.0	83	46
3195	14.0	66	0
3196	14.0	66	0
3197	14.0	66	0
3199	14.0	66	0
3200	14.0	66	0
3202	14.0	66	0
3203	14.1	66	0
3204	14.0	66	0
3206	14.0	66	0
3207	14.0	66	0
3209	14.0	66	0
3210	14.0	66	0
3211	14.0	66	0
3213	14.0	66	0
3214	14.0	66	0
3216	15.2	66	0
3217	14.0	66	0
3218	14.7	93	0
3220	14.9	99	0
3221	14.8	99	0
3223	14.8	99	0
3224	14.8	99	0
3225	14.6	99	0
3227	13.2	99	0
3228	11.7	99	0
3230	11.7	99	0
3231	14.4	96	25
3232	14.0	66	0
3234	14.2	66	0
3235	14.0	66	0
3237	14.0	66	0
3238	14.0	66	0
3239	14.0	66	0
3241	14.0	66	0
3242	14.1	66	0
3244	14.0	66	0
3245	14.0	66	0
3247	14.8	85	0
3248	14.8	99	0
3249	14.9	99	0
3251	14.7	99	0
3252	14.8	99	0
3254	14.8	99	0
3255	14.8	99	0
3256	14.9	99	0
3258	14.8	99	0
3259	13.2	98	16
3261	14.0	66	0
3262	14.0	66	0
3263	14.1	66	0
3265	14.0	66	0
3266	13.9	66	0
3268	14.0	66	0
3269	14.1	66	0
3270	14.0	66	0
3272	14.0	66	0
3273	14.0	66	0
3275	14.1	66	0
3276	14.0	66	0
3277	13.8	66	0
3279	14.1	66	0
3280	14.0	66	0
3282	14.1	66	0
3283	14.0	66	0
3284	14.8	93	0
3286	11.7	99	0
3287	10.9	99	0
3289	10.9	99	0
3290	9.3	99	0
3291	7.9	99	0
3293	6.2	99	0
3294	4.7	99	0
3296	4.7	99	0
3297	12.4	96	24
3299	14.0	66	0
3300	14.0	66	0
3301	14.0	66	0
3303	14.1	66	0
3304	14.0	66	0
3306	14.1	66	0
3307	14.0	66	0
3308	14.0	66	0
3310	14.0	66	0
3311	14.0	66	0
3313	14.8	73	0
3314	14.8	97	0
3315	14.8	99	0
3317	14.8	99	0
3318	14.9	99	0
3320	14.8	99	0
3321	14.8	99	0
3322	14.8	99	0
3324	13.2	99	0
3325	11.8	99	12
3327	14.0	73	23
3328	14.0	66	0
3329	14.0	66	0
3331	14.1	66	0
3332	14.0	66	0
3334	13.8	66	0
3335	14.0	66	0
3336	14.0	66	0
3338	14.0	66	0
3339	14.1	66	0
3341	14.8	93	0
3342	14.8	99	0
3343	14.8	99	0
3345	14.8	99	0
3346	14.8	99	0
3348	14.8	99	0
3349	14.8	99	0
3350	14.8	99	0
3352	14.8	99	0
3353	14.8	99	0
3355	14.1	87	30
3356	14.1	68	0
3357	14.0	66	0
3359	13.9	66	0
3360	14.0	66	0
3362	13.8	66	0
3363	14.0	66	0
3364	14.1	66	0
3366	16.0	66	0
3367	14.1	66	0
3369	14.1	66	0
3370	14.0	66	0
3371	13.9	66	0
3373	14.0	66	0
3374	14.0	66	0
3376	14.0	66	0
3377	14.8	81	0
3379	14.8	99	0
3380	14.7	99	0
3381	14.8	99	0
3383	14.8	99	0
3384	14.7	99	0
3386	14.7	99	0
3387	14.8	99	0
3388	12.5	99	0
3390	11.7	99	0
3391	11.7	99	0
3393	15.5	98	34
3394	14.0	72	19
3395	14.0	66	0
3397	14.1	66	0
3398	14.0	66	0
3400	14.0	66	0
3401	14.1	66	0
3403	13.9	66	0
3404	14.8	76	0
3405	14.8	99	0
3407	14.8	99	0
3408	14.7	99	0
3410	14.8	99	0
3411	15.2	99	0
3412	14.8	99	0
3414	14.8	99	0
3415	15.1	99	0
3417	14.7	99	0
3418	14.8	99	0
3419	14.7	99	0
3421	12.3	98	25
3422	14.0	66	0
3424	14.0	66	0
3425	14.0	66	0
3426	14.1	66	0
3428	13.9	66	0
3429	14.0	66	0
3431	13.9	66	0
3432	14.1	66	0
3433	13.9	66	0
3435	14.0	66	0
3436	14.0	66	0
3438	14.0	66	0
3439	14.0	66	0
3440	14.7	73	0
3442	14.8	97	0
3443	14.7	99	0
3445	14.7	99	0
3446	14.8	99	0
3447	11.7	99	0
3449	11.0	99	0
3450	11.0	99	0
3452	9.1	99	0
3453	8.6	99	0
3455	7.0	99	0
3456	5.5	99	0
3457	4.7	99	0
3459	11.7	96	30
3460	14.0	66	0
3462	14.0	66	0
3463	14.0	66	0
3464	14.0	66	0
3466	14.0	66	0
3467	14.0	66	0
3469	14.8	82	0
3470	14.7	99	0
3471	15.0	99	0
3473	14.9	99	0
3474	14.8	99	0
3476	14.8	99	0
3477	14.9	99	0
3479	14.8	99	0
3480	14.8	99	0
3481	14.7	99	0
3483	14.7	99	0
3484	14.8	99	0
3486	11.7	99	0
3487	12.2	98	4
3488	14.1	69	4
3490	14.0	66	0
3491	14.0	66	0
3493	14.1	66	0
3494	14.0	66	0
3495	14.0	66	0
3497	14.7	73	0
3498	14.8	99	0
3500	14.7	99	0
3501	14.8	99	0
3502	14.8	99	0
3504	14.8	99	0
3505	14.8	99	0
3507	14.8	99	0
3508	14.7	99	0
3509	14.7	99	0
3511	14.7	99	0
3512	14.8	99	0
3514	14.8	99	0
3515	14.8	99	0
3516	14.0	85	34
3518	14.0	66	0
3519	14.0	66	0
3521	13.9	66	0
3522	14.0	66	0
3523	14.0	66	0
3525	14.1	66	0
3526	14.0	66	0
3528	14.0	66	0
3529	14.1	66	0
3530	14.1	66	0
3532	14.1	66	0
3533	14.0	66	0
3535	14.7	81	0
3536	14.8	99	0
3537	14.8	99	0
3539	14.8	99	0
3540	14.8	99	0
3542	14.9	99	0
3543	14.8	99	0
3545	14.9	99	0
3546	14.8	99	0
3547	14.8	99	0
3549	14.3	99	0
3550	13.3	99	0
3552	11.8	99	0
3553	11.7	99	0
3554	14.0	86	48
3556	14.0	66	0
3557	14.0	66	0
3559	14.1	66	0
3560	14.0	66	0
3561	14.0	66	0
3563	14.8	76	0
3564	14.8	99	0
3566	14.8	99	0
3567	14.8	99	0
3568	14.8	99	0
3570	14.8	99	0
3571	14.9	99	0
3573	14.8	99	0
3574	14.8	99	0
3575	14.8	99	0
3577	14.8	99	0
3578	14.8	99	0
3580	14.7	99	0
3581	14.8	99	0
3582	14.0	97	36
3584	14.0	71	15
3585	14.0	66	0
3587	14.0	66	0
3588	14.1	66	0
3589	14.1	66	0
3591	17.3	66	0
3592	14.0	66	0
3594	14.0	66	0
3595	14.0	66	0
3596	14.1	66	0
3598	14.1	66	0
3599	14.0	66	0
3601	14.7	70	0
3602	14.8	92	0
3604	14.8	99	0
3605	14.8	99	0
3606	14.8	99	0
3608	14.8	99	0
3609	11.7	99	0
3611	10.1	99	0
3612	10.2	99	0
3613	9.4	99	0
3615	7.8	99	0
3616	6.3	99	0
3618	4.7	99	0
3619	4.0	99	0
3620	4.1	99	8
3622	14.0	78	29
3623	14.0	66	0
3625	14.0	66	0
3626	14.1	66	0
3627	14.1	66	0
3629	14.1	66	0
3631	14.8	99	0
3633	14.8	99	0
3634	14.7	99	0
3636	17.3	99	0
3637	14.8	99	0
3639	14.8	99	0
3641	14.8	99	0
3642	14.8	99	0
3644	14.7	99	0
3645	14.7	99	0
3647	14.9	99	0
3648	11.7	99	0
3649	11.6	99	0
3651	18.5	81	31
3652	14.0	66	0
3654	14.2	66	0
3655	14.1	66	0
3656	13.8	66	0
3658	14.4	68	0
3659	14.8	99	0
3661	14.7	99	0
3662	14.7	99	0
3663	14.8	99	0
3665	14.8	99	0
3666	14.8	99	0
3668	14.8	99	0
3669	14.6	99	0
3670	14.8	99	0
3672	14.8	99	0
3673	14.9	99	0
3675	14.8	99	0
3676	14.8	99	0
3678	14.0	85	34
3679	14.0	66	0
3680	14.0	66	0
3682	14.0	66	0
3683	14.0	66	0
3685	13.9	66	0
3686	13.9	66	0
3687	14.0	66	0
3689	14.0	66	0
3690	14.0	66	0
3692	14.0	66	0
3693	14.1	66	0
3694	14.0	66	0
3696	16.2	66	0
3697	14.8	97	0
3699	14.8	99	0
3700	14.8	99	0
3701	14.8	99	0
3703	14.8	99	0
3704	14.8	99	0
3706	14.8	99	0
3707	14.7	99	0
3708	14.8	99	0
3710	14.8	99	0
3711	14.8	99	0
3713	15.8	97	34
3714	14.0	72	20
3715	14.0	66	0
3717	14.1	66	0
3718	13.9	66	0
3720	13.9	66	0
3721	13.9	66	0
3722	14.0	66	0
3724	14.0	66	0
3725	14.8	83	0
3727	14.7	99	0
3728	14.8	99	0
3730	14.8	99	0
3731	14.7	99	0
3732	14.8	99	0
3734	14.9	99	0
3735	14.8	99	0
3737	14.8	99	0
3738	14.8	99	0
3739	14.8	99	0
3741	19.0	99	0
3742	14.0	70	14
3744	14.1	66	0
3745	14.0	66	0
3746	14.0	66	0
3748	13.9	66	0
3749	13.9	66	0
3751	14.0	66	0
3752	14.0	66	0
3753	14.0	66	0
3755	14.1	66	0
3756	14.0	66	0
3758	14.0	66	0
3759	14.0	66	0
3760	14.0	66	0
3762	14.1	66	0
3763	14.8	77	0
3765	14.9	99	0
3766	14.8	99	0
3767	14.8	99	0
3769	14.8	99	0
3770	14.2	99	0
3772	10.9	99	0
3773	10.2	99	0
3774	7.8	99	0
3776	5.2	99	0
3777	4.0	99	0
3779	3.9	99	0
3780	14.0	86	26
3782	14.0	66	0
3783	14.0	66	0
3784	14.1	66	0
3786	17.6	66	0
3787	14.0	66	0
3789	14.0	66	0
3790	14.0	66	0
3791	13.9	66	0
3793	14.8	92	0
3794	14.8	99	0
3796	14.8	99	0
3797	14.8	99	0
3798	14.8	99	0
3800	14.8	99	0
3801	14.8	99	0
3803	14.8	99	0
3804	14.7	99	0
3805	14.1	99	0
3807	11.7	99	0
3808	15.5	98	38
3810	14.0	70	5
3811	14.0	66	0
3813	14.1	66	0
3814	14.0	66	0
3815	14.0	66	0
3817	13.9	66	0
3818	13.8	66	0
3820	14.0	66	0
3821	14.7	84	0
3822	14.8	99	0
3824	14.7	99	0
3825	14.8	99	0
3827	14.8	99	0
3828	14.8	99	0
3829	14.7	99	0
3831	17.2	99	0
3832	14.8	99	0
3834	14.8	99	0
3835	14.8	99	0
3836	15.4	98	20
3838	14.0	74	25
3839	14.1	66	0
3841	14.0	66	0
3842	14.0	66	0
3843	14.0	66	0
3845	13.9	66	0
3846	14.0	66	0
3848	14.1	66	0
3849	14.1	66	0
3850	14.1	66	0
3852	14.0	66	0
3853	14.0	66	0
3855	14.0	66	0
3856	14.1	66	0
3858	14.0	66	0
3859	14.8	74	0
3860	14.8	99	0
3862	14.8	99	0
3863	14.8	99	0
3865	14.9	99	0
3866	14.8	99	0
3867	14.8	99	0
3869	14.7	99	0
3870	14.0	99	0
3872	11.7	99	0
3873	11.7	99	0
3874	15.3	98	30
3876	16.2	73	20
3877	14.0	66	0
3879	14.1	66	0
3880	14.1	66	0
3881	14.0	66	0
3883	14.1	66	0
3884	14.0	66	0
3886	14.1	66	0
3887	14.8	69	0
3889	14.8	99	0
3890	14.8	99	0
3891	14.7	99	0
3893	14.8	99	0
3894	14.7	99	0
3896	14.8	99	0
3897	15.1	99	0
3898	14.8	99	0
3900	14.8	99	0
3901	14.8	99	0
3903	15.1	99	2
3904	14.0	78	26
3905	14.0	66	0
3907	13.9	66	0
3908	14.0	66	0
3910	13.4	66	0
3911	14.0	66	0
3913	14.0	66	0
3914	14.0	66	0
3915	14.0	66	0
3917	14.0	66	0
3918	14.0	66	0
3920	14.0	66	0
3921	14.1	66	0
3922	14.0	66	0
3924	14.0	66	0
3925	14.8	86	0
3927	14.8	99	0
3928	14.8	99	0
3929	11.7	99	0
3931	11.7	99	0
3932	10.9	99	0
3934	10.1	99	0
3935	8.6	99	0
3937	6.9	99	0
3938	4.1	99	0
3939	3.9	99	0
3941	4.0	99	6
3942	14.0	70	6
3944	14.0	66	0
3945	14.0	66	0
3946	14.0	66	0
3948	14.0	66	0
3949	14.0	66	0
3951	16.5	66	0
3952	13.9	66	0
3954	14.8	73	0
3955	14.8	95	0
3956	14.8	99	0
3958	14.8	99	0
3959	14.8	99	0
3961	14.9	99	0
3962	14.8	99	0
3964	14.8	99	0
3965	14.6	99	0
3966	14.8	99	0
3968	13.2	99	0
3969	11.7	99	0
3971	14.0	81	33
3972	14.0	66	0
3973	14.0	66	0
3975	14.0	66	0
3976	13.9	66	0
3978	13.8	66	0
3979	14.0	66	0
3981	14.1	66	0
3982	14.6	70	0
3983	14.9	99	0
3985	14.8	99	0
3986	14.9	99	0
3988	14.8	99	0
3989	14.9	99	0
3991	14.8	99	0
3992	14.8	99	0
3993	14.8	99	0
3995	14.7	99	0
3996	14.8	99	0
3998	14.8	99	0
3999	14.0	91	26
4000	14.0	66	0
4002	14.0	66	0
4003	14.0	66	0
4005	14.0	66	0
4006	14.0	66	0
4008	14.0	66	0
4009	14.0	66	0
4010	14.0	66	0
4012	14.1	66	0
4013	14.1	66	0
4015	14.1	66	0
4016	14.0	66	0
4017	14.1	66	0
4019	14.0	66	0
4020	14.8	72	0
4022	14.8	99	0
4023	14.9	99	0
4025	14.9	99	0
4026	15.6	99	0
4027	14.7	99	0
4029	14.8	99	0
4030	14.8	99	0
4032	14.0	99	0
4033	12.5	99	0
4034	11.7	99	0
4036	11.7	99	0
4037	14.0	74	18
4039	13.9	66	0
4040	14.0	66	0
4041	13.8	66	0
4043	14.0	66	0
4044	14.0	66	0
4046	14.1	66	0
4047	14.1	66	0
4049	14.0	66	0
4050	14.8	88	0
4051	14.7	99	0
4053	14.7	99	0
4054	14.8	99	0
4056	14.8	99	0
4057	14.8	99	0
4058	14.9	99	0
4060	14.8	99	0
4061	14.8	99	0
4063	14.8	99	0
4064	14.8	99	2
4066	14.0	76	28
4067	14.0	66	0
4068	14.0	66	0
4070	14.2	66	0
4071	14.1	66	0
4073	14.1	66	0
4074	14.0	66	0
4075	14.0	66	0
4077	14.0	66	0
4078	14.0	66	0
4080	14.0	66	0
4081	14.0	66	0
4083	14.0	66	0
4084	14.0	66	0
4085	14.0	66	0
4087	14.2	66	0
4088	14.8	99	0
4090	14.8	99	0
4091	12.1	99	0
4093	10.9	99	0
4094	10.1	99	0
4095	10.1	99	0
4097	7.8	99	0
4098	6.2	99	0
4100	3.9	99	0
4101	3.9	99	0
4102	3.9	99	0
4104	14.0	84	30
4105	14.0	66	0
4107	14.0	66	0
4108	14.1	66	0
4110	14.1	66	0
4111	14.0	66	0
4112	14.1	66	0
4114	14.0	66	0
4115	14.7	76	0
4117	14.8	99	0
4118	14.8	99	0
4119	14.8	99	0
4121	14.8	99	0
4122	14.9	99	0
4124	14.8	99	0
4125	14.8	99	0
4126	14.7	99	0
4128	14.7	99	0
4129	13.7	99	0
4131	14.9	99	0
4132	14.0	74	24
4134	14.1	66	0
4135	14.0	66	0
4136	14.0	66	0
4138	14.0	66	0
4139	14.0	66	0
4141	14.0	66	0
4142	14.6	69	0
4143	15.0	99	0
4145	14.7	99	0
4146	14.8	99	0
4148	14.8	99	0
4149	14.8	99	0
4151	14.6	99	0
4152	14.7	99	0
4153	14.8	99	0
4155	14.7	99	0
4156	14.8	99	0
4158	14.8	99	0
4159	14.8	99	0
4160	14.0	83	39
4162	14.0	66	0
4163	14.1	66	0
4165	14.0	66	0
4166	13.9	66	0
4168	14.0	66	0
4169	14.0	66	0
4170	14.0	66	0
4172	14.0	66	0
4173	14.1	66	0
4175	14.1	66	0
4176	14.0	66	0
4177	14.0	66	0
4179	14.1	66	0
4180	14.7	99	0
4182	14.8	99	0
4183	14.8	99	0
4185	14.8	99	0
4186	14.9	99	0
4187	14.9	99	0
4189	14.8	99	0
4190	14.8	99	0
4192	14.8	99	0
4193	13.9	99	0
4194	12.5	99	0
4196	11.7	99	0
4197	11.7	99	4
4199	14.0	78	30
4200	14.1	66	0
4202	14.0	66	0
4203	14.0	66	0
4204	13.8	66	0
4206	17.4	66	0
4207	14.8	96	0
4209	14.8	99	0
4210	14.7	99	0
4211	14.8	99	0
4213	14.9	99	0
4214	14.8	99	0
4216	14.8	99	0
4217	14.8	99	0
4219	14.7	99	0
4220	14.8	99	0
4221	14.7	99	0
4223	14.8	99	0
4224	14.8	99	0
4226	14.8	99	0
4227	14.0	67	5
4229	14.0	66	0
4231	14.0	66	0
4232	14.1	66	0
4234	14.1	66	0
4236	14.0	66	0
4237	14.1	66	0
4239	14.0	66	0
4240	14.0	66	0
4242	14.0	66	0
4243	14.7	92	0
4245	14.8	99	0
4246	14.9	99	0
4247	14.8	99	0
4249	14.8	99	0
4250	14.8	99	0
4252	15.0	99	0
4253	12.5	99	0
4255	11.8	99	0
4256	9.3	99	0
4257	9.4	99	0
4259	7.1	99	0
4260	5.2	99	0
4262	4.0	99	0
4263	4.0	99	0
4264	13.9	91	34
4266	17.1	68	5
4267	14.0	66	0
4269	14.0	66	0
4270	14.8	99	0
4272	14.8	99	0
4273	14.8	99	0
4274	14.7	99	0
4276	14.8	99	0
4277	14.7	99	0
4279	14.8	99	0
4280	14.8	99	0
4281	14.8	99	0
4283	14.9	99	0
4284	14.8	99	0
4286	14.8	99	0
4287	14.8	99	0
4288	14.8	99	0
4290	14.7	99	0
4291	12.4	99	0
4293	12.6	98	16
4294	14.0	65	0
4296	14.0	66	0
4297	14.8	79	0
4298	14.8	99	0
4300	14.7	99	0
4301	14.8	99	0
4303	14.8	99	0
4304	14.8	99	0
4305	14.8	99	0
4307	14.8	99	0
4308	14.8	99	0
4310	14.8	99	0
4311	14.9	99	0
4313	14.8	99	0
4314	14.7	99	0
4315	14.7	99	0
4317	14.8	99	0
4318	14.8	99	0
4320	14.8	99	0
4321	14.8	99	0
4322	14.1	90	43
4324	13.9	66	0
4325	13.8	66	0
4327	13.9	66	0
4328	13.9	66	0
4330	14.0	66	0
4331	14.0	66	0
4332	14.0	66	0
4334	14.7	73	0
4335	14.8	99	0
4337	14.8	99	0
4338	14.8	99	0
4339	14.8	99	0
4341	18.1	99	0
4342	14.8	99	0
4344	14.8	99	0
4345	14.8	99	0
4346	14.8	99	0
4348	14.8	99	0
4349	14.7	99	0
4351	14.8	99	0
4352	14.8	99	0
4354	14.7	99	0
4355	13.9	99	0
4356	11.7	99	0
4358	11.7	99	0
4359	11.7	99	0
4361	15.1	98	27
4362	14.8	98	26
4363	14.8	99	0
4365	14.8	99	0
4366	14.8	99	0
4368	14.7	99	0
4369	14.8	99	0
4370	14.9	99	0
4372	15.0	99	0
4373	14.7	99	0
4375	14.8	99	0
4376	14.7	99	0
4377	14.8	99	0
4379	14.7	99	0
4380	14.8	99	0
4382	14.8	99	0
4383	14.8	99	0
4385	14.9	99	0
4386	14.8	99	0
4387	14.8	99	0
4389	11.7	99	0
4390	14.0	84	47
4392	14.0	66	0
4393	14.1	66	0
4394	14.1	66	0
4396	14.0	66	0
4397	13.9	66	0
4399	14.7	98	0
4400	14.8	99	0
4401	14.7	99	0
4403	14.6	99	0
4404	14.8	99	0
4406	14.8	99	0
4407	14.8	99	0
4408	14.9	99	0
4410	14.7	99	0
4411	14.8	99	0
4413	14.8	99	0
4414	14.8	99	0
4415	14.8	99	0
4417	10.1	99	0
4418	10.1	99	0
4420	7.8	99	0
4421	7.0	99	0
4423	6.6	99	0
4424	4.6	99	0
4425	3.9	99	0
4427	3.9	99	0
4428	14.7	97	25
4430	14.9	99	0
4431	14.8	99	0
4432	14.8	99	0
4434	14.9	99	0
4435	14.8	99	0
4437	14.9	99	0
4438	14.8	99	0
4439	14.8	99	0
4441	14.9	99	0
4442	14.9	99	0
4444	14.8	99	0
4445	14.8	99	0
4446	14.8	99	0
4448	14.9	99	0
4449	14.8	99	0
4451	14.7	99	0
4452	14.7	99	0
4453	14.1	99	0
4455	11.8	99	0
4456	14.8	98	18
4458	14.8	99	0
4459	14.8	99	0
4460	14.8	99	0
4462	14.8	99	0
4463	14.5	99	0
4465	14.7	99	0
4466	14.8	99	0
4467	14.8	99	0
4469	14.9	99	0
4470	14.9	99	0
4472	14.8	99	0
4473	14.8	99	0
4474	14.8	99	0
4476	16.5	99	0
4477	14.7	99	0
4479	14.8	99	0
4480	14.8	99	0
4482	14.8	99	0
4483	14.8	99	0
4484	14.0	86	39
4486	14.0	66	0
4487	14.1	66	0
4489	14.0	66	0
4490	14.6	88	0
4491	14.7	99	0
4493	14.8	99	0
4494	14.8	99	0
4496	14.8	99	0
4497	14.8	99	0
4498	14.8	99	0
4500	14.8	99	0
4501	14.8	99	0
4503	14.7	99	0
4504	14.7	99	0
4505	14.9	99	0
4507	14.9	99	0
4508	14.8	99	0
4510	14.8	99	0
4511	14.9	99	0
4512	14.7	99	0
4514	14.8	99	0
4515	14.8	99	0
4517	14.9	99	0
4518	12.4	99	0
4519	11.7	99	0
4521	13.6	99	0
4522	15.5	98	39
4524	14.8	99	10
4525	14.7	99	0
4527	14.8	99	0
4528	14.8	99	0
4529	14.8	99	0
4531	14.9	99	0
4532	14.8	99	0
4534	14.7	99	0
4535	14.8	99	0
4536	14.8	99	0
4538	14.8	99	0
4539	14.7	99	0
4541	14.8	99	0
4542	14.9	99	0
4543	14.8	99	0
4545	14.8	99	0
4546	14.8	99	0
4548	14.7	99	0
4549	14.8	99	0
4550	15.0	99	0
4552	13.9	87	32
4553	14.9	86	0
4555	14.8	99	0
4556	14.8	99	0
4557	14.9	99	0
4559	14.8	99	0
4560	14.8	99	0
4562	14.8	99	0
4563	14.8	99	0
4565	14.7	99	0
4566	14.9	99	0
4567	14.8	99	0
4569	14.7	99	0
4570	14.8	99	0
4572	14.8	99	0
4573	14.8	99	0
4574	14.8	99	0
4576	14.8	99	0
4577	14.8	99	0
4579	10.9	99	0
4580	10.1	99	0
4581	9.9	99	0
4583	7.8	99	0
4584	6.3	99	0
4586	4.7	99	0
4587	4.0	99	0
4588	3.9	99	0
4590	14.8	98	29
4591	14.7	99	0
4593	14.8	99	0
4594	14.7	99	0
4595	14.8	99	0
4597	14.8	99	0
4598	14.8	99	0
4600	14.7	99	0
4601	14.8	99	0
4603	14.8	99	0
4604	14.8	99	0
4605	14.8	99	0
4607	14.9	99	0
4608	14.8	99	0
4610	14.8	99	0
4611	14.9	99	0
4612	14.8	99	0
4614	14.8	99	0
4615	14.8	99	0
4617	12.4	99	0
4618	14.8	98	29
4619	14.8	99	0
4621	14.8	99	0
4622	14.8	99	0
4624	14.8	99	0
4625	14.8	99	0
4626	14.7	99	0
4628	14.8	99	0
4629	14.8	99	0
4631	14.8	99	0
4632	14.8	99	0
4633	14.8	99	0
4635	14.8	99	0
4636	14.9	99	0
4638	14.8	99	0
4639	14.7	99	0
4640	14.8	99	0
4642	14.8	99	0
4643	14.8	99	0
4645	14.8	99	0
4646	15.2	99	9
4648	14.8	98	21
4649	14.8	99	0
4650	14.8	99	0
4652	14.7	99	0
4653	14.8	99	0
4655	14.8	99	0
4656	14.8	99	0
4657	14.8	99	0
4659	14.8	99	0
4660	14.8	99	0
4662	14.9	99	0
4663	14.8	99	0
4664	14.7	99	0
4666	14.8	99	0
4667	14.8	99	0
4669	14.8	99	0
4670	14.8	99	0
4671	14.9	99	0
4673	15.0	99	0
4674	14.8	99	0
4676	14.8	99	0
4677	14.5	99	0
4679	14.8	99	0
4680	14.0	99	0
4681	12.5	99	0
4683	11.7	99	0
4684	11.7	99	0
4686	14.8	98	34
4687	14.7	99	0
4688	14.8	99	0
4690	14.7	99	0
4691	14.8	99	0
4693	14.8	99	0
4694	14.8	99	0
4695	14.7	99	0
4697	14.8	99	0
4698	14.8	99	0
4700	14.8	99	0
4701	14.8	99	0
4702	14.8	99	0
4704	14.8	99	0
4705	14.8	99	0
4707	14.9	99	0
4708	14.8	99	0
4709	14.8	99	0
4711	14.8	99	0
4712	15.3	98	8
4714	14.8	98	25
4715	14.7	99	0
4716	14.7	99	0
4718	14.8	99	0
4719	14.8	99	0
4721	14.7	99	0
4722	14.8	99	0
4723	14.8	99	0
4725	14.8	99	0
4726	14.8	99	0
4728	14.8	99	0
4729	14.8	99	0
4731	14.7	99	0
4732	14.9	99	0
4733	14.8	99	0
4735	15.1	99	0
4736	14.8	99	0
4738	14.8	99	0
4739	14.1	99	0
4740	11.7	99	0
4742	10.8	99	0
4743	10.2	99	0
4745	9.2	99	0
4746	7.0	99	0
4747	5.5	99	0
4749	3.9	99	0
4750	4.0	99	0
4752	14.8	98	34
4753	14.8	99	0
4754	14.8	99	0
4756	14.8	99	0
4757	14.8	99	0
4759	14.8	99	0
4760	14.8	99	0
4761	14.7	99	0
4763	14.8	99	0
4764	14.7	99	0
4766	14.8	99	0
4767	14.8	99	0
4768	14.8	99	0
4770	14.8	99	0
4771	14.7	99	0
4773	14.9	99	0
4774	14.7	99	0
4775	14.8	99	0
4777	14.0	99	0
4778	11.7	99	0
4780	13.5	98	16
4781	14.8	98	23
4782	14.9	99	0
4784	14.8	99	0
4785	14.8	99	0
4787	14.7	99	0
4788	14.7	99	0
4790	14.8	99	0
4791	14.9	99	0
4792	14.8	99	0
4794	14.8	99	0
4795	14.8	99	0
4797	14.8	99	0
4798	14.8	99	0
4799	14.8	99	0
4801	14.6	99	0
4802	14.8	99	0
4804	14.7	99	0
4805	14.7	99	0
4806	14.8	99	0
4808	14.8	99	0
4809	14.8	97	26
4811	14.8	99	0
4812	14.8	99	0
4813	14.7	99	0
4815	14.8	99	0
4816	14.8	99	0
4818	14.8	99	0
4819	14.8	99	0
4820	14.8	99	0
4822	14.9	99	0
4823	14.8	99	0
4825	14.7	99	0
4826	14.8	99	0
4827	14.8	99	0
4829	14.8	99	0
4830	14.8	99	0
4832	14.8	99	0
4833	14.8	99	0
4835	14.8	99	0
4836	14.7	99	0
4838	14.7	99	0
4839	14.8	99	0
4840	14.8	99	0
4842	13.9	99	0
4843	12.5	99	0
4845	11.7	99	0
4846	12.1	99	6
4848	15.2	98	23
4849	14.8	99	0
4850	14.7	99	0
4852	14.8	99	0
4853	14.8	99	0
4855	14.8	99	0
4856	14.8	99	0
4857	14.8	99	0
4859	14.7	99	0
4860	14.8	99	0
4862	14.8	99	0
4863	14.8	99	0
4864	14.8	99	0
4866	20.9	99	0
4867	14.8	99	0
4869	14.9	99	0
4870	14.8	99	0
4871	14.8	99	0
4873	14.8	99	0
4874	13.7	99	0
4876	14.8	98	34
4877	14.8	99	0
4878	14.7	99	0
4880	14.8	99	0
4881	14.8	99	0
4883	14.8	99	0
4884	14.8	99	0
4885	14.8	99	0
4887	14.7	99	0
4888	14.8	99	0
4890	14.8	99	0
4891	14.8	99	0
4893	14.8	99	0
4894	14.8	99	0
4895	14.8	99	0
4897	14.8	99	0
4898	14.8	99	0
4900	14.8	99	0
4901	12.7	99	0
4902	10.9	99	0
4904	10.1	99	0
4905	9.4	99	0
4907	7.9	99	0
4908	6.9	99	0
4909	4.9	99	0
4911	7.4	99	0
4912	4.2	98	13
4914	14.7	98	30
4915	14.8	99	0
4916	14.8	99	0
4918	14.8	99	0
4919	14.9	99	0
4921	14.8	99	0
4922	14.8	99	0
4924	14.8	99	0
4925	14.6	99	0
4926	14.8	99	0
4928	14.8	99	0
4929	14.8	99	0
4931	14.9	99	0
4932	14.8	99	0
4933	14.8	99	0
4935	14.8	99	0
4936	14.5	99	0
4938	14.7	99	0
4939	12.6	99	0
4940	11.6	99	0
4942	14.9	98	29
4943	14.8	99	0
4945	14.9	99	0
4946	14.8	99	0
4947	14.8	99	0
4949	14.7	99	0
4950	14.8	99	0
4952	14.8	99	0
4953	14.7	99	0
4954	14.7	99	0
4956	18.7	99	0
4957	14.8	99	0
4959	14.9	99	0
4960	14.7	99	0
4961	14.8	99	0
4963	14.7	99	0
4964	14.8	99	0
4966	14.7	99	0
4967	14.8	99	0
4968	14.8	99	0
4970	15.1	98	29
4971	14.8	99	0
4973	14.8	99	0
4974	14.6	99	0
4976	14.7	99	0
4977	14.6	99	0
4978	14.8	99	0
4980	14.8	99	0
4981	14.8	99	0
4983	14.9	99	0
4984	15.0	99	0
4985	14.8	99	0
4987	14.7	99	0
4988	14.8	99	0
4990	14.9	99	0
4991	14.8	99	0
4992	14.8	99	0
4994	14.8	99	0
4995	14.8	99	0
4997	14.8	99	0
4998	14.7	99	0
4999	14.8	99	0
5001	18.7	99	0
5002	14.8	99	0
5004	13.3	99	0
5005	11.7	99	0
5006	11.8	99	0
5008	14.6	97	24
5010	14.0	67	0
5011	11.6	66	0
5012	11.7	66	0
5014	11.7	66	0
5015	11.7	66	0
5017	11.6	66	0
5018	10.9	66	0
